#
# A fatal error has been detected by the Java Runtime Environment:
#
#  EXCEPTION_ACCESS_VIOLATION (0xc0000005) at pc=0x00007ffeec3e44d2, pid=10404, tid=3472
#
# JRE version: Java(TM) SE Runtime Environment (16.0.1+9) (build 16.0.1+9-24)
# Java VM: Java HotSpot(TM) 64-Bit Server VM (16.0.1+9-24, mixed mode, sharing, tiered, compressed oops, compressed class ptrs, g1 gc, windows-amd64)
# Problematic frame:
# C  [MSCTF.dll+0x644d2]
#
# No core dump will be written. Minidumps are not enabled by default on client versions of Windows
#
# If you would like to submit a bug report, please visit:
#   https://bugreport.java.com/bugreport/crash.jsp
# The crash happened outside the Java Virtual Machine in native code.
# See problematic frame for where to report the bug.
#

---------------  S U M M A R Y ------------

Command Line: C:\Users\user\Downloads\Mindustry.jar

Host: Intel(R) Core(TM) i3-10105F CPU @ 3.70GHz, 8 cores, 7G,  Windows 10 , 64 bit Build 19041 (10.0.19041.1023)
Time: Thu Jul 15 16:40:23 2021  Windows 10 , 64 bit Build 19041 (10.0.19041.1023) elapsed time: 23.915105 seconds (0d 0h 0m 23s)

---------------  T H R E A D  ---------------

Current thread (0x000002a3c3577d60):  JavaThread "main" [_thread_in_native, id=3472, stack(0x000000f782a00000,0x000000f782b00000)]

Stack: [0x000000f782a00000,0x000000f782b00000],  sp=0x000000f782aff110,  free space=1020k
Native frames: (J=compiled Java code, j=interpreted, Vv=VM code, C=native code)
C  [MSCTF.dll+0x644d2]

Java frames: (J=compiled Java code, j=interpreted, Vv=VM code)
j  arc.backend.sdl.jni.SDL.SDL_Quit()V+0
j  arc.backend.sdl.SdlApplication.cleanup()V+20
j  arc.backend.sdl.SdlApplication.<init>(Larc/ApplicationListener;Larc/backend/sdl/SdlConfig;)V+154
j  mindustry.desktop.DesktopLauncher.main([Ljava/lang/String;)V+23
v  ~StubRoutines::call_stub

siginfo: EXCEPTION_ACCESS_VIOLATION (0xc0000005), reading address 0x00007ffec4bf4f40


Register to memory mapping:

RIP=0x00007ffeec3e44d2 MSCTF.dll
RAX=0x00007ffec4bf4f30 is an unknown value
RBX=0x000002a3e2ecf490 points into unknown readable memory: 0x00007ffeec458620 | 20 86 45 ec fe 7f 00 00
RCX=0x000002a3e16b78d0 points into unknown readable memory: 0x00007ffec4bf4f30 | 30 4f bf c4 fe 7f 00 00
RDX=0x0 is NULL
RSP=0x000000f782aff110 is pointing into the stack for thread: 0x000002a3c3577d60
RBP=0x000000f782aff550 is pointing into the stack for thread: 0x000002a3c3577d60
RSI=0x0 is NULL
RDI=0x000002a3e2d08cf0 points into unknown readable memory: 0x00007ffeec455e80 | 80 5e 45 ec fe 7f 00 00
R8 =0x0000000000000002 is an unknown value
R9 =0x0000000000000001 is an unknown value
R10=0x0 is NULL
R11=0x000000f782aff080 is pointing into the stack for thread: 0x000002a3c3577d60
R12=0x00000000000003ff is an unknown value
R13={method} {0x000002a3e1cc4ad0} 'SDL_Quit' '()V' in 'arc/backend/sdl/jni/SDL'
R14=0x0 is NULL
R15=0x0 is NULL


Registers:
RAX=0x00007ffec4bf4f30, RBX=0x000002a3e2ecf490, RCX=0x000002a3e16b78d0, RDX=0x0000000000000000
RSP=0x000000f782aff110, RBP=0x000000f782aff550, RSI=0x0000000000000000, RDI=0x000002a3e2d08cf0
R8 =0x0000000000000002, R9 =0x0000000000000001, R10=0x0000000000000000, R11=0x000000f782aff080
R12=0x00000000000003ff, R13=0x000002a3e1cc4ac8, R14=0x0000000000000000, R15=0x0000000000000000
RIP=0x00007ffeec3e44d2, EFLAGS=0x0000000000210202

Top of Stack: (sp=0x000000f782aff110)
0x000000f782aff110:   000002a3e16c2330 000002a3e2ecf490
0x000000f782aff120:   00000000ffffffff 00007ffeec394e8c
0x000000f782aff130:   000002a3e2ecf490 00007ffeec3e4712
0x000000f782aff140:   0000000000000000 000002a3e2d08cf0
0x000000f782aff150:   0000000000000080 000002a300000000
0x000000f782aff160:   0000000000000000 00007ffeec3e6b27
0x000000f782aff170:   000002a3e2d08cf0 000002a3e1cc4ac8
0x000000f782aff180:   0000000000000000 000002a3e2d08cf0
0x000000f782aff190:   000002a3e2d08cf0 00007ffeec3cbe92
0x000000f782aff1a0:   000002a3e2ecf490 000000f782aff550
0x000000f782aff1b0:   0000000000000001 000002a3e2d08cf0
0x000000f782aff1c0:   000002a3e2d08cf0 00007ffeec3a1cd8
0x000000f782aff1d0:   000002a3e22e35f0 000000f782aff550
0x000000f782aff1e0:   0000000000000001 0000000000000001
0x000000f782aff1f0:   0000000000000101 0000000000000001
0x000000f782aff200:   0000000200000001 0000000100000000 

Instructions: (pc=0x00007ffeec3e44d2)
0x00007ffeec3e43d2:   01 49 8b f8 48 89 51 10 48 8b d9 48 85 d2 74 10
0x00007ffeec3e43e2:   48 8b 02 48 8b ca 48 8b 40 08 ff 15 1e 8c 07 00
0x00007ffeec3e43f2:   48 89 7b 18 48 85 ff 74 10 48 8b 07 48 8b cf 48
0x00007ffeec3e4402:   8b 40 08 ff 15 05 8c 07 00 48 8b c3 48 8b 5c 24
0x00007ffeec3e4412:   30 48 83 c4 20 5f c3 cc cc cc cc cc cc cc c7 41
0x00007ffeec3e4422:   10 01 00 00 00 48 8d 05 f2 41 07 00 48 89 01 33
0x00007ffeec3e4432:   d2 48 8d 05 ce 3f 07 00 48 89 41 08 48 8d 05 7b
0x00007ffeec3e4442:   10 07 00 48 89 51 38 48 89 51 40 48 89 41 60 48
0x00007ffeec3e4452:   8b c1 48 89 51 70 48 89 51 68 48 89 51 78 48 89
0x00007ffeec3e4462:   91 80 00 00 00 c3 cc cc cc cc cc cc cc cc e9 c3
0x00007ffeec3e4472:   16 fa ff cc cc cc cc cc cc cc e9 eb 1b fa ff cc
0x00007ffeec3e4482:   cc cc cc cc cc cc 40 53 48 83 ec 20 48 8d 05 8b
0x00007ffeec3e4492:   41 07 00 48 8b d9 48 89 01 48 8d 05 66 3f 07 00
0x00007ffeec3e44a2:   48 89 41 08 e8 5d 2f 00 00 48 8b 4b 48 48 85 c9
0x00007ffeec3e44b2:   74 12 48 8b 01 48 8b 40 10 ff 15 4f 8b 07 00 48
0x00007ffeec3e44c2:   83 63 48 00 48 8b 4b 18 48 85 c9 74 12 48 8b 01
0x00007ffeec3e44d2:   48 8b 40 10 ff 15 34 8b 07 00 48 83 63 18 00 48
0x00007ffeec3e44e2:   8b 8b 90 00 00 00 48 85 c9 74 0d e8 aa 6c 01 00
0x00007ffeec3e44f2:   48 83 a3 90 00 00 00 00 48 8b 8b 80 00 00 00 48
0x00007ffeec3e4502:   85 c9 74 0d 48 8b 01 48 8b 40 10 ff 15 fd 8a 07
0x00007ffeec3e4512:   00 48 8b 4b 78 48 85 c9 74 0d 48 8b 01 48 8b 40
0x00007ffeec3e4522:   10 ff 15 e7 8a 07 00 48 8b 4b 68 48 8d 05 8c 0f
0x00007ffeec3e4532:   07 00 48 89 43 60 48 85 c9 74 0c 48 ff 15 44 83
0x00007ffeec3e4542:   07 00 0f 1f 44 00 00 48 8b 4b 40 48 85 c9 74 0d
0x00007ffeec3e4552:   48 8b 01 48 8b 40 10 ff 15 b1 8a 07 00 48 8b 4b
0x00007ffeec3e4562:   38 48 85 c9 74 0d 48 8b 01 48 8b 40 10 ff 15 9b
0x00007ffeec3e4572:   8a 07 00 48 83 c4 20 5b c3 cc cc cc cc cc cc cc
0x00007ffeec3e4582:   cc cc 40 53 48 83 ec 20 48 8d 05 6f 3f 07 00 48
0x00007ffeec3e4592:   8b d9 48 89 01 48 8d 05 32 3f 07 00 48 89 41 08
0x00007ffeec3e45a2:   48 8d 05 df 3e 07 00 48 89 41 10 48 8d 05 ac 3e
0x00007ffeec3e45b2:   07 00 48 89 41 18 48 8d 05 49 3e 07 00 48 89 41
0x00007ffeec3e45c2:   20 48 83 c1 58 e8 90 07 00 00 48 8d 05 a5 13 07 


Stack slot to memory mapping:
stack at sp + 0 slots: 0x000002a3e16c2330 points into unknown readable memory: 0x000002a3e16c83a0 | a0 83 6c e1 a3 02 00 00
stack at sp + 1 slots: 0x000002a3e2ecf490 points into unknown readable memory: 0x00007ffeec458620 | 20 86 45 ec fe 7f 00 00
stack at sp + 2 slots: 0x00000000ffffffff points into unknown readable memory: 00
stack at sp + 3 slots: 0x00007ffeec394e8c MSCTF.dll
stack at sp + 4 slots: 0x000002a3e2ecf490 points into unknown readable memory: 0x00007ffeec458620 | 20 86 45 ec fe 7f 00 00
stack at sp + 5 slots: 0x00007ffeec3e4712 MSCTF.dll
stack at sp + 6 slots: 0x0 is NULL
stack at sp + 7 slots: 0x000002a3e2d08cf0 points into unknown readable memory: 0x00007ffeec455e80 | 80 5e 45 ec fe 7f 00 00


---------------  P R O C E S S  ---------------

Threads class SMR info:
_java_thread_list=0x000002a3e7995e40, length=52, elements={
0x000002a3c3577d60, 0x000002a3e1557ce0, 0x000002a3e1559340, 0x000002a3e156c660,
0x000002a3e156f630, 0x000002a3e156dba0, 0x000002a3e156f0e0, 0x000002a3e1573fb0,
0x000002a3e1574aa0, 0x000002a3e1582f50, 0x000002a3e156c110, 0x000002a3e156e0f0,
0x000002a3e156cbb0, 0x000002a3e156d650, 0x000002a3f43c72d0, 0x000002a3f43c62e0,
0x000002a3f43cad40, 0x000002a3f43ca7f0, 0x000002a3f43c7820, 0x000002a3f43c7d70,
0x000002a3f43c5d90, 0x000002a3f43c6830, 0x000002a3f43c6d80, 0x000002a3f43c82c0,
0x000002a3f43c8810, 0x000002a3f43c9d50, 0x000002a3f43c8d60, 0x000002a3f43c92b0,
0x000002a3f43c9800, 0x000002a3f43c3db0, 0x000002a3f43c4300, 0x000002a3f43c4850,
0x000002a3f43c5840, 0x000002a3f43c4da0, 0x000002a3f43c52f0, 0x000002a3e156d100,
0x000002a3f426dae0, 0x000002a3f426b060, 0x000002a3f4271550, 0x000002a3f426f570,
0x000002a3f4271aa0, 0x000002a3f4271ff0, 0x000002a3f426ead0, 0x000002a3f426f020,
0x000002a3f426d590, 0x000002a3f426caf0, 0x000002a3f4272540, 0x000002a3f426e030,
0x000002a3f4271000, 0x000002a3f426c050, 0x000002a3f426fac0, 0x000002a3f4272a90
}

Java Threads: ( => current thread )
=>0x000002a3c3577d60 JavaThread "main" [_thread_in_native, id=3472, stack(0x000000f782a00000,0x000000f782b00000)]
  0x000002a3e1557ce0 JavaThread "Reference Handler" daemon [_thread_blocked, id=4372, stack(0x000000f783100000,0x000000f783200000)]
  0x000002a3e1559340 JavaThread "Finalizer" daemon [_thread_blocked, id=2212, stack(0x000000f783200000,0x000000f783300000)]
  0x000002a3e156c660 JavaThread "Signal Dispatcher" daemon [_thread_blocked, id=2992, stack(0x000000f783300000,0x000000f783400000)]
  0x000002a3e156f630 JavaThread "Attach Listener" daemon [_thread_blocked, id=1524, stack(0x000000f783400000,0x000000f783500000)]
  0x000002a3e156dba0 JavaThread "Service Thread" daemon [_thread_blocked, id=3792, stack(0x000000f783500000,0x000000f783600000)]
  0x000002a3e156f0e0 JavaThread "Monitor Deflation Thread" daemon [_thread_blocked, id=12048, stack(0x000000f783600000,0x000000f783700000)]
  0x000002a3e1573fb0 JavaThread "C2 CompilerThread0" daemon [_thread_blocked, id=9736, stack(0x000000f783700000,0x000000f783800000)]
  0x000002a3e1574aa0 JavaThread "C1 CompilerThread0" daemon [_thread_blocked, id=8088, stack(0x000000f783800000,0x000000f783900000)]
  0x000002a3e1582f50 JavaThread "Sweeper thread" daemon [_thread_blocked, id=11552, stack(0x000000f783900000,0x000000f783a00000)]
  0x000002a3e156c110 JavaThread "Notification Thread" daemon [_thread_blocked, id=12244, stack(0x000000f783a00000,0x000000f783b00000)]
  0x000002a3e156e0f0 JavaThread "Common-Cleaner" daemon [_thread_blocked, id=6260, stack(0x000000f783c00000,0x000000f783d00000)]
  0x000002a3e156cbb0 JavaThread "Thread-0" daemon [_thread_blocked, id=11412, stack(0x000000f783d00000,0x000000f783e00000)]
  0x000002a3e156d650 JavaThread "AsyncExecutor-Thread" daemon [_thread_blocked, id=6132, stack(0x000000f784400000,0x000000f784500000)]
  0x000002a3f43c72d0 JavaThread "AsyncExecutor-Thread" daemon [_thread_blocked, id=7488, stack(0x000000f785000000,0x000000f785100000)]
  0x000002a3f43c62e0 JavaThread "AsyncExecutor-Thread" daemon [_thread_blocked, id=9584, stack(0x000000f785100000,0x000000f785200000)]
  0x000002a3f43cad40 JavaThread "AsyncExecutor-Thread" daemon [_thread_blocked, id=548, stack(0x000000f785200000,0x000000f785300000)]
  0x000002a3f43ca7f0 JavaThread "AsyncExecutor-Thread" daemon [_thread_blocked, id=4060, stack(0x000000f785300000,0x000000f785400000)]
  0x000002a3f43c7820 JavaThread "AsyncExecutor-Thread" daemon [_thread_blocked, id=3300, stack(0x000000f785700000,0x000000f785800000)]
  0x000002a3f43c7d70 JavaThread "AsyncExecutor-Thread" daemon [_thread_blocked, id=11156, stack(0x000000f785b00000,0x000000f785c00000)]
  0x000002a3f43c5d90 JavaThread "AsyncExecutor-Thread" daemon [_thread_blocked, id=8912, stack(0x000000f784500000,0x000000f784600000)]
  0x000002a3f43c6830 JavaThread "AsyncExecutor-Thread" daemon [_thread_blocked, id=11924, stack(0x000000f784f00000,0x000000f785000000)]
  0x000002a3f43c6d80 JavaThread "Thread-3" daemon [_thread_blocked, id=11160, stack(0x000000f785d00000,0x000000f785e00000)]
  0x000002a3f43c82c0 JavaThread "Thread-4" daemon [_thread_blocked, id=2656, stack(0x000000f785e00000,0x000000f785f00000)]
  0x000002a3f43c8810 JavaThread "Thread-5" daemon [_thread_blocked, id=1812, stack(0x000000f785f00000,0x000000f786000000)]
  0x000002a3f43c9d50 JavaThread "Thread-6" daemon [_thread_blocked, id=7052, stack(0x000000f786000000,0x000000f786100000)]
  0x000002a3f43c8d60 JavaThread "Thread-7" daemon [_thread_blocked, id=12248, stack(0x000000f786100000,0x000000f786200000)]
  0x000002a3f43c92b0 JavaThread "Thread-8" daemon [_thread_blocked, id=4280, stack(0x000000f786200000,0x000000f786300000)]
  0x000002a3f43c9800 JavaThread "Thread-9" daemon [_thread_blocked, id=8296, stack(0x000000f786300000,0x000000f786400000)]
  0x000002a3f43c3db0 JavaThread "Thread-10" daemon [_thread_blocked, id=88, stack(0x000000f786400000,0x000000f786500000)]
  0x000002a3f43c4300 JavaThread "Thread-11" daemon [_thread_blocked, id=2312, stack(0x000000f786500000,0x000000f786600000)]
  0x000002a3f43c4850 JavaThread "Thread-12" daemon [_thread_blocked, id=9460, stack(0x000000f786600000,0x000000f786700000)]
  0x000002a3f43c5840 JavaThread "Thread-13" daemon [_thread_blocked, id=9244, stack(0x000000f786700000,0x000000f786800000)]
  0x000002a3f43c4da0 JavaThread "Thread-14" daemon [_thread_blocked, id=11640, stack(0x000000f786800000,0x000000f786900000)]
  0x000002a3f43c52f0 JavaThread "Thread-15" daemon [_thread_blocked, id=260, stack(0x000000f786900000,0x000000f786a00000)]
  0x000002a3e156d100 JavaThread "Thread-16" daemon [_thread_blocked, id=10364, stack(0x000000f786a00000,0x000000f786b00000)]
  0x000002a3f426dae0 JavaThread "Thread-17" daemon [_thread_blocked, id=7680, stack(0x000000f786b00000,0x000000f786c00000)]
  0x000002a3f426b060 JavaThread "Thread-18" daemon [_thread_blocked, id=10620, stack(0x000000f786c00000,0x000000f786d00000)]
  0x000002a3f4271550 JavaThread "Thread-19" daemon [_thread_blocked, id=2580, stack(0x000000f786d00000,0x000000f786e00000)]
  0x000002a3f426f570 JavaThread "Thread-20" daemon [_thread_blocked, id=6460, stack(0x000000f786e00000,0x000000f786f00000)]
  0x000002a3f4271aa0 JavaThread "Thread-21" daemon [_thread_blocked, id=9576, stack(0x000000f786f00000,0x000000f787000000)]
  0x000002a3f4271ff0 JavaThread "Thread-22" daemon [_thread_blocked, id=484, stack(0x000000f787000000,0x000000f787100000)]
  0x000002a3f426ead0 JavaThread "Thread-23" daemon [_thread_blocked, id=10736, stack(0x000000f787100000,0x000000f787200000)]
  0x000002a3f426f020 JavaThread "Thread-24" daemon [_thread_blocked, id=5168, stack(0x000000f787200000,0x000000f787300000)]
  0x000002a3f426d590 JavaThread "Thread-25" daemon [_thread_blocked, id=6136, stack(0x000000f787300000,0x000000f787400000)]
  0x000002a3f426caf0 JavaThread "Thread-26" daemon [_thread_blocked, id=3868, stack(0x000000f787400000,0x000000f787500000)]
  0x000002a3f4272540 JavaThread "Thread-27" daemon [_thread_blocked, id=1072, stack(0x000000f787500000,0x000000f787600000)]
  0x000002a3f426e030 JavaThread "Thread-28" daemon [_thread_blocked, id=7776, stack(0x000000f787600000,0x000000f787700000)]
  0x000002a3f4271000 JavaThread "Thread-29" daemon [_thread_blocked, id=9260, stack(0x000000f787700000,0x000000f787800000)]
  0x000002a3f426c050 JavaThread "AsyncExecutor-Thread" daemon [_thread_blocked, id=3468, stack(0x000000f785c00000,0x000000f785d00000)]
  0x000002a3f426fac0 JavaThread "AsyncLogic-Thread" daemon [_thread_blocked, id=5376, stack(0x000000f787a00000,0x000000f787b00000)]
  0x000002a3f4272a90 JavaThread "AsyncExecutor-Thread" daemon [_thread_blocked, id=5172, stack(0x000000f785a00000,0x000000f785b00000)]

Other Threads:
  0x000002a3e1555900 VMThread "VM Thread" [stack: 0x000000f783000000,0x000000f783100000] [id=11176]
  0x000002a3e20aad50 WatcherThread [stack: 0x000000f783b00000,0x000000f783c00000] [id=11128]
  0x000002a3c35b7e90 GCTaskThread "GC Thread#0" [stack: 0x000000f782b00000,0x000000f782c00000] [id=10528]
  0x000002a3e7496f70 GCTaskThread "GC Thread#1" [stack: 0x000000f784700000,0x000000f784800000] [id=10980]
  0x000002a3e7497280 GCTaskThread "GC Thread#2" [stack: 0x000000f784800000,0x000000f784900000] [id=3144]
  0x000002a3e73613e0 GCTaskThread "GC Thread#3" [stack: 0x000000f784900000,0x000000f784a00000] [id=12160]
  0x000002a3e7376fc0 GCTaskThread "GC Thread#4" [stack: 0x000000f784a00000,0x000000f784b00000] [id=7720]
  0x000002a3e74c1710 GCTaskThread "GC Thread#5" [stack: 0x000000f784b00000,0x000000f784c00000] [id=2700]
  0x000002a3e74c1a20 GCTaskThread "GC Thread#6" [stack: 0x000000f784c00000,0x000000f784d00000] [id=9492]
  0x000002a3e74c1d30 GCTaskThread "GC Thread#7" [stack: 0x000000f784d00000,0x000000f784e00000] [id=10428]
  0x000002a3c35cacb0 ConcurrentGCThread "G1 Main Marker" [stack: 0x000000f782c00000,0x000000f782d00000] [id=11444]
  0x000002a3c35cb720 ConcurrentGCThread "G1 Conc#0" [stack: 0x000000f782d00000,0x000000f782e00000] [id=10868]
  0x000002a3e74c2040 ConcurrentGCThread "G1 Conc#1" [stack: 0x000000f784e00000,0x000000f784f00000] [id=6372]
  0x000002a3c3654280 ConcurrentGCThread "G1 Refine#0" [stack: 0x000000f782e00000,0x000000f782f00000] [id=6924]
  0x000002a3e790a3d0 ConcurrentGCThread "G1 Refine#1" [stack: 0x000000f784600000,0x000000f784700000] [id=1880]
  0x000002a3e790b750 ConcurrentGCThread "G1 Refine#2" [stack: 0x000000f785400000,0x000000f785500000] [id=6852]
  0x000002a3e790ba90 ConcurrentGCThread "G1 Refine#3" [stack: 0x000000f785500000,0x000000f785600000] [id=9828]
  0x000002a3e790a710 ConcurrentGCThread "G1 Refine#4" [stack: 0x000000f785600000,0x000000f785700000] [id=4712]
  0x000002a3f8cd62d0 ConcurrentGCThread "G1 Refine#5" [stack: 0x000000f787b00000,0x000000f787c00000] [id=3712]
  0x000002a3c3654d00 ConcurrentGCThread "G1 Service" [stack: 0x000000f782f00000,0x000000f783000000] [id=5776]

Threads with active compile tasks:

VM state: not at safepoint (normal execution)

VM Mutex/Monitor currently owned by a thread: None

Heap address: 0x0000000081600000, size: 2026 MB, Compressed Oops mode: 32-bit

CDS archive(s) mapped at: [0x0000000800000000-0x0000000800bb0000-0x0000000800bb0000), size 12255232, SharedBaseAddress: 0x0000000800000000, ArchiveRelocationMode: 0.
Compressed class space mapped at: 0x0000000800c00000-0x0000000840c00000, reserved size: 1073741824
Narrow klass base: 0x0000000800000000, Narrow klass shift: 3, Narrow klass range: 0x100000000

GC Precious Log:
 CPUs: 8 total, 8 available
 Memory: 8102M
 Large Page Support: Disabled
 NUMA Support: Disabled
 Compressed Oops: Enabled (32-bit)
 Heap Region Size: 1M
 Heap Min Capacity: 8M
 Heap Initial Capacity: 128M
 Heap Max Capacity: 2026M
 Pre-touch: Disabled
 Parallel Workers: 8
 Concurrent Workers: 2
 Concurrent Refinement Workers: 8
 Periodic GC: Disabled

Heap:
 garbage-first heap   total 350208K, used 207838K [0x0000000081600000, 0x0000000100000000)
  region size 1024K, 11 young (11264K), 5 survivors (5120K)
 Metaspace       used 38684K, committed 39232K, reserved 1089536K
  class space    used 5324K, committed 5568K, reserved 1048576K

Heap Regions: E=young(eden), S=young(survivor), O=old, HS=humongous(starts), HC=humongous(continues), CS=collection set, F=free, OA=open archive, CA=closed archive, TAMS=top-at-mark-start (previous, next)
|   0|0x0000000081600000, 0x0000000081700000, 0x0000000081700000|100%|HS|  |TAMS 0x0000000081700000, 0x0000000081600000| Complete 
|   1|0x0000000081700000, 0x0000000081800000, 0x0000000081800000|100%| O|  |TAMS 0x0000000081800000, 0x0000000081700000| Untracked 
|   2|0x0000000081800000, 0x0000000081900000, 0x0000000081900000|100%| O|  |TAMS 0x0000000081900000, 0x0000000081800000| Untracked 
|   3|0x0000000081900000, 0x0000000081a00000, 0x0000000081a00000|100%| O|  |TAMS 0x0000000081a00000, 0x0000000081900000| Untracked 
|   4|0x0000000081a00000, 0x0000000081b00000, 0x0000000081b00000|100%| O|  |TAMS 0x0000000081b00000, 0x0000000081a00000| Untracked 
|   5|0x0000000081b00000, 0x0000000081c00000, 0x0000000081c00000|100%| O|  |TAMS 0x0000000081c00000, 0x0000000081b00000| Untracked 
|   6|0x0000000081c00000, 0x0000000081d00000, 0x0000000081d00000|100%| O|  |TAMS 0x0000000081d00000, 0x0000000081c00000| Untracked 
|   7|0x0000000081d00000, 0x0000000081e00000, 0x0000000081e00000|100%| O|  |TAMS 0x0000000081e00000, 0x0000000081d00000| Untracked 
|   8|0x0000000081e00000, 0x0000000081f00000, 0x0000000081f00000|100%| O|  |TAMS 0x0000000081f00000, 0x0000000081e00000| Untracked 
|   9|0x0000000081f00000, 0x0000000082000000, 0x0000000082000000|100%| O|  |TAMS 0x0000000082000000, 0x0000000081f00000| Untracked 
|  10|0x0000000082000000, 0x0000000082100000, 0x0000000082100000|100%| O|  |TAMS 0x0000000082100000, 0x0000000082000000| Untracked 
|  11|0x0000000082100000, 0x0000000082200000, 0x0000000082200000|100%| O|  |TAMS 0x0000000082200000, 0x0000000082100000| Untracked 
|  12|0x0000000082200000, 0x0000000082300000, 0x0000000082300000|100%| O|  |TAMS 0x0000000082300000, 0x0000000082200000| Untracked 
|  13|0x0000000082300000, 0x0000000082400000, 0x0000000082400000|100%| O|  |TAMS 0x0000000082400000, 0x0000000082300000| Untracked 
|  14|0x0000000082400000, 0x0000000082500000, 0x0000000082500000|100%| O|  |TAMS 0x0000000082500000, 0x0000000082400000| Untracked 
|  15|0x0000000082500000, 0x0000000082600000, 0x0000000082600000|100%| O|  |TAMS 0x0000000082600000, 0x0000000082500000| Untracked 
|  16|0x0000000082600000, 0x0000000082700000, 0x0000000082700000|100%| O|  |TAMS 0x0000000082700000, 0x0000000082600000| Untracked 
|  17|0x0000000082700000, 0x0000000082800000, 0x0000000082800000|100%| O|  |TAMS 0x0000000082800000, 0x0000000082700000| Untracked 
|  18|0x0000000082800000, 0x0000000082900000, 0x0000000082900000|100%| O|  |TAMS 0x0000000082900000, 0x0000000082800000| Untracked 
|  19|0x0000000082900000, 0x0000000082a00000, 0x0000000082a00000|100%| O|  |TAMS 0x0000000082a00000, 0x0000000082900000| Untracked 
|  20|0x0000000082a00000, 0x0000000082b00000, 0x0000000082b00000|100%| O|  |TAMS 0x0000000082b00000, 0x0000000082a00000| Untracked 
|  21|0x0000000082b00000, 0x0000000082c00000, 0x0000000082c00000|100%| O|  |TAMS 0x0000000082c00000, 0x0000000082b00000| Untracked 
|  22|0x0000000082c00000, 0x0000000082d00000, 0x0000000082d00000|100%| O|  |TAMS 0x0000000082d00000, 0x0000000082c00000| Untracked 
|  23|0x0000000082d00000, 0x0000000082e00000, 0x0000000082e00000|100%| O|  |TAMS 0x0000000082e00000, 0x0000000082d00000| Untracked 
|  24|0x0000000082e00000, 0x0000000082f00000, 0x0000000082f00000|100%| O|  |TAMS 0x0000000082f00000, 0x0000000082e00000| Untracked 
|  25|0x0000000082f00000, 0x0000000083000000, 0x0000000083000000|100%| O|  |TAMS 0x0000000083000000, 0x0000000082f00000| Untracked 
|  26|0x0000000083000000, 0x0000000083100000, 0x0000000083100000|100%| O|  |TAMS 0x0000000083100000, 0x0000000083000000| Untracked 
|  27|0x0000000083100000, 0x0000000083200000, 0x0000000083200000|100%| O|  |TAMS 0x0000000083200000, 0x0000000083100000| Untracked 
|  28|0x0000000083200000, 0x0000000083300000, 0x0000000083300000|100%| O|  |TAMS 0x0000000083300000, 0x0000000083200000| Untracked 
|  29|0x0000000083300000, 0x0000000083400000, 0x0000000083400000|100%| O|  |TAMS 0x0000000083400000, 0x0000000083300000| Untracked 
|  30|0x0000000083400000, 0x0000000083500000, 0x0000000083500000|100%|HS|  |TAMS 0x0000000083500000, 0x0000000083400000| Complete 
|  31|0x0000000083500000, 0x0000000083600000, 0x0000000083600000|100%|HC|  |TAMS 0x0000000083600000, 0x0000000083500000| Complete 
|  32|0x0000000083600000, 0x0000000083700000, 0x0000000083700000|100%|HC|  |TAMS 0x0000000083700000, 0x0000000083600000| Complete 
|  33|0x0000000083700000, 0x0000000083800000, 0x0000000083800000|100%|HC|  |TAMS 0x0000000083800000, 0x0000000083700000| Complete 
|  34|0x0000000083800000, 0x0000000083900000, 0x0000000083900000|100%|HC|  |TAMS 0x0000000083900000, 0x0000000083800000| Complete 
|  35|0x0000000083900000, 0x0000000083a00000, 0x0000000083a00000|100%|HC|  |TAMS 0x0000000083a00000, 0x0000000083900000| Complete 
|  36|0x0000000083a00000, 0x0000000083b00000, 0x0000000083b00000|100%|HC|  |TAMS 0x0000000083b00000, 0x0000000083a00000| Complete 
|  37|0x0000000083b00000, 0x0000000083c00000, 0x0000000083c00000|100%|HC|  |TAMS 0x0000000083c00000, 0x0000000083b00000| Complete 
|  38|0x0000000083c00000, 0x0000000083d00000, 0x0000000083d00000|100%|HC|  |TAMS 0x0000000083d00000, 0x0000000083c00000| Complete 
|  39|0x0000000083d00000, 0x0000000083e00000, 0x0000000083e00000|100%| O|  |TAMS 0x0000000083e00000, 0x0000000083d00000| Untracked 
|  40|0x0000000083e00000, 0x0000000083f00000, 0x0000000083f00000|100%| O|  |TAMS 0x0000000083f00000, 0x0000000083e00000| Untracked 
|  41|0x0000000083f00000, 0x0000000084000000, 0x0000000084000000|100%| O|  |TAMS 0x0000000084000000, 0x0000000083f00000| Untracked 
|  42|0x0000000084000000, 0x0000000084100000, 0x0000000084100000|100%| O|  |TAMS 0x0000000084100000, 0x0000000084000000| Untracked 
|  43|0x0000000084100000, 0x0000000084200000, 0x0000000084200000|100%| O|  |TAMS 0x0000000084200000, 0x0000000084100000| Untracked 
|  44|0x0000000084200000, 0x0000000084300000, 0x0000000084300000|100%| O|  |TAMS 0x0000000084300000, 0x0000000084200000| Untracked 
|  45|0x0000000084300000, 0x0000000084400000, 0x0000000084400000|100%| O|  |TAMS 0x0000000084400000, 0x0000000084300000| Untracked 
|  46|0x0000000084400000, 0x0000000084500000, 0x0000000084500000|100%| O|  |TAMS 0x0000000084500000, 0x0000000084400000| Untracked 
|  47|0x0000000084500000, 0x0000000084600000, 0x0000000084600000|100%| O|  |TAMS 0x0000000084600000, 0x0000000084500000| Untracked 
|  48|0x0000000084600000, 0x0000000084700000, 0x0000000084700000|100%| O|  |TAMS 0x0000000084700000, 0x0000000084600000| Untracked 
|  49|0x0000000084700000, 0x0000000084800000, 0x0000000084800000|100%| O|  |TAMS 0x0000000084800000, 0x0000000084700000| Untracked 
|  50|0x0000000084800000, 0x0000000084900000, 0x0000000084900000|100%| O|  |TAMS 0x0000000084900000, 0x0000000084800000| Untracked 
|  51|0x0000000084900000, 0x0000000084a00000, 0x0000000084a00000|100%| O|  |TAMS 0x0000000084a00000, 0x0000000084900000| Untracked 
|  52|0x0000000084a00000, 0x0000000084b00000, 0x0000000084b00000|100%| O|  |TAMS 0x0000000084b00000, 0x0000000084a00000| Untracked 
|  53|0x0000000084b00000, 0x0000000084c00000, 0x0000000084c00000|100%| O|  |TAMS 0x0000000084c00000, 0x0000000084b00000| Untracked 
|  54|0x0000000084c00000, 0x0000000084d00000, 0x0000000084d00000|100%| O|  |TAMS 0x0000000084d00000, 0x0000000084c00000| Untracked 
|  55|0x0000000084d00000, 0x0000000084e00000, 0x0000000084e00000|100%| O|  |TAMS 0x0000000084e00000, 0x0000000084d00000| Untracked 
|  56|0x0000000084e00000, 0x0000000084f00000, 0x0000000084f00000|100%| O|  |TAMS 0x0000000084f00000, 0x0000000084e00000| Untracked 
|  57|0x0000000084f00000, 0x0000000085000000, 0x0000000085000000|100%| O|  |TAMS 0x0000000085000000, 0x0000000084f00000| Untracked 
|  58|0x0000000085000000, 0x0000000085100000, 0x0000000085100000|100%| O|  |TAMS 0x0000000085100000, 0x0000000085000000| Untracked 
|  59|0x0000000085100000, 0x0000000085200000, 0x0000000085200000|100%| O|  |TAMS 0x0000000085200000, 0x0000000085100000| Untracked 
|  60|0x0000000085200000, 0x0000000085300000, 0x0000000085300000|100%| O|  |TAMS 0x0000000085300000, 0x0000000085200000| Untracked 
|  61|0x0000000085300000, 0x0000000085400000, 0x0000000085400000|100%| O|  |TAMS 0x0000000085400000, 0x0000000085300000| Untracked 
|  62|0x0000000085400000, 0x0000000085500000, 0x0000000085500000|100%| O|  |TAMS 0x0000000085500000, 0x0000000085400000| Untracked 
|  63|0x0000000085500000, 0x0000000085600000, 0x0000000085600000|100%| O|  |TAMS 0x0000000085600000, 0x0000000085500000| Untracked 
|  64|0x0000000085600000, 0x0000000085700000, 0x0000000085700000|100%| O|  |TAMS 0x0000000085700000, 0x0000000085600000| Untracked 
|  65|0x0000000085700000, 0x0000000085800000, 0x0000000085800000|100%| O|  |TAMS 0x0000000085800000, 0x0000000085700000| Untracked 
|  66|0x0000000085800000, 0x0000000085900000, 0x0000000085900000|100%| O|  |TAMS 0x0000000085900000, 0x0000000085800000| Untracked 
|  67|0x0000000085900000, 0x0000000085a00000, 0x0000000085a00000|100%| O|  |TAMS 0x0000000085a00000, 0x0000000085900000| Untracked 
|  68|0x0000000085a00000, 0x0000000085b00000, 0x0000000085b00000|100%| O|  |TAMS 0x0000000085b00000, 0x0000000085a00000| Untracked 
|  69|0x0000000085b00000, 0x0000000085c00000, 0x0000000085c00000|100%| O|  |TAMS 0x0000000085c00000, 0x0000000085b00000| Untracked 
|  70|0x0000000085c00000, 0x0000000085d00000, 0x0000000085d00000|100%| O|  |TAMS 0x0000000085d00000, 0x0000000085c00000| Untracked 
|  71|0x0000000085d00000, 0x0000000085e00000, 0x0000000085e00000|100%| O|  |TAMS 0x0000000085e00000, 0x0000000085d00000| Untracked 
|  72|0x0000000085e00000, 0x0000000085f00000, 0x0000000085f00000|100%| O|  |TAMS 0x0000000085f00000, 0x0000000085e00000| Untracked 
|  73|0x0000000085f00000, 0x0000000086000000, 0x0000000086000000|100%| O|  |TAMS 0x0000000086000000, 0x0000000085f00000| Untracked 
|  74|0x0000000086000000, 0x0000000086100000, 0x0000000086100000|100%| O|  |TAMS 0x0000000086100000, 0x0000000086000000| Untracked 
|  75|0x0000000086100000, 0x0000000086200000, 0x0000000086200000|100%| O|  |TAMS 0x0000000086200000, 0x0000000086100000| Untracked 
|  76|0x0000000086200000, 0x0000000086300000, 0x0000000086300000|100%| O|  |TAMS 0x0000000086300000, 0x0000000086200000| Untracked 
|  77|0x0000000086300000, 0x0000000086400000, 0x0000000086400000|100%| O|  |TAMS 0x0000000086400000, 0x0000000086300000| Untracked 
|  78|0x0000000086400000, 0x0000000086500000, 0x0000000086500000|100%| O|  |TAMS 0x0000000086500000, 0x0000000086400000| Untracked 
|  79|0x0000000086500000, 0x0000000086600000, 0x0000000086600000|100%| O|  |TAMS 0x0000000086600000, 0x0000000086500000| Untracked 
|  80|0x0000000086600000, 0x0000000086700000, 0x0000000086700000|100%| O|  |TAMS 0x0000000086700000, 0x0000000086600000| Untracked 
|  81|0x0000000086700000, 0x0000000086800000, 0x0000000086800000|100%| O|  |TAMS 0x0000000086800000, 0x0000000086700000| Untracked 
|  82|0x0000000086800000, 0x0000000086900000, 0x0000000086900000|100%| O|  |TAMS 0x0000000086900000, 0x0000000086800000| Untracked 
|  83|0x0000000086900000, 0x0000000086a00000, 0x0000000086a00000|100%| O|  |TAMS 0x0000000086a00000, 0x0000000086900000| Untracked 
|  84|0x0000000086a00000, 0x0000000086b00000, 0x0000000086b00000|100%| O|  |TAMS 0x0000000086b00000, 0x0000000086a00000| Untracked 
|  85|0x0000000086b00000, 0x0000000086c00000, 0x0000000086c00000|100%| O|  |TAMS 0x0000000086c00000, 0x0000000086b00000| Untracked 
|  86|0x0000000086c00000, 0x0000000086d00000, 0x0000000086d00000|100%| O|  |TAMS 0x0000000086d00000, 0x0000000086c00000| Untracked 
|  87|0x0000000086d00000, 0x0000000086e00000, 0x0000000086e00000|100%| O|  |TAMS 0x0000000086e00000, 0x0000000086d00000| Untracked 
|  88|0x0000000086e00000, 0x0000000086f00000, 0x0000000086f00000|100%| O|  |TAMS 0x0000000086f00000, 0x0000000086e00000| Untracked 
|  89|0x0000000086f00000, 0x0000000087000000, 0x0000000087000000|100%| O|  |TAMS 0x0000000087000000, 0x0000000086f00000| Untracked 
|  90|0x0000000087000000, 0x0000000087100000, 0x0000000087100000|100%| O|  |TAMS 0x0000000087100000, 0x0000000087000000| Untracked 
|  91|0x0000000087100000, 0x0000000087200000, 0x0000000087200000|100%| O|  |TAMS 0x0000000087200000, 0x0000000087100000| Untracked 
|  92|0x0000000087200000, 0x0000000087300000, 0x0000000087300000|100%| O|  |TAMS 0x0000000087300000, 0x0000000087200000| Untracked 
|  93|0x0000000087300000, 0x0000000087400000, 0x0000000087400000|100%| O|  |TAMS 0x0000000087400000, 0x0000000087300000| Untracked 
|  94|0x0000000087400000, 0x0000000087500000, 0x0000000087500000|100%| O|  |TAMS 0x0000000087500000, 0x0000000087400000| Untracked 
|  95|0x0000000087500000, 0x0000000087600000, 0x0000000087600000|100%| O|  |TAMS 0x0000000087600000, 0x0000000087500000| Untracked 
|  96|0x0000000087600000, 0x0000000087700000, 0x0000000087700000|100%| O|  |TAMS 0x0000000087700000, 0x0000000087600000| Untracked 
|  97|0x0000000087700000, 0x0000000087800000, 0x0000000087800000|100%| O|  |TAMS 0x0000000087800000, 0x0000000087700000| Untracked 
|  98|0x0000000087800000, 0x0000000087900000, 0x0000000087900000|100%| O|  |TAMS 0x0000000087900000, 0x0000000087800000| Untracked 
|  99|0x0000000087900000, 0x0000000087a00000, 0x0000000087a00000|100%| O|  |TAMS 0x0000000087a00000, 0x0000000087900000| Untracked 
| 100|0x0000000087a00000, 0x0000000087b00000, 0x0000000087b00000|100%| O|  |TAMS 0x0000000087b00000, 0x0000000087a00000| Untracked 
| 101|0x0000000087b00000, 0x0000000087c00000, 0x0000000087c00000|100%| O|  |TAMS 0x0000000087c00000, 0x0000000087b00000| Untracked 
| 102|0x0000000087c00000, 0x0000000087d00000, 0x0000000087d00000|100%| O|  |TAMS 0x0000000087d00000, 0x0000000087c00000| Untracked 
| 103|0x0000000087d00000, 0x0000000087e00000, 0x0000000087e00000|100%| O|  |TAMS 0x0000000087e00000, 0x0000000087d00000| Untracked 
| 104|0x0000000087e00000, 0x0000000087f00000, 0x0000000087f00000|100%| O|  |TAMS 0x0000000087f00000, 0x0000000087e00000| Untracked 
| 105|0x0000000087f00000, 0x0000000088000000, 0x0000000088000000|100%| O|  |TAMS 0x0000000088000000, 0x0000000087f00000| Untracked 
| 106|0x0000000088000000, 0x0000000088100000, 0x0000000088100000|100%| O|  |TAMS 0x0000000088100000, 0x0000000088000000| Untracked 
| 107|0x0000000088100000, 0x0000000088200000, 0x0000000088200000|100%| O|  |TAMS 0x0000000088200000, 0x0000000088100000| Untracked 
| 108|0x0000000088200000, 0x0000000088300000, 0x0000000088300000|100%| O|  |TAMS 0x0000000088300000, 0x0000000088200000| Untracked 
| 109|0x0000000088300000, 0x0000000088400000, 0x0000000088400000|100%| O|  |TAMS 0x0000000088400000, 0x0000000088300000| Untracked 
| 110|0x0000000088400000, 0x0000000088500000, 0x0000000088500000|100%| O|  |TAMS 0x0000000088500000, 0x0000000088400000| Untracked 
| 111|0x0000000088500000, 0x0000000088600000, 0x0000000088600000|100%| O|  |TAMS 0x0000000088600000, 0x0000000088500000| Untracked 
| 112|0x0000000088600000, 0x0000000088700000, 0x0000000088700000|100%| O|  |TAMS 0x0000000088700000, 0x0000000088600000| Untracked 
| 113|0x0000000088700000, 0x0000000088800000, 0x0000000088800000|100%| O|  |TAMS 0x0000000088800000, 0x0000000088700000| Untracked 
| 114|0x0000000088800000, 0x0000000088900000, 0x0000000088900000|100%| O|  |TAMS 0x0000000088900000, 0x0000000088800000| Untracked 
| 115|0x0000000088900000, 0x0000000088a00000, 0x0000000088a00000|100%| O|  |TAMS 0x0000000088a00000, 0x0000000088900000| Untracked 
| 116|0x0000000088a00000, 0x0000000088b00000, 0x0000000088b00000|100%| O|  |TAMS 0x0000000088b00000, 0x0000000088a00000| Untracked 
| 117|0x0000000088b00000, 0x0000000088c00000, 0x0000000088c00000|100%| O|  |TAMS 0x0000000088c00000, 0x0000000088b00000| Untracked 
| 118|0x0000000088c00000, 0x0000000088d00000, 0x0000000088d00000|100%| O|  |TAMS 0x0000000088d00000, 0x0000000088c00000| Untracked 
| 119|0x0000000088d00000, 0x0000000088e00000, 0x0000000088e00000|100%| O|  |TAMS 0x0000000088e00000, 0x0000000088d00000| Untracked 
| 120|0x0000000088e00000, 0x0000000088f00000, 0x0000000088f00000|100%| O|  |TAMS 0x0000000088f00000, 0x0000000088e00000| Untracked 
| 121|0x0000000088f00000, 0x0000000089000000, 0x0000000089000000|100%| O|  |TAMS 0x0000000089000000, 0x0000000088f00000| Untracked 
| 122|0x0000000089000000, 0x0000000089100000, 0x0000000089100000|100%| O|  |TAMS 0x0000000089100000, 0x0000000089000000| Untracked 
| 123|0x0000000089100000, 0x0000000089200000, 0x0000000089200000|100%| O|  |TAMS 0x0000000089200000, 0x0000000089100000| Untracked 
| 124|0x0000000089200000, 0x00000000892e0000, 0x0000000089300000| 87%| O|  |TAMS 0x00000000892e0000, 0x0000000089200000| Untracked 
| 125|0x0000000089300000, 0x0000000089400000, 0x0000000089400000|100%| O|  |TAMS 0x0000000089400000, 0x0000000089300000| Untracked 
| 126|0x0000000089400000, 0x0000000089500000, 0x0000000089500000|100%| O|  |TAMS 0x0000000089500000, 0x0000000089400000| Untracked 
| 127|0x0000000089500000, 0x0000000089500000, 0x0000000089600000|  0%| F|  |TAMS 0x0000000089500000, 0x0000000089500000| Untracked 
| 128|0x0000000089600000, 0x0000000089600000, 0x0000000089700000|  0%| F|  |TAMS 0x0000000089600000, 0x0000000089600000| Untracked 
| 129|0x0000000089700000, 0x0000000089700000, 0x0000000089800000|  0%| F|  |TAMS 0x0000000089700000, 0x0000000089700000| Untracked 
| 130|0x0000000089800000, 0x0000000089800000, 0x0000000089900000|  0%| F|  |TAMS 0x0000000089800000, 0x0000000089800000| Untracked 
| 131|0x0000000089900000, 0x0000000089a00000, 0x0000000089a00000|100%| O|  |TAMS 0x0000000089a00000, 0x0000000089900000| Untracked 
| 132|0x0000000089a00000, 0x0000000089b00000, 0x0000000089b00000|100%| O|  |TAMS 0x0000000089b00000, 0x0000000089a00000| Untracked 
| 133|0x0000000089b00000, 0x0000000089b00000, 0x0000000089c00000|  0%| F|  |TAMS 0x0000000089b00000, 0x0000000089b00000| Untracked 
| 134|0x0000000089c00000, 0x0000000089c00000, 0x0000000089d00000|  0%| F|  |TAMS 0x0000000089c00000, 0x0000000089c00000| Untracked 
| 135|0x0000000089d00000, 0x0000000089d00000, 0x0000000089e00000|  0%| F|  |TAMS 0x0000000089d00000, 0x0000000089d00000| Untracked 
| 136|0x0000000089e00000, 0x0000000089e00000, 0x0000000089f00000|  0%| F|  |TAMS 0x0000000089e00000, 0x0000000089e00000| Untracked 
| 137|0x0000000089f00000, 0x0000000089f00000, 0x000000008a000000|  0%| F|  |TAMS 0x0000000089f00000, 0x0000000089f00000| Untracked 
| 138|0x000000008a000000, 0x000000008a000000, 0x000000008a100000|  0%| F|  |TAMS 0x000000008a000000, 0x000000008a000000| Untracked 
| 139|0x000000008a100000, 0x000000008a100000, 0x000000008a200000|  0%| F|  |TAMS 0x000000008a100000, 0x000000008a100000| Untracked 
| 140|0x000000008a200000, 0x000000008a300000, 0x000000008a300000|100%| O|  |TAMS 0x000000008a300000, 0x000000008a200000| Untracked 
| 141|0x000000008a300000, 0x000000008a300000, 0x000000008a400000|  0%| F|  |TAMS 0x000000008a300000, 0x000000008a300000| Untracked 
| 142|0x000000008a400000, 0x000000008a400000, 0x000000008a500000|  0%| F|  |TAMS 0x000000008a400000, 0x000000008a400000| Untracked 
| 143|0x000000008a500000, 0x000000008a500000, 0x000000008a600000|  0%| F|  |TAMS 0x000000008a500000, 0x000000008a500000| Untracked 
| 144|0x000000008a600000, 0x000000008a600000, 0x000000008a700000|  0%| F|  |TAMS 0x000000008a600000, 0x000000008a600000| Untracked 
| 145|0x000000008a700000, 0x000000008a700000, 0x000000008a800000|  0%| F|  |TAMS 0x000000008a700000, 0x000000008a700000| Untracked 
| 146|0x000000008a800000, 0x000000008a900000, 0x000000008a900000|100%| O|  |TAMS 0x000000008a900000, 0x000000008a800000| Untracked 
| 147|0x000000008a900000, 0x000000008aa00000, 0x000000008aa00000|100%| O|  |TAMS 0x000000008aa00000, 0x000000008a900000| Untracked 
| 148|0x000000008aa00000, 0x000000008ab00000, 0x000000008ab00000|100%| O|  |TAMS 0x000000008ab00000, 0x000000008aa00000| Untracked 
| 149|0x000000008ab00000, 0x000000008ac00000, 0x000000008ac00000|100%| O|  |TAMS 0x000000008ac00000, 0x000000008ab00000| Untracked 
| 150|0x000000008ac00000, 0x000000008ad00000, 0x000000008ad00000|100%| O|  |TAMS 0x000000008ad00000, 0x000000008ac00000| Untracked 
| 151|0x000000008ad00000, 0x000000008ae00000, 0x000000008ae00000|100%| O|  |TAMS 0x000000008ae00000, 0x000000008ad00000| Untracked 
| 152|0x000000008ae00000, 0x000000008ae00000, 0x000000008af00000|  0%| F|  |TAMS 0x000000008ae00000, 0x000000008ae00000| Untracked 
| 153|0x000000008af00000, 0x000000008af00000, 0x000000008b000000|  0%| F|  |TAMS 0x000000008af00000, 0x000000008af00000| Untracked 
| 154|0x000000008b000000, 0x000000008b000000, 0x000000008b100000|  0%| F|  |TAMS 0x000000008b000000, 0x000000008b000000| Untracked 
| 155|0x000000008b100000, 0x000000008b100000, 0x000000008b200000|  0%| F|  |TAMS 0x000000008b100000, 0x000000008b100000| Untracked 
| 156|0x000000008b200000, 0x000000008b300000, 0x000000008b300000|100%| O|  |TAMS 0x000000008b300000, 0x000000008b200000| Untracked 
| 157|0x000000008b300000, 0x000000008b400000, 0x000000008b400000|100%| O|  |TAMS 0x000000008b400000, 0x000000008b300000| Untracked 
| 158|0x000000008b400000, 0x000000008b500000, 0x000000008b500000|100%| O|  |TAMS 0x000000008b500000, 0x000000008b400000| Untracked 
| 159|0x000000008b500000, 0x000000008b600000, 0x000000008b600000|100%| O|  |TAMS 0x000000008b600000, 0x000000008b500000| Untracked 
| 160|0x000000008b600000, 0x000000008b700000, 0x000000008b700000|100%| O|  |TAMS 0x000000008b700000, 0x000000008b600000| Untracked 
| 161|0x000000008b700000, 0x000000008b800000, 0x000000008b800000|100%| O|  |TAMS 0x000000008b800000, 0x000000008b700000| Untracked 
| 162|0x000000008b800000, 0x000000008b900000, 0x000000008b900000|100%| O|  |TAMS 0x000000008b900000, 0x000000008b800000| Untracked 
| 163|0x000000008b900000, 0x000000008ba00000, 0x000000008ba00000|100%| O|  |TAMS 0x000000008ba00000, 0x000000008b900000| Untracked 
| 164|0x000000008ba00000, 0x000000008bb00000, 0x000000008bb00000|100%| O|  |TAMS 0x000000008bb00000, 0x000000008ba00000| Untracked 
| 165|0x000000008bb00000, 0x000000008bc00000, 0x000000008bc00000|100%| O|  |TAMS 0x000000008bc00000, 0x000000008bb00000| Untracked 
| 166|0x000000008bc00000, 0x000000008bd00000, 0x000000008bd00000|100%| O|  |TAMS 0x000000008bd00000, 0x000000008bc00000| Untracked 
| 167|0x000000008bd00000, 0x000000008be00000, 0x000000008be00000|100%| O|  |TAMS 0x000000008be00000, 0x000000008bd00000| Untracked 
| 168|0x000000008be00000, 0x000000008bf00000, 0x000000008bf00000|100%| O|  |TAMS 0x000000008bf00000, 0x000000008be00000| Untracked 
| 169|0x000000008bf00000, 0x000000008c000000, 0x000000008c000000|100%| O|  |TAMS 0x000000008c000000, 0x000000008bf00000| Untracked 
| 170|0x000000008c000000, 0x000000008c100000, 0x000000008c100000|100%| O|  |TAMS 0x000000008c100000, 0x000000008c000000| Untracked 
| 171|0x000000008c100000, 0x000000008c200000, 0x000000008c200000|100%| O|  |TAMS 0x000000008c200000, 0x000000008c100000| Untracked 
| 172|0x000000008c200000, 0x000000008c300000, 0x000000008c300000|100%| O|  |TAMS 0x000000008c300000, 0x000000008c200000| Untracked 
| 173|0x000000008c300000, 0x000000008c400000, 0x000000008c400000|100%| O|  |TAMS 0x000000008c400000, 0x000000008c300000| Untracked 
| 174|0x000000008c400000, 0x000000008c500000, 0x000000008c500000|100%| O|  |TAMS 0x000000008c500000, 0x000000008c400000| Untracked 
| 175|0x000000008c500000, 0x000000008c600000, 0x000000008c600000|100%| O|  |TAMS 0x000000008c600000, 0x000000008c500000| Untracked 
| 176|0x000000008c600000, 0x000000008c700000, 0x000000008c700000|100%| O|  |TAMS 0x000000008c700000, 0x000000008c600000| Untracked 
| 177|0x000000008c700000, 0x000000008c800000, 0x000000008c800000|100%| O|  |TAMS 0x000000008c800000, 0x000000008c700000| Untracked 
| 178|0x000000008c800000, 0x000000008c900000, 0x000000008c900000|100%| O|  |TAMS 0x000000008c900000, 0x000000008c800000| Untracked 
| 179|0x000000008c900000, 0x000000008ca00000, 0x000000008ca00000|100%| O|  |TAMS 0x000000008ca00000, 0x000000008c900000| Untracked 
| 180|0x000000008ca00000, 0x000000008cb00000, 0x000000008cb00000|100%| O|  |TAMS 0x000000008cb00000, 0x000000008ca00000| Untracked 
| 181|0x000000008cb00000, 0x000000008cc00000, 0x000000008cc00000|100%| O|  |TAMS 0x000000008cc00000, 0x000000008cb00000| Untracked 
| 182|0x000000008cc00000, 0x000000008cd00000, 0x000000008cd00000|100%| O|  |TAMS 0x000000008cd00000, 0x000000008cc00000| Untracked 
| 183|0x000000008cd00000, 0x000000008ce00000, 0x000000008ce00000|100%| O|  |TAMS 0x000000008ce00000, 0x000000008cd00000| Untracked 
| 184|0x000000008ce00000, 0x000000008cf00000, 0x000000008cf00000|100%| O|  |TAMS 0x000000008cf00000, 0x000000008ce00000| Untracked 
| 185|0x000000008cf00000, 0x000000008d000000, 0x000000008d000000|100%| O|  |TAMS 0x000000008d000000, 0x000000008cf00000| Untracked 
| 186|0x000000008d000000, 0x000000008d100000, 0x000000008d100000|100%| O|  |TAMS 0x000000008d100000, 0x000000008d000000| Untracked 
| 187|0x000000008d100000, 0x000000008d200000, 0x000000008d200000|100%| O|  |TAMS 0x000000008d200000, 0x000000008d100000| Untracked 
| 188|0x000000008d200000, 0x000000008d300000, 0x000000008d300000|100%| O|  |TAMS 0x000000008d300000, 0x000000008d200000| Untracked 
| 189|0x000000008d300000, 0x000000008d400000, 0x000000008d400000|100%| O|  |TAMS 0x000000008d400000, 0x000000008d300000| Untracked 
| 190|0x000000008d400000, 0x000000008d500000, 0x000000008d500000|100%| O|  |TAMS 0x000000008d500000, 0x000000008d400000| Untracked 
| 191|0x000000008d500000, 0x000000008d600000, 0x000000008d600000|100%| O|  |TAMS 0x000000008d600000, 0x000000008d500000| Untracked 
| 192|0x000000008d600000, 0x000000008d700000, 0x000000008d700000|100%| O|  |TAMS 0x000000008d700000, 0x000000008d600000| Untracked 
| 193|0x000000008d700000, 0x000000008d800000, 0x000000008d800000|100%| O|  |TAMS 0x000000008d800000, 0x000000008d700000| Untracked 
| 194|0x000000008d800000, 0x000000008d900000, 0x000000008d900000|100%| O|  |TAMS 0x000000008d900000, 0x000000008d800000| Untracked 
| 195|0x000000008d900000, 0x000000008da00000, 0x000000008da00000|100%| O|  |TAMS 0x000000008da00000, 0x000000008d900000| Untracked 
| 196|0x000000008da00000, 0x000000008db00000, 0x000000008db00000|100%| O|  |TAMS 0x000000008db00000, 0x000000008da00000| Untracked 
| 197|0x000000008db00000, 0x000000008dc00000, 0x000000008dc00000|100%| O|  |TAMS 0x000000008dc00000, 0x000000008db00000| Untracked 
| 198|0x000000008dc00000, 0x000000008dd00000, 0x000000008dd00000|100%| O|  |TAMS 0x000000008dd00000, 0x000000008dc00000| Untracked 
| 199|0x000000008dd00000, 0x000000008de00000, 0x000000008de00000|100%| O|  |TAMS 0x000000008de00000, 0x000000008dd00000| Untracked 
| 200|0x000000008de00000, 0x000000008df00000, 0x000000008df00000|100%| O|  |TAMS 0x000000008df00000, 0x000000008de00000| Untracked 
| 201|0x000000008df00000, 0x000000008e000000, 0x000000008e000000|100%| O|  |TAMS 0x000000008e000000, 0x000000008df00000| Untracked 
| 202|0x000000008e000000, 0x000000008e100000, 0x000000008e100000|100%| O|  |TAMS 0x000000008e100000, 0x000000008e000000| Untracked 
| 203|0x000000008e100000, 0x000000008e200000, 0x000000008e200000|100%| O|  |TAMS 0x000000008e200000, 0x000000008e100000| Untracked 
| 204|0x000000008e200000, 0x000000008e300000, 0x000000008e300000|100%| O|  |TAMS 0x000000008e300000, 0x000000008e200000| Untracked 
| 205|0x000000008e300000, 0x000000008e400000, 0x000000008e400000|100%| O|  |TAMS 0x000000008e400000, 0x000000008e300000| Untracked 
| 206|0x000000008e400000, 0x000000008e500000, 0x000000008e500000|100%| O|  |TAMS 0x000000008e500000, 0x000000008e400000| Untracked 
| 207|0x000000008e500000, 0x000000008e600000, 0x000000008e600000|100%| O|  |TAMS 0x000000008e600000, 0x000000008e500000| Untracked 
| 208|0x000000008e600000, 0x000000008e700000, 0x000000008e700000|100%| O|  |TAMS 0x000000008e700000, 0x000000008e600000| Untracked 
| 209|0x000000008e700000, 0x000000008e700000, 0x000000008e800000|  0%| F|  |TAMS 0x000000008e700000, 0x000000008e700000| Untracked 
| 210|0x000000008e800000, 0x000000008e800000, 0x000000008e900000|  0%| F|  |TAMS 0x000000008e800000, 0x000000008e800000| Untracked 
| 211|0x000000008e900000, 0x000000008e900000, 0x000000008ea00000|  0%| F|  |TAMS 0x000000008e900000, 0x000000008e900000| Untracked 
| 212|0x000000008ea00000, 0x000000008ea00000, 0x000000008eb00000|  0%| F|  |TAMS 0x000000008ea00000, 0x000000008ea00000| Untracked 
| 213|0x000000008eb00000, 0x000000008eb00000, 0x000000008ec00000|  0%| F|  |TAMS 0x000000008eb00000, 0x000000008eb00000| Untracked 
| 214|0x000000008ec00000, 0x000000008ec00000, 0x000000008ed00000|  0%| F|  |TAMS 0x000000008ec00000, 0x000000008ec00000| Untracked 
| 215|0x000000008ed00000, 0x000000008ed00000, 0x000000008ee00000|  0%| F|  |TAMS 0x000000008ed00000, 0x000000008ed00000| Untracked 
| 216|0x000000008ee00000, 0x000000008ee00000, 0x000000008ef00000|  0%| F|  |TAMS 0x000000008ee00000, 0x000000008ee00000| Untracked 
| 217|0x000000008ef00000, 0x000000008ef00000, 0x000000008f000000|  0%| F|  |TAMS 0x000000008ef00000, 0x000000008ef00000| Untracked 
| 218|0x000000008f000000, 0x000000008f000000, 0x000000008f100000|  0%| F|  |TAMS 0x000000008f000000, 0x000000008f000000| Untracked 
| 219|0x000000008f100000, 0x000000008f100000, 0x000000008f200000|  0%| F|  |TAMS 0x000000008f100000, 0x000000008f100000| Untracked 
| 220|0x000000008f200000, 0x000000008f200000, 0x000000008f300000|  0%| F|  |TAMS 0x000000008f200000, 0x000000008f200000| Untracked 
| 221|0x000000008f300000, 0x000000008f300000, 0x000000008f400000|  0%| F|  |TAMS 0x000000008f300000, 0x000000008f300000| Untracked 
| 222|0x000000008f400000, 0x000000008f400000, 0x000000008f500000|  0%| F|  |TAMS 0x000000008f400000, 0x000000008f400000| Untracked 
| 223|0x000000008f500000, 0x000000008f500000, 0x000000008f600000|  0%| F|  |TAMS 0x000000008f500000, 0x000000008f500000| Untracked 
| 224|0x000000008f600000, 0x000000008f600000, 0x000000008f700000|  0%| F|  |TAMS 0x000000008f600000, 0x000000008f600000| Untracked 
| 225|0x000000008f700000, 0x000000008f700000, 0x000000008f800000|  0%| F|  |TAMS 0x000000008f700000, 0x000000008f700000| Untracked 
| 226|0x000000008f800000, 0x000000008f800000, 0x000000008f900000|  0%| F|  |TAMS 0x000000008f800000, 0x000000008f800000| Untracked 
| 227|0x000000008f900000, 0x000000008f900000, 0x000000008fa00000|  0%| F|  |TAMS 0x000000008f900000, 0x000000008f900000| Untracked 
| 228|0x000000008fa00000, 0x000000008fa00000, 0x000000008fb00000|  0%| F|  |TAMS 0x000000008fa00000, 0x000000008fa00000| Untracked 
| 229|0x000000008fb00000, 0x000000008fb00000, 0x000000008fc00000|  0%| F|  |TAMS 0x000000008fb00000, 0x000000008fb00000| Untracked 
| 230|0x000000008fc00000, 0x000000008fc00000, 0x000000008fd00000|  0%| F|  |TAMS 0x000000008fc00000, 0x000000008fc00000| Untracked 
| 231|0x000000008fd00000, 0x000000008fd00000, 0x000000008fe00000|  0%| F|  |TAMS 0x000000008fd00000, 0x000000008fd00000| Untracked 
| 232|0x000000008fe00000, 0x000000008fe00000, 0x000000008ff00000|  0%| F|  |TAMS 0x000000008fe00000, 0x000000008fe00000| Untracked 
| 233|0x000000008ff00000, 0x000000008ff00000, 0x0000000090000000|  0%| F|  |TAMS 0x000000008ff00000, 0x000000008ff00000| Untracked 
| 234|0x0000000090000000, 0x0000000090000000, 0x0000000090100000|  0%| F|  |TAMS 0x0000000090000000, 0x0000000090000000| Untracked 
| 235|0x0000000090100000, 0x0000000090100000, 0x0000000090200000|  0%| F|  |TAMS 0x0000000090100000, 0x0000000090100000| Untracked 
| 236|0x0000000090200000, 0x0000000090217a90, 0x0000000090300000|  9%| S|CS|TAMS 0x0000000090200000, 0x0000000090200000| Complete 
| 237|0x0000000090300000, 0x0000000090400000, 0x0000000090400000|100%| S|CS|TAMS 0x0000000090300000, 0x0000000090300000| Complete 
| 238|0x0000000090400000, 0x0000000090500000, 0x0000000090500000|100%| S|CS|TAMS 0x0000000090400000, 0x0000000090400000| Complete 
| 239|0x0000000090500000, 0x0000000090600000, 0x0000000090600000|100%| S|CS|TAMS 0x0000000090500000, 0x0000000090500000| Complete 
| 240|0x0000000090600000, 0x0000000090700000, 0x0000000090700000|100%| S|CS|TAMS 0x0000000090600000, 0x0000000090600000| Complete 
| 241|0x0000000090700000, 0x0000000090700000, 0x0000000090800000|  0%| F|  |TAMS 0x0000000090700000, 0x0000000090700000| Untracked 
| 242|0x0000000090800000, 0x0000000090800000, 0x0000000090900000|  0%| F|  |TAMS 0x0000000090800000, 0x0000000090800000| Untracked 
| 243|0x0000000090900000, 0x0000000090900000, 0x0000000090a00000|  0%| F|  |TAMS 0x0000000090900000, 0x0000000090900000| Untracked 
| 244|0x0000000090a00000, 0x0000000090a00000, 0x0000000090b00000|  0%| F|  |TAMS 0x0000000090a00000, 0x0000000090a00000| Untracked 
| 245|0x0000000090b00000, 0x0000000090b00000, 0x0000000090c00000|  0%| F|  |TAMS 0x0000000090b00000, 0x0000000090b00000| Untracked 
| 246|0x0000000090c00000, 0x0000000090c00000, 0x0000000090d00000|  0%| F|  |TAMS 0x0000000090c00000, 0x0000000090c00000| Untracked 
| 247|0x0000000090d00000, 0x0000000090d00000, 0x0000000090e00000|  0%| F|  |TAMS 0x0000000090d00000, 0x0000000090d00000| Untracked 
| 248|0x0000000090e00000, 0x0000000090e00000, 0x0000000090f00000|  0%| F|  |TAMS 0x0000000090e00000, 0x0000000090e00000| Untracked 
| 249|0x0000000090f00000, 0x0000000090f00000, 0x0000000091000000|  0%| F|  |TAMS 0x0000000090f00000, 0x0000000090f00000| Untracked 
| 250|0x0000000091000000, 0x0000000091000000, 0x0000000091100000|  0%| F|  |TAMS 0x0000000091000000, 0x0000000091000000| Untracked 
| 251|0x0000000091100000, 0x0000000091100000, 0x0000000091200000|  0%| F|  |TAMS 0x0000000091100000, 0x0000000091100000| Untracked 
| 252|0x0000000091200000, 0x0000000091200000, 0x0000000091300000|  0%| F|  |TAMS 0x0000000091200000, 0x0000000091200000| Untracked 
| 253|0x0000000091300000, 0x0000000091300000, 0x0000000091400000|  0%| F|  |TAMS 0x0000000091300000, 0x0000000091300000| Untracked 
| 254|0x0000000091400000, 0x0000000091400000, 0x0000000091500000|  0%| F|  |TAMS 0x0000000091400000, 0x0000000091400000| Untracked 
| 255|0x0000000091500000, 0x0000000091500000, 0x0000000091600000|  0%| F|  |TAMS 0x0000000091500000, 0x0000000091500000| Untracked 
| 256|0x0000000091600000, 0x0000000091600000, 0x0000000091700000|  0%| F|  |TAMS 0x0000000091600000, 0x0000000091600000| Untracked 
| 257|0x0000000091700000, 0x0000000091700000, 0x0000000091800000|  0%| F|  |TAMS 0x0000000091700000, 0x0000000091700000| Untracked 
| 258|0x0000000091800000, 0x0000000091800000, 0x0000000091900000|  0%| F|  |TAMS 0x0000000091800000, 0x0000000091800000| Untracked 
| 259|0x0000000091900000, 0x0000000091900000, 0x0000000091a00000|  0%| F|  |TAMS 0x0000000091900000, 0x0000000091900000| Untracked 
| 260|0x0000000091a00000, 0x0000000091a00000, 0x0000000091b00000|  0%| F|  |TAMS 0x0000000091a00000, 0x0000000091a00000| Untracked 
| 261|0x0000000091b00000, 0x0000000091b00000, 0x0000000091c00000|  0%| F|  |TAMS 0x0000000091b00000, 0x0000000091b00000| Untracked 
| 262|0x0000000091c00000, 0x0000000091c00000, 0x0000000091d00000|  0%| F|  |TAMS 0x0000000091c00000, 0x0000000091c00000| Untracked 
| 263|0x0000000091d00000, 0x0000000091d00000, 0x0000000091e00000|  0%| F|  |TAMS 0x0000000091d00000, 0x0000000091d00000| Untracked 
| 264|0x0000000091e00000, 0x0000000091e00000, 0x0000000091f00000|  0%| F|  |TAMS 0x0000000091e00000, 0x0000000091e00000| Untracked 
| 265|0x0000000091f00000, 0x0000000091f00000, 0x0000000092000000|  0%| F|  |TAMS 0x0000000091f00000, 0x0000000091f00000| Untracked 
| 266|0x0000000092000000, 0x0000000092000000, 0x0000000092100000|  0%| F|  |TAMS 0x0000000092000000, 0x0000000092000000| Untracked 
| 267|0x0000000092100000, 0x0000000092100000, 0x0000000092200000|  0%| F|  |TAMS 0x0000000092100000, 0x0000000092100000| Untracked 
| 268|0x0000000092200000, 0x0000000092200000, 0x0000000092300000|  0%| F|  |TAMS 0x0000000092200000, 0x0000000092200000| Untracked 
| 269|0x0000000092300000, 0x0000000092300000, 0x0000000092400000|  0%| F|  |TAMS 0x0000000092300000, 0x0000000092300000| Untracked 
| 270|0x0000000092400000, 0x0000000092400000, 0x0000000092500000|  0%| F|  |TAMS 0x0000000092400000, 0x0000000092400000| Untracked 
| 271|0x0000000092500000, 0x0000000092500000, 0x0000000092600000|  0%| F|  |TAMS 0x0000000092500000, 0x0000000092500000| Untracked 
| 272|0x0000000092600000, 0x0000000092600000, 0x0000000092700000|  0%| F|  |TAMS 0x0000000092600000, 0x0000000092600000| Untracked 
| 273|0x0000000092700000, 0x0000000092700000, 0x0000000092800000|  0%| F|  |TAMS 0x0000000092700000, 0x0000000092700000| Untracked 
| 274|0x0000000092800000, 0x0000000092800000, 0x0000000092900000|  0%| F|  |TAMS 0x0000000092800000, 0x0000000092800000| Untracked 
| 275|0x0000000092900000, 0x0000000092900000, 0x0000000092a00000|  0%| F|  |TAMS 0x0000000092900000, 0x0000000092900000| Untracked 
| 276|0x0000000092a00000, 0x0000000092a00000, 0x0000000092b00000|  0%| F|  |TAMS 0x0000000092a00000, 0x0000000092a00000| Untracked 
| 277|0x0000000092b00000, 0x0000000092b00000, 0x0000000092c00000|  0%| F|  |TAMS 0x0000000092b00000, 0x0000000092b00000| Untracked 
| 278|0x0000000092c00000, 0x0000000092c00000, 0x0000000092d00000|  0%| F|  |TAMS 0x0000000092c00000, 0x0000000092c00000| Untracked 
| 279|0x0000000092d00000, 0x0000000092d00000, 0x0000000092e00000|  0%| F|  |TAMS 0x0000000092d00000, 0x0000000092d00000| Untracked 
| 280|0x0000000092e00000, 0x0000000092e00000, 0x0000000092f00000|  0%| F|  |TAMS 0x0000000092e00000, 0x0000000092e00000| Untracked 
| 281|0x0000000092f00000, 0x0000000092f00000, 0x0000000093000000|  0%| F|  |TAMS 0x0000000092f00000, 0x0000000092f00000| Untracked 
| 282|0x0000000093000000, 0x0000000093000000, 0x0000000093100000|  0%| F|  |TAMS 0x0000000093000000, 0x0000000093000000| Untracked 
| 283|0x0000000093100000, 0x0000000093100000, 0x0000000093200000|  0%| F|  |TAMS 0x0000000093100000, 0x0000000093100000| Untracked 
| 284|0x0000000093200000, 0x0000000093200000, 0x0000000093300000|  0%| F|  |TAMS 0x0000000093200000, 0x0000000093200000| Untracked 
| 285|0x0000000093300000, 0x0000000093300000, 0x0000000093400000|  0%| F|  |TAMS 0x0000000093300000, 0x0000000093300000| Untracked 
| 286|0x0000000093400000, 0x0000000093400000, 0x0000000093500000|  0%| F|  |TAMS 0x0000000093400000, 0x0000000093400000| Untracked 
| 287|0x0000000093500000, 0x0000000093500000, 0x0000000093600000|  0%| F|  |TAMS 0x0000000093500000, 0x0000000093500000| Untracked 
| 288|0x0000000093600000, 0x0000000093600000, 0x0000000093700000|  0%| F|  |TAMS 0x0000000093600000, 0x0000000093600000| Untracked 
| 289|0x0000000093700000, 0x0000000093700000, 0x0000000093800000|  0%| F|  |TAMS 0x0000000093700000, 0x0000000093700000| Untracked 
| 290|0x0000000093800000, 0x0000000093800000, 0x0000000093900000|  0%| F|  |TAMS 0x0000000093800000, 0x0000000093800000| Untracked 
| 291|0x0000000093900000, 0x0000000093900000, 0x0000000093a00000|  0%| F|  |TAMS 0x0000000093900000, 0x0000000093900000| Untracked 
| 292|0x0000000093a00000, 0x0000000093a00000, 0x0000000093b00000|  0%| F|  |TAMS 0x0000000093a00000, 0x0000000093a00000| Untracked 
| 293|0x0000000093b00000, 0x0000000093b00000, 0x0000000093c00000|  0%| F|  |TAMS 0x0000000093b00000, 0x0000000093b00000| Untracked 
| 294|0x0000000093c00000, 0x0000000093c00000, 0x0000000093d00000|  0%| F|  |TAMS 0x0000000093c00000, 0x0000000093c00000| Untracked 
| 295|0x0000000093d00000, 0x0000000093d00000, 0x0000000093e00000|  0%| F|  |TAMS 0x0000000093d00000, 0x0000000093d00000| Untracked 
| 296|0x0000000093e00000, 0x0000000093e00000, 0x0000000093f00000|  0%| F|  |TAMS 0x0000000093e00000, 0x0000000093e00000| Untracked 
| 297|0x0000000093f00000, 0x0000000093f00000, 0x0000000094000000|  0%| F|  |TAMS 0x0000000093f00000, 0x0000000093f00000| Untracked 
| 298|0x0000000094000000, 0x0000000094000000, 0x0000000094100000|  0%| F|  |TAMS 0x0000000094000000, 0x0000000094000000| Untracked 
| 299|0x0000000094100000, 0x0000000094100000, 0x0000000094200000|  0%| F|  |TAMS 0x0000000094100000, 0x0000000094100000| Untracked 
| 300|0x0000000094200000, 0x0000000094200000, 0x0000000094300000|  0%| F|  |TAMS 0x0000000094200000, 0x0000000094200000| Untracked 
| 301|0x0000000094300000, 0x0000000094300000, 0x0000000094400000|  0%| F|  |TAMS 0x0000000094300000, 0x0000000094300000| Untracked 
| 302|0x0000000094400000, 0x0000000094400000, 0x0000000094500000|  0%| F|  |TAMS 0x0000000094400000, 0x0000000094400000| Untracked 
| 303|0x0000000094500000, 0x0000000094500000, 0x0000000094600000|  0%| F|  |TAMS 0x0000000094500000, 0x0000000094500000| Untracked 
| 304|0x0000000094600000, 0x0000000094600000, 0x0000000094700000|  0%| F|  |TAMS 0x0000000094600000, 0x0000000094600000| Untracked 
| 305|0x0000000094700000, 0x0000000094700000, 0x0000000094800000|  0%| F|  |TAMS 0x0000000094700000, 0x0000000094700000| Untracked 
| 306|0x0000000094800000, 0x0000000094800000, 0x0000000094900000|  0%| F|  |TAMS 0x0000000094800000, 0x0000000094800000| Untracked 
| 307|0x0000000094900000, 0x0000000094900000, 0x0000000094a00000|  0%| F|  |TAMS 0x0000000094900000, 0x0000000094900000| Untracked 
| 308|0x0000000094a00000, 0x0000000094a00000, 0x0000000094b00000|  0%| F|  |TAMS 0x0000000094a00000, 0x0000000094a00000| Untracked 
| 309|0x0000000094b00000, 0x0000000094b00000, 0x0000000094c00000|  0%| F|  |TAMS 0x0000000094b00000, 0x0000000094b00000| Untracked 
| 310|0x0000000094c00000, 0x0000000094c00000, 0x0000000094d00000|  0%| F|  |TAMS 0x0000000094c00000, 0x0000000094c00000| Untracked 
| 311|0x0000000094d00000, 0x0000000094d00000, 0x0000000094e00000|  0%| F|  |TAMS 0x0000000094d00000, 0x0000000094d00000| Untracked 
| 312|0x0000000094e00000, 0x0000000094e00000, 0x0000000094f00000|  0%| F|  |TAMS 0x0000000094e00000, 0x0000000094e00000| Untracked 
| 313|0x0000000094f00000, 0x0000000094f00000, 0x0000000095000000|  0%| F|  |TAMS 0x0000000094f00000, 0x0000000094f00000| Untracked 
| 314|0x0000000095000000, 0x0000000095000000, 0x0000000095100000|  0%| F|  |TAMS 0x0000000095000000, 0x0000000095000000| Untracked 
| 315|0x0000000095100000, 0x0000000095100000, 0x0000000095200000|  0%| F|  |TAMS 0x0000000095100000, 0x0000000095100000| Untracked 
| 316|0x0000000095200000, 0x0000000095200000, 0x0000000095300000|  0%| F|  |TAMS 0x0000000095200000, 0x0000000095200000| Untracked 
| 317|0x0000000095300000, 0x0000000095300000, 0x0000000095400000|  0%| F|  |TAMS 0x0000000095300000, 0x0000000095300000| Untracked 
| 318|0x0000000095400000, 0x0000000095400000, 0x0000000095500000|  0%| F|  |TAMS 0x0000000095400000, 0x0000000095400000| Untracked 
| 319|0x0000000095500000, 0x0000000095500000, 0x0000000095600000|  0%| F|  |TAMS 0x0000000095500000, 0x0000000095500000| Untracked 
| 320|0x0000000095600000, 0x0000000095600000, 0x0000000095700000|  0%| F|  |TAMS 0x0000000095600000, 0x0000000095600000| Untracked 
| 321|0x0000000095700000, 0x0000000095700000, 0x0000000095800000|  0%| F|  |TAMS 0x0000000095700000, 0x0000000095700000| Untracked 
| 322|0x0000000095800000, 0x0000000095800000, 0x0000000095900000|  0%| F|  |TAMS 0x0000000095800000, 0x0000000095800000| Untracked 
| 323|0x0000000095900000, 0x0000000095900000, 0x0000000095a00000|  0%| F|  |TAMS 0x0000000095900000, 0x0000000095900000| Untracked 
| 324|0x0000000095a00000, 0x0000000095a00000, 0x0000000095b00000|  0%| F|  |TAMS 0x0000000095a00000, 0x0000000095a00000| Untracked 
| 325|0x0000000095b00000, 0x0000000095b00000, 0x0000000095c00000|  0%| F|  |TAMS 0x0000000095b00000, 0x0000000095b00000| Untracked 
| 326|0x0000000095c00000, 0x0000000095c00000, 0x0000000095d00000|  0%| F|  |TAMS 0x0000000095c00000, 0x0000000095c00000| Untracked 
| 327|0x0000000095d00000, 0x0000000095d00000, 0x0000000095e00000|  0%| F|  |TAMS 0x0000000095d00000, 0x0000000095d00000| Untracked 
| 328|0x0000000095e00000, 0x0000000095e00000, 0x0000000095f00000|  0%| F|  |TAMS 0x0000000095e00000, 0x0000000095e00000| Untracked 
| 329|0x0000000095f00000, 0x0000000095f00000, 0x0000000096000000|  0%| F|  |TAMS 0x0000000095f00000, 0x0000000095f00000| Untracked 
| 330|0x0000000096000000, 0x0000000096000000, 0x0000000096100000|  0%| F|  |TAMS 0x0000000096000000, 0x0000000096000000| Untracked 
| 331|0x0000000096100000, 0x00000000961db348, 0x0000000096200000| 85%| E|  |TAMS 0x0000000096100000, 0x0000000096100000| Complete 
| 332|0x0000000096200000, 0x0000000096300000, 0x0000000096300000|100%| E|CS|TAMS 0x0000000096200000, 0x0000000096200000| Complete 
| 333|0x0000000096300000, 0x0000000096400000, 0x0000000096400000|100%| E|CS|TAMS 0x0000000096300000, 0x0000000096300000| Complete 
| 334|0x0000000096400000, 0x0000000096500000, 0x0000000096500000|100%| E|CS|TAMS 0x0000000096400000, 0x0000000096400000| Complete 
| 335|0x0000000096500000, 0x0000000096600000, 0x0000000096600000|100%| E|CS|TAMS 0x0000000096500000, 0x0000000096500000| Complete 
|2020|0x00000000ffa00000, 0x00000000ffb00000, 0x00000000ffb00000|100%| E|CS|TAMS 0x00000000ffa00000, 0x00000000ffa00000| Complete 
|2021|0x00000000ffb00000, 0x00000000ffc00000, 0x00000000ffc00000|100%| O|  |TAMS 0x00000000ffc00000, 0x00000000ffb00000| Untracked 
|2022|0x00000000ffc00000, 0x00000000ffd00000, 0x00000000ffd00000|100%| O|  |TAMS 0x00000000ffd00000, 0x00000000ffc00000| Untracked 
|2023|0x00000000ffd00000, 0x00000000ffe00000, 0x00000000ffe00000|100%| O|  |TAMS 0x00000000ffe00000, 0x00000000ffd00000| Untracked 
|2024|0x00000000ffe00000, 0x00000000fff00000, 0x00000000fff00000|100%| O|  |TAMS 0x00000000fff00000, 0x00000000ffe00000| Untracked 
|2025|0x00000000fff00000, 0x0000000100000000, 0x0000000100000000|100%| O|  |TAMS 0x0000000100000000, 0x00000000fff00000| Untracked 

Card table byte_map: [0x000002a3da430000,0x000002a3da830000] _byte_map_base: 0x000002a3da025000

Marking Bits (Prev, Next): (CMBitMap*) 0x000002a3c35b85c0, (CMBitMap*) 0x000002a3c35b8580
 Prev Bits: [0x000002a3dcbe0000, 0x000002a3deb88000)
 Next Bits: [0x000002a3dac30000, 0x000002a3dcbd8000)

Polling page: 0x000002a3c16f0000

Metaspace:

Usage:
  Non-class:     32.58 MB used.
      Class:      5.20 MB used.
       Both:     37.78 MB used.

Virtual space:
  Non-class space:       40.00 MB reserved,      32.88 MB ( 82%) committed,  5 nodes.
      Class space:        1.00 GB reserved,       5.44 MB ( <1%) committed,  1 nodes.
              Both:        1.04 GB reserved,      38.31 MB (  4%) committed. 

Chunk freelists:
   Non-Class:  2.22 MB
       Class:  2.47 MB
        Both:  4.69 MB

MaxMetaspaceSize: 17179869184.00 GB
CompressedClassSpaceSize: 1.00 GB
 - commit_granule_bytes: 65536.
 - commit_granule_words: 8192.
 - virtual_space_node_default_size: 1048576.
 - enlarge_chunks_in_place: 1.
 - new_chunks_are_fully_committed: 0.
 - uncommit_free_chunks: 1.
 - use_allocation_guard: 0.
 - handle_deallocations: 1.


Internal statistics:

num_allocs_failed_limit: 3.
num_arena_births: 664.
num_arena_deaths: 28.
num_vsnodes_births: 6.
num_vsnodes_deaths: 0.
num_space_committed: 613.
num_space_uncommitted: 0.
num_chunks_returned_to_freelist: 43.
num_chunks_taken_from_freelist: 1972.
num_chunk_merges: 16.
num_chunk_splits: 1253.
num_chunks_enlarged: 865.
num_purges: 2.

CodeHeap 'non-profiled nmethods': size=120000Kb used=5965Kb max_used=5965Kb free=114034Kb
 bounds [0x000002a3d27d0000, 0x000002a3d2db0000, 0x000002a3d9d00000]
CodeHeap 'profiled nmethods': size=120000Kb used=12416Kb max_used=14007Kb free=107583Kb
 bounds [0x000002a3cb2a0000, 0x000002a3cc070000, 0x000002a3d27d0000]
CodeHeap 'non-nmethods': size=5760Kb used=1510Kb max_used=1572Kb free=4250Kb
 bounds [0x000002a3cad00000, 0x000002a3caf70000, 0x000002a3cb2a0000]
 total_blobs=7204 nmethods=6316 adapters=798
 compilation: enabled
              stopped_count=0, restarted_count=0
 full_count=0

Compilation events (20 events):
Event: 23.730 Thread 0x000002a3e1573fb0 8615       4       arc.util.Time::update (135 bytes)
Event: 23.736 Thread 0x000002a3e1574aa0 8616       3       mindustry.world.blocks.units.ResupplyPoint::resupply (82 bytes)
Event: 23.737 Thread 0x000002a3e1574aa0 nmethod 8616 0x000002a3cb998410 code [0x000002a3cb998620, 0x000002a3cb998a78]
Event: 23.754 Thread 0x000002a3e1573fb0 nmethod 8615 0x000002a3d2da7b90 code [0x000002a3d2da7e60, 0x000002a3d2da94a0]
Event: 23.863 Thread 0x000002a3e1574aa0 8617       3       arc.util.serialization.Jval$WritingBuffer::write (37 bytes)
Event: 23.863 Thread 0x000002a3e1573fb0 8618       4       arc.util.serialization.Jval$Jwriter::getEscapedChar (91 bytes)
Event: 23.864 Thread 0x000002a3e1574aa0 nmethod 8617 0x000002a3cb9add10 code [0x000002a3cb9adec0, 0x000002a3cb9ae1a8]
Event: 23.864 Thread 0x000002a3e1573fb0 nmethod 8618 0x000002a3d2b63510 code [0x000002a3d2b636a0, 0x000002a3d2b63758]
Event: 23.873 Thread 0x000002a3e1573fb0 8619       4       jdk.internal.org.objectweb.asm.Attribute::computeAttributesSize (62 bytes)
Event: 23.873 Thread 0x000002a3e1573fb0 nmethod 8619 0x000002a3d2b63190 code [0x000002a3d2b63320, 0x000002a3d2b633f8]
Event: 23.873 Thread 0x000002a3e1573fb0 8620       4       jdk.internal.org.objectweb.asm.AnnotationWriter::computeAnnotationsSize (66 bytes)
Event: 23.874 Thread 0x000002a3e1574aa0 8621       3       java.util.GregorianCalendar::getWeekNumber (89 bytes)
Event: 23.874 Thread 0x000002a3e1574aa0 nmethod 8621 0x000002a3cbceff90 code [0x000002a3cbcf0160, 0x000002a3cbcf0608]
Event: 23.874 Thread 0x000002a3e1574aa0 8622       3       sun.util.calendar.AbstractCalendar::getDayOfWeekDateOnOrBefore (31 bytes)
Event: 23.875 Thread 0x000002a3e1574aa0 nmethod 8622 0x000002a3cbe2cb90 code [0x000002a3cbe2cd40, 0x000002a3cbe2cf28]
Event: 23.875 Thread 0x000002a3e1573fb0 nmethod 8620 0x000002a3d2b62c90 code [0x000002a3d2b62e20, 0x000002a3d2b62fa8]
Event: 23.911 Thread 0x000002a3e1574aa0 8623       3       arc.util.serialization.Jval$Hparser::readIf (17 bytes)
Event: 23.911 Thread 0x000002a3e1574aa0 nmethod 8623 0x000002a3cbd5ae10 code [0x000002a3cbd5afc0, 0x000002a3cbd5b168]
Event: 23.911 Thread 0x000002a3e1574aa0 8624       3       java.lang.AbstractStringBuilder::shift (37 bytes)
Event: 23.911 Thread 0x000002a3e1574aa0 nmethod 8624 0x000002a3cbe45e10 code [0x000002a3cbe45fc0, 0x000002a3cbe461a8]

GC Heap History (20 events):
Event: 14.323 GC heap before
{Heap before GC invocations=23 (full 0):
 garbage-first heap   total 331776K, used 214412K [0x0000000081600000, 0x0000000100000000)
  region size 1024K, 16 young (16384K), 4 survivors (4096K)
 Metaspace       used 37412K, committed 37952K, reserved 1081344K
  class space    used 5266K, committed 5504K, reserved 1048576K
}
Event: 14.341 GC heap after
{Heap after GC invocations=24 (full 0):
 garbage-first heap   total 331776K, used 188416K [0x0000000081600000, 0x0000000100000000)
  region size 1024K, 2 young (2048K), 2 survivors (2048K)
 Metaspace       used 37412K, committed 37952K, reserved 1081344K
  class space    used 5266K, committed 5504K, reserved 1048576K
}
Event: 15.012 GC heap before
{Heap before GC invocations=24 (full 0):
 garbage-first heap   total 331776K, used 229376K [0x0000000081600000, 0x0000000100000000)
  region size 1024K, 42 young (43008K), 2 survivors (2048K)
 Metaspace       used 37849K, committed 38400K, reserved 1089536K
  class space    used 5301K, committed 5568K, reserved 1048576K
}
Event: 15.021 GC heap after
{Heap after GC invocations=25 (full 0):
 garbage-first heap   total 331776K, used 199159K [0x0000000081600000, 0x0000000100000000)
  region size 1024K, 6 young (6144K), 6 survivors (6144K)
 Metaspace       used 37849K, committed 38400K, reserved 1089536K
  class space    used 5301K, committed 5568K, reserved 1048576K
}
Event: 16.019 GC heap before
{Heap before GC invocations=26 (full 0):
 garbage-first heap   total 347136K, used 238071K [0x0000000081600000, 0x0000000100000000)
  region size 1024K, 45 young (46080K), 6 survivors (6144K)
 Metaspace       used 38062K, committed 38656K, reserved 1089536K
  class space    used 5315K, committed 5568K, reserved 1048576K
}
Event: 16.025 GC heap after
{Heap after GC invocations=27 (full 0):
 garbage-first heap   total 347136K, used 202377K [0x0000000081600000, 0x0000000100000000)
  region size 1024K, 4 young (4096K), 4 survivors (4096K)
 Metaspace       used 38062K, committed 38656K, reserved 1089536K
  class space    used 5315K, committed 5568K, reserved 1048576K
}
Event: 16.993 GC heap before
{Heap before GC invocations=27 (full 0):
 garbage-first heap   total 347136K, used 250505K [0x0000000081600000, 0x0000000100000000)
  region size 1024K, 51 young (52224K), 4 survivors (4096K)
 Metaspace       used 38229K, committed 38784K, reserved 1089536K
  class space    used 5316K, committed 5568K, reserved 1048576K
}
Event: 16.996 GC heap after
{Heap after GC invocations=28 (full 0):
 garbage-first heap   total 347136K, used 202465K [0x0000000081600000, 0x0000000100000000)
  region size 1024K, 4 young (4096K), 4 survivors (4096K)
 Metaspace       used 38229K, committed 38784K, reserved 1089536K
  class space    used 5316K, committed 5568K, reserved 1048576K
}
Event: 17.845 GC heap before
{Heap before GC invocations=29 (full 0):
 garbage-first heap   total 347136K, used 255713K [0x0000000081600000, 0x0000000100000000)
  region size 1024K, 56 young (57344K), 4 survivors (4096K)
 Metaspace       used 38340K, committed 38848K, reserved 1089536K
  class space    used 5319K, committed 5568K, reserved 1048576K
}
Event: 17.848 GC heap after
{Heap after GC invocations=30 (full 0):
 garbage-first heap   total 347136K, used 202405K [0x0000000081600000, 0x0000000100000000)
  region size 1024K, 4 young (4096K), 4 survivors (4096K)
 Metaspace       used 38340K, committed 38848K, reserved 1089536K
  class space    used 5319K, committed 5568K, reserved 1048576K
}
Event: 18.645 GC heap before
{Heap before GC invocations=30 (full 0):
 garbage-first heap   total 347136K, used 261797K [0x0000000081600000, 0x0000000100000000)
  region size 1024K, 62 young (63488K), 4 survivors (4096K)
 Metaspace       used 38392K, committed 38912K, reserved 1089536K
  class space    used 5319K, committed 5568K, reserved 1048576K
}
Event: 18.648 GC heap after
{Heap after GC invocations=31 (full 0):
 garbage-first heap   total 347136K, used 202485K [0x0000000081600000, 0x0000000100000000)
  region size 1024K, 4 young (4096K), 4 survivors (4096K)
 Metaspace       used 38392K, committed 38912K, reserved 1089536K
  class space    used 5319K, committed 5568K, reserved 1048576K
}
Event: 19.616 GC heap before
{Heap before GC invocations=32 (full 0):
 garbage-first heap   total 347136K, used 277237K [0x0000000081600000, 0x0000000100000000)
  region size 1024K, 77 young (78848K), 4 survivors (4096K)
 Metaspace       used 38461K, committed 39040K, reserved 1089536K
  class space    used 5320K, committed 5568K, reserved 1048576K
}
Event: 19.619 GC heap after
{Heap after GC invocations=33 (full 0):
 garbage-first heap   total 347136K, used 202713K [0x0000000081600000, 0x0000000100000000)
  region size 1024K, 5 young (5120K), 5 survivors (5120K)
 Metaspace       used 38461K, committed 39040K, reserved 1089536K
  class space    used 5320K, committed 5568K, reserved 1048576K
}
Event: 20.633 GC heap before
{Heap before GC invocations=33 (full 0):
 garbage-first heap   total 347136K, used 283609K [0x0000000081600000, 0x0000000100000000)
  region size 1024K, 84 young (86016K), 5 survivors (5120K)
 Metaspace       used 38498K, committed 39040K, reserved 1089536K
  class space    used 5320K, committed 5568K, reserved 1048576K
}
Event: 20.636 GC heap after
{Heap after GC invocations=34 (full 0):
 garbage-first heap   total 347136K, used 202718K [0x0000000081600000, 0x0000000100000000)
  region size 1024K, 5 young (5120K), 5 survivors (5120K)
 Metaspace       used 38498K, committed 39040K, reserved 1089536K
  class space    used 5320K, committed 5568K, reserved 1048576K
}
Event: 22.161 GC heap before
{Heap before GC invocations=35 (full 0):
 garbage-first heap   total 350208K, used 289758K [0x0000000081600000, 0x0000000100000000)
  region size 1024K, 90 young (92160K), 5 survivors (5120K)
 Metaspace       used 38645K, committed 39168K, reserved 1089536K
  class space    used 5321K, committed 5568K, reserved 1048576K
}
Event: 22.164 GC heap after
{Heap after GC invocations=36 (full 0):
 garbage-first heap   total 350208K, used 202624K [0x0000000081600000, 0x0000000100000000)
  region size 1024K, 4 young (4096K), 4 survivors (4096K)
 Metaspace       used 38645K, committed 39168K, reserved 1089536K
  class space    used 5321K, committed 5568K, reserved 1048576K
}
Event: 23.693 GC heap before
{Heap before GC invocations=36 (full 0):
 garbage-first heap   total 350208K, used 296832K [0x0000000081600000, 0x0000000100000000)
  region size 1024K, 96 young (98304K), 4 survivors (4096K)
 Metaspace       used 38671K, committed 39232K, reserved 1089536K
  class space    used 5322K, committed 5568K, reserved 1048576K
}
Event: 23.697 GC heap after
{Heap after GC invocations=37 (full 0):
 garbage-first heap   total 350208K, used 202718K [0x0000000081600000, 0x0000000100000000)
  region size 1024K, 5 young (5120K), 5 survivors (5120K)
 Metaspace       used 38671K, committed 39232K, reserved 1089536K
  class space    used 5322K, committed 5568K, reserved 1048576K
}

Deoptimization events (20 events):
Event: 23.875 Thread 0x000002a3f4270010 Uncommon trap: trap_request=0xffffff54 fr.pc=0x000002a3d2d3bd44 relative=0x0000000000000b24
Event: 23.875 Thread 0x000002a3f4270010 Uncommon trap: reason=speculate_null_assert action=make_not_entrant pc=0x000002a3d2d3bd44 method=sun.nio.ch.SelectorImpl.processDeregisterQueue()V @ 66 c2
Event: 23.875 Thread 0x000002a3f4270010 DEOPT PACKING pc=0x000002a3d2d3bd44 sp=0x000000f7879ff270
Event: 23.875 Thread 0x000002a3f4270010 DEOPT UNPACKING pc=0x000002a3cad4d72e sp=0x000000f7879ff1a0 mode 2
Event: 23.875 Thread 0x000002a3f4270010 Uncommon trap: trap_request=0xffffff45 fr.pc=0x000002a3d2d1abc0 relative=0x0000000000000280
Event: 23.875 Thread 0x000002a3f4270010 Uncommon trap: reason=unstable_if action=reinterpret pc=0x000002a3d2d1abc0 method=java.util.HashMap.removeNode(ILjava/lang/Object;Ljava/lang/Object;ZZ)Ljava/util/HashMap$Node; @ 58 c2
Event: 23.875 Thread 0x000002a3f4270010 DEOPT PACKING pc=0x000002a3d2d1abc0 sp=0x000000f7879fefc0
Event: 23.875 Thread 0x000002a3f4270010 DEOPT UNPACKING pc=0x000002a3cad4d72e sp=0x000000f7879fef68 mode 2
Event: 23.875 Thread 0x000002a3f4270010 Uncommon trap: trap_request=0xffffff45 fr.pc=0x000002a3d2cd9c4c relative=0x0000000000002c8c
Event: 23.875 Thread 0x000002a3f4270010 Uncommon trap: reason=unstable_if action=reinterpret pc=0x000002a3d2cd9c4c method=arc.net.Client.update(I)V @ 482 c2
Event: 23.875 Thread 0x000002a3f4270010 DEOPT PACKING pc=0x000002a3d2cd9c4c sp=0x000000f7879ff2f0
Event: 23.875 Thread 0x000002a3f4270010 DEOPT UNPACKING pc=0x000002a3cad4d72e sp=0x000000f7879ff2d8 mode 2
Event: 23.875 Thread 0x000002a3f4270010 Uncommon trap: trap_request=0xffffff54 fr.pc=0x000002a3d28d82dc relative=0x00000000000001bc
Event: 23.875 Thread 0x000002a3f4270010 Uncommon trap: reason=speculate_null_assert action=make_not_entrant pc=0x000002a3d28d82dc method=sun.nio.ch.SelectorImpl.processDeregisterQueue()V @ 66 c2
Event: 23.875 Thread 0x000002a3f4270010 DEOPT PACKING pc=0x000002a3d28d82dc sp=0x000000f7879ff0f0
Event: 23.875 Thread 0x000002a3f4270010 DEOPT UNPACKING pc=0x000002a3cad4d72e sp=0x000000f7879ff0a0 mode 2
Event: 23.875 Thread 0x000002a3f4270010 Uncommon trap: trap_request=0xffffff45 fr.pc=0x000002a3d28ecc30 relative=0x0000000000000310
Event: 23.875 Thread 0x000002a3f4270010 Uncommon trap: reason=unstable_if action=reinterpret pc=0x000002a3d28ecc30 method=java.nio.channels.spi.AbstractSelector.isOpen()Z @ 4 c2
Event: 23.875 Thread 0x000002a3f4270010 DEOPT PACKING pc=0x000002a3d28ecc30 sp=0x000000f7879ff200
Event: 23.875 Thread 0x000002a3f4270010 DEOPT UNPACKING pc=0x000002a3cad4d72e sp=0x000000f7879ff0d0 mode 2

Classes unloaded (14 events):
Event: 10.629 Thread 0x000002a3e1555900 Unloading class 0x0000000800f70c00 'java/lang/invoke/LambdaForm$MH+0x0000000800f70c00'
Event: 10.629 Thread 0x000002a3e1555900 Unloading class 0x0000000800f71400 'java/lang/invoke/LambdaForm$MH+0x0000000800f71400'
Event: 10.629 Thread 0x000002a3e1555900 Unloading class 0x0000000800f71000 'java/lang/invoke/LambdaForm$MH+0x0000000800f71000'
Event: 10.629 Thread 0x000002a3e1555900 Unloading class 0x0000000800f70000 'java/lang/invoke/LambdaForm$DMH+0x0000000800f70000'
Event: 10.629 Thread 0x000002a3e1555900 Unloading class 0x0000000800f70400 'java/lang/invoke/LambdaForm$DMH+0x0000000800f70400'
Event: 10.629 Thread 0x000002a3e1555900 Unloading class 0x0000000800f6bc00 'java/lang/invoke/LambdaForm$DMH+0x0000000800f6bc00'
Event: 10.629 Thread 0x000002a3e1555900 Unloading class 0x0000000800f6b000 'java/lang/invoke/LambdaForm$DMH+0x0000000800f6b000'
Event: 10.629 Thread 0x000002a3e1555900 Unloading class 0x0000000800f6b400 'java/lang/invoke/LambdaForm$DMH+0x0000000800f6b400'
Event: 10.629 Thread 0x000002a3e1555900 Unloading class 0x0000000800f6a800 'java/lang/invoke/LambdaForm$DMH+0x0000000800f6a800'
Event: 10.629 Thread 0x000002a3e1555900 Unloading class 0x0000000800f6a000 'java/lang/invoke/LambdaForm$DMH+0x0000000800f6a000'
Event: 10.629 Thread 0x000002a3e1555900 Unloading class 0x0000000800f69800 'java/lang/invoke/LambdaForm$DMH+0x0000000800f69800'
Event: 10.630 Thread 0x000002a3e1555900 Unloading class 0x0000000800f6a400 'java/lang/invoke/LambdaForm$DMH+0x0000000800f6a400'
Event: 10.630 Thread 0x000002a3e1555900 Unloading class 0x0000000800f68000 'rhino/gen/main_js_3'
Event: 10.630 Thread 0x000002a3e1555900 Unloading class 0x0000000800f60800 'rhino/gen/initscript_js_2'

Classes redefined (0 events):
No events

Internal exceptions (20 events):
Event: 14.931 Thread 0x000002a3c3577d60 Exception <a 'java/lang/NoSuchMethodError'{0x00000000939dc070}: 'void java.lang.invoke.DirectMethodHandle$Holder.invokeSpecial(java.lang.Object, java.lang.Object, int, java.lang.Object)'> (0x00000000939dc070) 
thrown [t:\workspace\open\src\hotspot\share\interpreter\linkResolver.cpp, line 790]
Event: 14.933 Thread 0x000002a3c3577d60 Implicit null exception at 0x000002a3d2a0406c to 0x000002a3d2a04114
Event: 14.936 Thread 0x000002a3c3577d60 Exception <a 'java/lang/NoSuchMethodError'{0x0000000093802b68}: 'java.lang.Object java.lang.invoke.Invokers$Holder.linkToTargetMethod(java.lang.Object, java.lang.Object, int, int, java.lang.Object)'> (0x0000000093802b68) 
thrown [t:\workspace\open\src\hotspot\share\interpreter\linkResolver.cpp, line 790]
Event: 14.937 Thread 0x000002a3c3577d60 Exception <a 'java/lang/NoSuchMethodError'{0x000000009380a4e8}: 'void java.lang.invoke.DirectMethodHandle$Holder.invokeStatic(java.lang.Object, int, java.lang.Object)'> (0x000000009380a4e8) 
thrown [t:\workspace\open\src\hotspot\share\interpreter\linkResolver.cpp, line 790]
Event: 14.939 Thread 0x000002a3c3577d60 Exception <a 'java/lang/NoSuchMethodError'{0x00000000938273b8}: 'java.lang.Object java.lang.invoke.DirectMethodHandle$Holder.newInvokeSpecial(java.lang.Object, java.lang.Object, int, int)'> (0x00000000938273b8) 
thrown [t:\workspace\open\src\hotspot\share\interpreter\linkResolver.cpp, line 790]
Event: 14.940 Thread 0x000002a3c3577d60 Exception <a 'java/lang/NoSuchMethodError'{0x000000009382b1d0}: 'java.lang.Object java.lang.invoke.DirectMethodHandle$Holder.invokeSpecial(java.lang.Object, java.lang.Object, java.lang.Object, int, int)'> (0x000000009382b1d0) 
thrown [t:\workspace\open\src\hotspot\share\interpreter\linkResolver.cpp, line 790]
Event: 15.093 Thread 0x000002a3c3577d60 Exception <a 'java/lang/ClassCastException'{0x0000000094fe6ed0}: class mindustry.gen.NullUnit cannot be cast to class mindustry.gen.Payloadc (mindustry.gen.NullUnit and mindustry.gen.Payloadc are in unnamed module of loader 'app')> (0x0000000094fe6ed0) 
thrown [t:\workspace\open\src\hotspot\share\interpreter\interpreterRuntime.cpp, line 441]
Event: 15.177 Thread 0x000002a3c3577d60 Exception <a 'java/lang/NoSuchMethodError'{0x0000000094c35588}: 'java.lang.Object java.lang.invoke.DirectMethodHandle$Holder.newInvokeSpecial(java.lang.Object, float, float, float, java.lang.Object)'> (0x0000000094c35588) 
thrown [t:\workspace\open\src\hotspot\share\interpreter\linkResolver.cpp, line 790]
Event: 15.177 Thread 0x000002a3c3577d60 Exception <a 'java/lang/NoSuchMethodError'{0x0000000094c39420}: 'java.lang.Object java.lang.invoke.DirectMethodHandle$Holder.invokeSpecial(java.lang.Object, java.lang.Object, float, float, float, java.lang.Object)'> (0x0000000094c39420) 
thrown [t:\workspace\open\src\hotspot\share\interpreter\linkResolver.cpp, line 790]
Event: 15.180 Thread 0x000002a3c3577d60 Exception <a 'java/lang/NoSuchMethodError'{0x0000000094c3cfb8}: 'java.lang.Object java.lang.invoke.Invokers$Holder.linkToTargetMethod(float, float, float, java.lang.Object, java.lang.Object)'> (0x0000000094c3cfb8) 
thrown [t:\workspace\open\src\hotspot\share\interpreter\linkResolver.cpp, line 790]
Event: 16.211 Thread 0x000002a3c3577d60 Implicit null exception at 0x000002a3d28c8773 to 0x000002a3d28ca98c
Event: 16.211 Thread 0x000002a3c3577d60 Implicit null exception at 0x000002a3d28c8773 to 0x000002a3d28ca98c
Event: 16.211 Thread 0x000002a3c3577d60 Implicit null exception at 0x000002a3d28c8773 to 0x000002a3d28ca98c
Event: 16.211 Thread 0x000002a3c3577d60 Implicit null exception at 0x000002a3d28c8773 to 0x000002a3d28ca98c
Event: 17.232 Thread 0x000002a3c3577d60 Implicit null exception at 0x000002a3d2c879b2 to 0x000002a3d2c8b5d4
Event: 18.865 Thread 0x000002a3f43c9800 Exception <a 'java/net/UnknownHostException'{0x00000000957af870}> (0x00000000957af870) 
thrown [t:\workspace\open\src\hotspot\share\prims\jni.cpp, line 579]
Event: 18.865 Thread 0x000002a3f426b060 Exception <a 'java/net/UnknownHostException'{0x0000000095780c00}> (0x0000000095780c00) 
thrown [t:\workspace\open\src\hotspot\share\prims\jni.cpp, line 579]
Event: 18.873 Thread 0x000002a3f43c4850 Exception <a 'java/net/UnknownHostException'{0x0000000095600410}> (0x0000000095600410) 
thrown [t:\workspace\open\src\hotspot\share\prims\jni.cpp, line 579]
Event: 19.402 Thread 0x000002a3c3577d60 Implicit null exception at 0x000002a3d2cb43e6 to 0x000002a3d2cb4aa0
Event: 23.872 Thread 0x000002a3c3577d60 Exception <a 'java/lang/IncompatibleClassChangeError'{0x00000000962aa4e8}: Found class java.lang.Object, but interface was expected> (0x00000000962aa4e8) 
thrown [t:\workspace\open\src\hotspot\share\interpreter\linkResolver.cpp, line 857]

Events (20 events):
Event: 20.636 Executing  VM operation: G1CollectForAllocation done
Event: 20.753 Executing  VM operation: G1Concurrent
Event: 20.755 Executing  VM operation: G1Concurrent done
Event: 20.831 Executing  VM operation: G1Concurrent
Event: 20.832 Executing  VM operation: G1Concurrent done
Event: 21.832 Executing  VM operation: Cleanup
Event: 21.833 Executing  VM operation: Cleanup done
Event: 22.160 Executing  VM operation: G1CollectForAllocation
Event: 22.164 Executing  VM operation: G1CollectForAllocation done
Event: 23.693 Executing  VM operation: G1CollectForAllocation
Event: 23.697 Executing  VM operation: G1CollectForAllocation done
Event: 23.813 Executing  VM operation: G1Concurrent
Event: 23.815 Executing  VM operation: G1Concurrent done
Event: 23.875 Thread 0x000002a3f4272a90 Thread added: 0x000002a3f4272a90
Event: 23.875 loading class java/nio/channels/ClosedSelectorException
Event: 23.876 loading class java/nio/channels/ClosedSelectorException done
Event: 23.876 Thread 0x000002a3f4270010 Thread exited: 0x000002a3f4270010
Event: 23.876 Thread 0x000002a3f43cb7e0 Thread exited: 0x000002a3f43cb7e0
Event: 23.885 Executing  VM operation: G1Concurrent
Event: 23.885 Executing  VM operation: G1Concurrent done


Dynamic libraries:
0x00007ff7cac60000 - 0x00007ff7cac70000 	C:\Program Files\Java\jdk-16.0.1\bin\java.exe
0x00007ffeec810000 - 0x00007ffeeca05000 	C:\Windows\SYSTEM32\ntdll.dll
0x00007ffeeba80000 - 0x00007ffeebb3d000 	C:\Windows\System32\KERNEL32.DLL
0x00007ffeea320000 - 0x00007ffeea5e9000 	C:\Windows\System32\KERNELBASE.dll
0x00007ffee9fe0000 - 0x00007ffeea0e0000 	C:\Windows\System32\ucrtbase.dll
0x00007ffed4f40000 - 0x00007ffed4f58000 	C:\Program Files\Java\jdk-16.0.1\bin\jli.dll
0x00007ffee5c40000 - 0x00007ffee5c59000 	C:\Program Files\Java\jdk-16.0.1\bin\VCRUNTIME140.dll
0x00007ffeec720000 - 0x00007ffeec7cc000 	C:\Windows\System32\ADVAPI32.dll
0x00007ffeeb000000 - 0x00007ffeeb09e000 	C:\Windows\System32\msvcrt.dll
0x00007ffeeaf00000 - 0x00007ffeeaf9b000 	C:\Windows\System32\sechost.dll
0x00007ffeeada0000 - 0x00007ffeeaeca000 	C:\Windows\System32\RPCRT4.dll
0x00007ffeeb1b0000 - 0x00007ffeeb350000 	C:\Windows\System32\USER32.dll
0x00007ffee1790000 - 0x00007ffee1a2a000 	C:\Windows\WinSxS\amd64_microsoft.windows.common-controls_6595b64144ccf1df_6.0.19041.1083_none_60bbe31371f34e71\COMCTL32.dll
0x00007ffeea2f0000 - 0x00007ffeea312000 	C:\Windows\System32\win32u.dll
0x00007ffeeaed0000 - 0x00007ffeeaefa000 	C:\Windows\System32\GDI32.dll
0x00007ffeea770000 - 0x00007ffeea87b000 	C:\Windows\System32\gdi32full.dll
0x00007ffeea620000 - 0x00007ffeea6bd000 	C:\Windows\System32\msvcp_win.dll
0x00007ffee1b60000 - 0x00007ffee1b6a000 	C:\Windows\SYSTEM32\VERSION.dll
0x00007ffeec4c0000 - 0x00007ffeec4f0000 	C:\Windows\System32\IMM32.DLL
0x00007ffee5c30000 - 0x00007ffee5c3c000 	C:\Program Files\Java\jdk-16.0.1\bin\vcruntime140_1.dll
0x00007ffeb9f10000 - 0x00007ffeb9fa1000 	C:\Program Files\Java\jdk-16.0.1\bin\msvcp140.dll
0x00007ffeb8150000 - 0x00007ffeb8cfb000 	C:\Program Files\Java\jdk-16.0.1\bin\server\jvm.dll
0x00007ffeebb40000 - 0x00007ffeebb48000 	C:\Windows\System32\PSAPI.DLL
0x00007ffee1b30000 - 0x00007ffee1b57000 	C:\Windows\SYSTEM32\WINMM.dll
0x00007ffee5ce0000 - 0x00007ffee5ce9000 	C:\Windows\SYSTEM32\WSOCK32.dll
0x00007ffeeb350000 - 0x00007ffeeb3bb000 	C:\Windows\System32\WS2_32.dll
0x00007ffee7ea0000 - 0x00007ffee7eb2000 	C:\Windows\SYSTEM32\kernel.appcore.dll
0x00007ffee4cd0000 - 0x00007ffee4cda000 	C:\Program Files\Java\jdk-16.0.1\bin\jimage.dll
0x00007ffed89d0000 - 0x00007ffed8bb4000 	C:\Windows\SYSTEM32\DBGHELP.DLL
0x00007ffed8c10000 - 0x00007ffed8c3c000 	C:\Windows\SYSTEM32\dbgcore.DLL
0x00007ffee9f50000 - 0x00007ffee9fd3000 	C:\Windows\System32\bcryptPrimitives.dll
0x00007ffed4ef0000 - 0x00007ffed4f15000 	C:\Program Files\Java\jdk-16.0.1\bin\java.dll
0x00007ffeebbb0000 - 0x00007ffeec2ef000 	C:\Windows\System32\SHELL32.dll
0x00007ffee80a0000 - 0x00007ffee8831000 	C:\Windows\SYSTEM32\windows.storage.dll
0x00007ffeeb5f0000 - 0x00007ffeeb945000 	C:\Windows\System32\combase.dll
0x00007ffee99c0000 - 0x00007ffee99ec000 	C:\Windows\SYSTEM32\Wldp.dll
0x00007ffeeb0a0000 - 0x00007ffeeb14e000 	C:\Windows\System32\SHCORE.dll
0x00007ffeec6b0000 - 0x00007ffeec705000 	C:\Windows\System32\shlwapi.dll
0x00007ffee9e90000 - 0x00007ffee9eaf000 	C:\Windows\SYSTEM32\profapi.dll
0x00007ffed27b0000 - 0x00007ffed27c9000 	C:\Program Files\Java\jdk-16.0.1\bin\net.dll
0x00007ffee2670000 - 0x00007ffee277a000 	C:\Windows\SYSTEM32\WINHTTP.dll
0x00007ffee9720000 - 0x00007ffee978a000 	C:\Windows\system32\mswsock.dll
0x00007ffed2790000 - 0x00007ffed27a3000 	C:\Program Files\Java\jdk-16.0.1\bin\nio.dll
0x00007ffed2770000 - 0x00007ffed2788000 	C:\Program Files\Java\jdk-16.0.1\bin\zip.dll
0x00007ffee9900000 - 0x00007ffee9918000 	C:\Windows\SYSTEM32\CRYPTSP.dll
0x00007ffee8ff0000 - 0x00007ffee9024000 	C:\Windows\system32\rsaenh.dll
0x00007ffeea5f0000 - 0x00007ffeea617000 	C:\Windows\System32\bcrypt.dll
0x00007ffee9e10000 - 0x00007ffee9e3e000 	C:\Windows\SYSTEM32\USERENV.dll
0x00007ffee9920000 - 0x00007ffee992c000 	C:\Windows\SYSTEM32\CRYPTBASE.dll
0x00007ffee93c0000 - 0x00007ffee93fb000 	C:\Windows\SYSTEM32\IPHLPAPI.DLL
0x00007ffeec4f0000 - 0x00007ffeec4f8000 	C:\Windows\System32\NSI.dll
0x00007ffee4000000 - 0x00007ffee4017000 	C:\Windows\SYSTEM32\dhcpcsvc6.DLL
0x00007ffee3fe0000 - 0x00007ffee3ffd000 	C:\Windows\SYSTEM32\dhcpcsvc.DLL
0x00007ffee9410000 - 0x00007ffee94dc000 	C:\Windows\SYSTEM32\DNSAPI.dll
0x00000000510f0000 - 0x00000000511b8000 	C:\Users\user\AppData\Local\Temp\arc\5f24d8af\arc64.dll
0x0000000050f10000 - 0x00000000510ea000 	C:\Users\user\AppData\Local\Temp\arc\87dfef74\sdl-arc64.dll
0x00007ffeeb950000 - 0x00007ffeeba7a000 	C:\Windows\System32\ole32.dll
0x00007ffeec5e0000 - 0x00007ffeec6ad000 	C:\Windows\System32\OLEAUT32.dll
0x00007ffeea930000 - 0x00007ffeead99000 	C:\Windows\System32\SETUPAPI.dll
0x00007ffecaff0000 - 0x00007ffecb115000 	C:\Windows\SYSTEM32\OPENGL32.dll
0x00007ffeea140000 - 0x00007ffeea18e000 	C:\Windows\System32\cfgmgr32.dll
0x00007ffed8ed0000 - 0x00007ffed8efc000 	C:\Windows\SYSTEM32\GLU32.dll
0x00007ffee79e0000 - 0x00007ffee7a7e000 	C:\Windows\system32\uxtheme.dll
0x00007ffeec380000 - 0x00007ffeec495000 	C:\Windows\System32\MSCTF.dll
0x00007ffeea880000 - 0x00007ffeea929000 	C:\Windows\System32\clbcatq.dll
0x0000000075c50000 - 0x0000000077a97000 	C:\Windows\SYSTEM32\nvoglv64.DLL
0x00007ffee5b50000 - 0x00007ffee5b64000 	C:\Windows\SYSTEM32\WTSAPI32.dll
0x00007ffee8c80000 - 0x00007ffee8cb3000 	C:\Windows\SYSTEM32\ntmarta.dll
0x00007ffee94e0000 - 0x00007ffee952b000 	C:\Windows\SYSTEM32\powrprof.dll
0x00007ffee93a0000 - 0x00007ffee93b2000 	C:\Windows\SYSTEM32\UMPDC.dll
0x00007ffee9030000 - 0x00007ffee908a000 	C:\Windows\SYSTEM32\WINSTA.dll
0x00007ffee7cc0000 - 0x00007ffee7cef000 	C:\Windows\system32\dwmapi.dll
0x00007ffee5850000 - 0x00007ffee5946000 	C:\Windows\SYSTEM32\PROPSYS.dll
0x00007ffedd870000 - 0x00007ffedd969000 	C:\Windows\SYSTEM32\textinputframework.dll
0x00007ffee74f0000 - 0x00007ffee75e2000 	C:\Windows\System32\CoreMessaging.dll
0x00007ffee7190000 - 0x00007ffee74ee000 	C:\Windows\System32\CoreUIComponents.dll
0x00007ffee5e30000 - 0x00007ffee5f84000 	C:\Windows\SYSTEM32\wintypes.dll
0x00007ffed5680000 - 0x00007ffed56c1000 	C:\Windows\System32\IME\IMEKR\imkrapi.dll
0x00007ffee4560000 - 0x00007ffee4600000 	C:\Windows\SYSTEM32\policymanager.dll
0x00007ffee90e0000 - 0x00007ffee916a000 	C:\Windows\SYSTEM32\msvcp110_win.dll
0x00007ffed5950000 - 0x00007ffed598e000 	C:\Windows\System32\IME\shared\imjkapi.dll
0x00007ffee8880000 - 0x00007ffee8974000 	C:\Windows\SYSTEM32\dxgi.dll
0x00007ffee5f90000 - 0x00007ffee61f4000 	C:\Windows\SYSTEM32\d3d11.dll
0x00007ffee4090000 - 0x00007ffee4115000 	C:\Windows\System32\MMDevApi.dll
0x00007ffee9d00000 - 0x00007ffee9d2c000 	C:\Windows\System32\DEVOBJ.dll
0x00007ffedf940000 - 0x00007ffedf97b000 	C:\Windows\SYSTEM32\dxcore.dll
0x00007ffee41c0000 - 0x00007ffee4341000 	C:\Windows\SYSTEM32\AUDIOSES.DLL
0x00007ffee7ac0000 - 0x00007ffee7ad4000 	C:\Windows\SYSTEM32\resourcepolicyclient.dll
0x0000000066f40000 - 0x0000000066fc3000 	C:\Users\user\AppData\Local\Temp\liblz4-java-12683493377545184670.so
0x00007ffed9f10000 - 0x00007ffed9f1e000 	C:\Program Files\Java\jdk-16.0.1\bin\sunmscapi.dll
0x00007ffeea190000 - 0x00007ffeea2ef000 	C:\Windows\System32\CRYPT32.dll
0x00007ffee9a30000 - 0x00007ffee9a57000 	C:\Windows\SYSTEM32\ncrypt.dll
0x00007ffee99f0000 - 0x00007ffee9a2b000 	C:\Windows\SYSTEM32\NTASN1.dll
0x00007ffed8e80000 - 0x00007ffed8e87000 	C:\Windows\system32\wshunix.dll
0x00007ffee1f00000 - 0x00007ffee1fae000 	C:\Windows\SYSTEM32\mscms.dll
0x00007ffee1b70000 - 0x00007ffee1b81000 	C:\Windows\SYSTEM32\ColorAdapterClient.dll
0x00007ffeba2f0000 - 0x00007ffeba333000 	C:\Windows\SYSTEM32\icm32.dll
0x0000000050ea0000 - 0x0000000050f07000 	C:\Users\user\AppData\Local\Temp\arc\955ce679\arc-freetype64.dll
0x00007ffee1b20000 - 0x00007ffee1b2a000 	C:\Windows\System32\rasadhlp.dll
0x00007ffee14b0000 - 0x00007ffee152f000 	C:\Windows\System32\fwpuclnt.dll

dbghelp: loaded successfully - version: 4.0.5 - missing functions: none
symbol engine: initialized successfully - sym options: 0x614 - pdb path: .;C:\Program Files\Java\jdk-16.0.1\bin;C:\Windows\SYSTEM32;C:\Windows\WinSxS\amd64_microsoft.windows.common-controls_6595b64144ccf1df_6.0.19041.1083_none_60bbe31371f34e71;C:\Program Files\Java\jdk-16.0.1\bin\server;C:\Users\user\AppData\Local\Temp\arc\5f24d8af;C:\Users\user\AppData\Local\Temp\arc\87dfef74;C:\Windows\System32\IME\IMEKR;C:\Windows\System32\IME\shared;C:\Users\user\AppData\Local\Temp;C:\Users\user\AppData\Local\Temp\arc\955ce679

VM Arguments:
java_command: C:\Users\user\Downloads\Mindustry.jar
java_class_path (initial): C:\Users\user\Downloads\Mindustry.jar
Launcher Type: SUN_STANDARD

[Global flags]
     intx CICompilerCount                          = 4                                         {product} {ergonomic}
     uint ConcGCThreads                            = 2                                         {product} {ergonomic}
     uint G1ConcRefinementThreads                  = 8                                         {product} {ergonomic}
   size_t G1HeapRegionSize                         = 1048576                                   {product} {ergonomic}
    uintx GCDrainStackTargetSize                   = 64                                        {product} {ergonomic}
   size_t InitialHeapSize                          = 134217728                                 {product} {ergonomic}
   size_t MarkStackSize                            = 4194304                                   {product} {ergonomic}
   size_t MaxHeapSize                              = 2124414976                                {product} {ergonomic}
   size_t MaxNewSize                               = 1274019840                                {product} {ergonomic}
   size_t MinHeapDeltaBytes                        = 1048576                                   {product} {ergonomic}
   size_t MinHeapSize                              = 8388608                                   {product} {ergonomic}
    uintx NonNMethodCodeHeapSize                   = 5839372                                {pd product} {ergonomic}
    uintx NonProfiledCodeHeapSize                  = 122909434                              {pd product} {ergonomic}
    uintx ProfiledCodeHeapSize                     = 122909434                              {pd product} {ergonomic}
    uintx ReservedCodeCacheSize                    = 251658240                              {pd product} {ergonomic}
     bool SegmentedCodeCache                       = true                                      {product} {ergonomic}
   size_t SoftMaxHeapSize                          = 2124414976                             {manageable} {ergonomic}
     bool UseCompressedClassPointers               = true                           {product lp64_product} {ergonomic}
     bool UseCompressedOops                        = true                           {product lp64_product} {ergonomic}
     bool UseG1GC                                  = true                                      {product} {ergonomic}
     bool UseLargePagesIndividualAllocation        = false                                  {pd product} {ergonomic}

Logging:
Log output configuration:
 #0: stdout all=warning uptime,level,tags
 #1: stderr all=off uptime,level,tags

Environment Variables:
JAVA_HOME=C:\Program Files\Java\jdk-16.0.1
CLASSPATH=C:\Program Files\Java\jdk-16.0.1\lib
PATH=C:\Program Files\Common Files\Oracle\Java\javapath;C:\Program Files (x86)\Common Files\Oracle\Java\javapath;C:\Windows\system32;C:\Windows;C:\Windows\System32\Wbem;C:\Windows\System32\WindowsPowerShell\v1.0\;C:\Windows\System32\OpenSSH\;C:\Program Files\Git\cmd;C:\Users\user\AppData\Local\Microsoft\WindowsApps;C:\Users\user\AppData\Local\GitHubDesktop\bin
USERNAME=user
OS=Windows_NT
PROCESSOR_IDENTIFIER=Intel64 Family 6 Model 165 Stepping 3, GenuineIntel



---------------  S Y S T E M  ---------------

OS:
 Windows 10 , 64 bit Build 19041 (10.0.19041.1023)
OS uptime: 0 days 7:58 hours

CPU: total 8 (initial active 8) (4 cores per cpu, 2 threads per core) family 6 model 165 stepping 3 microcode 0xcc, cx8, cmov, fxsr, ht, mmx, 3dnowpref, sse, sse2, sse3, ssse3, sse4.1, sse4.2, popcnt, lzcnt, tsc, tscinvbit, avx, avx2, aes, erms, clmul, bmi1, bmi2, adx, fma, vzeroupper, clflush, clflushopt

Memory: 4k page, system-wide physical 8102M (1376M free)
TotalPageFile size 11968M (AvailPageFile size 1721M)
current process WorkingSet (physical memory assigned to process): 980M, peak: 1035M
current process commit charge ("private bytes"): 1382M, peak: 1470M

vm_info: Java HotSpot(TM) 64-Bit Server VM (16.0.1+9-24) for windows-amd64 JRE (16.0.1+9-24), built on Mar 26 2021 19:31:42 by "mach5one" with MS VC++ 16.7 (VS2019)

END.
