#
# A fatal error has been detected by the Java Runtime Environment:
#
#  EXCEPTION_ACCESS_VIOLATION (0xc0000005) at pc=0x00007ffeec3e44d2, pid=11804, tid=2684
#
# JRE version: Java(TM) SE Runtime Environment (16.0.1+9) (build 16.0.1+9-24)
# Java VM: Java HotSpot(TM) 64-Bit Server VM (16.0.1+9-24, mixed mode, sharing, tiered, compressed oops, compressed class ptrs, g1 gc, windows-amd64)
# Problematic frame:
# C  [MSCTF.dll+0x644d2]
#
# No core dump will be written. Minidumps are not enabled by default on client versions of Windows
#
# If you would like to submit a bug report, please visit:
#   https://bugreport.java.com/bugreport/crash.jsp
# The crash happened outside the Java Virtual Machine in native code.
# See problematic frame for where to report the bug.
#

---------------  S U M M A R Y ------------

Command Line: C:\Users\user\Downloads\Mindustry.jar

Host: Intel(R) Core(TM) i3-10105F CPU @ 3.70GHz, 8 cores, 7G,  Windows 10 , 64 bit Build 19041 (10.0.19041.1023)
Time: Thu Jul 15 16:28:39 2021  Windows 10 , 64 bit Build 19041 (10.0.19041.1023) elapsed time: 37.189477 seconds (0d 0h 0m 37s)

---------------  T H R E A D  ---------------

Current thread (0x000002b7c7215d10):  JavaThread "main" [_thread_in_native, id=2684, stack(0x000000de7e700000,0x000000de7e800000)]

Stack: [0x000000de7e700000,0x000000de7e800000],  sp=0x000000de7e7fec10,  free space=1019k
Native frames: (J=compiled Java code, j=interpreted, Vv=VM code, C=native code)
C  [MSCTF.dll+0x644d2]

Java frames: (J=compiled Java code, j=interpreted, Vv=VM code)
j  arc.backend.sdl.jni.SDL.SDL_Quit()V+0
j  arc.backend.sdl.SdlApplication.cleanup()V+20
j  arc.backend.sdl.SdlApplication.<init>(Larc/ApplicationListener;Larc/backend/sdl/SdlConfig;)V+154
j  mindustry.desktop.DesktopLauncher.main([Ljava/lang/String;)V+23
v  ~StubRoutines::call_stub

siginfo: EXCEPTION_ACCESS_VIOLATION (0xc0000005), reading address 0x00007ffec4bf4f40


Register to memory mapping:

RIP=0x00007ffeec3e44d2 MSCTF.dll
RAX=0x00007ffec4bf4f30 is an unknown value
RBX=0x000002b7e5d721b0 points into unknown readable memory: 0x00007ffeec458620 | 20 86 45 ec fe 7f 00 00
RCX=0x000002b7e63578d0 points into unknown readable memory: 0x00007ffec4bf4f30 | 30 4f bf c4 fe 7f 00 00
RDX=0x0 is NULL
RSP=0x000000de7e7fec10 is pointing into the stack for thread: 0x000002b7c7215d10
RBP=0x000000de7e7ff050 is pointing into the stack for thread: 0x000002b7c7215d10
RSI=0x0 is NULL
RDI=0x000002b7e6be11a0 points into unknown readable memory: 0x00007ffeec455e80 | 80 5e 45 ec fe 7f 00 00
R8 =0x0000000000000002 is an unknown value
R9 =0x0000000000000001 is an unknown value
R10=0x0 is NULL
R11=0x000000de7e7feb80 is pointing into the stack for thread: 0x000002b7c7215d10
R12=0x00000000000003ff is an unknown value
R13={method} {0x000002b7e58c47a0} 'SDL_Quit' '()V' in 'arc/backend/sdl/jni/SDL'
R14=0x0 is NULL
R15=0x0 is NULL


Registers:
RAX=0x00007ffec4bf4f30, RBX=0x000002b7e5d721b0, RCX=0x000002b7e63578d0, RDX=0x0000000000000000
RSP=0x000000de7e7fec10, RBP=0x000000de7e7ff050, RSI=0x0000000000000000, RDI=0x000002b7e6be11a0
R8 =0x0000000000000002, R9 =0x0000000000000001, R10=0x0000000000000000, R11=0x000000de7e7feb80
R12=0x00000000000003ff, R13=0x000002b7e58c4798, R14=0x0000000000000000, R15=0x0000000000000000
RIP=0x00007ffeec3e44d2, EFLAGS=0x0000000000210202

Top of Stack: (sp=0x000000de7e7fec10)
0x000000de7e7fec10:   000002b7e6362490 000002b7e5d721b0
0x000000de7e7fec20:   00000000ffffffff 00007ffeec394e8c
0x000000de7e7fec30:   000002b7e5d721b0 00007ffeec3e4712
0x000000de7e7fec40:   0000000000000000 000002b7e6be11a0
0x000000de7e7fec50:   0000000000000080 000002b700000000
0x000000de7e7fec60:   0000000000000000 00007ffeec3e6b27
0x000000de7e7fec70:   000002b7e6be11a0 000002b7e58c4798
0x000000de7e7fec80:   0000000000000000 000002b7e6be11a0
0x000000de7e7fec90:   000002b7e6be11a0 00007ffeec3cbe92
0x000000de7e7feca0:   000002b7e5d721b0 000000de7e7ff050
0x000000de7e7fecb0:   0000000000000001 000002b7e6be11a0
0x000000de7e7fecc0:   000002b7e6be11a0 00007ffeec3a1cd8
0x000000de7e7fecd0:   000002b7e5ed2550 000000de7e7ff050
0x000000de7e7fece0:   0000000000000001 0000000000000001
0x000000de7e7fecf0:   0000000000000101 0000000000000001
0x000000de7e7fed00:   0000000200000001 0000000100000000 

Instructions: (pc=0x00007ffeec3e44d2)
0x00007ffeec3e43d2:   01 49 8b f8 48 89 51 10 48 8b d9 48 85 d2 74 10
0x00007ffeec3e43e2:   48 8b 02 48 8b ca 48 8b 40 08 ff 15 1e 8c 07 00
0x00007ffeec3e43f2:   48 89 7b 18 48 85 ff 74 10 48 8b 07 48 8b cf 48
0x00007ffeec3e4402:   8b 40 08 ff 15 05 8c 07 00 48 8b c3 48 8b 5c 24
0x00007ffeec3e4412:   30 48 83 c4 20 5f c3 cc cc cc cc cc cc cc c7 41
0x00007ffeec3e4422:   10 01 00 00 00 48 8d 05 f2 41 07 00 48 89 01 33
0x00007ffeec3e4432:   d2 48 8d 05 ce 3f 07 00 48 89 41 08 48 8d 05 7b
0x00007ffeec3e4442:   10 07 00 48 89 51 38 48 89 51 40 48 89 41 60 48
0x00007ffeec3e4452:   8b c1 48 89 51 70 48 89 51 68 48 89 51 78 48 89
0x00007ffeec3e4462:   91 80 00 00 00 c3 cc cc cc cc cc cc cc cc e9 c3
0x00007ffeec3e4472:   16 fa ff cc cc cc cc cc cc cc e9 eb 1b fa ff cc
0x00007ffeec3e4482:   cc cc cc cc cc cc 40 53 48 83 ec 20 48 8d 05 8b
0x00007ffeec3e4492:   41 07 00 48 8b d9 48 89 01 48 8d 05 66 3f 07 00
0x00007ffeec3e44a2:   48 89 41 08 e8 5d 2f 00 00 48 8b 4b 48 48 85 c9
0x00007ffeec3e44b2:   74 12 48 8b 01 48 8b 40 10 ff 15 4f 8b 07 00 48
0x00007ffeec3e44c2:   83 63 48 00 48 8b 4b 18 48 85 c9 74 12 48 8b 01
0x00007ffeec3e44d2:   48 8b 40 10 ff 15 34 8b 07 00 48 83 63 18 00 48
0x00007ffeec3e44e2:   8b 8b 90 00 00 00 48 85 c9 74 0d e8 aa 6c 01 00
0x00007ffeec3e44f2:   48 83 a3 90 00 00 00 00 48 8b 8b 80 00 00 00 48
0x00007ffeec3e4502:   85 c9 74 0d 48 8b 01 48 8b 40 10 ff 15 fd 8a 07
0x00007ffeec3e4512:   00 48 8b 4b 78 48 85 c9 74 0d 48 8b 01 48 8b 40
0x00007ffeec3e4522:   10 ff 15 e7 8a 07 00 48 8b 4b 68 48 8d 05 8c 0f
0x00007ffeec3e4532:   07 00 48 89 43 60 48 85 c9 74 0c 48 ff 15 44 83
0x00007ffeec3e4542:   07 00 0f 1f 44 00 00 48 8b 4b 40 48 85 c9 74 0d
0x00007ffeec3e4552:   48 8b 01 48 8b 40 10 ff 15 b1 8a 07 00 48 8b 4b
0x00007ffeec3e4562:   38 48 85 c9 74 0d 48 8b 01 48 8b 40 10 ff 15 9b
0x00007ffeec3e4572:   8a 07 00 48 83 c4 20 5b c3 cc cc cc cc cc cc cc
0x00007ffeec3e4582:   cc cc 40 53 48 83 ec 20 48 8d 05 6f 3f 07 00 48
0x00007ffeec3e4592:   8b d9 48 89 01 48 8d 05 32 3f 07 00 48 89 41 08
0x00007ffeec3e45a2:   48 8d 05 df 3e 07 00 48 89 41 10 48 8d 05 ac 3e
0x00007ffeec3e45b2:   07 00 48 89 41 18 48 8d 05 49 3e 07 00 48 89 41
0x00007ffeec3e45c2:   20 48 83 c1 58 e8 90 07 00 00 48 8d 05 a5 13 07 


Stack slot to memory mapping:
stack at sp + 0 slots: 0x000002b7e6362490 points into unknown readable memory: 0x000002b7e63683a0 | a0 83 36 e6 b7 02 00 00
stack at sp + 1 slots: 0x000002b7e5d721b0 points into unknown readable memory: 0x00007ffeec458620 | 20 86 45 ec fe 7f 00 00
stack at sp + 2 slots: 0x00000000ffffffff points into unknown readable memory: 00
stack at sp + 3 slots: 0x00007ffeec394e8c MSCTF.dll
stack at sp + 4 slots: 0x000002b7e5d721b0 points into unknown readable memory: 0x00007ffeec458620 | 20 86 45 ec fe 7f 00 00
stack at sp + 5 slots: 0x00007ffeec3e4712 MSCTF.dll
stack at sp + 6 slots: 0x0 is NULL
stack at sp + 7 slots: 0x000002b7e6be11a0 points into unknown readable memory: 0x00007ffeec455e80 | 80 5e 45 ec fe 7f 00 00


---------------  P R O C E S S  ---------------

Threads class SMR info:
_java_thread_list=0x000002b79e15cef0, length=55, elements={
0x000002b7c7215d10, 0x000002b7e52204d0, 0x000002b7e5221cc0, 0x000002b7e5233be0,
0x000002b7e5235700, 0x000002b7e523a030, 0x000002b7e523a940, 0x000002b7e523b630,
0x000002b7e523bf80, 0x000002b7e52551d0, 0x000002b7e5cb2f70, 0x000002b7e5cb5bb0,
0x000002b7e5ee50d0, 0x000002b7eaf93030, 0x000002b7fc2a5190, 0x000002b7fc2ccf40,
0x000002b7fbc8c2f0, 0x000002b7f66eb060, 0x000002b7f66ec050, 0x000002b7f66ebb00,
0x000002b7f66e9080, 0x000002b7f66e95d0, 0x000002b7f66ea070, 0x000002b7f66ea5c0,
0x000002b7f66eab10, 0x000002b7eb677210, 0x000002b7eb678750, 0x000002b7eb675cd0,
0x000002b7eb679740, 0x000002b7eb676220, 0x000002b7eb674240, 0x000002b7eb676cc0,
0x000002b7eb678200, 0x000002b7eb673cf0, 0x000002b7eb671d10, 0x000002b7eb672260,
0x000002b7eb677760, 0x000002b7eb676770, 0x000002b7eb677cb0, 0x000002b7eb6727b0,
0x000002b7eb672d00, 0x000002b7eb6791f0, 0x000002b7eb673250, 0x000002b7eb678ca0,
0x000002b7eb6737a0, 0x000002b7eb674790, 0x000002b7eb674ce0, 0x000002b7eb675230,
0x000002b7eb675780, 0x000002b7f66e9b20, 0x000002b7fd8543e0, 0x000002b7fd84fed0,
0x000002b7fd8533f0, 0x000002b7fd852ea0, 0x000002b7fd853940
}

Java Threads: ( => current thread )
=>0x000002b7c7215d10 JavaThread "main" [_thread_in_native, id=2684, stack(0x000000de7e700000,0x000000de7e800000)]
  0x000002b7e52204d0 JavaThread "Reference Handler" daemon [_thread_blocked, id=952, stack(0x000000de7ee00000,0x000000de7ef00000)]
  0x000002b7e5221cc0 JavaThread "Finalizer" daemon [_thread_blocked, id=6856, stack(0x000000de7ef00000,0x000000de7f000000)]
  0x000002b7e5233be0 JavaThread "Signal Dispatcher" daemon [_thread_blocked, id=4716, stack(0x000000de7f000000,0x000000de7f100000)]
  0x000002b7e5235700 JavaThread "Attach Listener" daemon [_thread_blocked, id=11076, stack(0x000000de7f100000,0x000000de7f200000)]
  0x000002b7e523a030 JavaThread "Service Thread" daemon [_thread_blocked, id=6956, stack(0x000000de7f200000,0x000000de7f300000)]
  0x000002b7e523a940 JavaThread "Monitor Deflation Thread" daemon [_thread_blocked, id=11416, stack(0x000000de7f300000,0x000000de7f400000)]
  0x000002b7e523b630 JavaThread "C2 CompilerThread0" daemon [_thread_blocked, id=2372, stack(0x000000de7f400000,0x000000de7f500000)]
  0x000002b7e523bf80 JavaThread "C1 CompilerThread0" daemon [_thread_blocked, id=5172, stack(0x000000de7f500000,0x000000de7f600000)]
  0x000002b7e52551d0 JavaThread "Sweeper thread" daemon [_thread_blocked, id=12132, stack(0x000000de7f600000,0x000000de7f700000)]
  0x000002b7e5cb2f70 JavaThread "Notification Thread" daemon [_thread_blocked, id=11756, stack(0x000000de7f700000,0x000000de7f800000)]
  0x000002b7e5cb5bb0 JavaThread "Common-Cleaner" daemon [_thread_blocked, id=7612, stack(0x000000de7f900000,0x000000de7fa00000)]
  0x000002b7e5ee50d0 JavaThread "Thread-0" daemon [_thread_blocked, id=10944, stack(0x000000de7fa00000,0x000000de7fb00000)]
  0x000002b7eaf93030 JavaThread "AsyncExecutor-Thread" daemon [_thread_blocked, id=1132, stack(0x000000de00120000,0x000000de00220000)]
  0x000002b7fc2a5190 JavaThread "AsyncExecutor-Thread" daemon [_thread_blocked, id=5000, stack(0x000000de00d20000,0x000000de00e20000)]
  0x000002b7fc2ccf40 JavaThread "AsyncExecutor-Thread" daemon [_thread_blocked, id=12248, stack(0x000000de00e20000,0x000000de00f20000)]
  0x000002b7fbc8c2f0 JavaThread "AsyncExecutor-Thread" daemon [_thread_blocked, id=6132, stack(0x000000de00f20000,0x000000de01020000)]
  0x000002b7f66eb060 JavaThread "AsyncExecutor-Thread" daemon [_thread_blocked, id=3812, stack(0x000000de01020000,0x000000de01120000)]
  0x000002b7f66ec050 JavaThread "AsyncExecutor-Thread" daemon [_thread_blocked, id=11600, stack(0x000000de00c20000,0x000000de00d20000)]
  0x000002b7f66ebb00 JavaThread "AsyncExecutor-Thread" daemon [_thread_blocked, id=4076, stack(0x000000de01720000,0x000000de01820000)]
  0x000002b7f66e9080 JavaThread "AsyncExecutor-Thread" daemon [_thread_blocked, id=6924, stack(0x000000de00220000,0x000000de00320000)]
  0x000002b7f66e95d0 JavaThread "AsyncExecutor-Thread" daemon [_thread_blocked, id=7088, stack(0x000000de01520000,0x000000de01620000)]
  0x000002b7f66ea070 JavaThread "Thread-3" daemon [_thread_blocked, id=5852, stack(0x000000de01820000,0x000000de01920000)]
  0x000002b7f66ea5c0 JavaThread "Thread-4" daemon [_thread_blocked, id=11288, stack(0x000000de01a20000,0x000000de01b20000)]
  0x000002b7f66eab10 JavaThread "Thread-5" daemon [_thread_blocked, id=11872, stack(0x000000de01b20000,0x000000de01c20000)]
  0x000002b7eb677210 JavaThread "Thread-6" daemon [_thread_blocked, id=11704, stack(0x000000de01c20000,0x000000de01d20000)]
  0x000002b7eb678750 JavaThread "Thread-7" daemon [_thread_blocked, id=5532, stack(0x000000de01d20000,0x000000de01e20000)]
  0x000002b7eb675cd0 JavaThread "Thread-8" daemon [_thread_blocked, id=6388, stack(0x000000de01e20000,0x000000de01f20000)]
  0x000002b7eb679740 JavaThread "Thread-9" daemon [_thread_blocked, id=5032, stack(0x000000de01f20000,0x000000de02020000)]
  0x000002b7eb676220 JavaThread "Thread-10" daemon [_thread_blocked, id=11552, stack(0x000000de02020000,0x000000de02120000)]
  0x000002b7eb674240 JavaThread "Thread-11" daemon [_thread_blocked, id=9284, stack(0x000000de02120000,0x000000de02220000)]
  0x000002b7eb676cc0 JavaThread "Thread-12" daemon [_thread_blocked, id=5284, stack(0x000000de02220000,0x000000de02320000)]
  0x000002b7eb678200 JavaThread "Thread-13" daemon [_thread_blocked, id=3008, stack(0x000000de02320000,0x000000de02420000)]
  0x000002b7eb673cf0 JavaThread "Thread-14" daemon [_thread_blocked, id=7756, stack(0x000000de02420000,0x000000de02520000)]
  0x000002b7eb671d10 JavaThread "Thread-15" daemon [_thread_blocked, id=7980, stack(0x000000de02520000,0x000000de02620000)]
  0x000002b7eb672260 JavaThread "Thread-16" daemon [_thread_blocked, id=9588, stack(0x000000de02620000,0x000000de02720000)]
  0x000002b7eb677760 JavaThread "Thread-17" daemon [_thread_blocked, id=7600, stack(0x000000de02720000,0x000000de02820000)]
  0x000002b7eb676770 JavaThread "Thread-18" daemon [_thread_blocked, id=1104, stack(0x000000de02820000,0x000000de02920000)]
  0x000002b7eb677cb0 JavaThread "Thread-19" daemon [_thread_blocked, id=12120, stack(0x000000de02920000,0x000000de02a20000)]
  0x000002b7eb6727b0 JavaThread "Thread-20" daemon [_thread_blocked, id=11428, stack(0x000000de02a20000,0x000000de02b20000)]
  0x000002b7eb672d00 JavaThread "Thread-21" daemon [_thread_blocked, id=11776, stack(0x000000de02b20000,0x000000de02c20000)]
  0x000002b7eb6791f0 JavaThread "Thread-22" daemon [_thread_blocked, id=3920, stack(0x000000de02c20000,0x000000de02d20000)]
  0x000002b7eb673250 JavaThread "Thread-23" daemon [_thread_blocked, id=1736, stack(0x000000de02d20000,0x000000de02e20000)]
  0x000002b7eb678ca0 JavaThread "Thread-24" daemon [_thread_blocked, id=4104, stack(0x000000de02e20000,0x000000de02f20000)]
  0x000002b7eb6737a0 JavaThread "Thread-25" daemon [_thread_blocked, id=6604, stack(0x000000de02f20000,0x000000de03020000)]
  0x000002b7eb674790 JavaThread "Thread-26" daemon [_thread_blocked, id=9032, stack(0x000000de03020000,0x000000de03120000)]
  0x000002b7eb674ce0 JavaThread "Thread-27" daemon [_thread_blocked, id=11280, stack(0x000000de03120000,0x000000de03220000)]
  0x000002b7eb675230 JavaThread "Thread-28" daemon [_thread_blocked, id=6140, stack(0x000000de03220000,0x000000de03320000)]
  0x000002b7eb675780 JavaThread "Thread-29" daemon [_thread_blocked, id=6384, stack(0x000000de03320000,0x000000de03420000)]
  0x000002b7f66e9b20 JavaThread "AsyncExecutor-Thread" daemon [_thread_blocked, id=11956, stack(0x000000de01920000,0x000000de01a20000)]
  0x000002b7fd8543e0 JavaThread "AsyncLogic-Thread" daemon [_thread_blocked, id=2904, stack(0x000000de03720000,0x000000de03820000)]
  0x000002b7fd84fed0 JavaThread "AsyncExecutor-Thread" daemon [_thread_blocked, id=11876, stack(0x000000de03420000,0x000000de03520000)]
  0x000002b7fd8533f0 JavaThread "AsyncExecutor-Thread" daemon [_thread_blocked, id=7472, stack(0x000000de03620000,0x000000de03720000)]
  0x000002b7fd852ea0 JavaThread "AsyncExecutor-Thread" daemon [_thread_blocked, id=12128, stack(0x000000de03820000,0x000000de03920000)]
  0x000002b7fd853940 JavaThread "AsyncExecutor-Thread" daemon [_thread_blocked, id=7332, stack(0x000000de03520000,0x000000de03620000)]

Other Threads:
  0x000002b7e5219f40 VMThread "VM Thread" [stack: 0x000000de7ed00000,0x000000de7ee00000] [id=6052]
  0x000002b7e5cb58c0 WatcherThread [stack: 0x000000de7f800000,0x000000de7f900000] [id=1532]
  0x000002b7c7256dd0 GCTaskThread "GC Thread#0" [stack: 0x000000de7e800000,0x000000de7e900000] [id=9244]
  0x000002b7eb1bafb0 GCTaskThread "GC Thread#1" [stack: 0x000000de00420000,0x000000de00520000] [id=7884]
  0x000002b7eb0e3d30 GCTaskThread "GC Thread#2" [stack: 0x000000de00520000,0x000000de00620000] [id=11184]
  0x000002b7eb0a9860 GCTaskThread "GC Thread#3" [stack: 0x000000de00620000,0x000000de00720000] [id=9668]
  0x000002b7eb069030 GCTaskThread "GC Thread#4" [stack: 0x000000de00720000,0x000000de00820000] [id=11008]
  0x000002b7eb1860e0 GCTaskThread "GC Thread#5" [stack: 0x000000de00820000,0x000000de00920000] [id=4376]
  0x000002b7eb186700 GCTaskThread "GC Thread#6" [stack: 0x000000de00920000,0x000000de00a20000] [id=8860]
  0x000002b7eb185ac0 GCTaskThread "GC Thread#7" [stack: 0x000000de00a20000,0x000000de00b20000] [id=2792]
  0x000002b7c7269b80 ConcurrentGCThread "G1 Main Marker" [stack: 0x000000de7e900000,0x000000de7ea00000] [id=7380]
  0x000002b7c726c0b0 ConcurrentGCThread "G1 Conc#0" [stack: 0x000000de7ea00000,0x000000de7eb00000] [id=8736]
  0x000002b7eb185dd0 ConcurrentGCThread "G1 Conc#1" [stack: 0x000000de00b20000,0x000000de00c20000] [id=11396]
  0x000002b7c72f8eb0 ConcurrentGCThread "G1 Refine#0" [stack: 0x000000de7eb00000,0x000000de7ec00000] [id=5364]
  0x000002b7ebd05000 ConcurrentGCThread "G1 Refine#1" [stack: 0x000000de00320000,0x000000de00420000] [id=9632]
  0x000002b7f6709c50 ConcurrentGCThread "G1 Refine#2" [stack: 0x000000de01120000,0x000000de01220000] [id=11900]
  0x000002b7fb9f9fc0 ConcurrentGCThread "G1 Refine#3" [stack: 0x000000de01220000,0x000000de01320000] [id=3712]
  0x000002b7eb7c53c0 ConcurrentGCThread "G1 Refine#4" [stack: 0x000000de01320000,0x000000de01420000] [id=7416]
  0x000002b7c72f9840 ConcurrentGCThread "G1 Service" [stack: 0x000000de7ec00000,0x000000de7ed00000] [id=5848]

Threads with active compile tasks:

VM state: not at safepoint (normal execution)

VM Mutex/Monitor currently owned by a thread: None

Heap address: 0x0000000081600000, size: 2026 MB, Compressed Oops mode: 32-bit

CDS archive(s) mapped at: [0x0000000800000000-0x0000000800bb0000-0x0000000800bb0000), size 12255232, SharedBaseAddress: 0x0000000800000000, ArchiveRelocationMode: 0.
Compressed class space mapped at: 0x0000000800c00000-0x0000000840c00000, reserved size: 1073741824
Narrow klass base: 0x0000000800000000, Narrow klass shift: 3, Narrow klass range: 0x100000000

GC Precious Log:
 CPUs: 8 total, 8 available
 Memory: 8102M
 Large Page Support: Disabled
 NUMA Support: Disabled
 Compressed Oops: Enabled (32-bit)
 Heap Region Size: 1M
 Heap Min Capacity: 8M
 Heap Initial Capacity: 128M
 Heap Max Capacity: 2026M
 Pre-touch: Disabled
 Parallel Workers: 8
 Concurrent Workers: 2
 Concurrent Refinement Workers: 8
 Periodic GC: Disabled

Heap:
 garbage-first heap   total 126976K, used 66727K [0x0000000081600000, 0x0000000100000000)
  region size 1024K, 6 young (6144K), 1 survivors (1024K)
 Metaspace       used 38833K, committed 39360K, reserved 1089536K
  class space    used 5377K, committed 5632K, reserved 1048576K

Heap Regions: E=young(eden), S=young(survivor), O=old, HS=humongous(starts), HC=humongous(continues), CS=collection set, F=free, OA=open archive, CA=closed archive, TAMS=top-at-mark-start (previous, next)
|   0|0x0000000081600000, 0x0000000081700000, 0x0000000081700000|100%|HS|  |TAMS 0x0000000081700000, 0x0000000081600000| Complete 
|   1|0x0000000081700000, 0x0000000081800000, 0x0000000081800000|100%| O|  |TAMS 0x0000000081800000, 0x0000000081700000| Untracked 
|   2|0x0000000081800000, 0x0000000081900000, 0x0000000081900000|100%| O|  |TAMS 0x0000000081900000, 0x0000000081800000| Untracked 
|   3|0x0000000081900000, 0x0000000081a00000, 0x0000000081a00000|100%| O|  |TAMS 0x0000000081a00000, 0x0000000081900000| Complete 
|   4|0x0000000081a00000, 0x0000000081b00000, 0x0000000081b00000|100%| O|  |TAMS 0x0000000081b00000, 0x0000000081a00000| Untracked 
|   5|0x0000000081b00000, 0x0000000081c00000, 0x0000000081c00000|100%| O|  |TAMS 0x0000000081c00000, 0x0000000081b00000| Complete 
|   6|0x0000000081c00000, 0x0000000081d00000, 0x0000000081d00000|100%| O|  |TAMS 0x0000000081d00000, 0x0000000081c00000| Complete 
|   7|0x0000000081d00000, 0x0000000081e00000, 0x0000000081e00000|100%| O|  |TAMS 0x0000000081e00000, 0x0000000081d00000| Untracked 
|   8|0x0000000081e00000, 0x0000000081f00000, 0x0000000081f00000|100%| O|  |TAMS 0x0000000081f00000, 0x0000000081e00000| Untracked 
|   9|0x0000000081f00000, 0x0000000082000000, 0x0000000082000000|100%| O|  |TAMS 0x0000000082000000, 0x0000000081f00000| Untracked 
|  10|0x0000000082000000, 0x0000000082100000, 0x0000000082100000|100%| O|  |TAMS 0x0000000082100000, 0x0000000082000000| Untracked 
|  11|0x0000000082100000, 0x0000000082200000, 0x0000000082200000|100%| O|  |TAMS 0x0000000082200000, 0x0000000082100000| Untracked 
|  12|0x0000000082200000, 0x0000000082300000, 0x0000000082300000|100%| O|  |TAMS 0x0000000082300000, 0x0000000082200000| Complete 
|  13|0x0000000082300000, 0x0000000082400000, 0x0000000082400000|100%| O|  |TAMS 0x0000000082400000, 0x0000000082300000| Untracked 
|  14|0x0000000082400000, 0x0000000082500000, 0x0000000082500000|100%| O|  |TAMS 0x0000000082500000, 0x0000000082400000| Untracked 
|  15|0x0000000082500000, 0x0000000082600000, 0x0000000082600000|100%| O|  |TAMS 0x0000000082600000, 0x0000000082500000| Untracked 
|  16|0x0000000082600000, 0x0000000082700000, 0x0000000082700000|100%| O|  |TAMS 0x0000000082700000, 0x0000000082600000| Untracked 
|  17|0x0000000082700000, 0x0000000082800000, 0x0000000082800000|100%| O|  |TAMS 0x0000000082800000, 0x0000000082700000| Untracked 
|  18|0x0000000082800000, 0x0000000082900000, 0x0000000082900000|100%| O|  |TAMS 0x0000000082900000, 0x0000000082800000| Untracked 
|  19|0x0000000082900000, 0x0000000082a00000, 0x0000000082a00000|100%| O|  |TAMS 0x0000000082a00000, 0x0000000082900000| Untracked 
|  20|0x0000000082a00000, 0x0000000082b00000, 0x0000000082b00000|100%| O|  |TAMS 0x0000000082b00000, 0x0000000082a00000| Untracked 
|  21|0x0000000082b00000, 0x0000000082c00000, 0x0000000082c00000|100%| O|  |TAMS 0x0000000082c00000, 0x0000000082b00000| Untracked 
|  22|0x0000000082c00000, 0x0000000082d00000, 0x0000000082d00000|100%| O|  |TAMS 0x0000000082d00000, 0x0000000082c00000| Untracked 
|  23|0x0000000082d00000, 0x0000000082e00000, 0x0000000082e00000|100%| O|  |TAMS 0x0000000082e00000, 0x0000000082d00000| Untracked 
|  24|0x0000000082e00000, 0x0000000082f00000, 0x0000000082f00000|100%| O|  |TAMS 0x0000000082f00000, 0x0000000082e00000| Untracked 
|  25|0x0000000082f00000, 0x0000000083000000, 0x0000000083000000|100%| O|  |TAMS 0x0000000083000000, 0x0000000082f00000| Untracked 
|  26|0x0000000083000000, 0x0000000083100000, 0x0000000083100000|100%| O|  |TAMS 0x0000000083100000, 0x0000000083000000| Untracked 
|  27|0x0000000083100000, 0x0000000083200000, 0x0000000083200000|100%| O|  |TAMS 0x0000000083200000, 0x0000000083100000| Complete 
|  28|0x0000000083200000, 0x0000000083300000, 0x0000000083300000|100%| O|  |TAMS 0x0000000083300000, 0x0000000083200000| Untracked 
|  29|0x0000000083300000, 0x0000000083300000, 0x0000000083400000|  0%| F|  |TAMS 0x0000000083300000, 0x0000000083300000| Untracked 
|  30|0x0000000083400000, 0x0000000083400000, 0x0000000083500000|  0%| F|  |TAMS 0x0000000083400000, 0x0000000083400000| Untracked 
|  31|0x0000000083500000, 0x0000000083500000, 0x0000000083600000|  0%| F|  |TAMS 0x0000000083500000, 0x0000000083500000| Untracked 
|  32|0x0000000083600000, 0x0000000083600000, 0x0000000083700000|  0%| F|  |TAMS 0x0000000083600000, 0x0000000083600000| Untracked 
|  33|0x0000000083700000, 0x0000000083700000, 0x0000000083800000|  0%| F|  |TAMS 0x0000000083700000, 0x0000000083700000| Untracked 
|  34|0x0000000083800000, 0x0000000083800000, 0x0000000083900000|  0%| F|  |TAMS 0x0000000083800000, 0x0000000083800000| Untracked 
|  35|0x0000000083900000, 0x0000000083a00000, 0x0000000083a00000|100%| O|  |TAMS 0x0000000083a00000, 0x0000000083900000| Complete 
|  36|0x0000000083a00000, 0x0000000083a00000, 0x0000000083b00000|  0%| F|  |TAMS 0x0000000083a00000, 0x0000000083a00000| Untracked 
|  37|0x0000000083b00000, 0x0000000083b00000, 0x0000000083c00000|  0%| F|  |TAMS 0x0000000083b00000, 0x0000000083b00000| Untracked 
|  38|0x0000000083c00000, 0x0000000083c00000, 0x0000000083d00000|  0%| F|  |TAMS 0x0000000083c00000, 0x0000000083c00000| Untracked 
|  39|0x0000000083d00000, 0x0000000083d00000, 0x0000000083e00000|  0%| F|  |TAMS 0x0000000083d00000, 0x0000000083d00000| Untracked 
|  40|0x0000000083e00000, 0x0000000083f00000, 0x0000000083f00000|100%| O|  |TAMS 0x0000000083f00000, 0x0000000083e00000| Untracked 
|  41|0x0000000083f00000, 0x0000000083f00000, 0x0000000084000000|  0%| F|  |TAMS 0x0000000083f00000, 0x0000000083f00000| Untracked 
|  42|0x0000000084000000, 0x0000000084000000, 0x0000000084100000|  0%| F|  |TAMS 0x0000000084000000, 0x0000000084000000| Untracked 
|  43|0x0000000084100000, 0x0000000084200000, 0x0000000084200000|100%| O|  |TAMS 0x0000000084200000, 0x0000000084100000| Untracked 
|  44|0x0000000084200000, 0x0000000084300000, 0x0000000084300000|100%| O|  |TAMS 0x0000000084300000, 0x0000000084200000| Untracked 
|  45|0x0000000084300000, 0x0000000084400000, 0x0000000084400000|100%| O|  |TAMS 0x0000000084400000, 0x0000000084300000| Untracked 
|  46|0x0000000084400000, 0x0000000084500000, 0x0000000084500000|100%| O|  |TAMS 0x0000000084500000, 0x0000000084400000| Complete 
|  47|0x0000000084500000, 0x0000000084600000, 0x0000000084600000|100%| O|  |TAMS 0x0000000084600000, 0x0000000084500000| Complete 
|  48|0x0000000084600000, 0x0000000084700000, 0x0000000084700000|100%| O|  |TAMS 0x0000000084700000, 0x0000000084600000| Complete 
|  49|0x0000000084700000, 0x0000000084800000, 0x0000000084800000|100%| O|  |TAMS 0x0000000084800000, 0x0000000084700000| Complete 
|  50|0x0000000084800000, 0x0000000084900000, 0x0000000084900000|100%| O|  |TAMS 0x0000000084900000, 0x0000000084800000| Complete 
|  51|0x0000000084900000, 0x0000000084a00000, 0x0000000084a00000|100%| O|  |TAMS 0x0000000084a00000, 0x0000000084900000| Complete 
|  52|0x0000000084a00000, 0x0000000084b00000, 0x0000000084b00000|100%| O|  |TAMS 0x0000000084b00000, 0x0000000084a00000| Untracked 
|  53|0x0000000084b00000, 0x0000000084c00000, 0x0000000084c00000|100%| O|  |TAMS 0x0000000084c00000, 0x0000000084b00000| Untracked 
|  54|0x0000000084c00000, 0x0000000084d00000, 0x0000000084d00000|100%| O|  |TAMS 0x0000000084d00000, 0x0000000084c00000| Untracked 
|  55|0x0000000084d00000, 0x0000000084e00000, 0x0000000084e00000|100%| O|  |TAMS 0x0000000084e00000, 0x0000000084d00000| Complete 
|  56|0x0000000084e00000, 0x0000000084f00000, 0x0000000084f00000|100%| O|  |TAMS 0x0000000084f00000, 0x0000000084e00000| Complete 
|  57|0x0000000084f00000, 0x0000000084f00000, 0x0000000085000000|  0%| F|  |TAMS 0x0000000084f00000, 0x0000000084f00000| Untracked 
|  58|0x0000000085000000, 0x0000000085100000, 0x0000000085100000|100%| O|  |TAMS 0x0000000085100000, 0x0000000085000000| Untracked 
|  59|0x0000000085100000, 0x0000000085200000, 0x0000000085200000|100%| O|  |TAMS 0x0000000085200000, 0x0000000085100000| Untracked 
|  60|0x0000000085200000, 0x0000000085300000, 0x0000000085300000|100%| O|  |TAMS 0x0000000085300000, 0x0000000085200000| Untracked 
|  61|0x0000000085300000, 0x0000000085400000, 0x0000000085400000|100%| O|  |TAMS 0x0000000085400000, 0x0000000085300000| Untracked 
|  62|0x0000000085400000, 0x0000000085500000, 0x0000000085500000|100%| O|  |TAMS 0x0000000085500000, 0x0000000085400000| Complete 
|  63|0x0000000085500000, 0x0000000085600000, 0x0000000085600000|100%| O|  |TAMS 0x0000000085600000, 0x0000000085500000| Complete 
|  64|0x0000000085600000, 0x0000000085700000, 0x0000000085700000|100%| O|  |TAMS 0x0000000085700000, 0x0000000085600000| Complete 
|  65|0x0000000085700000, 0x0000000085800000, 0x0000000085800000|100%| O|  |TAMS 0x0000000085800000, 0x0000000085700000| Untracked 
|  66|0x0000000085800000, 0x0000000085900000, 0x0000000085900000|100%| O|  |TAMS 0x0000000085900000, 0x0000000085800000| Complete 
|  67|0x0000000085900000, 0x0000000085900000, 0x0000000085a00000|  0%| F|  |TAMS 0x0000000085900000, 0x0000000085900000| Untracked 
|  68|0x0000000085a00000, 0x0000000085a00000, 0x0000000085b00000|  0%| F|  |TAMS 0x0000000085a00000, 0x0000000085a00000| Untracked 
|  69|0x0000000085b00000, 0x0000000085b00000, 0x0000000085c00000|  0%| F|  |TAMS 0x0000000085b00000, 0x0000000085b00000| Untracked 
|  70|0x0000000085c00000, 0x0000000085c00000, 0x0000000085d00000|  0%| F|  |TAMS 0x0000000085c00000, 0x0000000085c00000| Untracked 
|  71|0x0000000085d00000, 0x0000000085d00000, 0x0000000085e00000|  0%| F|  |TAMS 0x0000000085d00000, 0x0000000085d00000| Untracked 
|  72|0x0000000085e00000, 0x0000000085e00000, 0x0000000085f00000|  0%| F|  |TAMS 0x0000000085e00000, 0x0000000085e00000| Untracked 
|  73|0x0000000085f00000, 0x0000000085f00000, 0x0000000086000000|  0%| F|  |TAMS 0x0000000085f00000, 0x0000000085f00000| Untracked 
|  74|0x0000000086000000, 0x0000000086000000, 0x0000000086100000|  0%| F|  |TAMS 0x0000000086000000, 0x0000000086000000| Untracked 
|  75|0x0000000086100000, 0x0000000086100000, 0x0000000086200000|  0%| F|  |TAMS 0x0000000086100000, 0x0000000086100000| Untracked 
|  76|0x0000000086200000, 0x0000000086200000, 0x0000000086300000|  0%| F|  |TAMS 0x0000000086200000, 0x0000000086200000| Untracked 
|  77|0x0000000086300000, 0x0000000086300000, 0x0000000086400000|  0%| F|  |TAMS 0x0000000086300000, 0x0000000086300000| Untracked 
|  78|0x0000000086400000, 0x0000000086400000, 0x0000000086500000|  0%| F|  |TAMS 0x0000000086400000, 0x0000000086400000| Untracked 
|  79|0x0000000086500000, 0x0000000086500000, 0x0000000086600000|  0%| F|  |TAMS 0x0000000086500000, 0x0000000086500000| Untracked 
|  80|0x0000000086600000, 0x0000000086600000, 0x0000000086700000|  0%| F|  |TAMS 0x0000000086600000, 0x0000000086600000| Untracked 
|  81|0x0000000086700000, 0x0000000086700000, 0x0000000086800000|  0%| F|  |TAMS 0x0000000086700000, 0x0000000086700000| Untracked 
|  82|0x0000000086800000, 0x0000000086800000, 0x0000000086900000|  0%| F|  |TAMS 0x0000000086800000, 0x0000000086800000| Untracked 
|  83|0x0000000086900000, 0x0000000086900000, 0x0000000086a00000|  0%| F|  |TAMS 0x0000000086900000, 0x0000000086900000| Untracked 
|  84|0x0000000086a00000, 0x0000000086a00000, 0x0000000086b00000|  0%| F|  |TAMS 0x0000000086a00000, 0x0000000086a00000| Untracked 
|  85|0x0000000086b00000, 0x0000000086b00000, 0x0000000086c00000|  0%| F|  |TAMS 0x0000000086b00000, 0x0000000086b00000| Untracked 
|  86|0x0000000086c00000, 0x0000000086c00000, 0x0000000086d00000|  0%| F|  |TAMS 0x0000000086c00000, 0x0000000086c00000| Untracked 
|  87|0x0000000086d00000, 0x0000000086d00000, 0x0000000086e00000|  0%| F|  |TAMS 0x0000000086d00000, 0x0000000086d00000| Untracked 
|  88|0x0000000086e00000, 0x0000000086e00000, 0x0000000086f00000|  0%| F|  |TAMS 0x0000000086e00000, 0x0000000086e00000| Untracked 
|  89|0x0000000086f00000, 0x0000000086f00000, 0x0000000087000000|  0%| F|  |TAMS 0x0000000086f00000, 0x0000000086f00000| Untracked 
|  90|0x0000000087000000, 0x0000000087000000, 0x0000000087100000|  0%| F|  |TAMS 0x0000000087000000, 0x0000000087000000| Untracked 
|  91|0x0000000087100000, 0x0000000087100000, 0x0000000087200000|  0%| F|  |TAMS 0x0000000087100000, 0x0000000087100000| Untracked 
|  92|0x0000000087200000, 0x0000000087200000, 0x0000000087300000|  0%| F|  |TAMS 0x0000000087200000, 0x0000000087200000| Untracked 
|  93|0x0000000087300000, 0x0000000087300000, 0x0000000087400000|  0%| F|  |TAMS 0x0000000087300000, 0x0000000087300000| Untracked 
|  94|0x0000000087400000, 0x0000000087400000, 0x0000000087500000|  0%| F|  |TAMS 0x0000000087400000, 0x0000000087400000| Untracked 
|  95|0x0000000087500000, 0x0000000087529eb0, 0x0000000087600000| 16%| S|CS|TAMS 0x0000000087500000, 0x0000000087500000| Complete 
|  96|0x0000000087600000, 0x0000000087600000, 0x0000000087700000|  0%| F|  |TAMS 0x0000000087600000, 0x0000000087600000| Untracked 
|  97|0x0000000087700000, 0x0000000087700000, 0x0000000087800000|  0%| F|  |TAMS 0x0000000087700000, 0x0000000087700000| Untracked 
|  98|0x0000000087800000, 0x0000000087800000, 0x0000000087900000|  0%| F|  |TAMS 0x0000000087800000, 0x0000000087800000| Untracked 
|  99|0x0000000087900000, 0x0000000087900000, 0x0000000087a00000|  0%| F|  |TAMS 0x0000000087900000, 0x0000000087900000| Untracked 
| 100|0x0000000087a00000, 0x0000000087a00000, 0x0000000087b00000|  0%| F|  |TAMS 0x0000000087a00000, 0x0000000087a00000| Untracked 
| 101|0x0000000087b00000, 0x0000000087b00000, 0x0000000087c00000|  0%| F|  |TAMS 0x0000000087b00000, 0x0000000087b00000| Untracked 
| 102|0x0000000087c00000, 0x0000000087c00000, 0x0000000087d00000|  0%| F|  |TAMS 0x0000000087c00000, 0x0000000087c00000| Untracked 
| 103|0x0000000087d00000, 0x0000000087d00000, 0x0000000087e00000|  0%| F|  |TAMS 0x0000000087d00000, 0x0000000087d00000| Untracked 
| 104|0x0000000087e00000, 0x0000000087e00000, 0x0000000087f00000|  0%| F|  |TAMS 0x0000000087e00000, 0x0000000087e00000| Untracked 
| 105|0x0000000087f00000, 0x0000000087f00000, 0x0000000088000000|  0%| F|  |TAMS 0x0000000087f00000, 0x0000000087f00000| Untracked 
| 106|0x0000000088000000, 0x0000000088000000, 0x0000000088100000|  0%| F|  |TAMS 0x0000000088000000, 0x0000000088000000| Untracked 
| 107|0x0000000088100000, 0x0000000088100000, 0x0000000088200000|  0%| F|  |TAMS 0x0000000088100000, 0x0000000088100000| Untracked 
| 108|0x0000000088200000, 0x0000000088200000, 0x0000000088300000|  0%| F|  |TAMS 0x0000000088200000, 0x0000000088200000| Untracked 
| 109|0x0000000088300000, 0x0000000088300000, 0x0000000088400000|  0%| F|  |TAMS 0x0000000088300000, 0x0000000088300000| Untracked 
| 110|0x0000000088400000, 0x0000000088400000, 0x0000000088500000|  0%| F|  |TAMS 0x0000000088400000, 0x0000000088400000| Untracked 
| 111|0x0000000088500000, 0x0000000088500000, 0x0000000088600000|  0%| F|  |TAMS 0x0000000088500000, 0x0000000088500000| Untracked 
| 112|0x0000000088600000, 0x00000000886f7660, 0x0000000088700000| 96%| E|  |TAMS 0x0000000088600000, 0x0000000088600000| Complete 
| 113|0x0000000088700000, 0x0000000088800000, 0x0000000088800000|100%| E|CS|TAMS 0x0000000088700000, 0x0000000088700000| Complete 
| 114|0x0000000088800000, 0x0000000088900000, 0x0000000088900000|100%| E|CS|TAMS 0x0000000088800000, 0x0000000088800000| Complete 
| 115|0x0000000088900000, 0x0000000088a00000, 0x0000000088a00000|100%| E|CS|TAMS 0x0000000088900000, 0x0000000088900000| Complete 
| 127|0x0000000089500000, 0x0000000089600000, 0x0000000089600000|100%| E|CS|TAMS 0x0000000089500000, 0x0000000089500000| Complete 
|2019|0x00000000ff900000, 0x00000000ffa00000, 0x00000000ffa00000|100%| O|  |TAMS 0x00000000ffa00000, 0x00000000ff900000| Complete 
|2020|0x00000000ffa00000, 0x00000000ffb00000, 0x00000000ffb00000|100%| O|  |TAMS 0x00000000ffb00000, 0x00000000ffa00000| Complete 
|2021|0x00000000ffb00000, 0x00000000ffc00000, 0x00000000ffc00000|100%| O|  |TAMS 0x00000000ffc00000, 0x00000000ffb00000| Untracked 
|2022|0x00000000ffc00000, 0x00000000ffd00000, 0x00000000ffd00000|100%| O|  |TAMS 0x00000000ffd00000, 0x00000000ffc00000| Untracked 
|2023|0x00000000ffd00000, 0x00000000ffe00000, 0x00000000ffe00000|100%| O|  |TAMS 0x00000000ffe00000, 0x00000000ffd00000| Untracked 
|2024|0x00000000ffe00000, 0x00000000fff00000, 0x00000000fff00000|100%| O|  |TAMS 0x00000000fff00000, 0x00000000ffe00000| Untracked 
|2025|0x00000000fff00000, 0x0000000100000000, 0x0000000100000000|100%| O|  |TAMS 0x0000000100000000, 0x00000000fff00000| Untracked 

Card table byte_map: [0x000002b7de0d0000,0x000002b7de4d0000] _byte_map_base: 0x000002b7ddcc5000

Marking Bits (Prev, Next): (CMBitMap*) 0x000002b7c7259430, (CMBitMap*) 0x000002b7c72593f0
 Prev Bits: [0x000002b7e0880000, 0x000002b7e2828000)
 Next Bits: [0x000002b7de8d0000, 0x000002b7e0878000)

Polling page: 0x000002b7c6a00000

Metaspace:

Usage:
  Non-class:     32.67 MB used.
      Class:      5.25 MB used.
       Both:     37.92 MB used.

Virtual space:
  Non-class space:       40.00 MB reserved,      32.94 MB ( 82%) committed,  5 nodes.
      Class space:        1.00 GB reserved,       5.50 MB ( <1%) committed,  1 nodes.
              Both:        1.04 GB reserved,      38.44 MB (  4%) committed. 

Chunk freelists:
   Non-Class:  2.17 MB
       Class:  2.40 MB
        Both:  4.57 MB

MaxMetaspaceSize: 17179869184.00 GB
CompressedClassSpaceSize: 1.00 GB
 - commit_granule_bytes: 65536.
 - commit_granule_words: 8192.
 - virtual_space_node_default_size: 1048576.
 - enlarge_chunks_in_place: 1.
 - new_chunks_are_fully_committed: 0.
 - uncommit_free_chunks: 1.
 - use_allocation_guard: 0.
 - handle_deallocations: 1.


Internal statistics:

num_allocs_failed_limit: 3.
num_arena_births: 622.
num_arena_deaths: 20.
num_vsnodes_births: 6.
num_vsnodes_deaths: 0.
num_space_committed: 615.
num_space_uncommitted: 0.
num_chunks_returned_to_freelist: 30.
num_chunks_taken_from_freelist: 1927.
num_chunk_merges: 12.
num_chunk_splits: 1247.
num_chunks_enlarged: 871.
num_purges: 2.

CodeHeap 'non-profiled nmethods': size=120000Kb used=5337Kb max_used=6070Kb free=114662Kb
 bounds [0x000002b7d6470000, 0x000002b7d6a60000, 0x000002b7dd9a0000]
CodeHeap 'profiled nmethods': size=120000Kb used=12392Kb max_used=13613Kb free=107607Kb
 bounds [0x000002b7cef40000, 0x000002b7cfc90000, 0x000002b7d6470000]
CodeHeap 'non-nmethods': size=5760Kb used=1510Kb max_used=1582Kb free=4249Kb
 bounds [0x000002b7ce9a0000, 0x000002b7cec10000, 0x000002b7cef40000]
 total_blobs=7362 nmethods=6474 adapters=797
 compilation: enabled
              stopped_count=0, restarted_count=0
 full_count=0

Compilation events (20 events):
Event: 36.833 Thread 0x000002b7e523bf80 9044       3       mindustry.gen.EntitySnapshotCallPacket::handled (31 bytes)
Event: 36.833 Thread 0x000002b7e523b630 9046       4       java.io.DataInputStream::readLong (128 bytes)
Event: 36.834 Thread 0x000002b7e523bf80 nmethod 9044 0x000002b7cf9a2690 code [0x000002b7cf9a28e0, 0x000002b7cf9a32d8]
Event: 36.834 Thread 0x000002b7e523bf80 9045       3       mindustry.gen.EntitySnapshotCallPacket::handleClient (12 bytes)
Event: 36.834 Thread 0x000002b7e523bf80 nmethod 9045 0x000002b7cf940f90 code [0x000002b7cf941140, 0x000002b7cf941288]
Event: 36.835 Thread 0x000002b7e523b630 nmethod 9046 0x000002b7d6718d90 code [0x000002b7d6718f20, 0x000002b7d67190f8]
Event: 36.847 Thread 0x000002b7e523bf80 9047       3       mindustry.world.blocks.distribution.MassDriver$MassDriverBuild::acceptItem (30 bytes)
Event: 36.847 Thread 0x000002b7e523bf80 nmethod 9047 0x000002b7cfac8010 code [0x000002b7cfac81c0, 0x000002b7cfac83e8]
Event: 36.863 Thread 0x000002b7e523b630 9048       4       jdk.internal.misc.Unsafe::putIntRelease (9 bytes)
Event: 36.863 Thread 0x000002b7e523b630 nmethod 9048 0x000002b7d67f3610 code [0x000002b7d67f3780, 0x000002b7d67f3818]
Event: 36.999 Thread 0x000002b7e523b630 9049       4       arc.graphics.g2d.SortedSpriteBatch::setShader (31 bytes)
Event: 37.000 Thread 0x000002b7e523b630 nmethod 9049 0x000002b7d67f3190 code [0x000002b7d67f3320, 0x000002b7d67f34d8]
Event: 37.015 Thread 0x000002b7e523bf80 9050       3       mindustry.content.Fx$$Lambda$2295/0x0000000801194418::get (16 bytes)
Event: 37.015 Thread 0x000002b7e523bf80 nmethod 9050 0x000002b7cfbc2110 code [0x000002b7cfbc22c0, 0x000002b7cfbc2508]
Event: 37.015 Thread 0x000002b7e523bf80 9051       3       mindustry.content.Fx::lambda$static$163 (37 bytes)
Event: 37.015 Thread 0x000002b7e523bf80 nmethod 9051 0x000002b7cf981d90 code [0x000002b7cf981fe0, 0x000002b7cf982808]
Event: 37.147 Thread 0x000002b7e523b630 9052  s    4       java.io.BufferedOutputStream::write (67 bytes)
Event: 37.149 Thread 0x000002b7e523b630 nmethod 9052 0x000002b7d67f2a90 code [0x000002b7d67f2c20, 0x000002b7d67f2fc8]
Event: 37.149 Thread 0x000002b7e523b630 9053  s    4       java.lang.StringBuffer::append (13 bytes)
Event: 37.154 Thread 0x000002b7e523b630 nmethod 9053 0x000002b7d6922910 code [0x000002b7d6922ac0, 0x000002b7d6923298]

GC Heap History (20 events):
Event: 14.995 GC heap before
{Heap before GC invocations=12 (full 0):
 garbage-first heap   total 97280K, used 65643K [0x0000000081600000, 0x0000000100000000)
  region size 1024K, 20 young (20480K), 2 survivors (2048K)
 Metaspace       used 36886K, committed 37312K, reserved 1081344K
  class space    used 5221K, committed 5440K, reserved 1048576K
}
Event: 15.006 GC heap after
{Heap after GC invocations=13 (full 0):
 garbage-first heap   total 97280K, used 56601K [0x0000000081600000, 0x0000000100000000)
  region size 1024K, 3 young (3072K), 3 survivors (3072K)
 Metaspace       used 36886K, committed 37312K, reserved 1081344K
  class space    used 5221K, committed 5440K, reserved 1048576K
}
Event: 16.318 GC heap before
{Heap before GC invocations=13 (full 0):
 garbage-first heap   total 97280K, used 68889K [0x0000000081600000, 0x0000000100000000)
  region size 1024K, 15 young (15360K), 3 survivors (3072K)
 Metaspace       used 37535K, committed 38016K, reserved 1081344K
  class space    used 5286K, committed 5504K, reserved 1048576K
}
Event: 16.327 GC heap after
{Heap after GC invocations=14 (full 0):
 garbage-first heap   total 97280K, used 59499K [0x0000000081600000, 0x0000000100000000)
  region size 1024K, 2 young (2048K), 2 survivors (2048K)
 Metaspace       used 37535K, committed 38016K, reserved 1081344K
  class space    used 5286K, committed 5504K, reserved 1048576K
}
Event: 17.739 GC heap before
{Heap before GC invocations=15 (full 0):
 garbage-first heap   total 102400K, used 71787K [0x0000000081600000, 0x0000000100000000)
  region size 1024K, 14 young (14336K), 2 survivors (2048K)
 Metaspace       used 37775K, committed 38208K, reserved 1081344K
  class space    used 5295K, committed 5504K, reserved 1048576K
}
Event: 17.744 GC heap after
{Heap after GC invocations=16 (full 0):
 garbage-first heap   total 102400K, used 61467K [0x0000000081600000, 0x0000000100000000)
  region size 1024K, 2 young (2048K), 2 survivors (2048K)
 Metaspace       used 37775K, committed 38208K, reserved 1081344K
  class space    used 5295K, committed 5504K, reserved 1048576K
}
Event: 18.076 GC heap before
{Heap before GC invocations=16 (full 0):
 garbage-first heap   total 102400K, used 64539K [0x0000000081600000, 0x0000000100000000)
  region size 1024K, 5 young (5120K), 2 survivors (2048K)
 Metaspace       used 37809K, committed 38272K, reserved 1089536K
  class space    used 5295K, committed 5504K, reserved 1048576K
}
Event: 18.084 GC heap after
{Heap after GC invocations=17 (full 0):
 garbage-first heap   total 102400K, used 56613K [0x0000000081600000, 0x0000000100000000)
  region size 1024K, 1 young (1024K), 1 survivors (1024K)
 Metaspace       used 37809K, committed 38272K, reserved 1089536K
  class space    used 5295K, committed 5504K, reserved 1048576K
}
Event: 20.042 GC heap before
{Heap before GC invocations=17 (full 0):
 garbage-first heap   total 102400K, used 75045K [0x0000000081600000, 0x0000000100000000)
  region size 1024K, 19 young (19456K), 1 survivors (1024K)
 Metaspace       used 38030K, committed 38528K, reserved 1089536K
  class space    used 5304K, committed 5568K, reserved 1048576K
}
Event: 20.045 GC heap after
{Heap after GC invocations=18 (full 0):
 garbage-first heap   total 102400K, used 57687K [0x0000000081600000, 0x0000000100000000)
  region size 1024K, 2 young (2048K), 2 survivors (2048K)
 Metaspace       used 38030K, committed 38528K, reserved 1089536K
  class space    used 5304K, committed 5568K, reserved 1048576K
}
Event: 22.921 GC heap before
{Heap before GC invocations=19 (full 0):
 garbage-first heap   total 102400K, used 77143K [0x0000000081600000, 0x0000000100000000)
  region size 1024K, 21 young (21504K), 2 survivors (2048K)
 Metaspace       used 38175K, committed 38656K, reserved 1089536K
  class space    used 5315K, committed 5568K, reserved 1048576K
}
Event: 22.926 GC heap after
{Heap after GC invocations=20 (full 0):
 garbage-first heap   total 102400K, used 58910K [0x0000000081600000, 0x0000000100000000)
  region size 1024K, 3 young (3072K), 3 survivors (3072K)
 Metaspace       used 38175K, committed 38656K, reserved 1089536K
  class space    used 5315K, committed 5568K, reserved 1048576K
}
Event: 27.129 GC heap before
{Heap before GC invocations=20 (full 0):
 garbage-first heap   total 102400K, used 79390K [0x0000000081600000, 0x0000000100000000)
  region size 1024K, 23 young (23552K), 3 survivors (3072K)
 Metaspace       used 38463K, committed 39040K, reserved 1089536K
  class space    used 5354K, committed 5632K, reserved 1048576K
}
Event: 27.139 GC heap after
{Heap after GC invocations=21 (full 0):
 garbage-first heap   total 102400K, used 69694K [0x0000000081600000, 0x0000000100000000)
  region size 1024K, 3 young (3072K), 3 survivors (3072K)
 Metaspace       used 38463K, committed 39040K, reserved 1089536K
  class space    used 5354K, committed 5632K, reserved 1048576K
}
Event: 27.626 GC heap before
{Heap before GC invocations=22 (full 0):
 garbage-first heap   total 126976K, used 75838K [0x0000000081600000, 0x0000000100000000)
  region size 1024K, 13 young (13312K), 3 survivors (3072K)
 Metaspace       used 38510K, committed 39104K, reserved 1089536K
  class space    used 5354K, committed 5632K, reserved 1048576K
}
Event: 27.635 GC heap after
{Heap after GC invocations=23 (full 0):
 garbage-first heap   total 126976K, used 73728K [0x0000000081600000, 0x0000000100000000)
  region size 1024K, 2 young (2048K), 2 survivors (2048K)
 Metaspace       used 38510K, committed 39104K, reserved 1089536K
  class space    used 5354K, committed 5632K, reserved 1048576K
}
Event: 29.011 GC heap before
{Heap before GC invocations=23 (full 0):
 garbage-first heap   total 126976K, used 77824K [0x0000000081600000, 0x0000000100000000)
  region size 1024K, 6 young (6144K), 2 survivors (2048K)
 Metaspace       used 38626K, committed 39168K, reserved 1089536K
  class space    used 5355K, committed 5632K, reserved 1048576K
}
Event: 29.022 GC heap after
{Heap after GC invocations=24 (full 0):
 garbage-first heap   total 126976K, used 62903K [0x0000000081600000, 0x0000000100000000)
  region size 1024K, 1 young (1024K), 1 survivors (1024K)
 Metaspace       used 38626K, committed 39168K, reserved 1089536K
  class space    used 5355K, committed 5632K, reserved 1048576K
}
Event: 35.576 GC heap before
{Heap before GC invocations=24 (full 0):
 garbage-first heap   total 126976K, used 83383K [0x0000000081600000, 0x0000000100000000)
  region size 1024K, 21 young (21504K), 1 survivors (1024K)
 Metaspace       used 38791K, committed 39296K, reserved 1089536K
  class space    used 5375K, committed 5632K, reserved 1048576K
}
Event: 35.583 GC heap after
{Heap after GC invocations=25 (full 0):
 garbage-first heap   total 126976K, used 62631K [0x0000000081600000, 0x0000000100000000)
  region size 1024K, 1 young (1024K), 1 survivors (1024K)
 Metaspace       used 38791K, committed 39296K, reserved 1089536K
  class space    used 5375K, committed 5632K, reserved 1048576K
}

Deoptimization events (20 events):
Event: 35.695 Thread 0x000002b7c7215d10 Uncommon trap: trap_request=0xffffff45 fr.pc=0x000002b7d6797d38 relative=0x0000000000000098
Event: 35.695 Thread 0x000002b7c7215d10 Uncommon trap: reason=unstable_if action=reinterpret pc=0x000002b7d6797d38 method=mindustry.async.PhysicsProcess.lambda$begin$0(Lmindustry/async/PhysicsProcess$PhysicRef;)Z @ 9 c2
Event: 35.695 Thread 0x000002b7c7215d10 DEOPT PACKING pc=0x000002b7d6797d38 sp=0x000000de7e7fea80
Event: 35.695 Thread 0x000002b7c7215d10 DEOPT UNPACKING pc=0x000002b7ce9ed72e sp=0x000000de7e7fe9a8 mode 2
Event: 36.516 Thread 0x000002b7c7215d10 Uncommon trap: trap_request=0xffffffde fr.pc=0x000002b7d6941a98 relative=0x00000000000006d8
Event: 36.516 Thread 0x000002b7c7215d10 Uncommon trap: reason=class_check action=maybe_recompile pc=0x000002b7d6941a98 method=mindustry.entities.EntityGroup.remove(Lmindustry/gen/Entityc;)V @ 58 c2
Event: 36.516 Thread 0x000002b7c7215d10 DEOPT PACKING pc=0x000002b7d6941a98 sp=0x000000de7e7febf0
Event: 36.516 Thread 0x000002b7c7215d10 DEOPT UNPACKING pc=0x000002b7ce9ed72e sp=0x000000de7e7febd0 mode 2
Event: 36.516 Thread 0x000002b7c7215d10 Uncommon trap: trap_request=0xffffffde fr.pc=0x000002b7d6941a98 relative=0x00000000000006d8
Event: 36.516 Thread 0x000002b7c7215d10 Uncommon trap: reason=class_check action=maybe_recompile pc=0x000002b7d6941a98 method=mindustry.entities.EntityGroup.remove(Lmindustry/gen/Entityc;)V @ 58 c2
Event: 36.516 Thread 0x000002b7c7215d10 DEOPT PACKING pc=0x000002b7d6941a98 sp=0x000000de7e7febf0
Event: 36.516 Thread 0x000002b7c7215d10 DEOPT UNPACKING pc=0x000002b7ce9ed72e sp=0x000000de7e7febd0 mode 2
Event: 36.681 Thread 0x000002b7c7215d10 Uncommon trap: trap_request=0xffffff45 fr.pc=0x000002b7d69ceb80 relative=0x0000000000003100
Event: 36.681 Thread 0x000002b7c7215d10 Uncommon trap: reason=unstable_if action=reinterpret pc=0x000002b7d69ceb80 method=mindustry.world.modules.ItemModule.update(Z)V @ 1 c2
Event: 36.681 Thread 0x000002b7c7215d10 DEOPT PACKING pc=0x000002b7d69ceb80 sp=0x000000de7e7feab0
Event: 36.681 Thread 0x000002b7c7215d10 DEOPT UNPACKING pc=0x000002b7ce9ed72e sp=0x000000de7e7fea60 mode 2
Event: 37.149 Thread 0x000002b7f66ec5a0 Uncommon trap: trap_request=0xffffff45 fr.pc=0x000002b7d680fc4c relative=0x000000000000076c
Event: 37.149 Thread 0x000002b7f66ec5a0 Uncommon trap: reason=unstable_if action=reinterpret pc=0x000002b7d680fc4c method=arc.struct.Seq.remove(Ljava/lang/Object;Z)Z @ 68 c2
Event: 37.149 Thread 0x000002b7f66ec5a0 DEOPT PACKING pc=0x000002b7d680fc4c sp=0x000000de0151f2c0
Event: 37.149 Thread 0x000002b7f66ec5a0 DEOPT UNPACKING pc=0x000002b7ce9ed72e sp=0x000000de0151f280 mode 2

Classes unloaded (10 events):
Event: 14.068 Thread 0x000002b7e5219f40 Unloading class 0x0000000800f73800 'java/lang/invoke/LambdaForm$MH+0x0000000800f73800'
Event: 14.068 Thread 0x000002b7e5219f40 Unloading class 0x0000000800f73400 'java/lang/invoke/LambdaForm$DMH+0x0000000800f73400'
Event: 14.068 Thread 0x000002b7e5219f40 Unloading class 0x0000000800f73c00 'java/lang/invoke/LambdaForm$DMH+0x0000000800f73c00'
Event: 14.068 Thread 0x000002b7e5219f40 Unloading class 0x0000000800f73000 'java/lang/invoke/LambdaForm$MH+0x0000000800f73000'
Event: 14.068 Thread 0x000002b7e5219f40 Unloading class 0x0000000800f72800 'java/lang/invoke/LambdaForm$DMH+0x0000000800f72800'
Event: 14.068 Thread 0x000002b7e5219f40 Unloading class 0x0000000800f71c00 'java/lang/invoke/LambdaForm$DMH+0x0000000800f71c00'
Event: 14.068 Thread 0x000002b7e5219f40 Unloading class 0x0000000800f71800 'java/lang/invoke/LambdaForm$DMH+0x0000000800f71800'
Event: 14.068 Thread 0x000002b7e5219f40 Unloading class 0x0000000800f71400 'java/lang/invoke/LambdaForm$DMH+0x0000000800f71400'
Event: 14.068 Thread 0x000002b7e5219f40 Unloading class 0x0000000800f6c800 'rhino/gen/main_js_3'
Event: 14.068 Thread 0x000002b7e5219f40 Unloading class 0x0000000800f6c000 'rhino/gen/initscript_js_2'

Classes redefined (0 events):
No events

Internal exceptions (20 events):
Event: 22.884 Thread 0x000002b7eb676cc0 Exception <a 'java/net/UnknownHostException'{0x0000000086020d30}> (0x0000000086020d30) 
thrown [t:\workspace\open\src\hotspot\share\prims\jni.cpp, line 579]
Event: 22.885 Thread 0x000002b7eb679740 Exception <a 'java/net/UnknownHostException'{0x0000000086034548}> (0x0000000086034548) 
thrown [t:\workspace\open\src\hotspot\share\prims\jni.cpp, line 579]
Event: 25.539 Thread 0x000002b7c7215d10 Implicit null exception at 0x000002b7d67d8605 to 0x000002b7d67d8a4c
Event: 25.545 Thread 0x000002b7c7215d10 Implicit null exception at 0x000002b7d650667a to 0x000002b7d6506c3c
Event: 25.548 Thread 0x000002b7c7215d10 Implicit null exception at 0x000002b7d691a681 to 0x000002b7d691ad28
Event: 25.552 Thread 0x000002b7c7215d10 Implicit null exception at 0x000002b7d6818d52 to 0x000002b7d681941c
Event: 25.811 Thread 0x000002b7c7215d10 Exception <a 'java/lang/NoSuchMethodError'{0x00000000862cb5b0}: 'java.lang.Object java.lang.invoke.DirectMethodHandle$Holder.newInvokeSpecial(java.lang.Object, java.lang.Object, java.lang.Object, java.lang.Object, float, float, float, float, float, float)'> (0x00000000862cb5b0) 
thrown [t:\workspace\open\src\hotspot\share\interpreter\linkResolver.cpp, line 790]
Event: 26.456 Thread 0x000002b7c7215d10 Exception <a 'java/lang/ClassCastException'{0x000000008601d548}: class mindustry.gen.NullUnit cannot be cast to class mindustry.gen.Payloadc (mindustry.gen.NullUnit and mindustry.gen.Payloadc are in unnamed module of loader 'app')> (0x000000008601d548) 
thrown [t:\workspace\open\src\hotspot\share\interpreter\interpreterRuntime.cpp, line 441]
Event: 27.123 Thread 0x000002b7c7215d10 Exception <a 'java/lang/ClassCastException'{0x00000000860aa9c8}: class mindustry.gen.UnitEntityLegacyGamma cannot be cast to class mindustry.gen.Payloadc (mindustry.gen.UnitEntityLegacyGamma and mindustry.gen.Payloadc are in unnamed module of loader 'app')> (0x00000000860aa9c8) 
thrown [t:\workspace\open\src\hotspot\share\interpreter\interpreterRuntime.cpp, line 441]
Event: 27.124 Thread 0x000002b7c7215d10 Exception <a 'java/lang/NoSuchMethodError'{0x00000000860cd218}: 'java.lang.Object java.lang.invoke.Invokers$Holder.linkToTargetMethod(java.lang.Object, java.lang.Object, int, int, java.lang.Object)'> (0x00000000860cd218) 
thrown [t:\workspace\open\src\hotspot\share\interpreter\linkResolver.cpp, line 790]
Event: 27.126 Thread 0x000002b7c7215d10 Exception <a 'java/lang/NoSuchMethodError'{0x00000000860ed088}: 'java.lang.Object java.lang.invoke.DirectMethodHandle$Holder.newInvokeSpecial(java.lang.Object, java.lang.Object, int, int)'> (0x00000000860ed088) 
thrown [t:\workspace\open\src\hotspot\share\interpreter\linkResolver.cpp, line 790]
Event: 27.126 Thread 0x000002b7c7215d10 Exception <a 'java/lang/NoSuchMethodError'{0x00000000860f0ea0}: 'java.lang.Object java.lang.invoke.DirectMethodHandle$Holder.invokeSpecial(java.lang.Object, java.lang.Object, java.lang.Object, int, int)'> (0x00000000860f0ea0) 
thrown [t:\workspace\open\src\hotspot\share\interpreter\linkResolver.cpp, line 790]
Event: 28.624 Thread 0x000002b7c7215d10 Implicit null exception at 0x000002b7d6a3729e to 0x000002b7d6a38068
Event: 28.624 Thread 0x000002b7c7215d10 Implicit null exception at 0x000002b7d6a3729e to 0x000002b7d6a38068
Event: 28.625 Thread 0x000002b7c7215d10 Implicit null exception at 0x000002b7d6a3729e to 0x000002b7d6a38068
Event: 28.625 Thread 0x000002b7c7215d10 Implicit null exception at 0x000002b7d6a3729e to 0x000002b7d6a38068
Event: 33.282 Thread 0x000002b7c7215d10 Exception <a 'java/lang/NoSuchMethodError'{0x0000000087de3cf8}: 'void java.lang.invoke.DirectMethodHandle$Holder.invokeSpecial(java.lang.Object, java.lang.Object, java.lang.Object, float)'> (0x0000000087de3cf8) 
thrown [t:\workspace\open\src\hotspot\share\interpreter\linkResolver.cpp, line 790]
Event: 33.297 Thread 0x000002b7c7215d10 Exception <a 'java/lang/NoSuchMethodError'{0x0000000087df66b8}: 'java.lang.Object java.lang.invoke.DirectMethodHandle$Holder.invokeSpecial(java.lang.Object, java.lang.Object, int, float)'> (0x0000000087df66b8) 
thrown [t:\workspace\open\src\hotspot\share\interpreter\linkResolver.cpp, line 790]
Event: 33.297 Thread 0x000002b7c7215d10 Exception <a 'java/lang/NoSuchMethodError'{0x0000000087dfa180}: 'java.lang.Object java.lang.invoke.Invokers$Holder.linkToTargetMethod(int, float, java.lang.Object)'> (0x0000000087dfa180) 
thrown [t:\workspace\open\src\hotspot\share\interpreter\linkResolver.cpp, line 790]
Event: 37.147 Thread 0x000002b7c7215d10 Exception <a 'java/lang/IncompatibleClassChangeError'{0x000000008868f428}: Found class java.lang.Object, but interface was expected> (0x000000008868f428) 
thrown [t:\workspace\open\src\hotspot\share\interpreter\linkResolver.cpp, line 857]

Events (20 events):
Event: 31.576 Thread 0x000002b7e52551d0 flushing nmethod 0x000002b7cfbd5410
Event: 31.576 Thread 0x000002b7e52551d0 flushing nmethod 0x000002b7cfbdb310
Event: 31.577 Thread 0x000002b7e52551d0 flushing nmethod 0x000002b7cfc7b890
Event: 32.571 Executing  VM operation: Cleanup
Event: 32.572 Executing  VM operation: Cleanup done
Event: 34.572 Executing  VM operation: Cleanup
Event: 34.572 Executing  VM operation: Cleanup done
Event: 35.572 Executing  VM operation: Cleanup
Event: 35.572 Executing  VM operation: Cleanup done
Event: 35.576 Executing  VM operation: G1CollectForAllocation
Event: 35.583 Executing  VM operation: G1CollectForAllocation done
Event: 35.617 Executing  VM operation: G1Concurrent
Event: 35.621 Executing  VM operation: G1Concurrent done
Event: 35.638 Executing  VM operation: G1Concurrent
Event: 35.638 Executing  VM operation: G1Concurrent done
Event: 37.148 Thread 0x000002b7fd853940 Thread added: 0x000002b7fd853940
Event: 37.149 loading class java/nio/channels/ClosedSelectorException
Event: 37.149 loading class java/nio/channels/ClosedSelectorException done
Event: 37.149 Thread 0x000002b7fd850ec0 Thread exited: 0x000002b7fd850ec0
Event: 37.149 Thread 0x000002b7f66ec5a0 Thread exited: 0x000002b7f66ec5a0


Dynamic libraries:
0x00007ff7cac60000 - 0x00007ff7cac70000 	C:\Program Files\Java\jdk-16.0.1\bin\java.exe
0x00007ffeec810000 - 0x00007ffeeca05000 	C:\Windows\SYSTEM32\ntdll.dll
0x00007ffeeba80000 - 0x00007ffeebb3d000 	C:\Windows\System32\KERNEL32.DLL
0x00007ffeea320000 - 0x00007ffeea5e9000 	C:\Windows\System32\KERNELBASE.dll
0x00007ffee9fe0000 - 0x00007ffeea0e0000 	C:\Windows\System32\ucrtbase.dll
0x00007ffed4f40000 - 0x00007ffed4f58000 	C:\Program Files\Java\jdk-16.0.1\bin\jli.dll
0x00007ffee5c40000 - 0x00007ffee5c59000 	C:\Program Files\Java\jdk-16.0.1\bin\VCRUNTIME140.dll
0x00007ffeec720000 - 0x00007ffeec7cc000 	C:\Windows\System32\ADVAPI32.dll
0x00007ffeeb000000 - 0x00007ffeeb09e000 	C:\Windows\System32\msvcrt.dll
0x00007ffeeaf00000 - 0x00007ffeeaf9b000 	C:\Windows\System32\sechost.dll
0x00007ffeeada0000 - 0x00007ffeeaeca000 	C:\Windows\System32\RPCRT4.dll
0x00007ffeeb1b0000 - 0x00007ffeeb350000 	C:\Windows\System32\USER32.dll
0x00007ffee1790000 - 0x00007ffee1a2a000 	C:\Windows\WinSxS\amd64_microsoft.windows.common-controls_6595b64144ccf1df_6.0.19041.1083_none_60bbe31371f34e71\COMCTL32.dll
0x00007ffeea2f0000 - 0x00007ffeea312000 	C:\Windows\System32\win32u.dll
0x00007ffeeaed0000 - 0x00007ffeeaefa000 	C:\Windows\System32\GDI32.dll
0x00007ffeea770000 - 0x00007ffeea87b000 	C:\Windows\System32\gdi32full.dll
0x00007ffeea620000 - 0x00007ffeea6bd000 	C:\Windows\System32\msvcp_win.dll
0x00007ffee1b60000 - 0x00007ffee1b6a000 	C:\Windows\SYSTEM32\VERSION.dll
0x00007ffeec4c0000 - 0x00007ffeec4f0000 	C:\Windows\System32\IMM32.DLL
0x00007ffee5c30000 - 0x00007ffee5c3c000 	C:\Program Files\Java\jdk-16.0.1\bin\vcruntime140_1.dll
0x00007ffeb9f10000 - 0x00007ffeb9fa1000 	C:\Program Files\Java\jdk-16.0.1\bin\msvcp140.dll
0x00007ffeb8150000 - 0x00007ffeb8cfb000 	C:\Program Files\Java\jdk-16.0.1\bin\server\jvm.dll
0x00007ffeebb40000 - 0x00007ffeebb48000 	C:\Windows\System32\PSAPI.DLL
0x00007ffee1b30000 - 0x00007ffee1b57000 	C:\Windows\SYSTEM32\WINMM.dll
0x00007ffee5ce0000 - 0x00007ffee5ce9000 	C:\Windows\SYSTEM32\WSOCK32.dll
0x00007ffeeb350000 - 0x00007ffeeb3bb000 	C:\Windows\System32\WS2_32.dll
0x00007ffee7ea0000 - 0x00007ffee7eb2000 	C:\Windows\SYSTEM32\kernel.appcore.dll
0x00007ffee4cd0000 - 0x00007ffee4cda000 	C:\Program Files\Java\jdk-16.0.1\bin\jimage.dll
0x00007ffed89d0000 - 0x00007ffed8bb4000 	C:\Windows\SYSTEM32\DBGHELP.DLL
0x00007ffed8c10000 - 0x00007ffed8c3c000 	C:\Windows\SYSTEM32\dbgcore.DLL
0x00007ffee9f50000 - 0x00007ffee9fd3000 	C:\Windows\System32\bcryptPrimitives.dll
0x00007ffed4ef0000 - 0x00007ffed4f15000 	C:\Program Files\Java\jdk-16.0.1\bin\java.dll
0x00007ffeebbb0000 - 0x00007ffeec2ef000 	C:\Windows\System32\SHELL32.dll
0x00007ffee80a0000 - 0x00007ffee8831000 	C:\Windows\SYSTEM32\windows.storage.dll
0x00007ffeeb5f0000 - 0x00007ffeeb945000 	C:\Windows\System32\combase.dll
0x00007ffee99c0000 - 0x00007ffee99ec000 	C:\Windows\SYSTEM32\Wldp.dll
0x00007ffeeb0a0000 - 0x00007ffeeb14e000 	C:\Windows\System32\SHCORE.dll
0x00007ffeec6b0000 - 0x00007ffeec705000 	C:\Windows\System32\shlwapi.dll
0x00007ffee9e90000 - 0x00007ffee9eaf000 	C:\Windows\SYSTEM32\profapi.dll
0x00007ffed27b0000 - 0x00007ffed27c9000 	C:\Program Files\Java\jdk-16.0.1\bin\net.dll
0x00007ffee2670000 - 0x00007ffee277a000 	C:\Windows\SYSTEM32\WINHTTP.dll
0x00007ffee9720000 - 0x00007ffee978a000 	C:\Windows\system32\mswsock.dll
0x00007ffed2790000 - 0x00007ffed27a3000 	C:\Program Files\Java\jdk-16.0.1\bin\nio.dll
0x00007ffed2770000 - 0x00007ffed2788000 	C:\Program Files\Java\jdk-16.0.1\bin\zip.dll
0x00007ffee9900000 - 0x00007ffee9918000 	C:\Windows\SYSTEM32\CRYPTSP.dll
0x00007ffee8ff0000 - 0x00007ffee9024000 	C:\Windows\system32\rsaenh.dll
0x00007ffeea5f0000 - 0x00007ffeea617000 	C:\Windows\System32\bcrypt.dll
0x00007ffee9e10000 - 0x00007ffee9e3e000 	C:\Windows\SYSTEM32\USERENV.dll
0x00007ffee9920000 - 0x00007ffee992c000 	C:\Windows\SYSTEM32\CRYPTBASE.dll
0x00007ffee93c0000 - 0x00007ffee93fb000 	C:\Windows\SYSTEM32\IPHLPAPI.DLL
0x00007ffeec4f0000 - 0x00007ffeec4f8000 	C:\Windows\System32\NSI.dll
0x00007ffee4000000 - 0x00007ffee4017000 	C:\Windows\SYSTEM32\dhcpcsvc6.DLL
0x00007ffee3fe0000 - 0x00007ffee3ffd000 	C:\Windows\SYSTEM32\dhcpcsvc.DLL
0x00007ffee9410000 - 0x00007ffee94dc000 	C:\Windows\SYSTEM32\DNSAPI.dll
0x00000000510f0000 - 0x00000000511b8000 	C:\Users\user\AppData\Local\Temp\arc\5f24d8af\arc64.dll
0x0000000050f10000 - 0x00000000510ea000 	C:\Users\user\AppData\Local\Temp\arc\87dfef74\sdl-arc64.dll
0x00007ffeeb950000 - 0x00007ffeeba7a000 	C:\Windows\System32\ole32.dll
0x00007ffeec5e0000 - 0x00007ffeec6ad000 	C:\Windows\System32\OLEAUT32.dll
0x00007ffeea930000 - 0x00007ffeead99000 	C:\Windows\System32\SETUPAPI.dll
0x00007ffecaff0000 - 0x00007ffecb115000 	C:\Windows\SYSTEM32\OPENGL32.dll
0x00007ffeea140000 - 0x00007ffeea18e000 	C:\Windows\System32\cfgmgr32.dll
0x00007ffed8ed0000 - 0x00007ffed8efc000 	C:\Windows\SYSTEM32\GLU32.dll
0x00007ffee79e0000 - 0x00007ffee7a7e000 	C:\Windows\system32\uxtheme.dll
0x00007ffeec380000 - 0x00007ffeec495000 	C:\Windows\System32\MSCTF.dll
0x00007ffeea880000 - 0x00007ffeea929000 	C:\Windows\System32\clbcatq.dll
0x0000000075c50000 - 0x0000000077a97000 	C:\Windows\SYSTEM32\nvoglv64.DLL
0x00007ffee5b50000 - 0x00007ffee5b64000 	C:\Windows\SYSTEM32\WTSAPI32.dll
0x00007ffee8c80000 - 0x00007ffee8cb3000 	C:\Windows\SYSTEM32\ntmarta.dll
0x00007ffee94e0000 - 0x00007ffee952b000 	C:\Windows\SYSTEM32\powrprof.dll
0x00007ffee93a0000 - 0x00007ffee93b2000 	C:\Windows\SYSTEM32\UMPDC.dll
0x00007ffee9030000 - 0x00007ffee908a000 	C:\Windows\SYSTEM32\WINSTA.dll
0x00007ffee7cc0000 - 0x00007ffee7cef000 	C:\Windows\system32\dwmapi.dll
0x00007ffee5850000 - 0x00007ffee5946000 	C:\Windows\SYSTEM32\PROPSYS.dll
0x00007ffedd870000 - 0x00007ffedd969000 	C:\Windows\SYSTEM32\textinputframework.dll
0x00007ffee7190000 - 0x00007ffee74ee000 	C:\Windows\System32\CoreUIComponents.dll
0x00007ffee74f0000 - 0x00007ffee75e2000 	C:\Windows\System32\CoreMessaging.dll
0x00007ffee5e30000 - 0x00007ffee5f84000 	C:\Windows\SYSTEM32\wintypes.dll
0x00007ffed5680000 - 0x00007ffed56c1000 	C:\Windows\System32\IME\IMEKR\imkrapi.dll
0x00007ffee4560000 - 0x00007ffee4600000 	C:\Windows\SYSTEM32\policymanager.dll
0x00007ffee90e0000 - 0x00007ffee916a000 	C:\Windows\SYSTEM32\msvcp110_win.dll
0x00007ffed5950000 - 0x00007ffed598e000 	C:\Windows\System32\IME\shared\imjkapi.dll
0x00007ffee8880000 - 0x00007ffee8974000 	C:\Windows\SYSTEM32\dxgi.dll
0x00007ffee5f90000 - 0x00007ffee61f4000 	C:\Windows\SYSTEM32\d3d11.dll
0x00007ffedf940000 - 0x00007ffedf97b000 	C:\Windows\SYSTEM32\dxcore.dll
0x00007ffee4090000 - 0x00007ffee4115000 	C:\Windows\System32\MMDevApi.dll
0x00007ffee9d00000 - 0x00007ffee9d2c000 	C:\Windows\System32\DEVOBJ.dll
0x00007ffee41c0000 - 0x00007ffee4341000 	C:\Windows\SYSTEM32\AUDIOSES.DLL
0x00007ffee7ac0000 - 0x00007ffee7ad4000 	C:\Windows\SYSTEM32\resourcepolicyclient.dll
0x0000000066f40000 - 0x0000000066fc3000 	C:\Users\user\AppData\Local\Temp\liblz4-java-766812693209758667.so
0x00007ffed9f10000 - 0x00007ffed9f1e000 	C:\Program Files\Java\jdk-16.0.1\bin\sunmscapi.dll
0x00007ffeea190000 - 0x00007ffeea2ef000 	C:\Windows\System32\CRYPT32.dll
0x00007ffee9a30000 - 0x00007ffee9a57000 	C:\Windows\SYSTEM32\ncrypt.dll
0x00007ffee99f0000 - 0x00007ffee9a2b000 	C:\Windows\SYSTEM32\NTASN1.dll
0x00007ffed8e80000 - 0x00007ffed8e87000 	C:\Windows\system32\wshunix.dll
0x00007ffee1f00000 - 0x00007ffee1fae000 	C:\Windows\SYSTEM32\mscms.dll
0x00007ffee1b70000 - 0x00007ffee1b81000 	C:\Windows\SYSTEM32\ColorAdapterClient.dll
0x00007ffecaf00000 - 0x00007ffecaf43000 	C:\Windows\SYSTEM32\icm32.dll
0x0000000050ea0000 - 0x0000000050f07000 	C:\Users\user\AppData\Local\Temp\arc\955ce679\arc-freetype64.dll
0x00007ffee1b20000 - 0x00007ffee1b2a000 	C:\Windows\System32\rasadhlp.dll
0x00007ffee14b0000 - 0x00007ffee152f000 	C:\Windows\System32\fwpuclnt.dll

dbghelp: loaded successfully - version: 4.0.5 - missing functions: none
symbol engine: initialized successfully - sym options: 0x614 - pdb path: .;C:\Program Files\Java\jdk-16.0.1\bin;C:\Windows\SYSTEM32;C:\Windows\WinSxS\amd64_microsoft.windows.common-controls_6595b64144ccf1df_6.0.19041.1083_none_60bbe31371f34e71;C:\Program Files\Java\jdk-16.0.1\bin\server;C:\Users\user\AppData\Local\Temp\arc\5f24d8af;C:\Users\user\AppData\Local\Temp\arc\87dfef74;C:\Windows\System32\IME\IMEKR;C:\Windows\System32\IME\shared;C:\Users\user\AppData\Local\Temp;C:\Users\user\AppData\Local\Temp\arc\955ce679

VM Arguments:
java_command: C:\Users\user\Downloads\Mindustry.jar
java_class_path (initial): C:\Users\user\Downloads\Mindustry.jar
Launcher Type: SUN_STANDARD

[Global flags]
     intx CICompilerCount                          = 4                                         {product} {ergonomic}
     uint ConcGCThreads                            = 2                                         {product} {ergonomic}
     uint G1ConcRefinementThreads                  = 8                                         {product} {ergonomic}
   size_t G1HeapRegionSize                         = 1048576                                   {product} {ergonomic}
    uintx GCDrainStackTargetSize                   = 64                                        {product} {ergonomic}
   size_t InitialHeapSize                          = 134217728                                 {product} {ergonomic}
   size_t MarkStackSize                            = 4194304                                   {product} {ergonomic}
   size_t MaxHeapSize                              = 2124414976                                {product} {ergonomic}
   size_t MaxNewSize                               = 1274019840                                {product} {ergonomic}
   size_t MinHeapDeltaBytes                        = 1048576                                   {product} {ergonomic}
   size_t MinHeapSize                              = 8388608                                   {product} {ergonomic}
    uintx NonNMethodCodeHeapSize                   = 5839372                                {pd product} {ergonomic}
    uintx NonProfiledCodeHeapSize                  = 122909434                              {pd product} {ergonomic}
    uintx ProfiledCodeHeapSize                     = 122909434                              {pd product} {ergonomic}
    uintx ReservedCodeCacheSize                    = 251658240                              {pd product} {ergonomic}
     bool SegmentedCodeCache                       = true                                      {product} {ergonomic}
   size_t SoftMaxHeapSize                          = 2124414976                             {manageable} {ergonomic}
     bool UseCompressedClassPointers               = true                           {product lp64_product} {ergonomic}
     bool UseCompressedOops                        = true                           {product lp64_product} {ergonomic}
     bool UseG1GC                                  = true                                      {product} {ergonomic}
     bool UseLargePagesIndividualAllocation        = false                                  {pd product} {ergonomic}

Logging:
Log output configuration:
 #0: stdout all=warning uptime,level,tags
 #1: stderr all=off uptime,level,tags

Environment Variables:
JAVA_HOME=C:\Program Files\Java\jdk-16.0.1
CLASSPATH=C:\Program Files\Java\jdk-16.0.1\lib
PATH=C:\Program Files\Common Files\Oracle\Java\javapath;C:\Program Files (x86)\Common Files\Oracle\Java\javapath;C:\Windows\system32;C:\Windows;C:\Windows\System32\Wbem;C:\Windows\System32\WindowsPowerShell\v1.0\;C:\Windows\System32\OpenSSH\;C:\Program Files\Git\cmd;C:\Users\user\AppData\Local\Microsoft\WindowsApps;C:\Users\user\AppData\Local\GitHubDesktop\bin
USERNAME=user
OS=Windows_NT
PROCESSOR_IDENTIFIER=Intel64 Family 6 Model 165 Stepping 3, GenuineIntel



---------------  S Y S T E M  ---------------

OS:
 Windows 10 , 64 bit Build 19041 (10.0.19041.1023)
OS uptime: 0 days 7:47 hours

CPU: total 8 (initial active 8) (4 cores per cpu, 2 threads per core) family 6 model 165 stepping 3 microcode 0xcc, cx8, cmov, fxsr, ht, mmx, 3dnowpref, sse, sse2, sse3, ssse3, sse4.1, sse4.2, popcnt, lzcnt, tsc, tscinvbit, avx, avx2, aes, erms, clmul, bmi1, bmi2, adx, fma, vzeroupper, clflush, clflushopt

Memory: 4k page, system-wide physical 8102M (1744M free)
TotalPageFile size 10829M (AvailPageFile size 1209M)
current process WorkingSet (physical memory assigned to process): 554M, peak: 624M
current process commit charge ("private bytes"): 867M, peak: 962M

vm_info: Java HotSpot(TM) 64-Bit Server VM (16.0.1+9-24) for windows-amd64 JRE (16.0.1+9-24), built on Mar 26 2021 19:31:42 by "mach5one" with MS VC++ 16.7 (VS2019)

END.
