#
# A fatal error has been detected by the Java Runtime Environment:
#
#  EXCEPTION_ACCESS_VIOLATION (0xc0000005) at pc=0x00007ffd144b44d2, pid=12104, tid=3400
#
# JRE version: Java(TM) SE Runtime Environment (16.0.1+9) (build 16.0.1+9-24)
# Java VM: Java HotSpot(TM) 64-Bit Server VM (16.0.1+9-24, mixed mode, sharing, tiered, compressed oops, compressed class ptrs, g1 gc, windows-amd64)
# Problematic frame:
# C  [MSCTF.dll+0x644d2]
#
# No core dump will be written. Minidumps are not enabled by default on client versions of Windows
#
# If you would like to submit a bug report, please visit:
#   https://bugreport.java.com/bugreport/crash.jsp
# The crash happened outside the Java Virtual Machine in native code.
# See problematic frame for where to report the bug.
#

---------------  S U M M A R Y ------------

Command Line: C:\Users\user\Downloads\Mindustry.jar

Host: Intel(R) Core(TM) i3-10105F CPU @ 3.70GHz, 8 cores, 7G,  Windows 10 , 64 bit Build 19041 (10.0.19041.1023)
Time: Wed Jul 14 15:08:29 2021  Windows 10 , 64 bit Build 19041 (10.0.19041.1023) elapsed time: 434.837012 seconds (0d 0h 7m 14s)

---------------  T H R E A D  ---------------

Current thread (0x000001f48239f690):  JavaThread "main" [_thread_in_native, id=3400, stack(0x000000663ba00000,0x000000663bb00000)]

Stack: [0x000000663ba00000,0x000000663bb00000],  sp=0x000000663baff1c0,  free space=1020k
Native frames: (J=compiled Java code, j=interpreted, Vv=VM code, C=native code)
C  [MSCTF.dll+0x644d2]

Java frames: (J=compiled Java code, j=interpreted, Vv=VM code)
j  arc.backend.sdl.jni.SDL.SDL_Quit()V+0
j  arc.backend.sdl.SdlApplication.cleanup()V+20
j  arc.backend.sdl.SdlApplication.<init>(Larc/ApplicationListener;Larc/backend/sdl/SdlConfig;)V+154
j  mindustry.desktop.DesktopLauncher.main([Ljava/lang/String;)V+23
v  ~StubRoutines::call_stub

siginfo: EXCEPTION_ACCESS_VIOLATION (0xc0000005), reading address 0x00007ffceca74f40


Register to memory mapping:

RIP=0x00007ffd144b44d2 MSCTF.dll
RAX=0x00007ffceca74f30 is an unknown value
RBX=0x000001f4a1d554e0 points into unknown readable memory: 0x00007ffd14528620 | 20 86 52 14 fd 7f 00 00
RCX=0x000001f4a14178d0 points into unknown readable memory: 0x00007ffceca74f30 | 30 4f a7 ec fc 7f 00 00
RDX=0x0 is NULL
RSP=0x000000663baff1c0 is pointing into the stack for thread: 0x000001f48239f690
RBP=0x000000663baff600 is pointing into the stack for thread: 0x000001f48239f690
RSI=0x0 is NULL
RDI=0x000001f4a13fb970 points into unknown readable memory: 0x00007ffd14525e80 | 80 5e 52 14 fd 7f 00 00
R8 =0x0000000000000002 is an unknown value
R9 =0x0000000000000001 is an unknown value
R10=0x0 is NULL
R11=0x000000663baff130 is pointing into the stack for thread: 0x000001f48239f690
R12=0x00000000000003ff is an unknown value
R13={method} {0x000001f4a0cc47a0} 'SDL_Quit' '()V' in 'arc/backend/sdl/jni/SDL'
R14=0x0 is NULL
R15=0x0 is NULL


Registers:
RAX=0x00007ffceca74f30, RBX=0x000001f4a1d554e0, RCX=0x000001f4a14178d0, RDX=0x0000000000000000
RSP=0x000000663baff1c0, RBP=0x000000663baff600, RSI=0x0000000000000000, RDI=0x000001f4a13fb970
R8 =0x0000000000000002, R9 =0x0000000000000001, R10=0x0000000000000000, R11=0x000000663baff130
R12=0x00000000000003ff, R13=0x000001f4a0cc4798, R14=0x0000000000000000, R15=0x0000000000000000
RIP=0x00007ffd144b44d2, EFLAGS=0x0000000000210202

Top of Stack: (sp=0x000000663baff1c0)
0x000000663baff1c0:   000001f4a1422410 000001f4a1d554e0
0x000000663baff1d0:   00000000ffffffff 00007ffd14464e8c
0x000000663baff1e0:   000001f4a1d554e0 00007ffd144b4712
0x000000663baff1f0:   0000000000000000 000001f4a13fb970
0x000000663baff200:   0000000000000080 000001f400000000
0x000000663baff210:   0000000000000000 00007ffd144b6b27
0x000000663baff220:   000001f4a13fb970 000001f4a0cc4798
0x000000663baff230:   0000000000000000 000001f4a13fb970
0x000000663baff240:   000001f4a13fb970 00007ffd1449be92
0x000000663baff250:   000001f4a1d554e0 000000663baff600
0x000000663baff260:   0000000000000001 000001f4a13fb970
0x000000663baff270:   000001f4a13fb970 00007ffd14471cd8
0x000000663baff280:   000001f4a12de050 000000663baff600
0x000000663baff290:   0000000000000001 0000000000000001
0x000000663baff2a0:   0000000000000101 0000000000000001
0x000000663baff2b0:   0000000200000001 0000000100000000 

Instructions: (pc=0x00007ffd144b44d2)
0x00007ffd144b43d2:   01 49 8b f8 48 89 51 10 48 8b d9 48 85 d2 74 10
0x00007ffd144b43e2:   48 8b 02 48 8b ca 48 8b 40 08 ff 15 1e 8c 07 00
0x00007ffd144b43f2:   48 89 7b 18 48 85 ff 74 10 48 8b 07 48 8b cf 48
0x00007ffd144b4402:   8b 40 08 ff 15 05 8c 07 00 48 8b c3 48 8b 5c 24
0x00007ffd144b4412:   30 48 83 c4 20 5f c3 cc cc cc cc cc cc cc c7 41
0x00007ffd144b4422:   10 01 00 00 00 48 8d 05 f2 41 07 00 48 89 01 33
0x00007ffd144b4432:   d2 48 8d 05 ce 3f 07 00 48 89 41 08 48 8d 05 7b
0x00007ffd144b4442:   10 07 00 48 89 51 38 48 89 51 40 48 89 41 60 48
0x00007ffd144b4452:   8b c1 48 89 51 70 48 89 51 68 48 89 51 78 48 89
0x00007ffd144b4462:   91 80 00 00 00 c3 cc cc cc cc cc cc cc cc e9 c3
0x00007ffd144b4472:   16 fa ff cc cc cc cc cc cc cc e9 eb 1b fa ff cc
0x00007ffd144b4482:   cc cc cc cc cc cc 40 53 48 83 ec 20 48 8d 05 8b
0x00007ffd144b4492:   41 07 00 48 8b d9 48 89 01 48 8d 05 66 3f 07 00
0x00007ffd144b44a2:   48 89 41 08 e8 5d 2f 00 00 48 8b 4b 48 48 85 c9
0x00007ffd144b44b2:   74 12 48 8b 01 48 8b 40 10 ff 15 4f 8b 07 00 48
0x00007ffd144b44c2:   83 63 48 00 48 8b 4b 18 48 85 c9 74 12 48 8b 01
0x00007ffd144b44d2:   48 8b 40 10 ff 15 34 8b 07 00 48 83 63 18 00 48
0x00007ffd144b44e2:   8b 8b 90 00 00 00 48 85 c9 74 0d e8 aa 6c 01 00
0x00007ffd144b44f2:   48 83 a3 90 00 00 00 00 48 8b 8b 80 00 00 00 48
0x00007ffd144b4502:   85 c9 74 0d 48 8b 01 48 8b 40 10 ff 15 fd 8a 07
0x00007ffd144b4512:   00 48 8b 4b 78 48 85 c9 74 0d 48 8b 01 48 8b 40
0x00007ffd144b4522:   10 ff 15 e7 8a 07 00 48 8b 4b 68 48 8d 05 8c 0f
0x00007ffd144b4532:   07 00 48 89 43 60 48 85 c9 74 0c 48 ff 15 44 83
0x00007ffd144b4542:   07 00 0f 1f 44 00 00 48 8b 4b 40 48 85 c9 74 0d
0x00007ffd144b4552:   48 8b 01 48 8b 40 10 ff 15 b1 8a 07 00 48 8b 4b
0x00007ffd144b4562:   38 48 85 c9 74 0d 48 8b 01 48 8b 40 10 ff 15 9b
0x00007ffd144b4572:   8a 07 00 48 83 c4 20 5b c3 cc cc cc cc cc cc cc
0x00007ffd144b4582:   cc cc 40 53 48 83 ec 20 48 8d 05 6f 3f 07 00 48
0x00007ffd144b4592:   8b d9 48 89 01 48 8d 05 32 3f 07 00 48 89 41 08
0x00007ffd144b45a2:   48 8d 05 df 3e 07 00 48 89 41 10 48 8d 05 ac 3e
0x00007ffd144b45b2:   07 00 48 89 41 18 48 8d 05 49 3e 07 00 48 89 41
0x00007ffd144b45c2:   20 48 83 c1 58 e8 90 07 00 00 48 8d 05 a5 13 07 


Stack slot to memory mapping:
stack at sp + 0 slots: 0x000001f4a1422410 points into unknown readable memory: 0x000001f4a14283a0 | a0 83 42 a1 f4 01 00 00
stack at sp + 1 slots: 0x000001f4a1d554e0 points into unknown readable memory: 0x00007ffd14528620 | 20 86 52 14 fd 7f 00 00
stack at sp + 2 slots: 0x00000000ffffffff points into unknown readable memory: 00
stack at sp + 3 slots: 0x00007ffd14464e8c MSCTF.dll
stack at sp + 4 slots: 0x000001f4a1d554e0 points into unknown readable memory: 0x00007ffd14528620 | 20 86 52 14 fd 7f 00 00
stack at sp + 5 slots: 0x00007ffd144b4712 MSCTF.dll
stack at sp + 6 slots: 0x0 is NULL
stack at sp + 7 slots: 0x000001f4a13fb970 points into unknown readable memory: 0x00007ffd14525e80 | 80 5e 52 14 fd 7f 00 00


---------------  P R O C E S S  ---------------

Threads class SMR info:
_java_thread_list=0x000001f4a115d700, length=31, elements={
0x000001f48239f690, 0x000001f4a03a00c0, 0x000001f4a03a1f90, 0x000001f4a03c3b30,
0x000001f4a03c4440, 0x000001f4a03b4010, 0x000001f4a03b4920, 0x000001f4a03b6660,
0x000001f4a03b9160, 0x000001f4a03ccf40, 0x000001f4a10c1bd0, 0x000001f4a10c5810,
0x000001f4a117c5e0, 0x000001f4a6063240, 0x000001f4a6c4b080, 0x000001f4b12f10d0,
0x000001f4b12f15f0, 0x000001f4a6624b00, 0x000001f4a6625050, 0x000001f4a6623070,
0x000001f4a66245b0, 0x000001f4b6a90fe0, 0x000001f4b1257380, 0x000001f4b1255e40,
0x000001f4a6822ff0, 0x000001f4a6822000, 0x000001f4b701dcb0, 0x000001f4b701eca0,
0x000001f4b0e327d0, 0x000001f4b0e32d20, 0x000001f4b701f1f0
}

Java Threads: ( => current thread )
=>0x000001f48239f690 JavaThread "main" [_thread_in_native, id=3400, stack(0x000000663ba00000,0x000000663bb00000)]
  0x000001f4a03a00c0 JavaThread "Reference Handler" daemon [_thread_blocked, id=9336, stack(0x000000663c100000,0x000000663c200000)]
  0x000001f4a03a1f90 JavaThread "Finalizer" daemon [_thread_blocked, id=11372, stack(0x000000663c200000,0x000000663c300000)]
  0x000001f4a03c3b30 JavaThread "Signal Dispatcher" daemon [_thread_blocked, id=11936, stack(0x000000663c300000,0x000000663c400000)]
  0x000001f4a03c4440 JavaThread "Attach Listener" daemon [_thread_blocked, id=8984, stack(0x000000663c400000,0x000000663c500000)]
  0x000001f4a03b4010 JavaThread "Service Thread" daemon [_thread_blocked, id=12192, stack(0x000000663c500000,0x000000663c600000)]
  0x000001f4a03b4920 JavaThread "Monitor Deflation Thread" daemon [_thread_blocked, id=5228, stack(0x000000663c600000,0x000000663c700000)]
  0x000001f4a03b6660 JavaThread "C2 CompilerThread0" daemon [_thread_blocked, id=10072, stack(0x000000663c700000,0x000000663c800000)]
  0x000001f4a03b9160 JavaThread "C1 CompilerThread0" daemon [_thread_blocked, id=7208, stack(0x000000663c800000,0x000000663c900000)]
  0x000001f4a03ccf40 JavaThread "Sweeper thread" daemon [_thread_blocked, id=6464, stack(0x000000663c900000,0x000000663ca00000)]
  0x000001f4a10c1bd0 JavaThread "Notification Thread" daemon [_thread_blocked, id=1216, stack(0x000000663ca00000,0x000000663cb00000)]
  0x000001f4a10c5810 JavaThread "Common-Cleaner" daemon [_thread_blocked, id=9736, stack(0x000000663cc00000,0x000000663cd00000)]
  0x000001f4a117c5e0 JavaThread "Thread-0" daemon [_thread_blocked, id=6324, stack(0x000000663cd00000,0x000000663ce00000)]
  0x000001f4a6063240 JavaThread "AsyncExecutor-Thread" daemon [_thread_blocked, id=9412, stack(0x000000663d400000,0x000000663d500000)]
  0x000001f4a6c4b080 JavaThread "AsyncExecutor-Thread" daemon [_thread_blocked, id=4288, stack(0x000000663de00000,0x000000663df00000)]
  0x000001f4b12f10d0 JavaThread "AsyncExecutor-Thread" daemon [_thread_blocked, id=11916, stack(0x000000663df00000,0x000000663e000000)]
  0x000001f4b12f15f0 JavaThread "AsyncExecutor-Thread" daemon [_thread_blocked, id=7160, stack(0x000000663e000000,0x000000663e100000)]
  0x000001f4a6624b00 JavaThread "AsyncExecutor-Thread" daemon [_thread_blocked, id=1096, stack(0x000000663e100000,0x000000663e200000)]
  0x000001f4a6625050 JavaThread "AsyncExecutor-Thread" daemon [_thread_blocked, id=4328, stack(0x000000663e300000,0x000000663e400000)]
  0x000001f4a6623070 JavaThread "AsyncExecutor-Thread" daemon [_thread_blocked, id=10392, stack(0x000000663ea00000,0x000000663eb00000)]
  0x000001f4a66245b0 JavaThread "AsyncExecutor-Thread" daemon [_thread_blocked, id=11692, stack(0x000000663d500000,0x000000663d600000)]
  0x000001f4b6a90fe0 JavaThread "AsyncExecutor-Thread" daemon [_thread_blocked, id=5072, stack(0x000000663e500000,0x000000663e600000)]
  0x000001f4b1257380 JavaThread "AsyncExecutor-Thread" daemon [_thread_blocked, id=2292, stack(0x000000663eb00000,0x000000663ec00000)]
  0x000001f4b1255e40 JavaThread "AsyncLogic-Thread" daemon [_thread_blocked, id=8848, stack(0x0000006640a00000,0x0000006640b00000)]
  0x000001f4a6822ff0 JavaThread "AsyncExecutor-Thread" daemon [_thread_blocked, id=8356, stack(0x000000663b700000,0x000000663b800000)]
  0x000001f4a6822000 JavaThread "AsyncExecutor-Thread" daemon [_thread_blocked, id=7016, stack(0x000000663b800000,0x000000663b900000)]
  0x000001f4b701dcb0 JavaThread "Thread-45" daemon [_thread_blocked, id=11964, stack(0x000000663f700000,0x000000663f800000)]
  0x000001f4b701eca0 JavaThread "AsyncExecutor-Thread" daemon [_thread_blocked, id=6112, stack(0x000000663b900000,0x000000663ba00000)]
  0x000001f4b0e327d0 JavaThread "Keep-Alive-Timer" daemon [_thread_blocked, id=6676, stack(0x000000663e600000,0x000000663e700000)]
  0x000001f4b0e32d20 JavaThread "AsyncExecutor-Thread" daemon [_thread_blocked, id=7608, stack(0x000000663ec00000,0x000000663ed00000)]
  0x000001f4b701f1f0 JavaThread "AsyncExecutor-Thread" daemon [_thread_blocked, id=9892, stack(0x000000663cf00000,0x000000663d000000)]

Other Threads:
  0x000001f4a0398450 VMThread "VM Thread" [stack: 0x000000663c000000,0x000000663c100000] [id=3292]
  0x000001f4a10c5520 WatcherThread [stack: 0x000000663cb00000,0x000000663cc00000] [id=7716]
  0x000001f4823d8f70 GCTaskThread "GC Thread#0" [stack: 0x000000663bb00000,0x000000663bc00000] [id=10100]
  0x000001f4a60bb850 GCTaskThread "GC Thread#1" [stack: 0x000000663d600000,0x000000663d700000] [id=5704]
  0x000001f4a60bbb60 GCTaskThread "GC Thread#2" [stack: 0x000000663d700000,0x000000663d800000] [id=8000]
  0x000001f4a62557b0 GCTaskThread "GC Thread#3" [stack: 0x000000663d800000,0x000000663d900000] [id=7640]
  0x000001f4a60da0f0 GCTaskThread "GC Thread#4" [stack: 0x000000663d900000,0x000000663da00000] [id=11160]
  0x000001f4a61b2b50 GCTaskThread "GC Thread#5" [stack: 0x000000663da00000,0x000000663db00000] [id=2608]
  0x000001f4a5f7b4a0 GCTaskThread "GC Thread#6" [stack: 0x000000663db00000,0x000000663dc00000] [id=11648]
  0x000001f4a5f7c3f0 GCTaskThread "GC Thread#7" [stack: 0x000000663dc00000,0x000000663dd00000] [id=9256]
  0x000001f4823ead00 ConcurrentGCThread "G1 Main Marker" [stack: 0x000000663bc00000,0x000000663bd00000] [id=10676]
  0x000001f4823ebf10 ConcurrentGCThread "G1 Conc#0" [stack: 0x000000663bd00000,0x000000663be00000] [id=1192]
  0x000001f4a5f7b190 ConcurrentGCThread "G1 Conc#1" [stack: 0x000000663e200000,0x000000663e300000] [id=7540]
  0x000001f482466ad0 ConcurrentGCThread "G1 Refine#0" [stack: 0x000000663be00000,0x000000663bf00000] [id=11812]
  0x000001f4a65ef420 ConcurrentGCThread "G1 Refine#1" [stack: 0x000000663dd00000,0x000000663de00000] [id=6568]
  0x000001f4a65ee0a0 ConcurrentGCThread "G1 Refine#2" [stack: 0x000000663e700000,0x000000663e800000] [id=7744]
  0x000001f4a65ef0e0 ConcurrentGCThread "G1 Refine#3" [stack: 0x000000663e800000,0x000000663e900000] [id=9328]
  0x000001f4a65ee3e0 ConcurrentGCThread "G1 Refine#4" [stack: 0x000000663e900000,0x000000663ea00000] [id=12148]
  0x000001f4a02506e0 ConcurrentGCThread "G1 Service" [stack: 0x000000663bf00000,0x000000663c000000] [id=9244]

Threads with active compile tasks:

VM state: not at safepoint (normal execution)

VM Mutex/Monitor currently owned by a thread: None

Heap address: 0x0000000081600000, size: 2026 MB, Compressed Oops mode: 32-bit

CDS archive(s) mapped at: [0x0000000800000000-0x0000000800bb0000-0x0000000800bb0000), size 12255232, SharedBaseAddress: 0x0000000800000000, ArchiveRelocationMode: 0.
Compressed class space mapped at: 0x0000000800c00000-0x0000000840c00000, reserved size: 1073741824
Narrow klass base: 0x0000000800000000, Narrow klass shift: 3, Narrow klass range: 0x100000000

GC Precious Log:
 CPUs: 8 total, 8 available
 Memory: 8102M
 Large Page Support: Disabled
 NUMA Support: Disabled
 Compressed Oops: Enabled (32-bit)
 Heap Region Size: 1M
 Heap Min Capacity: 8M
 Heap Initial Capacity: 128M
 Heap Max Capacity: 2026M
 Pre-touch: Disabled
 Parallel Workers: 8
 Concurrent Workers: 2
 Concurrent Refinement Workers: 8
 Periodic GC: Disabled

Heap:
 garbage-first heap   total 307200K, used 225880K [0x0000000081600000, 0x0000000100000000)
  region size 1024K, 111 young (113664K), 11 survivors (11264K)
 Metaspace       used 34372K, committed 34816K, reserved 1081344K
  class space    used 4934K, committed 5120K, reserved 1048576K

Heap Regions: E=young(eden), S=young(survivor), O=old, HS=humongous(starts), HC=humongous(continues), CS=collection set, F=free, OA=open archive, CA=closed archive, TAMS=top-at-mark-start (previous, next)
|   0|0x0000000081600000, 0x0000000081700000, 0x0000000081700000|100%|HS|  |TAMS 0x0000000081700000, 0x0000000081600000| Complete 
|   1|0x0000000081700000, 0x0000000081800000, 0x0000000081800000|100%| O|  |TAMS 0x0000000081800000, 0x0000000081700000| Untracked 
|   2|0x0000000081800000, 0x0000000081900000, 0x0000000081900000|100%| O|  |TAMS 0x0000000081900000, 0x0000000081800000| Untracked 
|   3|0x0000000081900000, 0x0000000081a00000, 0x0000000081a00000|100%|HS|  |TAMS 0x0000000081a00000, 0x0000000081900000| Complete 
|   4|0x0000000081a00000, 0x0000000081b00000, 0x0000000081b00000|100%| O|  |TAMS 0x0000000081b00000, 0x0000000081a00000| Untracked 
|   5|0x0000000081b00000, 0x0000000081c00000, 0x0000000081c00000|100%| O|  |TAMS 0x0000000081c00000, 0x0000000081b00000| Untracked 
|   6|0x0000000081c00000, 0x0000000081d00000, 0x0000000081d00000|100%| O|  |TAMS 0x0000000081d00000, 0x0000000081c00000| Untracked 
|   7|0x0000000081d00000, 0x0000000081e00000, 0x0000000081e00000|100%| O|  |TAMS 0x0000000081e00000, 0x0000000081d00000| Untracked 
|   8|0x0000000081e00000, 0x0000000081f00000, 0x0000000081f00000|100%| O|  |TAMS 0x0000000081f00000, 0x0000000081e00000| Untracked 
|   9|0x0000000081f00000, 0x0000000082000000, 0x0000000082000000|100%| O|  |TAMS 0x0000000082000000, 0x0000000081f00000| Untracked 
|  10|0x0000000082000000, 0x0000000082100000, 0x0000000082100000|100%| O|  |TAMS 0x0000000082100000, 0x0000000082000000| Untracked 
|  11|0x0000000082100000, 0x0000000082200000, 0x0000000082200000|100%| O|  |TAMS 0x0000000082200000, 0x0000000082100000| Untracked 
|  12|0x0000000082200000, 0x0000000082300000, 0x0000000082300000|100%| O|  |TAMS 0x0000000082300000, 0x0000000082200000| Untracked 
|  13|0x0000000082300000, 0x0000000082400000, 0x0000000082400000|100%| O|  |TAMS 0x0000000082400000, 0x0000000082300000| Untracked 
|  14|0x0000000082400000, 0x0000000082500000, 0x0000000082500000|100%| O|  |TAMS 0x0000000082500000, 0x0000000082400000| Untracked 
|  15|0x0000000082500000, 0x0000000082600000, 0x0000000082600000|100%| O|  |TAMS 0x0000000082600000, 0x0000000082500000| Untracked 
|  16|0x0000000082600000, 0x0000000082700000, 0x0000000082700000|100%| O|  |TAMS 0x0000000082700000, 0x0000000082600000| Untracked 
|  17|0x0000000082700000, 0x00000000827c7200, 0x0000000082800000| 77%| O|  |TAMS 0x00000000827c7200, 0x0000000082700000| Untracked 
|  18|0x0000000082800000, 0x0000000082900000, 0x0000000082900000|100%| O|  |TAMS 0x0000000082900000, 0x0000000082800000| Untracked 
|  19|0x0000000082900000, 0x0000000082a00000, 0x0000000082a00000|100%| O|  |TAMS 0x0000000082a00000, 0x0000000082900000| Untracked 
|  20|0x0000000082a00000, 0x0000000082b00000, 0x0000000082b00000|100%| O|  |TAMS 0x0000000082b00000, 0x0000000082a00000| Untracked 
|  21|0x0000000082b00000, 0x0000000082c00000, 0x0000000082c00000|100%| O|  |TAMS 0x0000000082c00000, 0x0000000082b00000| Untracked 
|  22|0x0000000082c00000, 0x0000000082d00000, 0x0000000082d00000|100%| O|  |TAMS 0x0000000082d00000, 0x0000000082c00000| Untracked 
|  23|0x0000000082d00000, 0x0000000082e00000, 0x0000000082e00000|100%| O|  |TAMS 0x0000000082e00000, 0x0000000082d00000| Untracked 
|  24|0x0000000082e00000, 0x0000000082f00000, 0x0000000082f00000|100%| O|  |TAMS 0x0000000082e00000, 0x0000000082e00000| Untracked 
|  25|0x0000000082f00000, 0x0000000083000000, 0x0000000083000000|100%| O|  |TAMS 0x0000000083000000, 0x0000000082f00000| Untracked 
|  26|0x0000000083000000, 0x0000000083100000, 0x0000000083100000|100%| O|  |TAMS 0x0000000083100000, 0x0000000083000000| Untracked 
|  27|0x0000000083100000, 0x0000000083200000, 0x0000000083200000|100%| O|  |TAMS 0x0000000083200000, 0x0000000083100000| Untracked 
|  28|0x0000000083200000, 0x0000000083300000, 0x0000000083300000|100%| O|  |TAMS 0x0000000083300000, 0x0000000083200000| Untracked 
|  29|0x0000000083300000, 0x0000000083400000, 0x0000000083400000|100%| O|  |TAMS 0x0000000083400000, 0x0000000083300000| Untracked 
|  30|0x0000000083400000, 0x0000000083500000, 0x0000000083500000|100%| O|  |TAMS 0x0000000083500000, 0x0000000083400000| Untracked 
|  31|0x0000000083500000, 0x0000000083600000, 0x0000000083600000|100%| O|  |TAMS 0x0000000083600000, 0x0000000083500000| Untracked 
|  32|0x0000000083600000, 0x0000000083700000, 0x0000000083700000|100%| O|  |TAMS 0x0000000083700000, 0x0000000083600000| Untracked 
|  33|0x0000000083700000, 0x0000000083800000, 0x0000000083800000|100%| O|  |TAMS 0x0000000083800000, 0x0000000083700000| Untracked 
|  34|0x0000000083800000, 0x0000000083900000, 0x0000000083900000|100%| O|  |TAMS 0x0000000083900000, 0x0000000083800000| Untracked 
|  35|0x0000000083900000, 0x0000000083a00000, 0x0000000083a00000|100%| O|  |TAMS 0x0000000083a00000, 0x0000000083900000| Untracked 
|  36|0x0000000083a00000, 0x0000000083b00000, 0x0000000083b00000|100%| O|  |TAMS 0x0000000083b00000, 0x0000000083a00000| Untracked 
|  37|0x0000000083b00000, 0x0000000083c00000, 0x0000000083c00000|100%| O|  |TAMS 0x0000000083c00000, 0x0000000083b00000| Untracked 
|  38|0x0000000083c00000, 0x0000000083d00000, 0x0000000083d00000|100%| O|  |TAMS 0x0000000083c00000, 0x0000000083c00000| Untracked 
|  39|0x0000000083d00000, 0x0000000083e00000, 0x0000000083e00000|100%| O|  |TAMS 0x0000000083d00000, 0x0000000083d00000| Untracked 
|  40|0x0000000083e00000, 0x0000000083f00000, 0x0000000083f00000|100%| O|  |TAMS 0x0000000083e00000, 0x0000000083e00000| Untracked 
|  41|0x0000000083f00000, 0x0000000084000000, 0x0000000084000000|100%| O|  |TAMS 0x0000000083f00000, 0x0000000083f00000| Untracked 
|  42|0x0000000084000000, 0x0000000084100000, 0x0000000084100000|100%| O|  |TAMS 0x0000000084000000, 0x0000000084000000| Untracked 
|  43|0x0000000084100000, 0x0000000084200000, 0x0000000084200000|100%| O|  |TAMS 0x0000000084100000, 0x0000000084100000| Untracked 
|  44|0x0000000084200000, 0x0000000084300000, 0x0000000084300000|100%| O|  |TAMS 0x0000000084300000, 0x0000000084200000| Untracked 
|  45|0x0000000084300000, 0x0000000084400000, 0x0000000084400000|100%| O|  |TAMS 0x0000000084300000, 0x0000000084300000| Untracked 
|  46|0x0000000084400000, 0x0000000084500000, 0x0000000084500000|100%| O|  |TAMS 0x0000000084400000, 0x0000000084400000| Untracked 
|  47|0x0000000084500000, 0x0000000084600000, 0x0000000084600000|100%| O|  |TAMS 0x0000000084500000, 0x0000000084500000| Untracked 
|  48|0x0000000084600000, 0x0000000084700000, 0x0000000084700000|100%| O|  |TAMS 0x0000000084600000, 0x0000000084600000| Untracked 
|  49|0x0000000084700000, 0x0000000084800000, 0x0000000084800000|100%| O|  |TAMS 0x0000000084800000, 0x0000000084700000| Untracked 
|  50|0x0000000084800000, 0x0000000084900000, 0x0000000084900000|100%| O|  |TAMS 0x0000000084900000, 0x0000000084800000| Untracked 
|  51|0x0000000084900000, 0x0000000084a00000, 0x0000000084a00000|100%| O|  |TAMS 0x0000000084900000, 0x0000000084900000| Untracked 
|  52|0x0000000084a00000, 0x0000000084b00000, 0x0000000084b00000|100%| O|  |TAMS 0x0000000084a00000, 0x0000000084a00000| Untracked 
|  53|0x0000000084b00000, 0x0000000084c00000, 0x0000000084c00000|100%| O|  |TAMS 0x0000000084b00000, 0x0000000084b00000| Untracked 
|  54|0x0000000084c00000, 0x0000000084d00000, 0x0000000084d00000|100%| O|  |TAMS 0x0000000084c00000, 0x0000000084c00000| Untracked 
|  55|0x0000000084d00000, 0x0000000084e00000, 0x0000000084e00000|100%| O|  |TAMS 0x0000000084d00000, 0x0000000084d00000| Untracked 
|  56|0x0000000084e00000, 0x0000000084f00000, 0x0000000084f00000|100%| O|  |TAMS 0x0000000084e00000, 0x0000000084e00000| Untracked 
|  57|0x0000000084f00000, 0x0000000085000000, 0x0000000085000000|100%| O|  |TAMS 0x0000000084f00000, 0x0000000084f00000| Untracked 
|  58|0x0000000085000000, 0x0000000085100000, 0x0000000085100000|100%| O|  |TAMS 0x0000000085000000, 0x0000000085000000| Untracked 
|  59|0x0000000085100000, 0x0000000085200000, 0x0000000085200000|100%| O|  |TAMS 0x0000000085100000, 0x0000000085100000| Untracked 
|  60|0x0000000085200000, 0x0000000085300000, 0x0000000085300000|100%| O|  |TAMS 0x0000000085200000, 0x0000000085200000| Untracked 
|  61|0x0000000085300000, 0x0000000085400000, 0x0000000085400000|100%| O|  |TAMS 0x0000000085300000, 0x0000000085300000| Untracked 
|  62|0x0000000085400000, 0x0000000085500000, 0x0000000085500000|100%| O|  |TAMS 0x0000000085400000, 0x0000000085400000| Untracked 
|  63|0x0000000085500000, 0x0000000085600000, 0x0000000085600000|100%| O|  |TAMS 0x0000000085600000, 0x0000000085500000| Untracked 
|  64|0x0000000085600000, 0x0000000085700000, 0x0000000085700000|100%| O|  |TAMS 0x0000000085600000, 0x0000000085600000| Untracked 
|  65|0x0000000085700000, 0x0000000085800000, 0x0000000085800000|100%| O|  |TAMS 0x0000000085700000, 0x0000000085700000| Untracked 
|  66|0x0000000085800000, 0x0000000085900000, 0x0000000085900000|100%| O|  |TAMS 0x0000000085800000, 0x0000000085800000| Untracked 
|  67|0x0000000085900000, 0x0000000085a00000, 0x0000000085a00000|100%| O|  |TAMS 0x0000000085900000, 0x0000000085900000| Untracked 
|  68|0x0000000085a00000, 0x0000000085b00000, 0x0000000085b00000|100%| O|  |TAMS 0x0000000085b00000, 0x0000000085a00000| Untracked 
|  69|0x0000000085b00000, 0x0000000085c00000, 0x0000000085c00000|100%| O|  |TAMS 0x0000000085b00000, 0x0000000085b00000| Untracked 
|  70|0x0000000085c00000, 0x0000000085d00000, 0x0000000085d00000|100%| O|  |TAMS 0x0000000085c00000, 0x0000000085c00000| Untracked 
|  71|0x0000000085d00000, 0x0000000085e00000, 0x0000000085e00000|100%| O|  |TAMS 0x0000000085d00000, 0x0000000085d00000| Untracked 
|  72|0x0000000085e00000, 0x0000000085f00000, 0x0000000085f00000|100%| O|  |TAMS 0x0000000085e00000, 0x0000000085e00000| Untracked 
|  73|0x0000000085f00000, 0x0000000086000000, 0x0000000086000000|100%| O|  |TAMS 0x0000000085f00000, 0x0000000085f00000| Untracked 
|  74|0x0000000086000000, 0x0000000086100000, 0x0000000086100000|100%| O|  |TAMS 0x0000000086000000, 0x0000000086000000| Untracked 
|  75|0x0000000086100000, 0x0000000086200000, 0x0000000086200000|100%| O|  |TAMS 0x0000000086100000, 0x0000000086100000| Untracked 
|  76|0x0000000086200000, 0x0000000086300000, 0x0000000086300000|100%| O|  |TAMS 0x0000000086300000, 0x0000000086200000| Untracked 
|  77|0x0000000086300000, 0x0000000086400000, 0x0000000086400000|100%| O|  |TAMS 0x0000000086300000, 0x0000000086300000| Untracked 
|  78|0x0000000086400000, 0x0000000086500000, 0x0000000086500000|100%| O|  |TAMS 0x0000000086400000, 0x0000000086400000| Untracked 
|  79|0x0000000086500000, 0x0000000086600000, 0x0000000086600000|100%| O|  |TAMS 0x0000000086500000, 0x0000000086500000| Untracked 
|  80|0x0000000086600000, 0x0000000086700000, 0x0000000086700000|100%| O|  |TAMS 0x0000000086600000, 0x0000000086600000| Untracked 
|  81|0x0000000086700000, 0x0000000086800000, 0x0000000086800000|100%| O|  |TAMS 0x0000000086700000, 0x0000000086700000| Untracked 
|  82|0x0000000086800000, 0x0000000086900000, 0x0000000086900000|100%| O|  |TAMS 0x0000000086800000, 0x0000000086800000| Untracked 
|  83|0x0000000086900000, 0x0000000086a00000, 0x0000000086a00000|100%| O|  |TAMS 0x0000000086900000, 0x0000000086900000| Untracked 
|  84|0x0000000086a00000, 0x0000000086b00000, 0x0000000086b00000|100%| O|  |TAMS 0x0000000086a00000, 0x0000000086a00000| Untracked 
|  85|0x0000000086b00000, 0x0000000086c00000, 0x0000000086c00000|100%| O|  |TAMS 0x0000000086b00000, 0x0000000086b00000| Untracked 
|  86|0x0000000086c00000, 0x0000000086d00000, 0x0000000086d00000|100%| O|  |TAMS 0x0000000086c00000, 0x0000000086c00000| Untracked 
|  87|0x0000000086d00000, 0x0000000086e00000, 0x0000000086e00000|100%| O|  |TAMS 0x0000000086d00000, 0x0000000086d00000| Untracked 
|  88|0x0000000086e00000, 0x0000000086f00000, 0x0000000086f00000|100%| O|  |TAMS 0x0000000086e00000, 0x0000000086e00000| Untracked 
|  89|0x0000000086f00000, 0x0000000087000000, 0x0000000087000000|100%| O|  |TAMS 0x0000000086f00000, 0x0000000086f00000| Untracked 
|  90|0x0000000087000000, 0x0000000087100000, 0x0000000087100000|100%| O|  |TAMS 0x0000000087000000, 0x0000000087000000| Untracked 
|  91|0x0000000087100000, 0x0000000087200000, 0x0000000087200000|100%| O|  |TAMS 0x0000000087100000, 0x0000000087100000| Untracked 
|  92|0x0000000087200000, 0x0000000087300000, 0x0000000087300000|100%| O|  |TAMS 0x0000000087300000, 0x0000000087200000| Untracked 
|  93|0x0000000087300000, 0x0000000087400000, 0x0000000087400000|100%| O|  |TAMS 0x0000000087400000, 0x0000000087300000| Untracked 
|  94|0x0000000087400000, 0x0000000087500000, 0x0000000087500000|100%| O|  |TAMS 0x0000000087500000, 0x0000000087400000| Untracked 
|  95|0x0000000087500000, 0x0000000087600000, 0x0000000087600000|100%| O|  |TAMS 0x0000000087600000, 0x0000000087500000| Untracked 
|  96|0x0000000087600000, 0x0000000087700000, 0x0000000087700000|100%| O|  |TAMS 0x0000000087700000, 0x0000000087600000| Untracked 
|  97|0x0000000087700000, 0x0000000087800000, 0x0000000087800000|100%| O|  |TAMS 0x0000000087800000, 0x0000000087700000| Untracked 
|  98|0x0000000087800000, 0x0000000087900000, 0x0000000087900000|100%| O|  |TAMS 0x0000000087900000, 0x0000000087800000| Untracked 
|  99|0x0000000087900000, 0x0000000087a00000, 0x0000000087a00000|100%| O|  |TAMS 0x0000000087a00000, 0x0000000087900000| Untracked 
| 100|0x0000000087a00000, 0x0000000087b00000, 0x0000000087b00000|100%| O|  |TAMS 0x0000000087b00000, 0x0000000087a00000| Untracked 
| 101|0x0000000087b00000, 0x0000000087b84400, 0x0000000087c00000| 51%| O|  |TAMS 0x0000000087b00000, 0x0000000087b00000| Untracked 
| 102|0x0000000087c00000, 0x0000000087d00000, 0x0000000087d00000|100%| O|  |TAMS 0x0000000087c80000, 0x0000000087c00000| Untracked 
| 103|0x0000000087d00000, 0x0000000087d00000, 0x0000000087e00000|  0%| F|  |TAMS 0x0000000087d00000, 0x0000000087d00000| Untracked 
| 104|0x0000000087e00000, 0x0000000087e00000, 0x0000000087f00000|  0%| F|  |TAMS 0x0000000087e00000, 0x0000000087e00000| Untracked 
| 105|0x0000000087f00000, 0x0000000087f00000, 0x0000000088000000|  0%| F|  |TAMS 0x0000000087f00000, 0x0000000087f00000| Untracked 
| 106|0x0000000088000000, 0x0000000088000000, 0x0000000088100000|  0%| F|  |TAMS 0x0000000088000000, 0x0000000088000000| Untracked 
| 107|0x0000000088100000, 0x0000000088100000, 0x0000000088200000|  0%| F|  |TAMS 0x0000000088100000, 0x0000000088100000| Untracked 
| 108|0x0000000088200000, 0x0000000088200000, 0x0000000088300000|  0%| F|  |TAMS 0x0000000088200000, 0x0000000088200000| Untracked 
| 109|0x0000000088300000, 0x0000000088300000, 0x0000000088400000|  0%| F|  |TAMS 0x0000000088300000, 0x0000000088300000| Untracked 
| 110|0x0000000088400000, 0x0000000088400000, 0x0000000088500000|  0%| F|  |TAMS 0x0000000088400000, 0x0000000088400000| Untracked 
| 111|0x0000000088500000, 0x0000000088500000, 0x0000000088600000|  0%| F|  |TAMS 0x0000000088500000, 0x0000000088500000| Untracked 
| 112|0x0000000088600000, 0x0000000088600000, 0x0000000088700000|  0%| F|  |TAMS 0x0000000088600000, 0x0000000088600000| Untracked 
| 113|0x0000000088700000, 0x0000000088700000, 0x0000000088800000|  0%| F|  |TAMS 0x0000000088700000, 0x0000000088700000| Untracked 
| 114|0x0000000088800000, 0x0000000088800000, 0x0000000088900000|  0%| F|  |TAMS 0x0000000088800000, 0x0000000088800000| Untracked 
| 115|0x0000000088900000, 0x0000000088900000, 0x0000000088a00000|  0%| F|  |TAMS 0x0000000088900000, 0x0000000088900000| Untracked 
| 116|0x0000000088a00000, 0x0000000088a00000, 0x0000000088b00000|  0%| F|  |TAMS 0x0000000088a00000, 0x0000000088a00000| Untracked 
| 117|0x0000000088b00000, 0x0000000088b00000, 0x0000000088c00000|  0%| F|  |TAMS 0x0000000088b00000, 0x0000000088b00000| Untracked 
| 118|0x0000000088c00000, 0x0000000088c00000, 0x0000000088d00000|  0%| F|  |TAMS 0x0000000088c00000, 0x0000000088c00000| Untracked 
| 119|0x0000000088d00000, 0x0000000088d00000, 0x0000000088e00000|  0%| F|  |TAMS 0x0000000088d00000, 0x0000000088d00000| Untracked 
| 120|0x0000000088e00000, 0x0000000088e00000, 0x0000000088f00000|  0%| F|  |TAMS 0x0000000088e00000, 0x0000000088e00000| Untracked 
| 121|0x0000000088f00000, 0x0000000088f00000, 0x0000000089000000|  0%| F|  |TAMS 0x0000000088f00000, 0x0000000088f00000| Untracked 
| 122|0x0000000089000000, 0x0000000089000000, 0x0000000089100000|  0%| F|  |TAMS 0x0000000089000000, 0x0000000089000000| Untracked 
| 123|0x0000000089100000, 0x0000000089100000, 0x0000000089200000|  0%| F|  |TAMS 0x0000000089100000, 0x0000000089100000| Untracked 
| 124|0x0000000089200000, 0x0000000089200000, 0x0000000089300000|  0%| F|  |TAMS 0x0000000089200000, 0x0000000089200000| Untracked 
| 125|0x0000000089300000, 0x0000000089300000, 0x0000000089400000|  0%| F|  |TAMS 0x0000000089300000, 0x0000000089300000| Untracked 
| 126|0x0000000089400000, 0x0000000089400000, 0x0000000089500000|  0%| F|  |TAMS 0x0000000089400000, 0x0000000089400000| Untracked 
| 127|0x0000000089500000, 0x0000000089500000, 0x0000000089600000|  0%| F|  |TAMS 0x0000000089500000, 0x0000000089500000| Untracked 
| 128|0x0000000089600000, 0x0000000089600000, 0x0000000089700000|  0%| F|  |TAMS 0x0000000089600000, 0x0000000089600000| Untracked 
| 129|0x0000000089700000, 0x0000000089700000, 0x0000000089800000|  0%| F|  |TAMS 0x0000000089700000, 0x0000000089700000| Untracked 
| 130|0x0000000089800000, 0x0000000089800000, 0x0000000089900000|  0%| F|  |TAMS 0x0000000089800000, 0x0000000089800000| Untracked 
| 131|0x0000000089900000, 0x0000000089900000, 0x0000000089a00000|  0%| F|  |TAMS 0x0000000089900000, 0x0000000089900000| Untracked 
| 132|0x0000000089a00000, 0x0000000089a00000, 0x0000000089b00000|  0%| F|  |TAMS 0x0000000089a00000, 0x0000000089a00000| Untracked 
| 133|0x0000000089b00000, 0x0000000089b00000, 0x0000000089c00000|  0%| F|  |TAMS 0x0000000089b00000, 0x0000000089b00000| Untracked 
| 134|0x0000000089c00000, 0x0000000089c00000, 0x0000000089d00000|  0%| F|  |TAMS 0x0000000089c00000, 0x0000000089c00000| Untracked 
| 135|0x0000000089d00000, 0x0000000089d00000, 0x0000000089e00000|  0%| F|  |TAMS 0x0000000089d00000, 0x0000000089d00000| Untracked 
| 136|0x0000000089e00000, 0x0000000089e00000, 0x0000000089f00000|  0%| F|  |TAMS 0x0000000089e00000, 0x0000000089e00000| Untracked 
| 137|0x0000000089f00000, 0x0000000089f00000, 0x000000008a000000|  0%| F|  |TAMS 0x0000000089f00000, 0x0000000089f00000| Untracked 
| 138|0x000000008a000000, 0x000000008a000000, 0x000000008a100000|  0%| F|  |TAMS 0x000000008a000000, 0x000000008a000000| Untracked 
| 139|0x000000008a100000, 0x000000008a100000, 0x000000008a200000|  0%| F|  |TAMS 0x000000008a100000, 0x000000008a100000| Untracked 
| 140|0x000000008a200000, 0x000000008a200000, 0x000000008a300000|  0%| F|  |TAMS 0x000000008a200000, 0x000000008a200000| Untracked 
| 141|0x000000008a300000, 0x000000008a300000, 0x000000008a400000|  0%| F|  |TAMS 0x000000008a300000, 0x000000008a300000| Untracked 
| 142|0x000000008a400000, 0x000000008a400000, 0x000000008a500000|  0%| F|  |TAMS 0x000000008a400000, 0x000000008a400000| Untracked 
| 143|0x000000008a500000, 0x000000008a500000, 0x000000008a600000|  0%| F|  |TAMS 0x000000008a500000, 0x000000008a500000| Untracked 
| 144|0x000000008a600000, 0x000000008a600000, 0x000000008a700000|  0%| F|  |TAMS 0x000000008a600000, 0x000000008a600000| Untracked 
| 145|0x000000008a700000, 0x000000008a700000, 0x000000008a800000|  0%| F|  |TAMS 0x000000008a700000, 0x000000008a700000| Untracked 
| 146|0x000000008a800000, 0x000000008a800000, 0x000000008a900000|  0%| F|  |TAMS 0x000000008a800000, 0x000000008a800000| Untracked 
| 147|0x000000008a900000, 0x000000008a900000, 0x000000008aa00000|  0%| F|  |TAMS 0x000000008a900000, 0x000000008a900000| Untracked 
| 148|0x000000008aa00000, 0x000000008aa00000, 0x000000008ab00000|  0%| F|  |TAMS 0x000000008aa00000, 0x000000008aa00000| Untracked 
| 149|0x000000008ab00000, 0x000000008ab00000, 0x000000008ac00000|  0%| F|  |TAMS 0x000000008ab00000, 0x000000008ab00000| Untracked 
| 150|0x000000008ac00000, 0x000000008ac00000, 0x000000008ad00000|  0%| F|  |TAMS 0x000000008ac00000, 0x000000008ac00000| Untracked 
| 151|0x000000008ad00000, 0x000000008ad00000, 0x000000008ae00000|  0%| F|  |TAMS 0x000000008ad00000, 0x000000008ad00000| Untracked 
| 152|0x000000008ae00000, 0x000000008ae00000, 0x000000008af00000|  0%| F|  |TAMS 0x000000008ae00000, 0x000000008ae00000| Untracked 
| 153|0x000000008af00000, 0x000000008af00000, 0x000000008b000000|  0%| F|  |TAMS 0x000000008af00000, 0x000000008af00000| Untracked 
| 154|0x000000008b000000, 0x000000008b04ac80, 0x000000008b100000| 29%| S|CS|TAMS 0x000000008b000000, 0x000000008b000000| Complete 
| 155|0x000000008b100000, 0x000000008b200000, 0x000000008b200000|100%| S|CS|TAMS 0x000000008b100000, 0x000000008b100000| Complete 
| 156|0x000000008b200000, 0x000000008b200000, 0x000000008b300000|  0%| F|  |TAMS 0x000000008b200000, 0x000000008b200000| Untracked 
| 157|0x000000008b300000, 0x000000008b300000, 0x000000008b400000|  0%| F|  |TAMS 0x000000008b300000, 0x000000008b300000| Untracked 
| 158|0x000000008b400000, 0x000000008b400000, 0x000000008b500000|  0%| F|  |TAMS 0x000000008b400000, 0x000000008b400000| Untracked 
| 159|0x000000008b500000, 0x000000008b600000, 0x000000008b600000|100%| S|CS|TAMS 0x000000008b500000, 0x000000008b500000| Complete 
| 160|0x000000008b600000, 0x000000008b700000, 0x000000008b700000|100%| S|CS|TAMS 0x000000008b600000, 0x000000008b600000| Complete 
| 161|0x000000008b700000, 0x000000008b800000, 0x000000008b800000|100%| S|CS|TAMS 0x000000008b700000, 0x000000008b700000| Complete 
| 162|0x000000008b800000, 0x000000008b900000, 0x000000008b900000|100%| S|CS|TAMS 0x000000008b800000, 0x000000008b800000| Complete 
| 163|0x000000008b900000, 0x000000008ba00000, 0x000000008ba00000|100%| S|CS|TAMS 0x000000008b900000, 0x000000008b900000| Complete 
| 164|0x000000008ba00000, 0x000000008bb00000, 0x000000008bb00000|100%| S|CS|TAMS 0x000000008ba00000, 0x000000008ba00000| Complete 
| 165|0x000000008bb00000, 0x000000008bc00000, 0x000000008bc00000|100%| S|CS|TAMS 0x000000008bb00000, 0x000000008bb00000| Complete 
| 166|0x000000008bc00000, 0x000000008bd00000, 0x000000008bd00000|100%| S|CS|TAMS 0x000000008bc00000, 0x000000008bc00000| Complete 
| 167|0x000000008bd00000, 0x000000008be00000, 0x000000008be00000|100%| S|CS|TAMS 0x000000008bd00000, 0x000000008bd00000| Complete 
| 168|0x000000008be00000, 0x000000008be00000, 0x000000008bf00000|  0%| F|  |TAMS 0x000000008be00000, 0x000000008be00000| Untracked 
| 169|0x000000008bf00000, 0x000000008bf00000, 0x000000008c000000|  0%| F|  |TAMS 0x000000008bf00000, 0x000000008bf00000| Untracked 
| 170|0x000000008c000000, 0x000000008c000000, 0x000000008c100000|  0%| F|  |TAMS 0x000000008c000000, 0x000000008c000000| Untracked 
| 171|0x000000008c100000, 0x000000008c100000, 0x000000008c200000|  0%| F|  |TAMS 0x000000008c100000, 0x000000008c100000| Untracked 
| 172|0x000000008c200000, 0x000000008c200000, 0x000000008c300000|  0%| F|  |TAMS 0x000000008c200000, 0x000000008c200000| Untracked 
| 173|0x000000008c300000, 0x000000008c300000, 0x000000008c400000|  0%| F|  |TAMS 0x000000008c300000, 0x000000008c300000| Untracked 
| 174|0x000000008c400000, 0x000000008c400000, 0x000000008c500000|  0%| F|  |TAMS 0x000000008c400000, 0x000000008c400000| Untracked 
| 175|0x000000008c500000, 0x000000008c500000, 0x000000008c600000|  0%| F|  |TAMS 0x000000008c500000, 0x000000008c500000| Untracked 
| 176|0x000000008c600000, 0x000000008c600000, 0x000000008c700000|  0%| F|  |TAMS 0x000000008c600000, 0x000000008c600000| Untracked 
| 177|0x000000008c700000, 0x000000008c700000, 0x000000008c800000|  0%| F|  |TAMS 0x000000008c700000, 0x000000008c700000| Untracked 
| 178|0x000000008c800000, 0x000000008c800000, 0x000000008c900000|  0%| F|  |TAMS 0x000000008c800000, 0x000000008c800000| Untracked 
| 179|0x000000008c900000, 0x000000008c900000, 0x000000008ca00000|  0%| F|  |TAMS 0x000000008c900000, 0x000000008c900000| Untracked 
| 180|0x000000008ca00000, 0x000000008ca00000, 0x000000008cb00000|  0%| F|  |TAMS 0x000000008ca00000, 0x000000008ca00000| Untracked 
| 181|0x000000008cb00000, 0x000000008cb00000, 0x000000008cc00000|  0%| F|  |TAMS 0x000000008cb00000, 0x000000008cb00000| Untracked 
| 182|0x000000008cc00000, 0x000000008cc00000, 0x000000008cd00000|  0%| F|  |TAMS 0x000000008cc00000, 0x000000008cc00000| Untracked 
| 183|0x000000008cd00000, 0x000000008cd00000, 0x000000008ce00000|  0%| F|  |TAMS 0x000000008cd00000, 0x000000008cd00000| Untracked 
| 184|0x000000008ce00000, 0x000000008ce00000, 0x000000008cf00000|  0%| F|  |TAMS 0x000000008ce00000, 0x000000008ce00000| Untracked 
| 185|0x000000008cf00000, 0x000000008cf00000, 0x000000008d000000|  0%| F|  |TAMS 0x000000008cf00000, 0x000000008cf00000| Untracked 
| 186|0x000000008d000000, 0x000000008d000000, 0x000000008d100000|  0%| F|  |TAMS 0x000000008d000000, 0x000000008d000000| Untracked 
| 187|0x000000008d100000, 0x000000008d100000, 0x000000008d200000|  0%| F|  |TAMS 0x000000008d100000, 0x000000008d100000| Untracked 
| 188|0x000000008d200000, 0x000000008d200000, 0x000000008d300000|  0%| F|  |TAMS 0x000000008d200000, 0x000000008d200000| Untracked 
| 189|0x000000008d300000, 0x000000008d300000, 0x000000008d400000|  0%| F|  |TAMS 0x000000008d300000, 0x000000008d300000| Untracked 
| 190|0x000000008d400000, 0x000000008d400000, 0x000000008d500000|  0%| F|  |TAMS 0x000000008d400000, 0x000000008d400000| Untracked 
| 191|0x000000008d500000, 0x000000008d5812d0, 0x000000008d600000| 50%| E|  |TAMS 0x000000008d500000, 0x000000008d500000| Complete 
| 192|0x000000008d600000, 0x000000008d700000, 0x000000008d700000|100%| E|CS|TAMS 0x000000008d600000, 0x000000008d600000| Complete 
| 193|0x000000008d700000, 0x000000008d800000, 0x000000008d800000|100%| E|CS|TAMS 0x000000008d700000, 0x000000008d700000| Complete 
| 194|0x000000008d800000, 0x000000008d900000, 0x000000008d900000|100%| E|CS|TAMS 0x000000008d800000, 0x000000008d800000| Complete 
| 195|0x000000008d900000, 0x000000008da00000, 0x000000008da00000|100%| E|CS|TAMS 0x000000008d900000, 0x000000008d900000| Complete 
| 196|0x000000008da00000, 0x000000008db00000, 0x000000008db00000|100%| E|CS|TAMS 0x000000008da00000, 0x000000008da00000| Complete 
| 197|0x000000008db00000, 0x000000008dc00000, 0x000000008dc00000|100%| E|CS|TAMS 0x000000008db00000, 0x000000008db00000| Complete 
| 198|0x000000008dc00000, 0x000000008dd00000, 0x000000008dd00000|100%| E|CS|TAMS 0x000000008dc00000, 0x000000008dc00000| Complete 
| 199|0x000000008dd00000, 0x000000008de00000, 0x000000008de00000|100%| E|CS|TAMS 0x000000008dd00000, 0x000000008dd00000| Complete 
| 200|0x000000008de00000, 0x000000008df00000, 0x000000008df00000|100%| E|CS|TAMS 0x000000008de00000, 0x000000008de00000| Complete 
| 201|0x000000008df00000, 0x000000008e000000, 0x000000008e000000|100%| E|CS|TAMS 0x000000008df00000, 0x000000008df00000| Complete 
| 202|0x000000008e000000, 0x000000008e100000, 0x000000008e100000|100%| E|CS|TAMS 0x000000008e000000, 0x000000008e000000| Complete 
| 203|0x000000008e100000, 0x000000008e200000, 0x000000008e200000|100%| E|CS|TAMS 0x000000008e100000, 0x000000008e100000| Complete 
| 204|0x000000008e200000, 0x000000008e300000, 0x000000008e300000|100%| E|CS|TAMS 0x000000008e200000, 0x000000008e200000| Complete 
| 205|0x000000008e300000, 0x000000008e400000, 0x000000008e400000|100%| E|CS|TAMS 0x000000008e300000, 0x000000008e300000| Complete 
| 206|0x000000008e400000, 0x000000008e500000, 0x000000008e500000|100%| E|CS|TAMS 0x000000008e400000, 0x000000008e400000| Complete 
| 207|0x000000008e500000, 0x000000008e600000, 0x000000008e600000|100%| E|CS|TAMS 0x000000008e500000, 0x000000008e500000| Complete 
| 208|0x000000008e600000, 0x000000008e700000, 0x000000008e700000|100%| E|CS|TAMS 0x000000008e600000, 0x000000008e600000| Complete 
| 209|0x000000008e700000, 0x000000008e800000, 0x000000008e800000|100%| E|CS|TAMS 0x000000008e700000, 0x000000008e700000| Complete 
| 210|0x000000008e800000, 0x000000008e900000, 0x000000008e900000|100%| E|CS|TAMS 0x000000008e800000, 0x000000008e800000| Complete 
| 211|0x000000008e900000, 0x000000008ea00000, 0x000000008ea00000|100%| E|CS|TAMS 0x000000008e900000, 0x000000008e900000| Complete 
| 212|0x000000008ea00000, 0x000000008eb00000, 0x000000008eb00000|100%| E|CS|TAMS 0x000000008ea00000, 0x000000008ea00000| Complete 
| 213|0x000000008eb00000, 0x000000008ec00000, 0x000000008ec00000|100%| E|CS|TAMS 0x000000008eb00000, 0x000000008eb00000| Complete 
| 214|0x000000008ec00000, 0x000000008ed00000, 0x000000008ed00000|100%| E|CS|TAMS 0x000000008ec00000, 0x000000008ec00000| Complete 
| 215|0x000000008ed00000, 0x000000008ee00000, 0x000000008ee00000|100%| E|CS|TAMS 0x000000008ed00000, 0x000000008ed00000| Complete 
| 216|0x000000008ee00000, 0x000000008ef00000, 0x000000008ef00000|100%| E|CS|TAMS 0x000000008ee00000, 0x000000008ee00000| Complete 
| 217|0x000000008ef00000, 0x000000008f000000, 0x000000008f000000|100%| E|CS|TAMS 0x000000008ef00000, 0x000000008ef00000| Complete 
| 218|0x000000008f000000, 0x000000008f100000, 0x000000008f100000|100%| E|CS|TAMS 0x000000008f000000, 0x000000008f000000| Complete 
| 219|0x000000008f100000, 0x000000008f200000, 0x000000008f200000|100%| E|CS|TAMS 0x000000008f100000, 0x000000008f100000| Complete 
| 220|0x000000008f200000, 0x000000008f300000, 0x000000008f300000|100%| E|CS|TAMS 0x000000008f200000, 0x000000008f200000| Complete 
| 221|0x000000008f300000, 0x000000008f400000, 0x000000008f400000|100%| E|CS|TAMS 0x000000008f300000, 0x000000008f300000| Complete 
| 222|0x000000008f400000, 0x000000008f500000, 0x000000008f500000|100%| E|CS|TAMS 0x000000008f400000, 0x000000008f400000| Complete 
| 223|0x000000008f500000, 0x000000008f600000, 0x000000008f600000|100%| E|CS|TAMS 0x000000008f500000, 0x000000008f500000| Complete 
| 224|0x000000008f600000, 0x000000008f700000, 0x000000008f700000|100%| E|CS|TAMS 0x000000008f600000, 0x000000008f600000| Complete 
| 225|0x000000008f700000, 0x000000008f800000, 0x000000008f800000|100%| E|CS|TAMS 0x000000008f700000, 0x000000008f700000| Complete 
| 226|0x000000008f800000, 0x000000008f900000, 0x000000008f900000|100%| E|CS|TAMS 0x000000008f800000, 0x000000008f800000| Complete 
| 227|0x000000008f900000, 0x000000008fa00000, 0x000000008fa00000|100%| E|CS|TAMS 0x000000008f900000, 0x000000008f900000| Complete 
| 228|0x000000008fa00000, 0x000000008fb00000, 0x000000008fb00000|100%| E|CS|TAMS 0x000000008fa00000, 0x000000008fa00000| Complete 
| 229|0x000000008fb00000, 0x000000008fc00000, 0x000000008fc00000|100%| E|CS|TAMS 0x000000008fb00000, 0x000000008fb00000| Complete 
| 230|0x000000008fc00000, 0x000000008fd00000, 0x000000008fd00000|100%| E|CS|TAMS 0x000000008fc00000, 0x000000008fc00000| Complete 
| 231|0x000000008fd00000, 0x000000008fe00000, 0x000000008fe00000|100%| E|CS|TAMS 0x000000008fd00000, 0x000000008fd00000| Complete 
| 232|0x000000008fe00000, 0x000000008ff00000, 0x000000008ff00000|100%| E|CS|TAMS 0x000000008fe00000, 0x000000008fe00000| Complete 
| 233|0x000000008ff00000, 0x0000000090000000, 0x0000000090000000|100%| E|CS|TAMS 0x000000008ff00000, 0x000000008ff00000| Complete 
| 234|0x0000000090000000, 0x0000000090100000, 0x0000000090100000|100%| E|CS|TAMS 0x0000000090000000, 0x0000000090000000| Complete 
| 235|0x0000000090100000, 0x0000000090200000, 0x0000000090200000|100%| E|CS|TAMS 0x0000000090100000, 0x0000000090100000| Complete 
| 236|0x0000000090200000, 0x0000000090300000, 0x0000000090300000|100%| E|CS|TAMS 0x0000000090200000, 0x0000000090200000| Complete 
| 237|0x0000000090300000, 0x0000000090400000, 0x0000000090400000|100%| E|CS|TAMS 0x0000000090300000, 0x0000000090300000| Complete 
| 238|0x0000000090400000, 0x0000000090500000, 0x0000000090500000|100%| E|CS|TAMS 0x0000000090400000, 0x0000000090400000| Complete 
| 239|0x0000000090500000, 0x0000000090600000, 0x0000000090600000|100%| E|CS|TAMS 0x0000000090500000, 0x0000000090500000| Complete 
| 240|0x0000000090600000, 0x0000000090700000, 0x0000000090700000|100%| E|CS|TAMS 0x0000000090600000, 0x0000000090600000| Complete 
| 241|0x0000000090700000, 0x0000000090800000, 0x0000000090800000|100%| E|CS|TAMS 0x0000000090700000, 0x0000000090700000| Complete 
| 242|0x0000000090800000, 0x0000000090900000, 0x0000000090900000|100%| E|CS|TAMS 0x0000000090800000, 0x0000000090800000| Complete 
| 243|0x0000000090900000, 0x0000000090a00000, 0x0000000090a00000|100%| E|CS|TAMS 0x0000000090900000, 0x0000000090900000| Complete 
| 244|0x0000000090a00000, 0x0000000090b00000, 0x0000000090b00000|100%| E|CS|TAMS 0x0000000090a00000, 0x0000000090a00000| Complete 
| 245|0x0000000090b00000, 0x0000000090c00000, 0x0000000090c00000|100%| E|CS|TAMS 0x0000000090b00000, 0x0000000090b00000| Complete 
| 246|0x0000000090c00000, 0x0000000090d00000, 0x0000000090d00000|100%| E|CS|TAMS 0x0000000090c00000, 0x0000000090c00000| Complete 
| 247|0x0000000090d00000, 0x0000000090e00000, 0x0000000090e00000|100%| E|CS|TAMS 0x0000000090d00000, 0x0000000090d00000| Complete 
| 248|0x0000000090e00000, 0x0000000090f00000, 0x0000000090f00000|100%| E|CS|TAMS 0x0000000090e00000, 0x0000000090e00000| Complete 
| 249|0x0000000090f00000, 0x0000000091000000, 0x0000000091000000|100%| E|CS|TAMS 0x0000000090f00000, 0x0000000090f00000| Complete 
| 250|0x0000000091000000, 0x0000000091100000, 0x0000000091100000|100%| E|CS|TAMS 0x0000000091000000, 0x0000000091000000| Complete 
| 251|0x0000000091100000, 0x0000000091200000, 0x0000000091200000|100%| E|CS|TAMS 0x0000000091100000, 0x0000000091100000| Complete 
| 252|0x0000000091200000, 0x0000000091300000, 0x0000000091300000|100%| E|CS|TAMS 0x0000000091200000, 0x0000000091200000| Complete 
| 253|0x0000000091300000, 0x0000000091400000, 0x0000000091400000|100%| E|CS|TAMS 0x0000000091300000, 0x0000000091300000| Complete 
| 254|0x0000000091400000, 0x0000000091500000, 0x0000000091500000|100%| E|CS|TAMS 0x0000000091400000, 0x0000000091400000| Complete 
| 255|0x0000000091500000, 0x0000000091600000, 0x0000000091600000|100%| E|CS|TAMS 0x0000000091500000, 0x0000000091500000| Complete 
| 256|0x0000000091600000, 0x0000000091700000, 0x0000000091700000|100%| E|CS|TAMS 0x0000000091600000, 0x0000000091600000| Complete 
| 257|0x0000000091700000, 0x0000000091800000, 0x0000000091800000|100%| E|CS|TAMS 0x0000000091700000, 0x0000000091700000| Complete 
| 258|0x0000000091800000, 0x0000000091900000, 0x0000000091900000|100%| E|CS|TAMS 0x0000000091800000, 0x0000000091800000| Complete 
| 259|0x0000000091900000, 0x0000000091a00000, 0x0000000091a00000|100%| E|CS|TAMS 0x0000000091900000, 0x0000000091900000| Complete 
| 260|0x0000000091a00000, 0x0000000091b00000, 0x0000000091b00000|100%| E|CS|TAMS 0x0000000091a00000, 0x0000000091a00000| Complete 
| 261|0x0000000091b00000, 0x0000000091c00000, 0x0000000091c00000|100%| E|CS|TAMS 0x0000000091b00000, 0x0000000091b00000| Complete 
| 262|0x0000000091c00000, 0x0000000091d00000, 0x0000000091d00000|100%| E|CS|TAMS 0x0000000091c00000, 0x0000000091c00000| Complete 
| 263|0x0000000091d00000, 0x0000000091e00000, 0x0000000091e00000|100%| E|CS|TAMS 0x0000000091d00000, 0x0000000091d00000| Complete 
| 264|0x0000000091e00000, 0x0000000091f00000, 0x0000000091f00000|100%| E|CS|TAMS 0x0000000091e00000, 0x0000000091e00000| Complete 
| 265|0x0000000091f00000, 0x0000000092000000, 0x0000000092000000|100%| E|CS|TAMS 0x0000000091f00000, 0x0000000091f00000| Complete 
| 266|0x0000000092000000, 0x0000000092100000, 0x0000000092100000|100%| E|CS|TAMS 0x0000000092000000, 0x0000000092000000| Complete 
| 267|0x0000000092100000, 0x0000000092200000, 0x0000000092200000|100%| E|CS|TAMS 0x0000000092100000, 0x0000000092100000| Complete 
| 268|0x0000000092200000, 0x0000000092300000, 0x0000000092300000|100%| E|CS|TAMS 0x0000000092200000, 0x0000000092200000| Complete 
| 269|0x0000000092300000, 0x0000000092400000, 0x0000000092400000|100%| E|CS|TAMS 0x0000000092300000, 0x0000000092300000| Complete 
| 270|0x0000000092400000, 0x0000000092500000, 0x0000000092500000|100%| E|CS|TAMS 0x0000000092400000, 0x0000000092400000| Complete 
| 271|0x0000000092500000, 0x0000000092600000, 0x0000000092600000|100%| E|CS|TAMS 0x0000000092500000, 0x0000000092500000| Complete 
| 272|0x0000000092600000, 0x0000000092700000, 0x0000000092700000|100%| E|CS|TAMS 0x0000000092600000, 0x0000000092600000| Complete 
| 273|0x0000000092700000, 0x0000000092800000, 0x0000000092800000|100%| E|CS|TAMS 0x0000000092700000, 0x0000000092700000| Complete 
| 274|0x0000000092800000, 0x0000000092900000, 0x0000000092900000|100%| E|CS|TAMS 0x0000000092800000, 0x0000000092800000| Complete 
| 275|0x0000000092900000, 0x0000000092a00000, 0x0000000092a00000|100%| E|CS|TAMS 0x0000000092900000, 0x0000000092900000| Complete 
| 276|0x0000000092a00000, 0x0000000092b00000, 0x0000000092b00000|100%| E|CS|TAMS 0x0000000092a00000, 0x0000000092a00000| Complete 
| 277|0x0000000092b00000, 0x0000000092c00000, 0x0000000092c00000|100%| E|CS|TAMS 0x0000000092b00000, 0x0000000092b00000| Complete 
| 278|0x0000000092c00000, 0x0000000092d00000, 0x0000000092d00000|100%| E|CS|TAMS 0x0000000092c00000, 0x0000000092c00000| Complete 
| 354|0x0000000097800000, 0x0000000097900000, 0x0000000097900000|100%| E|CS|TAMS 0x0000000097800000, 0x0000000097800000| Complete 
| 355|0x0000000097900000, 0x0000000097a00000, 0x0000000097a00000|100%| E|CS|TAMS 0x0000000097900000, 0x0000000097900000| Complete 
| 356|0x0000000097a00000, 0x0000000097b00000, 0x0000000097b00000|100%| E|CS|TAMS 0x0000000097a00000, 0x0000000097a00000| Complete 
| 357|0x0000000097b00000, 0x0000000097c00000, 0x0000000097c00000|100%| E|CS|TAMS 0x0000000097b00000, 0x0000000097b00000| Complete 
| 358|0x0000000097c00000, 0x0000000097d00000, 0x0000000097d00000|100%| E|CS|TAMS 0x0000000097c00000, 0x0000000097c00000| Complete 
| 359|0x0000000097d00000, 0x0000000097e00000, 0x0000000097e00000|100%| E|CS|TAMS 0x0000000097d00000, 0x0000000097d00000| Complete 
| 360|0x0000000097e00000, 0x0000000097f00000, 0x0000000097f00000|100%| E|CS|TAMS 0x0000000097e00000, 0x0000000097e00000| Complete 
| 361|0x0000000097f00000, 0x0000000098000000, 0x0000000098000000|100%| E|CS|TAMS 0x0000000097f00000, 0x0000000097f00000| Complete 
| 362|0x0000000098000000, 0x0000000098100000, 0x0000000098100000|100%| E|CS|TAMS 0x0000000098000000, 0x0000000098000000| Complete 
| 363|0x0000000098100000, 0x0000000098200000, 0x0000000098200000|100%| E|CS|TAMS 0x0000000098100000, 0x0000000098100000| Complete 
| 364|0x0000000098200000, 0x0000000098300000, 0x0000000098300000|100%| E|CS|TAMS 0x0000000098200000, 0x0000000098200000| Complete 
| 365|0x0000000098300000, 0x0000000098400000, 0x0000000098400000|100%| E|CS|TAMS 0x0000000098300000, 0x0000000098300000| Complete 
|2017|0x00000000ff700000, 0x00000000ff800000, 0x00000000ff800000|100%| O|  |TAMS 0x00000000ff800000, 0x00000000ff700000| Untracked 
|2018|0x00000000ff800000, 0x00000000ff900000, 0x00000000ff900000|100%| O|  |TAMS 0x00000000ff900000, 0x00000000ff800000| Untracked 
|2019|0x00000000ff900000, 0x00000000ffa00000, 0x00000000ffa00000|100%| O|  |TAMS 0x00000000ffa00000, 0x00000000ff900000| Untracked 
|2020|0x00000000ffa00000, 0x00000000ffb00000, 0x00000000ffb00000|100%| O|  |TAMS 0x00000000ffb00000, 0x00000000ffa00000| Untracked 
|2021|0x00000000ffb00000, 0x00000000ffc00000, 0x00000000ffc00000|100%| O|  |TAMS 0x00000000ffc00000, 0x00000000ffb00000| Untracked 
|2022|0x00000000ffc00000, 0x00000000ffd00000, 0x00000000ffd00000|100%| O|  |TAMS 0x00000000ffd00000, 0x00000000ffc00000| Untracked 
|2023|0x00000000ffd00000, 0x00000000ffe00000, 0x00000000ffe00000|100%| O|  |TAMS 0x00000000ffe00000, 0x00000000ffd00000| Untracked 
|2024|0x00000000ffe00000, 0x00000000fff00000, 0x00000000fff00000|100%| O|  |TAMS 0x00000000fff00000, 0x00000000ffe00000| Untracked 
|2025|0x00000000fff00000, 0x0000000100000000, 0x0000000100000000|100%| O|  |TAMS 0x0000000100000000, 0x00000000fff00000| Untracked 

Card table byte_map: [0x000001f499240000,0x000001f499640000] _byte_map_base: 0x000001f498e35000

Marking Bits (Prev, Next): (CMBitMap*) 0x000001f4823da630, (CMBitMap*) 0x000001f4823da5f0
 Prev Bits: [0x000001f49b9f0000, 0x000001f49d998000)
 Next Bits: [0x000001f499a40000, 0x000001f49b9e8000)

Polling page: 0x000001f480300000

Metaspace:

Usage:
  Non-class:     28.75 MB used.
      Class:      4.82 MB used.
       Both:     33.57 MB used.

Virtual space:
  Non-class space:       32.00 MB reserved,      29.00 MB ( 91%) committed,  4 nodes.
      Class space:        1.00 GB reserved,       5.00 MB ( <1%) committed,  1 nodes.
              Both:        1.03 GB reserved,      34.00 MB (  3%) committed. 

Chunk freelists:
   Non-Class:  2.55 MB
       Class:  2.98 MB
        Both:  5.52 MB

MaxMetaspaceSize: 17179869184.00 GB
CompressedClassSpaceSize: 1.00 GB
 - commit_granule_bytes: 65536.
 - commit_granule_words: 8192.
 - virtual_space_node_default_size: 1048576.
 - enlarge_chunks_in_place: 1.
 - new_chunks_are_fully_committed: 0.
 - uncommit_free_chunks: 1.
 - use_allocation_guard: 0.
 - handle_deallocations: 1.


Internal statistics:

num_allocs_failed_limit: 3.
num_arena_births: 414.
num_arena_deaths: 24.
num_vsnodes_births: 5.
num_vsnodes_deaths: 0.
num_space_committed: 544.
num_space_uncommitted: 0.
num_chunks_returned_to_freelist: 39.
num_chunks_taken_from_freelist: 1505.
num_chunk_merges: 15.
num_chunk_splits: 962.
num_chunks_enlarged: 690.
num_purges: 2.

CodeHeap 'non-profiled nmethods': size=120000Kb used=5711Kb max_used=5711Kb free=114288Kb
 bounds [0x000001f4915e0000, 0x000001f491b80000, 0x000001f498b10000]
CodeHeap 'profiled nmethods': size=120000Kb used=10613Kb max_used=11367Kb free=109387Kb
 bounds [0x000001f48a0b0000, 0x000001f48abd0000, 0x000001f4915e0000]
CodeHeap 'non-nmethods': size=5760Kb used=1458Kb max_used=1500Kb free=4301Kb
 bounds [0x000001f489b10000, 0x000001f489d80000, 0x000001f48a0b0000]
 total_blobs=6465 nmethods=5643 adapters=732
 compilation: enabled
              stopped_count=0, restarted_count=0
 full_count=0

Compilation events (20 events):
Event: 433.247 Thread 0x000001f4a03b9160 nmethod 7144 0x000001f48a8c4a10 code [0x000001f48a8c4bc0, 0x000001f48a8c4da8]
Event: 433.247 Thread 0x000001f4a03b9160 7145       3       com.sun.crypto.provider.GHASH::update (37 bytes)
Event: 433.247 Thread 0x000001f4a03b9160 nmethod 7145 0x000001f48a8c4390 code [0x000001f48a8c4560, 0x000001f48a8c4798]
Event: 433.249 Thread 0x000001f4a03b6660 nmethod 7135 0x000001f491b71c10 code [0x000001f491b71e80, 0x000001f491b73218]
Event: 433.249 Thread 0x000001f4a03b6660 7143       4       arc.util.serialization.Jval$Jwriter::getEscapedChar (91 bytes)
Event: 433.249 Thread 0x000001f4a03b6660 nmethod 7143 0x000001f491b73590 code [0x000001f491b73720, 0x000001f491b73818]
Event: 433.262 Thread 0x000001f4a03b6660 7147       4       arc.scene.ui.Button::getPrefWidth (88 bytes)
Event: 433.262 Thread 0x000001f4a03b9160 7148 %     3       arc.scene.ui.layout.Table::computeSize @ 558 (1457 bytes)
Event: 433.263 Thread 0x000001f4a03b6660 nmethod 7147 0x000001f491b73890 code [0x000001f491b73a40, 0x000001f491b73ca8]
Event: 433.264 Thread 0x000001f4a03b9160 nmethod 7148% 0x000001f48a8aff10 code [0x000001f48a8b0540, 0x000001f48a8b41f8]
Event: 433.264 Thread 0x000001f4a03b9160 7146       3       arc.scene.ui.Button::<init> (26 bytes)
Event: 433.264 Thread 0x000001f4a03b9160 nmethod 7146 0x000001f48a8a0b90 code [0x000001f48a8a0da0, 0x000001f48a8a1588]
Event: 433.277 Thread 0x000001f4a03b9160 7149       3       arc.scene.ui.layout.Table::computeSize (1457 bytes)
Event: 433.279 Thread 0x000001f4a03b9160 nmethod 7149 0x000001f48a1daa10 code [0x000001f48a1db000, 0x000001f48a1de938]
Event: 433.528 Thread 0x000001f4a03b9160 7150       3       arc.scene.actions.AlphaAction::update (24 bytes)
Event: 433.528 Thread 0x000001f4a03b9160 nmethod 7150 0x000001f48a809610 code [0x000001f48a8097a0, 0x000001f48a8098d8]
Event: 434.795 Thread 0x000001f4a03b9160 7151       3       sun.util.calendar.BaseCalendar::getCalendarDateFromFixedDate (305 bytes)
Event: 434.796 Thread 0x000001f4a03b9160 nmethod 7151 0x000001f48a15ac90 code [0x000001f48a15af20, 0x000001f48a15c548]
Event: 434.796 Thread 0x000001f4a03b9160 7152       3       sun.util.calendar.BaseCalendar$Date::hit (24 bytes)
Event: 434.796 Thread 0x000001f4a03b9160 nmethod 7152 0x000001f48a1da490 code [0x000001f48a1da620, 0x000001f48a1da7d8]

GC Heap History (20 events):
Event: 238.647 GC heap before
{Heap before GC invocations=705 (full 0):
 garbage-first heap   total 307200K, used 252154K [0x0000000081600000, 0x0000000100000000)
  region size 1024K, 135 young (138240K), 11 survivors (11264K)
 Metaspace       used 33989K, committed 34368K, reserved 1081344K
  class space    used 4874K, committed 5056K, reserved 1048576K
}
Event: 238.652 GC heap after
{Heap after GC invocations=706 (full 0):
 garbage-first heap   total 307200K, used 125465K [0x0000000081600000, 0x0000000100000000)
  region size 1024K, 12 young (12288K), 12 survivors (12288K)
 Metaspace       used 33989K, committed 34368K, reserved 1081344K
  class space    used 4874K, committed 5056K, reserved 1048576K
}
Event: 238.947 GC heap before
{Heap before GC invocations=706 (full 0):
 garbage-first heap   total 307200K, used 251417K [0x0000000081600000, 0x0000000100000000)
  region size 1024K, 135 young (138240K), 12 survivors (12288K)
 Metaspace       used 33989K, committed 34368K, reserved 1081344K
  class space    used 4874K, committed 5056K, reserved 1048576K
}
Event: 238.952 GC heap after
{Heap after GC invocations=707 (full 0):
 garbage-first heap   total 307200K, used 124747K [0x0000000081600000, 0x0000000100000000)
  region size 1024K, 11 young (11264K), 11 survivors (11264K)
 Metaspace       used 33989K, committed 34368K, reserved 1081344K
  class space    used 4874K, committed 5056K, reserved 1048576K
}
Event: 239.247 GC heap before
{Heap before GC invocations=707 (full 0):
 garbage-first heap   total 307200K, used 251723K [0x0000000081600000, 0x0000000100000000)
  region size 1024K, 135 young (138240K), 11 survivors (11264K)
 Metaspace       used 33989K, committed 34368K, reserved 1081344K
  class space    used 4874K, committed 5056K, reserved 1048576K
}
Event: 239.252 GC heap after
{Heap after GC invocations=708 (full 0):
 garbage-first heap   total 307200K, used 125180K [0x0000000081600000, 0x0000000100000000)
  region size 1024K, 11 young (11264K), 11 survivors (11264K)
 Metaspace       used 33989K, committed 34368K, reserved 1081344K
  class space    used 4874K, committed 5056K, reserved 1048576K
}
Event: 239.548 GC heap before
{Heap before GC invocations=708 (full 0):
 garbage-first heap   total 307200K, used 252156K [0x0000000081600000, 0x0000000100000000)
  region size 1024K, 135 young (138240K), 11 survivors (11264K)
 Metaspace       used 33989K, committed 34368K, reserved 1081344K
  class space    used 4874K, committed 5056K, reserved 1048576K
}
Event: 239.553 GC heap after
{Heap after GC invocations=709 (full 0):
 garbage-first heap   total 307200K, used 125475K [0x0000000081600000, 0x0000000100000000)
  region size 1024K, 12 young (12288K), 12 survivors (12288K)
 Metaspace       used 33989K, committed 34368K, reserved 1081344K
  class space    used 4874K, committed 5056K, reserved 1048576K
}
Event: 239.848 GC heap before
{Heap before GC invocations=709 (full 0):
 garbage-first heap   total 307200K, used 251427K [0x0000000081600000, 0x0000000100000000)
  region size 1024K, 135 young (138240K), 12 survivors (12288K)
 Metaspace       used 33989K, committed 34368K, reserved 1081344K
  class space    used 4874K, committed 5056K, reserved 1048576K
}
Event: 239.853 GC heap after
{Heap after GC invocations=710 (full 0):
 garbage-first heap   total 307200K, used 125183K [0x0000000081600000, 0x0000000100000000)
  region size 1024K, 11 young (11264K), 11 survivors (11264K)
 Metaspace       used 33989K, committed 34368K, reserved 1081344K
  class space    used 4874K, committed 5056K, reserved 1048576K
}
Event: 240.148 GC heap before
{Heap before GC invocations=710 (full 0):
 garbage-first heap   total 307200K, used 252159K [0x0000000081600000, 0x0000000100000000)
  region size 1024K, 135 young (138240K), 11 survivors (11264K)
 Metaspace       used 33989K, committed 34368K, reserved 1081344K
  class space    used 4874K, committed 5056K, reserved 1048576K
}
Event: 240.153 GC heap after
{Heap after GC invocations=711 (full 0):
 garbage-first heap   total 307200K, used 125183K [0x0000000081600000, 0x0000000100000000)
  region size 1024K, 11 young (11264K), 11 survivors (11264K)
 Metaspace       used 33989K, committed 34368K, reserved 1081344K
  class space    used 4874K, committed 5056K, reserved 1048576K
}
Event: 240.448 GC heap before
{Heap before GC invocations=711 (full 0):
 garbage-first heap   total 307200K, used 252159K [0x0000000081600000, 0x0000000100000000)
  region size 1024K, 135 young (138240K), 11 survivors (11264K)
 Metaspace       used 33989K, committed 34368K, reserved 1081344K
  class space    used 4874K, committed 5056K, reserved 1048576K
}
Event: 240.454 GC heap after
{Heap after GC invocations=712 (full 0):
 garbage-first heap   total 307200K, used 125482K [0x0000000081600000, 0x0000000100000000)
  region size 1024K, 12 young (12288K), 12 survivors (12288K)
 Metaspace       used 33989K, committed 34368K, reserved 1081344K
  class space    used 4874K, committed 5056K, reserved 1048576K
}
Event: 240.748 GC heap before
{Heap before GC invocations=712 (full 0):
 garbage-first heap   total 307200K, used 251434K [0x0000000081600000, 0x0000000100000000)
  region size 1024K, 135 young (138240K), 12 survivors (12288K)
 Metaspace       used 33989K, committed 34368K, reserved 1081344K
  class space    used 4874K, committed 5056K, reserved 1048576K
}
Event: 240.753 GC heap after
{Heap after GC invocations=713 (full 0):
 garbage-first heap   total 307200K, used 125185K [0x0000000081600000, 0x0000000100000000)
  region size 1024K, 11 young (11264K), 11 survivors (11264K)
 Metaspace       used 33989K, committed 34368K, reserved 1081344K
  class space    used 4874K, committed 5056K, reserved 1048576K
}
Event: 241.048 GC heap before
{Heap before GC invocations=713 (full 0):
 garbage-first heap   total 307200K, used 252161K [0x0000000081600000, 0x0000000100000000)
  region size 1024K, 135 young (138240K), 11 survivors (11264K)
 Metaspace       used 34007K, committed 34368K, reserved 1081344K
  class space    used 4880K, committed 5056K, reserved 1048576K
}
Event: 241.053 GC heap after
{Heap after GC invocations=714 (full 0):
 garbage-first heap   total 307200K, used 125481K [0x0000000081600000, 0x0000000100000000)
  region size 1024K, 12 young (12288K), 12 survivors (12288K)
 Metaspace       used 34007K, committed 34368K, reserved 1081344K
  class space    used 4880K, committed 5056K, reserved 1048576K
}
Event: 241.349 GC heap before
{Heap before GC invocations=714 (full 0):
 garbage-first heap   total 307200K, used 251433K [0x0000000081600000, 0x0000000100000000)
  region size 1024K, 135 young (138240K), 12 survivors (12288K)
 Metaspace       used 34017K, committed 34368K, reserved 1081344K
  class space    used 4883K, committed 5056K, reserved 1048576K
}
Event: 241.354 GC heap after
{Heap after GC invocations=715 (full 0):
 garbage-first heap   total 307200K, used 124504K [0x0000000081600000, 0x0000000100000000)
  region size 1024K, 11 young (11264K), 11 survivors (11264K)
 Metaspace       used 34017K, committed 34368K, reserved 1081344K
  class space    used 4883K, committed 5056K, reserved 1048576K
}

Deoptimization events (20 events):
Event: 432.947 Thread 0x000001f4b0e32d20 Uncommon trap: trap_request=0xffffffde fr.pc=0x000001f4917aefbc relative=0x000000000000037c
Event: 432.947 Thread 0x000001f4b0e32d20 Uncommon trap: reason=class_check action=maybe_recompile pc=0x000001f4917aefbc method=java.util.HashSet.iterator()Ljava/util/Iterator; @ 4 c2
Event: 432.948 Thread 0x000001f4b0e32d20 DEOPT PACKING pc=0x000001f4917aefbc sp=0x000000663ecfd660
Event: 432.948 Thread 0x000001f4b0e32d20 DEOPT UNPACKING pc=0x000001f489b5d72e sp=0x000000663ecfd628 mode 2
Event: 433.246 Thread 0x000001f4b0e32d20 Uncommon trap: trap_request=0xffffff45 fr.pc=0x000001f4919ea694 relative=0x0000000000000074
Event: 433.246 Thread 0x000001f4b0e32d20 Uncommon trap: reason=unstable_if action=reinterpret pc=0x000001f4919ea694 method=arc.util.serialization.Jval$Jwriter.getEscapedChar(C)Ljava/lang/String; @ 1 c2
Event: 433.246 Thread 0x000001f4b0e32d20 DEOPT PACKING pc=0x000001f4919ea694 sp=0x000000663ecfe560
Event: 433.246 Thread 0x000001f4b0e32d20 DEOPT UNPACKING pc=0x000001f489b5d72e sp=0x000000663ecfe4e8 mode 2
Event: 433.246 Thread 0x000001f4b0e32d20 Uncommon trap: trap_request=0xffffffc6 fr.pc=0x000001f491a72bc8 relative=0x0000000000000268
Event: 433.246 Thread 0x000001f4b0e32d20 Uncommon trap: reason=bimorphic_or_optimized_type_check action=maybe_recompile pc=0x000001f491a72bc8 method=arc.util.Structs.lambda$comparingInt$4(Larc/func/Intf;Ljava/lang/Object;Ljava/lang/Object;)I @ 2 c2
Event: 433.246 Thread 0x000001f4b0e32d20 DEOPT PACKING pc=0x000001f491a72bc8 sp=0x000000663ecfe7f0
Event: 433.246 Thread 0x000001f4b0e32d20 DEOPT UNPACKING pc=0x000001f489b5d72e sp=0x000000663ecfe630 mode 2
Event: 433.261 Thread 0x000001f48239f690 Uncommon trap: trap_request=0xffffff45 fr.pc=0x000001f49170c280 relative=0x0000000000001920
Event: 433.261 Thread 0x000001f48239f690 Uncommon trap: reason=unstable_if action=reinterpret pc=0x000001f49170c280 method=arc.scene.Scene.unfocus(Larc/scene/Element;)V @ 20 c2
Event: 433.261 Thread 0x000001f48239f690 DEOPT PACKING pc=0x000001f49170c280 sp=0x000000663baff260
Event: 433.261 Thread 0x000001f48239f690 DEOPT UNPACKING pc=0x000001f489b5d72e sp=0x000000663baff1f8 mode 2
Event: 434.796 Thread 0x000001f48239f690 Uncommon trap: trap_request=0xffffff76 fr.pc=0x000001f49181898c relative=0x000000000000082c
Event: 434.796 Thread 0x000001f48239f690 Uncommon trap: reason=predicate action=maybe_recompile pc=0x000001f49181898c method=arc.struct.Seq.remove(Ljava/lang/Object;Z)Z @ 68 c2
Event: 434.796 Thread 0x000001f48239f690 DEOPT PACKING pc=0x000001f49181898c sp=0x000000663baff290
Event: 434.796 Thread 0x000001f48239f690 DEOPT UNPACKING pc=0x000001f489b5d72e sp=0x000000663baff240 mode 2

Classes unloaded (12 events):
Event: 10.429 Thread 0x000001f4a0398450 Unloading class 0x0000000800f38c00 'java/lang/invoke/LambdaForm$MH+0x0000000800f38c00'
Event: 10.429 Thread 0x000001f4a0398450 Unloading class 0x0000000800f38800 'java/lang/invoke/LambdaForm$MH+0x0000000800f38800'
Event: 10.429 Thread 0x000001f4a0398450 Unloading class 0x0000000800f38400 'java/lang/invoke/LambdaForm$MH+0x0000000800f38400'
Event: 10.429 Thread 0x000001f4a0398450 Unloading class 0x0000000800f33800 'java/lang/invoke/LambdaForm$DMH+0x0000000800f33800'
Event: 10.429 Thread 0x000001f4a0398450 Unloading class 0x0000000800f33c00 'java/lang/invoke/LambdaForm$DMH+0x0000000800f33c00'
Event: 10.429 Thread 0x000001f4a0398450 Unloading class 0x0000000800f33000 'java/lang/invoke/LambdaForm$DMH+0x0000000800f33000'
Event: 10.429 Thread 0x000001f4a0398450 Unloading class 0x0000000800f32c00 'java/lang/invoke/LambdaForm$DMH+0x0000000800f32c00'
Event: 10.429 Thread 0x000001f4a0398450 Unloading class 0x0000000800f32800 'java/lang/invoke/LambdaForm$DMH+0x0000000800f32800'
Event: 10.429 Thread 0x000001f4a0398450 Unloading class 0x0000000800f32000 'java/lang/invoke/LambdaForm$DMH+0x0000000800f32000'
Event: 10.429 Thread 0x000001f4a0398450 Unloading class 0x0000000800f31000 'java/lang/invoke/LambdaForm$DMH+0x0000000800f31000'
Event: 10.429 Thread 0x000001f4a0398450 Unloading class 0x0000000800f31400 'java/lang/invoke/LambdaForm$DMH+0x0000000800f31400'
Event: 10.429 Thread 0x000001f4a0398450 Unloading class 0x0000000800f31800 'java/lang/invoke/LambdaForm$DMH+0x0000000800f31800'

Classes redefined (0 events):
No events

Internal exceptions (20 events):
Event: 45.449 Thread 0x000001f48239f690 Exception <a 'java/lang/ClassCastException'{0x000000008e78bf30}: class mindustry.gen.UnitEntityLegacyBeta cannot be cast to class mindustry.gen.Payloadc (mindustry.gen.UnitEntityLegacyBeta and mindustry.gen.Payloadc are in unnamed module of loader 'app')> (0x000000008e78bf30) 
thrown [t:\workspace\open\src\hotspot\share\interpreter\interpreterRuntime.cpp, line 441]
Event: 45.916 Thread 0x000001f48239f690 Exception <a 'java/lang/ClassCastException'{0x000000008e7ac3f8}: class mindustry.gen.UnitEntityLegacyBeta cannot be cast to class mindustry.gen.Payloadc (mindustry.gen.UnitEntityLegacyBeta and mindustry.gen.Payloadc are in unnamed module of loader 'app')> (0x000000008e7ac3f8) 
thrown [t:\workspace\open\src\hotspot\share\interpreter\interpreterRuntime.cpp, line 441]
Event: 46.967 Thread 0x000001f48239f690 Exception <a 'java/lang/ClassCastException'{0x000000008e69e368}: class mindustry.gen.UnitEntityLegacyBeta cannot be cast to class mindustry.gen.Payloadc (mindustry.gen.UnitEntityLegacyBeta and mindustry.gen.Payloadc are in unnamed module of loader 'app')> (0x000000008e69e368) 
thrown [t:\workspace\open\src\hotspot\share\interpreter\interpreterRuntime.cpp, line 441]
Event: 47.434 Thread 0x000001f48239f690 Exception <a 'java/lang/ClassCastException'{0x000000008e6d16c0}: class mindustry.gen.UnitEntityLegacyBeta cannot be cast to class mindustry.gen.Payloadc (mindustry.gen.UnitEntityLegacyBeta and mindustry.gen.Payloadc are in unnamed module of loader 'app')> (0x000000008e6d16c0) 
thrown [t:\workspace\open\src\hotspot\share\interpreter\interpreterRuntime.cpp, line 441]
Event: 47.683 Thread 0x000001f48239f690 Exception <a 'java/lang/ClassCastException'{0x0000000091688be0}: class mindustry.gen.UnitEntityLegacyBeta cannot be cast to class mindustry.gen.Payloadc (mindustry.gen.UnitEntityLegacyBeta and mindustry.gen.Payloadc are in unnamed module of loader 'app')> (0x0000000091688be0) 
thrown [t:\workspace\open\src\hotspot\share\interpreter\interpreterRuntime.cpp, line 441]
Event: 48.167 Thread 0x000001f48239f690 Exception <a 'java/lang/ClassCastException'{0x000000008c560630}: class mindustry.gen.UnitEntityLegacyBeta cannot be cast to class mindustry.gen.Payloadc (mindustry.gen.UnitEntityLegacyBeta and mindustry.gen.Payloadc are in unnamed module of loader 'app')> (0x000000008c560630) 
thrown [t:\workspace\open\src\hotspot\share\interpreter\interpreterRuntime.cpp, line 441]
Event: 48.785 Thread 0x000001f48239f690 Implicit null exception at 0x000001f491a24150 to 0x000001f491a2418c
Event: 241.549 Thread 0x000001f48239f690 Implicit null exception at 0x000001f491aa2555 to 0x000001f491aa26e8
Event: 241.549 Thread 0x000001f48239f690 Implicit null exception at 0x000001f491978ce2 to 0x000001f4919794e0
Event: 253.572 Thread 0x000001f4a6c05160 Exception <a 'java/net/UnknownHostException'{0x000000008e781270}> (0x000000008e781270) 
thrown [t:\workspace\open\src\hotspot\share\prims\jni.cpp, line 579]
Event: 253.588 Thread 0x000001f4a6c07be0 Exception <a 'java/net/UnknownHostException'{0x000000008e380ce0}> (0x000000008e380ce0) 
thrown [t:\workspace\open\src\hotspot\share\prims\jni.cpp, line 579]
Event: 253.588 Thread 0x000001f4a6c08130 Exception <a 'java/net/UnknownHostException'{0x000000008e301278}> (0x000000008e301278) 
thrown [t:\workspace\open\src\hotspot\share\prims\jni.cpp, line 579]
Event: 304.536 Thread 0x000001f4a6822aa0 Implicit null exception at 0x000001f4918b16e0 to 0x000001f4918b1b24
Event: 423.237 Thread 0x000001f48239f690 Implicit null exception at 0x000001f491b3f93d to 0x000001f491b40eac
Event: 423.237 Thread 0x000001f48239f690 Implicit null exception at 0x000001f491b048bc to 0x000001f491b05268
Event: 424.956 Thread 0x000001f48239f690 Exception <a 'java/lang/NoSuchMethodError'{0x000000008db727a8}: 'java.lang.Object java.lang.invoke.DirectMethodHandle$Holder.newInvokeSpecial(java.lang.Object, java.lang.Object, java.lang.Object, float, float)'> (0x000000008db727a8) 
thrown [t:\workspace\open\src\hotspot\share\interpreter\linkResolver.cpp, line 790]
Event: 424.958 Thread 0x000001f48239f690 Exception <a 'java/lang/NoSuchMethodError'{0x000000008dba0fa8}: 'java.lang.Object java.lang.invoke.DirectMethodHandle$Holder.newInvokeSpecial(java.lang.Object, java.lang.Object, java.lang.Object, float)'> (0x000000008dba0fa8) 
thrown [t:\workspace\open\src\hotspot\share\interpreter\linkResolver.cpp, line 790]
Event: 424.958 Thread 0x000001f48239f690 Exception <a 'java/lang/NoSuchMethodError'{0x000000008dba4fe0}: 'java.lang.Object java.lang.invoke.DirectMethodHandle$Holder.invokeSpecial(java.lang.Object, java.lang.Object, java.lang.Object, java.lang.Object, float)'> (0x000000008dba4fe0) 
thrown [t:\workspace\open\src\hotspot\share\interpreter\linkResolver.cpp, line 790]
Event: 424.958 Thread 0x000001f48239f690 Exception <a 'java/lang/NoSuchMethodError'{0x000000008dba8da0}: 'java.lang.Object java.lang.invoke.Invokers$Holder.linkToTargetMethod(java.lang.Object, java.lang.Object, float, java.lang.Object)'> (0x000000008dba8da0) 
thrown [t:\workspace\open\src\hotspot\share\interpreter\linkResolver.cpp, line 790]
Event: 434.794 Thread 0x000001f48239f690 Exception <a 'java/lang/IncompatibleClassChangeError'{0x000000008da3ebb8}: Found class java.lang.Object, but interface was expected> (0x000000008da3ebb8) 
thrown [t:\workspace\open\src\hotspot\share\interpreter\linkResolver.cpp, line 857]

Events (20 events):
Event: 432.438 Executing  VM operation: Cleanup done
Event: 432.663 Thread 0x000001f4b1430660 Thread exited: 0x000001f4b1430660
Event: 432.668 Thread 0x000001f4b0e327d0 Thread added: 0x000001f4b0e327d0
Event: 432.671 Thread 0x000001f4b0e32d20 Thread added: 0x000001f4b0e32d20
Event: 432.891 Thread 0x000001f4b1432230 Thread exited: 0x000001f4b1432230
Event: 432.927 Thread 0x000001f4b0e2fd60 Thread added: 0x000001f4b0e2fd60
Event: 432.951 Thread 0x000001f4b0e367c0 Thread added: 0x000001f4b0e367c0
Event: 432.951 Thread 0x000001f4b0e367c0 Thread exited: 0x000001f4b0e367c0
Event: 433.234 loading class sun/net/www/http/ChunkedInputStream
Event: 433.235 loading class sun/net/www/http/ChunkedInputStream done
Event: 433.236 Thread 0x000001f4b0e2fd60 Thread exited: 0x000001f4b0e2fd60
Event: 433.438 Executing  VM operation: Cleanup
Event: 433.438 Executing  VM operation: Cleanup done
Event: 434.439 Executing  VM operation: Cleanup
Event: 434.439 Executing  VM operation: Cleanup done
Event: 434.796 Thread 0x000001f4b701f1f0 Thread added: 0x000001f4b701f1f0
Event: 434.796 loading class java/nio/channels/ClosedSelectorException
Event: 434.796 loading class java/nio/channels/ClosedSelectorException done
Event: 434.796 Thread 0x000001f4b12513e0 Thread exited: 0x000001f4b12513e0
Event: 434.797 Thread 0x000001f4a66225d0 Thread exited: 0x000001f4a66225d0


Dynamic libraries:
0x00007ff732750000 - 0x00007ff732760000 	C:\Program Files\Java\jdk-16.0.1\bin\java.exe
0x00007ffd145b0000 - 0x00007ffd147a5000 	C:\Windows\SYSTEM32\ntdll.dll
0x00007ffd14380000 - 0x00007ffd1443d000 	C:\Windows\System32\KERNEL32.DLL
0x00007ffd12000000 - 0x00007ffd122c9000 	C:\Windows\System32\KERNELBASE.dll
0x00007ffd0f4c0000 - 0x00007ffd0f550000 	C:\Windows\SYSTEM32\apphelp.dll
0x00007ffcce3e0000 - 0x00007ffcce3f9000 	C:\Program Files\Java\jdk-16.0.1\bin\VCRUNTIME140.dll
0x00007ffcce400000 - 0x00007ffcce418000 	C:\Program Files\Java\jdk-16.0.1\bin\jli.dll
0x00007ffd11cf0000 - 0x00007ffd11df0000 	C:\Windows\System32\ucrtbase.dll
0x00007ffd134c0000 - 0x00007ffd1356c000 	C:\Windows\System32\ADVAPI32.dll
0x00007ffd142c0000 - 0x00007ffd1435e000 	C:\Windows\System32\msvcrt.dll
0x00007ffd136a0000 - 0x00007ffd1373b000 	C:\Windows\System32\sechost.dll
0x00007ffd13570000 - 0x00007ffd1369a000 	C:\Windows\System32\RPCRT4.dll
0x00007ffd12db0000 - 0x00007ffd12f50000 	C:\Windows\System32\USER32.dll
0x00007ffd095e0000 - 0x00007ffd0987a000 	C:\Windows\WinSxS\amd64_microsoft.windows.common-controls_6595b64144ccf1df_6.0.19041.1083_none_60bbe31371f34e71\COMCTL32.dll
0x00007ffd11f20000 - 0x00007ffd11f42000 	C:\Windows\System32\win32u.dll
0x00007ffd12c50000 - 0x00007ffd12c7a000 	C:\Windows\System32\GDI32.dll
0x00007ffd12300000 - 0x00007ffd1240b000 	C:\Windows\System32\gdi32full.dll
0x00007ffd11e80000 - 0x00007ffd11f1d000 	C:\Windows\System32\msvcp_win.dll
0x00007ffd0a9e0000 - 0x00007ffd0a9ea000 	C:\Windows\SYSTEM32\VERSION.dll
0x00007ffd12f50000 - 0x00007ffd12f80000 	C:\Windows\System32\IMM32.DLL
0x00007ffcf4360000 - 0x00007ffcf436c000 	C:\Program Files\Java\jdk-16.0.1\bin\vcruntime140_1.dll
0x00007ffccbd00000 - 0x00007ffccbd91000 	C:\Program Files\Java\jdk-16.0.1\bin\msvcp140.dll
0x00007ffcbc0f0000 - 0x00007ffcbcc9b000 	C:\Program Files\Java\jdk-16.0.1\bin\server\jvm.dll
0x00007ffd12c40000 - 0x00007ffd12c48000 	C:\Windows\System32\PSAPI.DLL
0x00007ffd09d60000 - 0x00007ffd09d87000 	C:\Windows\SYSTEM32\WINMM.dll
0x00007ffd00970000 - 0x00007ffd00979000 	C:\Windows\SYSTEM32\WSOCK32.dll
0x00007ffd13740000 - 0x00007ffd137ab000 	C:\Windows\System32\WS2_32.dll
0x00007ffd0fc40000 - 0x00007ffd0fc52000 	C:\Windows\SYSTEM32\kernel.appcore.dll
0x00007ffcf3890000 - 0x00007ffcf389a000 	C:\Program Files\Java\jdk-16.0.1\bin\jimage.dll
0x00007ffd00b40000 - 0x00007ffd00d24000 	C:\Windows\SYSTEM32\DBGHELP.DLL
0x00007ffd00940000 - 0x00007ffd0096c000 	C:\Windows\SYSTEM32\dbgcore.DLL
0x00007ffd11df0000 - 0x00007ffd11e73000 	C:\Windows\System32\bcryptPrimitives.dll
0x00007ffccdd40000 - 0x00007ffccdd65000 	C:\Program Files\Java\jdk-16.0.1\bin\java.dll
0x00007ffd13af0000 - 0x00007ffd1422f000 	C:\Windows\System32\SHELL32.dll
0x00007ffd0fe40000 - 0x00007ffd105d1000 	C:\Windows\SYSTEM32\windows.storage.dll
0x00007ffd127b0000 - 0x00007ffd12b05000 	C:\Windows\System32\combase.dll
0x00007ffd11760000 - 0x00007ffd1178c000 	C:\Windows\SYSTEM32\Wldp.dll
0x00007ffd12700000 - 0x00007ffd127ae000 	C:\Windows\System32\SHCORE.dll
0x00007ffd12fe0000 - 0x00007ffd13035000 	C:\Windows\System32\shlwapi.dll
0x00007ffd11c30000 - 0x00007ffd11c4f000 	C:\Windows\SYSTEM32\profapi.dll
0x00007ffccdd20000 - 0x00007ffccdd39000 	C:\Program Files\Java\jdk-16.0.1\bin\net.dll
0x00007ffd0aa50000 - 0x00007ffd0ab5a000 	C:\Windows\SYSTEM32\WINHTTP.dll
0x00007ffd114c0000 - 0x00007ffd1152a000 	C:\Windows\system32\mswsock.dll
0x00007ffccdb20000 - 0x00007ffccdb33000 	C:\Program Files\Java\jdk-16.0.1\bin\nio.dll
0x00007ffccdb00000 - 0x00007ffccdb18000 	C:\Program Files\Java\jdk-16.0.1\bin\zip.dll
0x00007ffd116a0000 - 0x00007ffd116b8000 	C:\Windows\SYSTEM32\CRYPTSP.dll
0x00007ffd10df0000 - 0x00007ffd10e24000 	C:\Windows\system32\rsaenh.dll
0x00007ffd122d0000 - 0x00007ffd122f7000 	C:\Windows\System32\bcrypt.dll
0x00007ffd11bb0000 - 0x00007ffd11bde000 	C:\Windows\SYSTEM32\USERENV.dll
0x00007ffd116c0000 - 0x00007ffd116cc000 	C:\Windows\SYSTEM32\CRYPTBASE.dll
0x00007ffd11160000 - 0x00007ffd1119b000 	C:\Windows\SYSTEM32\IPHLPAPI.DLL
0x00007ffd14440000 - 0x00007ffd14448000 	C:\Windows\System32\NSI.dll
0x00007ffd0bd50000 - 0x00007ffd0bd67000 	C:\Windows\SYSTEM32\dhcpcsvc6.DLL
0x00007ffd0bd30000 - 0x00007ffd0bd4d000 	C:\Windows\SYSTEM32\dhcpcsvc.DLL
0x00007ffd111a0000 - 0x00007ffd1126c000 	C:\Windows\SYSTEM32\DNSAPI.dll
0x0000000063f60000 - 0x0000000064028000 	C:\Users\user\AppData\Local\Temp\arc\5f24d8af\arc64.dll
0x0000000063d80000 - 0x0000000063f5a000 	C:\Users\user\AppData\Local\Temp\arc\87dfef74\sdl-arc64.dll
0x00007ffd139c0000 - 0x00007ffd13aea000 	C:\Windows\System32\ole32.dll
0x00007ffd12b70000 - 0x00007ffd12c3d000 	C:\Windows\System32\OLEAUT32.dll
0x00007ffd13050000 - 0x00007ffd134b9000 	C:\Windows\System32\SETUPAPI.dll
0x00007ffcda7c0000 - 0x00007ffcda8e5000 	C:\Windows\SYSTEM32\OPENGL32.dll
0x00007ffd12410000 - 0x00007ffd1245e000 	C:\Windows\System32\cfgmgr32.dll
0x00007ffcf3980000 - 0x00007ffcf39ac000 	C:\Windows\SYSTEM32\GLU32.dll
0x00007ffd0f780000 - 0x00007ffd0f81e000 	C:\Windows\system32\uxtheme.dll
0x00007ffd14450000 - 0x00007ffd14565000 	C:\Windows\System32\MSCTF.dll
0x00007ffd12d00000 - 0x00007ffd12da9000 	C:\Windows\System32\clbcatq.dll
0x0000000061f30000 - 0x0000000063d77000 	C:\Windows\SYSTEM32\nvoglv64.DLL
0x00007ffd0d920000 - 0x00007ffd0d934000 	C:\Windows\SYSTEM32\WTSAPI32.dll
0x00007ffd10a20000 - 0x00007ffd10a53000 	C:\Windows\SYSTEM32\ntmarta.dll
0x00007ffd112d0000 - 0x00007ffd1131b000 	C:\Windows\SYSTEM32\powrprof.dll
0x00007ffd11140000 - 0x00007ffd11152000 	C:\Windows\SYSTEM32\UMPDC.dll
0x00007ffd10c30000 - 0x00007ffd10c8a000 	C:\Windows\SYSTEM32\WINSTA.dll
0x00007ffd0fa60000 - 0x00007ffd0fa8f000 	C:\Windows\system32\dwmapi.dll
0x00007ffd0d710000 - 0x00007ffd0d806000 	C:\Windows\SYSTEM32\PROPSYS.dll
0x00007ffd05290000 - 0x00007ffd05389000 	C:\Windows\SYSTEM32\textinputframework.dll
0x00007ffd0edf0000 - 0x00007ffd0f14e000 	C:\Windows\System32\CoreUIComponents.dll
0x00007ffd0f150000 - 0x00007ffd0f242000 	C:\Windows\System32\CoreMessaging.dll
0x00007ffd0da90000 - 0x00007ffd0dbe4000 	C:\Windows\SYSTEM32\wintypes.dll
0x00007ffcfce00000 - 0x00007ffcfce41000 	C:\Windows\System32\IME\IMEKR\imkrapi.dll
0x00007ffd0c3d0000 - 0x00007ffd0c470000 	C:\Windows\SYSTEM32\policymanager.dll
0x00007ffd10e80000 - 0x00007ffd10f0a000 	C:\Windows\SYSTEM32\msvcp110_win.dll
0x00007ffcfca50000 - 0x00007ffcfca8e000 	C:\Windows\System32\IME\shared\imjkapi.dll
0x00007ffd10620000 - 0x00007ffd10714000 	C:\Windows\SYSTEM32\dxgi.dll
0x00007ffd0dbf0000 - 0x00007ffd0de54000 	C:\Windows\SYSTEM32\d3d11.dll
0x00007ffd06a10000 - 0x00007ffd06a4b000 	C:\Windows\SYSTEM32\dxcore.dll
0x00007ffd0bde0000 - 0x00007ffd0be65000 	C:\Windows\System32\MMDevApi.dll
0x00007ffd11aa0000 - 0x00007ffd11acc000 	C:\Windows\System32\DEVOBJ.dll
0x00007ffd0bed0000 - 0x00007ffd0c051000 	C:\Windows\SYSTEM32\AUDIOSES.DLL
0x00007ffd0f840000 - 0x00007ffd0f854000 	C:\Windows\SYSTEM32\resourcepolicyclient.dll
0x0000000066f40000 - 0x0000000066fc3000 	C:\Users\user\AppData\Local\Temp\liblz4-java-7083727607483467612.so
0x00007ffcd96c0000 - 0x00007ffcd96ce000 	C:\Program Files\Java\jdk-16.0.1\bin\sunmscapi.dll
0x00007ffd124c0000 - 0x00007ffd1261f000 	C:\Windows\System32\CRYPT32.dll
0x00007ffd117d0000 - 0x00007ffd117f7000 	C:\Windows\SYSTEM32\ncrypt.dll
0x00007ffd11790000 - 0x00007ffd117cb000 	C:\Windows\SYSTEM32\NTASN1.dll
0x00007ffcd9460000 - 0x00007ffcd9467000 	C:\Windows\system32\wshunix.dll
0x00007ffd098f0000 - 0x00007ffd0999e000 	C:\Windows\SYSTEM32\mscms.dll
0x00007ffd095c0000 - 0x00007ffd095d1000 	C:\Windows\SYSTEM32\ColorAdapterClient.dll
0x00007ffcda5d0000 - 0x00007ffcda613000 	C:\Windows\SYSTEM32\icm32.dll
0x0000000061ec0000 - 0x0000000061f27000 	C:\Users\user\AppData\Local\Temp\arc\955ce679\arc-freetype64.dll
0x00007ffd09d30000 - 0x00007ffd09d3a000 	C:\Windows\System32\rasadhlp.dll
0x00007ffd094e0000 - 0x00007ffd0955f000 	C:\Windows\System32\fwpuclnt.dll

dbghelp: loaded successfully - version: 4.0.5 - missing functions: none
symbol engine: initialized successfully - sym options: 0x614 - pdb path: .;C:\Program Files\Java\jdk-16.0.1\bin;C:\Windows\SYSTEM32;C:\Windows\WinSxS\amd64_microsoft.windows.common-controls_6595b64144ccf1df_6.0.19041.1083_none_60bbe31371f34e71;C:\Program Files\Java\jdk-16.0.1\bin\server;C:\Users\user\AppData\Local\Temp\arc\5f24d8af;C:\Users\user\AppData\Local\Temp\arc\87dfef74;C:\Windows\System32\IME\IMEKR;C:\Windows\System32\IME\shared;C:\Users\user\AppData\Local\Temp;C:\Users\user\AppData\Local\Temp\arc\955ce679

VM Arguments:
java_command: C:\Users\user\Downloads\Mindustry.jar
java_class_path (initial): C:\Users\user\Downloads\Mindustry.jar
Launcher Type: SUN_STANDARD

[Global flags]
     intx CICompilerCount                          = 4                                         {product} {ergonomic}
     uint ConcGCThreads                            = 2                                         {product} {ergonomic}
     uint G1ConcRefinementThreads                  = 8                                         {product} {ergonomic}
   size_t G1HeapRegionSize                         = 1048576                                   {product} {ergonomic}
    uintx GCDrainStackTargetSize                   = 64                                        {product} {ergonomic}
   size_t InitialHeapSize                          = 134217728                                 {product} {ergonomic}
   size_t MarkStackSize                            = 4194304                                   {product} {ergonomic}
   size_t MaxHeapSize                              = 2124414976                                {product} {ergonomic}
   size_t MaxNewSize                               = 1274019840                                {product} {ergonomic}
   size_t MinHeapDeltaBytes                        = 1048576                                   {product} {ergonomic}
   size_t MinHeapSize                              = 8388608                                   {product} {ergonomic}
    uintx NonNMethodCodeHeapSize                   = 5839372                                {pd product} {ergonomic}
    uintx NonProfiledCodeHeapSize                  = 122909434                              {pd product} {ergonomic}
    uintx ProfiledCodeHeapSize                     = 122909434                              {pd product} {ergonomic}
    uintx ReservedCodeCacheSize                    = 251658240                              {pd product} {ergonomic}
     bool SegmentedCodeCache                       = true                                      {product} {ergonomic}
   size_t SoftMaxHeapSize                          = 2124414976                             {manageable} {ergonomic}
     bool UseCompressedClassPointers               = true                           {product lp64_product} {ergonomic}
     bool UseCompressedOops                        = true                           {product lp64_product} {ergonomic}
     bool UseG1GC                                  = true                                      {product} {ergonomic}
     bool UseLargePagesIndividualAllocation        = false                                  {pd product} {ergonomic}

Logging:
Log output configuration:
 #0: stdout all=warning uptime,level,tags
 #1: stderr all=off uptime,level,tags

Environment Variables:
JAVA_HOME=C:\Program Files\Java\jdk-16.0.1\bin
CLASSPATH=C:\Program Files\Java\jdk-16.0.1\lib
PATH=C:\Program Files\Common Files\Oracle\Java\javapath;C:\Program Files (x86)\Common Files\Oracle\Java\javapath;C:\Windows\system32;C:\Windows;C:\Windows\System32\Wbem;C:\Windows\System32\WindowsPowerShell\v1.0\;C:\Windows\System32\OpenSSH\;C:\Users\user\AppData\Local\Microsoft\WindowsApps;C:\Users\user\AppData\Local\GitHubDesktop\bin
USERNAME=user
OS=Windows_NT
PROCESSOR_IDENTIFIER=Intel64 Family 6 Model 165 Stepping 3, GenuineIntel



---------------  S Y S T E M  ---------------

OS:
 Windows 10 , 64 bit Build 19041 (10.0.19041.1023)
OS uptime: 0 days 4:35 hours

CPU: total 8 (initial active 8) (4 cores per cpu, 2 threads per core) family 6 model 165 stepping 3 microcode 0xcc, cx8, cmov, fxsr, ht, mmx, 3dnowpref, sse, sse2, sse3, ssse3, sse4.1, sse4.2, popcnt, lzcnt, tsc, tscinvbit, avx, avx2, aes, erms, clmul, bmi1, bmi2, adx, fma, vzeroupper, clflush, clflushopt

Memory: 4k page, system-wide physical 8102M (1381M free)
TotalPageFile size 11866M (AvailPageFile size 1989M)
current process WorkingSet (physical memory assigned to process): 745M, peak: 761M
current process commit charge ("private bytes"): 1071M, peak: 1168M

vm_info: Java HotSpot(TM) 64-Bit Server VM (16.0.1+9-24) for windows-amd64 JRE (16.0.1+9-24), built on Mar 26 2021 19:31:42 by "mach5one" with MS VC++ 16.7 (VS2019)

END.
