#
# A fatal error has been detected by the Java Runtime Environment:
#
#  EXCEPTION_ACCESS_VIOLATION (0xc0000005) at pc=0x00007ffd144b44d2, pid=10704, tid=2292
#
# JRE version: Java(TM) SE Runtime Environment (16.0.1+9) (build 16.0.1+9-24)
# Java VM: Java HotSpot(TM) 64-Bit Server VM (16.0.1+9-24, mixed mode, sharing, tiered, compressed oops, compressed class ptrs, g1 gc, windows-amd64)
# Problematic frame:
# C  [MSCTF.dll+0x644d2]
#
# No core dump will be written. Minidumps are not enabled by default on client versions of Windows
#
# If you would like to submit a bug report, please visit:
#   https://bugreport.java.com/bugreport/crash.jsp
# The crash happened outside the Java Virtual Machine in native code.
# See problematic frame for where to report the bug.
#

---------------  S U M M A R Y ------------

Command Line: C:\Users\user\Downloads\Mindustry.jar

Host: Intel(R) Core(TM) i3-10105F CPU @ 3.70GHz, 8 cores, 7G,  Windows 10 , 64 bit Build 19041 (10.0.19041.1023)
Time: Wed Jul 14 15:24:08 2021  Windows 10 , 64 bit Build 19041 (10.0.19041.1023) elapsed time: 30.802622 seconds (0d 0h 0m 30s)

---------------  T H R E A D  ---------------

Current thread (0x000001dfa161f5f0):  JavaThread "main" [_thread_in_native, id=2292, stack(0x0000007cfb900000,0x0000007cfba00000)]

Stack: [0x0000007cfb900000,0x0000007cfba00000],  sp=0x0000007cfb9fec00,  free space=1019k
Native frames: (J=compiled Java code, j=interpreted, Vv=VM code, C=native code)
C  [MSCTF.dll+0x644d2]

Java frames: (J=compiled Java code, j=interpreted, Vv=VM code)
j  arc.backend.sdl.jni.SDL.SDL_Quit()V+0
j  arc.backend.sdl.SdlApplication.cleanup()V+20
j  arc.backend.sdl.SdlApplication.<init>(Larc/ApplicationListener;Larc/backend/sdl/SdlConfig;)V+154
j  mindustry.desktop.DesktopLauncher.main([Ljava/lang/String;)V+23
v  ~StubRoutines::call_stub

siginfo: EXCEPTION_ACCESS_VIOLATION (0xc0000005), reading address 0x00007ffceca74f40


Register to memory mapping:

RIP=0x00007ffd144b44d2 MSCTF.dll
RAX=0x00007ffceca74f30 is an unknown value
RBX=0x000001dfc03eb310 points into unknown readable memory: 0x00007ffd14528620 | 20 86 52 14 fd 7f 00 00
RCX=0x000001dfbf6b78d0 points into unknown readable memory: 0x00007ffceca74f30 | 30 4f a7 ec fc 7f 00 00
RDX=0x0 is NULL
RSP=0x0000007cfb9fec00 is pointing into the stack for thread: 0x000001dfa161f5f0
RBP=0x0000007cfb9ff040 is pointing into the stack for thread: 0x000001dfa161f5f0
RSI=0x0 is NULL
RDI=0x000001dfc0cd4ac0 points into unknown readable memory: 0x00007ffd14525e80 | 80 5e 52 14 fd 7f 00 00
R8 =0x0000000000000002 is an unknown value
R9 =0x0000000000000001 is an unknown value
R10=0x0 is NULL
R11=0x0000007cfb9feb70 is pointing into the stack for thread: 0x000001dfa161f5f0
R12=0x00000000000003ff is an unknown value
R13={method} {0x000001dfbfcc47a0} 'SDL_Quit' '()V' in 'arc/backend/sdl/jni/SDL'
R14=0x0 is NULL
R15=0x0 is NULL


Registers:
RAX=0x00007ffceca74f30, RBX=0x000001dfc03eb310, RCX=0x000001dfbf6b78d0, RDX=0x0000000000000000
RSP=0x0000007cfb9fec00, RBP=0x0000007cfb9ff040, RSI=0x0000000000000000, RDI=0x000001dfc0cd4ac0
R8 =0x0000000000000002, R9 =0x0000000000000001, R10=0x0000000000000000, R11=0x0000007cfb9feb70
R12=0x00000000000003ff, R13=0x000001dfbfcc4798, R14=0x0000000000000000, R15=0x0000000000000000
RIP=0x00007ffd144b44d2, EFLAGS=0x0000000000210202

Top of Stack: (sp=0x0000007cfb9fec00)
0x0000007cfb9fec00:   000001dfbf6c2390 000001dfc03eb310
0x0000007cfb9fec10:   00000000ffffffff 00007ffd14464e8c
0x0000007cfb9fec20:   000001dfc03eb310 00007ffd144b4712
0x0000007cfb9fec30:   0000000000000000 000001dfc0cd4ac0
0x0000007cfb9fec40:   0000000000000080 000001df00000000
0x0000007cfb9fec50:   0000000000000000 00007ffd144b6b27
0x0000007cfb9fec60:   000001dfc0cd4ac0 000001dfbfcc4798
0x0000007cfb9fec70:   0000000000000000 000001dfc0cd4ac0
0x0000007cfb9fec80:   000001dfc0cd4ac0 00007ffd1449be92
0x0000007cfb9fec90:   000001dfc03eb310 0000007cfb9ff040
0x0000007cfb9feca0:   0000000000000001 000001dfc0cd4ac0
0x0000007cfb9fecb0:   000001dfc0cd4ac0 00007ffd14471cd8
0x0000007cfb9fecc0:   000001dfc02de760 0000007cfb9ff040
0x0000007cfb9fecd0:   0000000000000001 0000000000000001
0x0000007cfb9fece0:   0000000000000101 0000000000000001
0x0000007cfb9fecf0:   0000000200000001 0000000100000000 

Instructions: (pc=0x00007ffd144b44d2)
0x00007ffd144b43d2:   01 49 8b f8 48 89 51 10 48 8b d9 48 85 d2 74 10
0x00007ffd144b43e2:   48 8b 02 48 8b ca 48 8b 40 08 ff 15 1e 8c 07 00
0x00007ffd144b43f2:   48 89 7b 18 48 85 ff 74 10 48 8b 07 48 8b cf 48
0x00007ffd144b4402:   8b 40 08 ff 15 05 8c 07 00 48 8b c3 48 8b 5c 24
0x00007ffd144b4412:   30 48 83 c4 20 5f c3 cc cc cc cc cc cc cc c7 41
0x00007ffd144b4422:   10 01 00 00 00 48 8d 05 f2 41 07 00 48 89 01 33
0x00007ffd144b4432:   d2 48 8d 05 ce 3f 07 00 48 89 41 08 48 8d 05 7b
0x00007ffd144b4442:   10 07 00 48 89 51 38 48 89 51 40 48 89 41 60 48
0x00007ffd144b4452:   8b c1 48 89 51 70 48 89 51 68 48 89 51 78 48 89
0x00007ffd144b4462:   91 80 00 00 00 c3 cc cc cc cc cc cc cc cc e9 c3
0x00007ffd144b4472:   16 fa ff cc cc cc cc cc cc cc e9 eb 1b fa ff cc
0x00007ffd144b4482:   cc cc cc cc cc cc 40 53 48 83 ec 20 48 8d 05 8b
0x00007ffd144b4492:   41 07 00 48 8b d9 48 89 01 48 8d 05 66 3f 07 00
0x00007ffd144b44a2:   48 89 41 08 e8 5d 2f 00 00 48 8b 4b 48 48 85 c9
0x00007ffd144b44b2:   74 12 48 8b 01 48 8b 40 10 ff 15 4f 8b 07 00 48
0x00007ffd144b44c2:   83 63 48 00 48 8b 4b 18 48 85 c9 74 12 48 8b 01
0x00007ffd144b44d2:   48 8b 40 10 ff 15 34 8b 07 00 48 83 63 18 00 48
0x00007ffd144b44e2:   8b 8b 90 00 00 00 48 85 c9 74 0d e8 aa 6c 01 00
0x00007ffd144b44f2:   48 83 a3 90 00 00 00 00 48 8b 8b 80 00 00 00 48
0x00007ffd144b4502:   85 c9 74 0d 48 8b 01 48 8b 40 10 ff 15 fd 8a 07
0x00007ffd144b4512:   00 48 8b 4b 78 48 85 c9 74 0d 48 8b 01 48 8b 40
0x00007ffd144b4522:   10 ff 15 e7 8a 07 00 48 8b 4b 68 48 8d 05 8c 0f
0x00007ffd144b4532:   07 00 48 89 43 60 48 85 c9 74 0c 48 ff 15 44 83
0x00007ffd144b4542:   07 00 0f 1f 44 00 00 48 8b 4b 40 48 85 c9 74 0d
0x00007ffd144b4552:   48 8b 01 48 8b 40 10 ff 15 b1 8a 07 00 48 8b 4b
0x00007ffd144b4562:   38 48 85 c9 74 0d 48 8b 01 48 8b 40 10 ff 15 9b
0x00007ffd144b4572:   8a 07 00 48 83 c4 20 5b c3 cc cc cc cc cc cc cc
0x00007ffd144b4582:   cc cc 40 53 48 83 ec 20 48 8d 05 6f 3f 07 00 48
0x00007ffd144b4592:   8b d9 48 89 01 48 8d 05 32 3f 07 00 48 89 41 08
0x00007ffd144b45a2:   48 8d 05 df 3e 07 00 48 89 41 10 48 8d 05 ac 3e
0x00007ffd144b45b2:   07 00 48 89 41 18 48 8d 05 49 3e 07 00 48 89 41
0x00007ffd144b45c2:   20 48 83 c1 58 e8 90 07 00 00 48 8d 05 a5 13 07 


Stack slot to memory mapping:
stack at sp + 0 slots: 0x000001dfbf6c2390 points into unknown readable memory: 0x000001dfbf6c83a0 | a0 83 6c bf df 01 00 00
stack at sp + 1 slots: 0x000001dfc03eb310 points into unknown readable memory: 0x00007ffd14528620 | 20 86 52 14 fd 7f 00 00
stack at sp + 2 slots: 0x00000000ffffffff points into unknown readable memory: 00
stack at sp + 3 slots: 0x00007ffd14464e8c MSCTF.dll
stack at sp + 4 slots: 0x000001dfc03eb310 points into unknown readable memory: 0x00007ffd14528620 | 20 86 52 14 fd 7f 00 00
stack at sp + 5 slots: 0x00007ffd144b4712 MSCTF.dll
stack at sp + 6 slots: 0x0 is NULL
stack at sp + 7 slots: 0x000001dfc0cd4ac0 points into unknown readable memory: 0x00007ffd14525e80 | 80 5e 52 14 fd 7f 00 00


---------------  P R O C E S S  ---------------

Threads class SMR info:
_java_thread_list=0x000001dfd10b2740, length=26, elements={
0x000001dfa161f5f0, 0x000001dfbf5ff510, 0x000001dfbf600ff0, 0x000001dfbf60ed00,
0x000001dfbf611230, 0x000001dfbf611840, 0x000001dfbf615e60, 0x000001dfbf6177b0,
0x000001dfbf635230, 0x000001dfbf635790, 0x000001dfc00bb9f0, 0x000001dfc00bf7d0,
0x000001dfc02ed9e0, 0x000001dfc456b100, 0x000001dfd6e14070, 0x000001dfc50fa6d0,
0x000001dfc50d98a0, 0x000001dfd16addb0, 0x000001dfd16ac320, 0x000001dfd16ab880,
0x000001dfd16abdd0, 0x000001dfd16ad860, 0x000001dfd16aade0, 0x000001dfd16ab330,
0x000001dfd64f1c50, 0x000001dfd0ca8310
}

Java Threads: ( => current thread )
=>0x000001dfa161f5f0 JavaThread "main" [_thread_in_native, id=2292, stack(0x0000007cfb900000,0x0000007cfba00000)]
  0x000001dfbf5ff510 JavaThread "Reference Handler" daemon [_thread_blocked, id=11836, stack(0x0000007cfc000000,0x0000007cfc100000)]
  0x000001dfbf600ff0 JavaThread "Finalizer" daemon [_thread_blocked, id=3660, stack(0x0000007cfc100000,0x0000007cfc200000)]
  0x000001dfbf60ed00 JavaThread "Signal Dispatcher" daemon [_thread_blocked, id=3036, stack(0x0000007cfc200000,0x0000007cfc300000)]
  0x000001dfbf611230 JavaThread "Attach Listener" daemon [_thread_blocked, id=11848, stack(0x0000007cfc300000,0x0000007cfc400000)]
  0x000001dfbf611840 JavaThread "Service Thread" daemon [_thread_blocked, id=12164, stack(0x0000007cfc400000,0x0000007cfc500000)]
  0x000001dfbf615e60 JavaThread "Monitor Deflation Thread" daemon [_thread_blocked, id=144, stack(0x0000007cfc500000,0x0000007cfc600000)]
  0x000001dfbf6177b0 JavaThread "C2 CompilerThread0" daemon [_thread_blocked, id=2796, stack(0x0000007cfc600000,0x0000007cfc700000)]
  0x000001dfbf635230 JavaThread "C1 CompilerThread0" daemon [_thread_blocked, id=5440, stack(0x0000007cfc700000,0x0000007cfc800000)]
  0x000001dfbf635790 JavaThread "Sweeper thread" daemon [_thread_blocked, id=2612, stack(0x0000007cfc800000,0x0000007cfc900000)]
  0x000001dfc00bb9f0 JavaThread "Notification Thread" daemon [_thread_blocked, id=10280, stack(0x0000007cfc900000,0x0000007cfca00000)]
  0x000001dfc00bf7d0 JavaThread "Common-Cleaner" daemon [_thread_blocked, id=452, stack(0x0000007cfcb00000,0x0000007cfcc00000)]
  0x000001dfc02ed9e0 JavaThread "Thread-0" daemon [_thread_blocked, id=8740, stack(0x0000007cfcc00000,0x0000007cfcd00000)]
  0x000001dfc456b100 JavaThread "AsyncExecutor-Thread" daemon [_thread_blocked, id=7840, stack(0x0000007cfd300000,0x0000007cfd400000)]
  0x000001dfd6e14070 JavaThread "AsyncExecutor-Thread" daemon [_thread_blocked, id=11664, stack(0x0000007cfde00000,0x0000007cfdf00000)]
  0x000001dfc50fa6d0 JavaThread "AsyncExecutor-Thread" daemon [_thread_blocked, id=9620, stack(0x0000007cfdf00000,0x0000007cfe000000)]
  0x000001dfc50d98a0 JavaThread "AsyncExecutor-Thread" daemon [_thread_blocked, id=5884, stack(0x0000007cfe000000,0x0000007cfe100000)]
  0x000001dfd16addb0 JavaThread "AsyncExecutor-Thread" daemon [_thread_blocked, id=12204, stack(0x0000007cfe100000,0x0000007cfe200000)]
  0x000001dfd16ac320 JavaThread "AsyncExecutor-Thread" daemon [_thread_blocked, id=5064, stack(0x0000007cfd400000,0x0000007cfd500000)]
  0x000001dfd16ab880 JavaThread "AsyncExecutor-Thread" daemon [_thread_blocked, id=9536, stack(0x0000007cfe800000,0x0000007cfe900000)]
  0x000001dfd16abdd0 JavaThread "AsyncExecutor-Thread" daemon [_thread_blocked, id=7752, stack(0x0000007cfe500000,0x0000007cfe600000)]
  0x000001dfd16ad860 JavaThread "Thread-3" daemon [_thread_blocked, id=11896, stack(0x0000007cfe700000,0x0000007cfe800000)]
  0x000001dfd16aade0 JavaThread "AsyncExecutor-Thread" daemon [_thread_blocked, id=10088, stack(0x0000007cfe900000,0x0000007cfea00000)]
  0x000001dfd16ab330 JavaThread "AsyncLogic-Thread" daemon [_thread_blocked, id=12280, stack(0x0000007cfea00000,0x0000007cfeb00000)]
  0x000001dfd64f1c50 JavaThread "C2 CompilerThread1" daemon [_thread_blocked, id=3904, stack(0x0000007cfeb00000,0x0000007cfec00000)]
  0x000001dfd0ca8310 JavaThread "AsyncExecutor-Thread" daemon [_thread_blocked, id=8912, stack(0x0000007cfec00000,0x0000007cfed00000)]

Other Threads:
  0x000001dfbf5f78a0 VMThread "VM Thread" [stack: 0x0000007cfbf00000,0x0000007cfc000000] [id=5592]
  0x000001dfc00bf340 WatcherThread [stack: 0x0000007cfca00000,0x0000007cfcb00000] [id=10536]
  0x000001dfa1658d70 GCTaskThread "GC Thread#0" [stack: 0x0000007cfba00000,0x0000007cfbb00000] [id=10056]
  0x000001dfc4582ee0 GCTaskThread "GC Thread#1" [stack: 0x0000007cfd500000,0x0000007cfd600000] [id=10632]
  0x000001dfc45831f0 GCTaskThread "GC Thread#2" [stack: 0x0000007cfd600000,0x0000007cfd700000] [id=10780]
  0x000001dfc47b3bf0 GCTaskThread "GC Thread#3" [stack: 0x0000007cfd700000,0x0000007cfd800000] [id=5228]
  0x000001dfc4575780 GCTaskThread "GC Thread#4" [stack: 0x0000007cfd800000,0x0000007cfd900000] [id=12184]
  0x000001dfc4575e90 GCTaskThread "GC Thread#5" [stack: 0x0000007cfd900000,0x0000007cfda00000] [id=11728]
  0x000001dfc457b230 GCTaskThread "GC Thread#6" [stack: 0x0000007cfda00000,0x0000007cfdb00000] [id=5264]
  0x000001dfc457c490 GCTaskThread "GC Thread#7" [stack: 0x0000007cfdb00000,0x0000007cfdc00000] [id=10856]
  0x000001dfa1669af0 ConcurrentGCThread "G1 Main Marker" [stack: 0x0000007cfbb00000,0x0000007cfbc00000] [id=9448]
  0x000001dfa166a560 ConcurrentGCThread "G1 Conc#0" [stack: 0x0000007cfbc00000,0x0000007cfbd00000] [id=2888]
  0x000001dfc457be70 ConcurrentGCThread "G1 Conc#1" [stack: 0x0000007cfdd00000,0x0000007cfde00000] [id=5852]
  0x000001dfa16e8af0 ConcurrentGCThread "G1 Refine#0" [stack: 0x0000007cfbd00000,0x0000007cfbe00000] [id=11496]
  0x000001dfc50ee450 ConcurrentGCThread "G1 Refine#1" [stack: 0x0000007cfe200000,0x0000007cfe300000] [id=1260]
  0x000001dfc50ed750 ConcurrentGCThread "G1 Refine#2" [stack: 0x0000007cfe300000,0x0000007cfe400000] [id=9412]
  0x000001dfc50eda90 ConcurrentGCThread "G1 Refine#3" [stack: 0x0000007cfe400000,0x0000007cfe500000] [id=7848]
  0x000001dfbf4b03e0 ConcurrentGCThread "G1 Service" [stack: 0x0000007cfbe00000,0x0000007cfbf00000] [id=5432]

Threads with active compile tasks:

VM state: not at safepoint (normal execution)

VM Mutex/Monitor currently owned by a thread: None

Heap address: 0x0000000081600000, size: 2026 MB, Compressed Oops mode: 32-bit

CDS archive(s) mapped at: [0x0000000800000000-0x0000000800bb0000-0x0000000800bb0000), size 12255232, SharedBaseAddress: 0x0000000800000000, ArchiveRelocationMode: 0.
Compressed class space mapped at: 0x0000000800c00000-0x0000000840c00000, reserved size: 1073741824
Narrow klass base: 0x0000000800000000, Narrow klass shift: 3, Narrow klass range: 0x100000000

GC Precious Log:
 CPUs: 8 total, 8 available
 Memory: 8102M
 Large Page Support: Disabled
 NUMA Support: Disabled
 Compressed Oops: Enabled (32-bit)
 Heap Region Size: 1M
 Heap Min Capacity: 8M
 Heap Initial Capacity: 128M
 Heap Max Capacity: 2026M
 Pre-touch: Disabled
 Parallel Workers: 8
 Concurrent Workers: 2
 Concurrent Refinement Workers: 8
 Periodic GC: Disabled

Heap:
 garbage-first heap   total 239616K, used 118867K [0x0000000081600000, 0x0000000100000000)
  region size 1024K, 56 young (57344K), 5 survivors (5120K)
 Metaspace       used 36353K, committed 36672K, reserved 1081344K
  class space    used 5059K, committed 5184K, reserved 1048576K

Heap Regions: E=young(eden), S=young(survivor), O=old, HS=humongous(starts), HC=humongous(continues), CS=collection set, F=free, OA=open archive, CA=closed archive, TAMS=top-at-mark-start (previous, next)
|   0|0x0000000081600000, 0x0000000081700000, 0x0000000081700000|100%|HS|  |TAMS 0x0000000081700000, 0x0000000081600000| Complete 
|   1|0x0000000081700000, 0x0000000081800000, 0x0000000081800000|100%| O|  |TAMS 0x0000000081800000, 0x0000000081700000| Untracked 
|   2|0x0000000081800000, 0x0000000081900000, 0x0000000081900000|100%| O|  |TAMS 0x0000000081900000, 0x0000000081800000| Untracked 
|   3|0x0000000081900000, 0x0000000081a00000, 0x0000000081a00000|100%| O|  |TAMS 0x0000000081a00000, 0x0000000081900000| Untracked 
|   4|0x0000000081a00000, 0x0000000081b00000, 0x0000000081b00000|100%| O|  |TAMS 0x0000000081b00000, 0x0000000081a00000| Untracked 
|   5|0x0000000081b00000, 0x0000000081c00000, 0x0000000081c00000|100%| O|  |TAMS 0x0000000081c00000, 0x0000000081b00000| Untracked 
|   6|0x0000000081c00000, 0x0000000081d00000, 0x0000000081d00000|100%| O|  |TAMS 0x0000000081c00000, 0x0000000081c00000| Untracked 
|   7|0x0000000081d00000, 0x0000000081e00000, 0x0000000081e00000|100%| O|  |TAMS 0x0000000081e00000, 0x0000000081d00000| Untracked 
|   8|0x0000000081e00000, 0x0000000081f00000, 0x0000000081f00000|100%| O|  |TAMS 0x0000000081f00000, 0x0000000081e00000| Untracked 
|   9|0x0000000081f00000, 0x0000000082000000, 0x0000000082000000|100%| O|  |TAMS 0x0000000081f00000, 0x0000000081f00000| Untracked 
|  10|0x0000000082000000, 0x0000000082100000, 0x0000000082100000|100%| O|  |TAMS 0x0000000082100000, 0x0000000082000000| Untracked 
|  11|0x0000000082100000, 0x0000000082200000, 0x0000000082200000|100%| O|  |TAMS 0x0000000082200000, 0x0000000082100000| Untracked 
|  12|0x0000000082200000, 0x00000000822a2c00, 0x0000000082300000| 63%| O|  |TAMS 0x0000000082200000, 0x0000000082200000| Untracked 
|  13|0x0000000082300000, 0x0000000082400000, 0x0000000082400000|100%| O|  |TAMS 0x0000000082400000, 0x0000000082300000| Untracked 
|  14|0x0000000082400000, 0x0000000082500000, 0x0000000082500000|100%| O|  |TAMS 0x0000000082500000, 0x0000000082400000| Untracked 
|  15|0x0000000082500000, 0x0000000082600000, 0x0000000082600000|100%| O|  |TAMS 0x0000000082600000, 0x0000000082500000| Untracked 
|  16|0x0000000082600000, 0x0000000082700000, 0x0000000082700000|100%| O|  |TAMS 0x0000000082700000, 0x0000000082600000| Untracked 
|  17|0x0000000082700000, 0x0000000082800000, 0x0000000082800000|100%| O|  |TAMS 0x0000000082800000, 0x0000000082700000| Untracked 
|  18|0x0000000082800000, 0x0000000082900000, 0x0000000082900000|100%| O|  |TAMS 0x0000000082800000, 0x0000000082800000| Untracked 
|  19|0x0000000082900000, 0x0000000082a00000, 0x0000000082a00000|100%| O|  |TAMS 0x0000000082a00000, 0x0000000082900000| Untracked 
|  20|0x0000000082a00000, 0x0000000082b00000, 0x0000000082b00000|100%|HS|  |TAMS 0x0000000082b00000, 0x0000000082a00000| Complete 
|  21|0x0000000082b00000, 0x0000000082c00000, 0x0000000082c00000|100%| O|  |TAMS 0x0000000082c00000, 0x0000000082b00000| Untracked 
|  22|0x0000000082c00000, 0x0000000082d00000, 0x0000000082d00000|100%| O|  |TAMS 0x0000000082d00000, 0x0000000082c00000| Untracked 
|  23|0x0000000082d00000, 0x0000000082e00000, 0x0000000082e00000|100%| O|  |TAMS 0x0000000082e00000, 0x0000000082d00000| Untracked 
|  24|0x0000000082e00000, 0x0000000082f00000, 0x0000000082f00000|100%| O|  |TAMS 0x0000000082f00000, 0x0000000082e00000| Untracked 
|  25|0x0000000082f00000, 0x0000000083000000, 0x0000000083000000|100%| O|  |TAMS 0x0000000083000000, 0x0000000082f00000| Untracked 
|  26|0x0000000083000000, 0x0000000083000000, 0x0000000083100000|  0%| F|  |TAMS 0x0000000083000000, 0x0000000083000000| Untracked 
|  27|0x0000000083100000, 0x0000000083100000, 0x0000000083200000|  0%| F|  |TAMS 0x0000000083100000, 0x0000000083100000| Untracked 
|  28|0x0000000083200000, 0x0000000083300000, 0x0000000083300000|100%| O|  |TAMS 0x0000000083300000, 0x0000000083200000| Untracked 
|  29|0x0000000083300000, 0x0000000083400000, 0x0000000083400000|100%| O|  |TAMS 0x0000000083400000, 0x0000000083300000| Untracked 
|  30|0x0000000083400000, 0x0000000083500000, 0x0000000083500000|100%| O|  |TAMS 0x0000000083500000, 0x0000000083400000| Untracked 
|  31|0x0000000083500000, 0x0000000083600000, 0x0000000083600000|100%| O|  |TAMS 0x0000000083600000, 0x0000000083500000| Untracked 
|  32|0x0000000083600000, 0x0000000083700000, 0x0000000083700000|100%| O|  |TAMS 0x0000000083700000, 0x0000000083600000| Untracked 
|  33|0x0000000083700000, 0x0000000083700000, 0x0000000083800000|  0%| F|  |TAMS 0x0000000083700000, 0x0000000083700000| Untracked 
|  34|0x0000000083800000, 0x0000000083900000, 0x0000000083900000|100%| O|  |TAMS 0x0000000083800000, 0x0000000083800000| Untracked 
|  35|0x0000000083900000, 0x0000000083a00000, 0x0000000083a00000|100%| O|  |TAMS 0x0000000083900000, 0x0000000083900000| Untracked 
|  36|0x0000000083a00000, 0x0000000083b00000, 0x0000000083b00000|100%| O|  |TAMS 0x0000000083a00000, 0x0000000083a00000| Untracked 
|  37|0x0000000083b00000, 0x0000000083c00000, 0x0000000083c00000|100%| O|  |TAMS 0x0000000083c00000, 0x0000000083b00000| Untracked 
|  38|0x0000000083c00000, 0x0000000083d00000, 0x0000000083d00000|100%| O|  |TAMS 0x0000000083d00000, 0x0000000083c00000| Untracked 
|  39|0x0000000083d00000, 0x0000000083e00000, 0x0000000083e00000|100%| O|  |TAMS 0x0000000083e00000, 0x0000000083d00000| Untracked 
|  40|0x0000000083e00000, 0x0000000083f00000, 0x0000000083f00000|100%| O|  |TAMS 0x0000000083f00000, 0x0000000083e00000| Untracked 
|  41|0x0000000083f00000, 0x0000000084000000, 0x0000000084000000|100%| O|  |TAMS 0x0000000084000000, 0x0000000083f00000| Untracked 
|  42|0x0000000084000000, 0x0000000084100000, 0x0000000084100000|100%| O|  |TAMS 0x0000000084000000, 0x0000000084000000| Untracked 
|  43|0x0000000084100000, 0x0000000084200000, 0x0000000084200000|100%| O|  |TAMS 0x0000000084200000, 0x0000000084100000| Untracked 
|  44|0x0000000084200000, 0x0000000084200000, 0x0000000084300000|  0%| F|  |TAMS 0x0000000084200000, 0x0000000084200000| Untracked 
|  45|0x0000000084300000, 0x0000000084300000, 0x0000000084400000|  0%| F|  |TAMS 0x0000000084300000, 0x0000000084300000| Untracked 
|  46|0x0000000084400000, 0x0000000084500000, 0x0000000084500000|100%| O|  |TAMS 0x0000000084500000, 0x0000000084400000| Untracked 
|  47|0x0000000084500000, 0x0000000084500000, 0x0000000084600000|  0%| F|  |TAMS 0x0000000084500000, 0x0000000084500000| Untracked 
|  48|0x0000000084600000, 0x0000000084700000, 0x0000000084700000|100%| O|  |TAMS 0x0000000084700000, 0x0000000084600000| Untracked 
|  49|0x0000000084700000, 0x0000000084800000, 0x0000000084800000|100%| O|  |TAMS 0x0000000084800000, 0x0000000084700000| Untracked 
|  50|0x0000000084800000, 0x0000000084900000, 0x0000000084900000|100%| O|  |TAMS 0x0000000084900000, 0x0000000084800000| Untracked 
|  51|0x0000000084900000, 0x0000000084a00000, 0x0000000084a00000|100%| O|  |TAMS 0x0000000084a00000, 0x0000000084900000| Untracked 
|  52|0x0000000084a00000, 0x0000000084a00000, 0x0000000084b00000|  0%| F|  |TAMS 0x0000000084a00000, 0x0000000084a00000| Untracked 
|  53|0x0000000084b00000, 0x0000000084c00000, 0x0000000084c00000|100%| O|  |TAMS 0x0000000084b00000, 0x0000000084b00000| Untracked 
|  54|0x0000000084c00000, 0x0000000084d00000, 0x0000000084d00000|100%| O|  |TAMS 0x0000000084c00000, 0x0000000084c00000| Untracked 
|  55|0x0000000084d00000, 0x0000000084d00000, 0x0000000084e00000|  0%| F|  |TAMS 0x0000000084d00000, 0x0000000084d00000| Untracked 
|  56|0x0000000084e00000, 0x0000000084f00000, 0x0000000084f00000|100%| O|  |TAMS 0x0000000084e00000, 0x0000000084e00000| Untracked 
|  57|0x0000000084f00000, 0x0000000085000000, 0x0000000085000000|100%| O|  |TAMS 0x0000000084f00000, 0x0000000084f00000| Untracked 
|  58|0x0000000085000000, 0x0000000085100000, 0x0000000085100000|100%| O|  |TAMS 0x0000000085000000, 0x0000000085000000| Untracked 
|  59|0x0000000085100000, 0x0000000085200000, 0x0000000085200000|100%| O|  |TAMS 0x0000000085100000, 0x0000000085100000| Untracked 
|  60|0x0000000085200000, 0x0000000085200000, 0x0000000085300000|  0%| F|  |TAMS 0x0000000085200000, 0x0000000085200000| Untracked 
|  61|0x0000000085300000, 0x0000000085300000, 0x0000000085400000|  0%| F|  |TAMS 0x0000000085300000, 0x0000000085300000| Untracked 
|  62|0x0000000085400000, 0x0000000085400000, 0x0000000085500000|  0%| F|  |TAMS 0x0000000085400000, 0x0000000085400000| Untracked 
|  63|0x0000000085500000, 0x0000000085500000, 0x0000000085600000|  0%| F|  |TAMS 0x0000000085500000, 0x0000000085500000| Untracked 
|  64|0x0000000085600000, 0x0000000085600000, 0x0000000085700000|  0%| F|  |TAMS 0x0000000085600000, 0x0000000085600000| Untracked 
|  65|0x0000000085700000, 0x0000000085700000, 0x0000000085800000|  0%| F|  |TAMS 0x0000000085700000, 0x0000000085700000| Untracked 
|  66|0x0000000085800000, 0x0000000085800000, 0x0000000085900000|  0%| F|  |TAMS 0x0000000085800000, 0x0000000085800000| Untracked 
|  67|0x0000000085900000, 0x0000000085a00000, 0x0000000085a00000|100%| O|  |TAMS 0x0000000085a00000, 0x0000000085900000| Untracked 
|  68|0x0000000085a00000, 0x0000000085a00000, 0x0000000085b00000|  0%| F|  |TAMS 0x0000000085a00000, 0x0000000085a00000| Untracked 
|  69|0x0000000085b00000, 0x0000000085b00000, 0x0000000085c00000|  0%| F|  |TAMS 0x0000000085b00000, 0x0000000085b00000| Untracked 
|  70|0x0000000085c00000, 0x0000000085c00000, 0x0000000085d00000|  0%| F|  |TAMS 0x0000000085c00000, 0x0000000085c00000| Untracked 
|  71|0x0000000085d00000, 0x0000000085d00000, 0x0000000085e00000|  0%| F|  |TAMS 0x0000000085d00000, 0x0000000085d00000| Untracked 
|  72|0x0000000085e00000, 0x0000000085e00000, 0x0000000085f00000|  0%| F|  |TAMS 0x0000000085e00000, 0x0000000085e00000| Untracked 
|  73|0x0000000085f00000, 0x0000000085f00000, 0x0000000086000000|  0%| F|  |TAMS 0x0000000085f00000, 0x0000000085f00000| Untracked 
|  74|0x0000000086000000, 0x0000000086000000, 0x0000000086100000|  0%| F|  |TAMS 0x0000000086000000, 0x0000000086000000| Untracked 
|  75|0x0000000086100000, 0x0000000086100000, 0x0000000086200000|  0%| F|  |TAMS 0x0000000086100000, 0x0000000086100000| Untracked 
|  76|0x0000000086200000, 0x0000000086200000, 0x0000000086300000|  0%| F|  |TAMS 0x0000000086200000, 0x0000000086200000| Untracked 
|  77|0x0000000086300000, 0x0000000086400000, 0x0000000086400000|100%| O|  |TAMS 0x0000000086300000, 0x0000000086300000| Untracked 
|  78|0x0000000086400000, 0x0000000086500000, 0x0000000086500000|100%| O|  |TAMS 0x0000000086400000, 0x0000000086400000| Untracked 
|  79|0x0000000086500000, 0x0000000086600000, 0x0000000086600000|100%| O|  |TAMS 0x0000000086500000, 0x0000000086500000| Untracked 
|  80|0x0000000086600000, 0x0000000086600000, 0x0000000086700000|  0%| F|  |TAMS 0x0000000086600000, 0x0000000086600000| Untracked 
|  81|0x0000000086700000, 0x0000000086700000, 0x0000000086800000|  0%| F|  |TAMS 0x0000000086700000, 0x0000000086700000| Untracked 
|  82|0x0000000086800000, 0x0000000086800000, 0x0000000086900000|  0%| F|  |TAMS 0x0000000086800000, 0x0000000086800000| Untracked 
|  83|0x0000000086900000, 0x0000000086900000, 0x0000000086a00000|  0%| F|  |TAMS 0x0000000086900000, 0x0000000086900000| Untracked 
|  84|0x0000000086a00000, 0x0000000086a00000, 0x0000000086b00000|  0%| F|  |TAMS 0x0000000086a00000, 0x0000000086a00000| Untracked 
|  85|0x0000000086b00000, 0x0000000086b00000, 0x0000000086c00000|  0%| F|  |TAMS 0x0000000086b00000, 0x0000000086b00000| Untracked 
|  86|0x0000000086c00000, 0x0000000086c00000, 0x0000000086d00000|  0%| F|  |TAMS 0x0000000086c00000, 0x0000000086c00000| Untracked 
|  87|0x0000000086d00000, 0x0000000086d00000, 0x0000000086e00000|  0%| F|  |TAMS 0x0000000086d00000, 0x0000000086d00000| Untracked 
|  88|0x0000000086e00000, 0x0000000086e00000, 0x0000000086f00000|  0%| F|  |TAMS 0x0000000086e00000, 0x0000000086e00000| Untracked 
|  89|0x0000000086f00000, 0x0000000086f00000, 0x0000000087000000|  0%| F|  |TAMS 0x0000000086f00000, 0x0000000086f00000| Untracked 
|  90|0x0000000087000000, 0x0000000087072120, 0x0000000087100000| 44%| S|CS|TAMS 0x0000000087000000, 0x0000000087000000| Complete 
|  91|0x0000000087100000, 0x0000000087100000, 0x0000000087200000|  0%| F|  |TAMS 0x0000000087100000, 0x0000000087100000| Untracked 
|  92|0x0000000087200000, 0x0000000087200000, 0x0000000087300000|  0%| F|  |TAMS 0x0000000087200000, 0x0000000087200000| Untracked 
|  93|0x0000000087300000, 0x0000000087300000, 0x0000000087400000|  0%| F|  |TAMS 0x0000000087300000, 0x0000000087300000| Untracked 
|  94|0x0000000087400000, 0x0000000087400000, 0x0000000087500000|  0%| F|  |TAMS 0x0000000087400000, 0x0000000087400000| Untracked 
|  95|0x0000000087500000, 0x0000000087600000, 0x0000000087600000|100%| S|CS|TAMS 0x0000000087500000, 0x0000000087500000| Complete 
|  96|0x0000000087600000, 0x0000000087700000, 0x0000000087700000|100%| S|CS|TAMS 0x0000000087600000, 0x0000000087600000| Complete 
|  97|0x0000000087700000, 0x0000000087700000, 0x0000000087800000|  0%| F|  |TAMS 0x0000000087700000, 0x0000000087700000| Untracked 
|  98|0x0000000087800000, 0x0000000087900000, 0x0000000087900000|100%| S|CS|TAMS 0x0000000087800000, 0x0000000087800000| Complete 
|  99|0x0000000087900000, 0x0000000087a00000, 0x0000000087a00000|100%| S|CS|TAMS 0x0000000087900000, 0x0000000087900000| Complete 
| 100|0x0000000087a00000, 0x0000000087a00000, 0x0000000087b00000|  0%| F|  |TAMS 0x0000000087a00000, 0x0000000087a00000| Untracked 
| 101|0x0000000087b00000, 0x0000000087b00000, 0x0000000087c00000|  0%| F|  |TAMS 0x0000000087b00000, 0x0000000087b00000| Untracked 
| 102|0x0000000087c00000, 0x0000000087c00000, 0x0000000087d00000|  0%| F|  |TAMS 0x0000000087c00000, 0x0000000087c00000| Untracked 
| 103|0x0000000087d00000, 0x0000000087d00000, 0x0000000087e00000|  0%| F|  |TAMS 0x0000000087d00000, 0x0000000087d00000| Untracked 
| 104|0x0000000087e00000, 0x0000000087e00000, 0x0000000087f00000|  0%| F|  |TAMS 0x0000000087e00000, 0x0000000087e00000| Untracked 
| 105|0x0000000087f00000, 0x0000000087f00000, 0x0000000088000000|  0%| F|  |TAMS 0x0000000087f00000, 0x0000000087f00000| Untracked 
| 106|0x0000000088000000, 0x0000000088000000, 0x0000000088100000|  0%| F|  |TAMS 0x0000000088000000, 0x0000000088000000| Untracked 
| 107|0x0000000088100000, 0x0000000088100000, 0x0000000088200000|  0%| F|  |TAMS 0x0000000088100000, 0x0000000088100000| Untracked 
| 108|0x0000000088200000, 0x0000000088200000, 0x0000000088300000|  0%| F|  |TAMS 0x0000000088200000, 0x0000000088200000| Untracked 
| 109|0x0000000088300000, 0x0000000088300000, 0x0000000088400000|  0%| F|  |TAMS 0x0000000088300000, 0x0000000088300000| Untracked 
| 110|0x0000000088400000, 0x0000000088400000, 0x0000000088500000|  0%| F|  |TAMS 0x0000000088400000, 0x0000000088400000| Untracked 
| 111|0x0000000088500000, 0x0000000088500000, 0x0000000088600000|  0%| F|  |TAMS 0x0000000088500000, 0x0000000088500000| Untracked 
| 112|0x0000000088600000, 0x0000000088600000, 0x0000000088700000|  0%| F|  |TAMS 0x0000000088600000, 0x0000000088600000| Untracked 
| 113|0x0000000088700000, 0x0000000088700000, 0x0000000088800000|  0%| F|  |TAMS 0x0000000088700000, 0x0000000088700000| Untracked 
| 114|0x0000000088800000, 0x0000000088800000, 0x0000000088900000|  0%| F|  |TAMS 0x0000000088800000, 0x0000000088800000| Untracked 
| 115|0x0000000088900000, 0x0000000088900000, 0x0000000088a00000|  0%| F|  |TAMS 0x0000000088900000, 0x0000000088900000| Untracked 
| 116|0x0000000088a00000, 0x0000000088a00000, 0x0000000088b00000|  0%| F|  |TAMS 0x0000000088a00000, 0x0000000088a00000| Untracked 
| 117|0x0000000088b00000, 0x0000000088b00000, 0x0000000088c00000|  0%| F|  |TAMS 0x0000000088b00000, 0x0000000088b00000| Untracked 
| 118|0x0000000088c00000, 0x0000000088c00000, 0x0000000088d00000|  0%| F|  |TAMS 0x0000000088c00000, 0x0000000088c00000| Untracked 
| 119|0x0000000088d00000, 0x0000000088d00000, 0x0000000088e00000|  0%| F|  |TAMS 0x0000000088d00000, 0x0000000088d00000| Untracked 
| 120|0x0000000088e00000, 0x0000000088e00000, 0x0000000088f00000|  0%| F|  |TAMS 0x0000000088e00000, 0x0000000088e00000| Untracked 
| 121|0x0000000088f00000, 0x0000000088f00000, 0x0000000089000000|  0%| F|  |TAMS 0x0000000088f00000, 0x0000000088f00000| Untracked 
| 122|0x0000000089000000, 0x0000000089000000, 0x0000000089100000|  0%| F|  |TAMS 0x0000000089000000, 0x0000000089000000| Untracked 
| 123|0x0000000089100000, 0x0000000089100000, 0x0000000089200000|  0%| F|  |TAMS 0x0000000089100000, 0x0000000089100000| Untracked 
| 124|0x0000000089200000, 0x0000000089200000, 0x0000000089300000|  0%| F|  |TAMS 0x0000000089200000, 0x0000000089200000| Untracked 
| 125|0x0000000089300000, 0x0000000089300000, 0x0000000089400000|  0%| F|  |TAMS 0x0000000089300000, 0x0000000089300000| Untracked 
| 126|0x0000000089400000, 0x0000000089400000, 0x0000000089500000|  0%| F|  |TAMS 0x0000000089400000, 0x0000000089400000| Untracked 
| 127|0x0000000089500000, 0x0000000089500000, 0x0000000089600000|  0%| F|  |TAMS 0x0000000089500000, 0x0000000089500000| Untracked 
| 128|0x0000000089600000, 0x0000000089600000, 0x0000000089700000|  0%| F|  |TAMS 0x0000000089600000, 0x0000000089600000| Untracked 
| 129|0x0000000089700000, 0x0000000089700000, 0x0000000089800000|  0%| F|  |TAMS 0x0000000089700000, 0x0000000089700000| Untracked 
| 130|0x0000000089800000, 0x0000000089800000, 0x0000000089900000|  0%| F|  |TAMS 0x0000000089800000, 0x0000000089800000| Untracked 
| 131|0x0000000089900000, 0x0000000089900000, 0x0000000089a00000|  0%| F|  |TAMS 0x0000000089900000, 0x0000000089900000| Untracked 
| 132|0x0000000089a00000, 0x0000000089a00000, 0x0000000089b00000|  0%| F|  |TAMS 0x0000000089a00000, 0x0000000089a00000| Untracked 
| 133|0x0000000089b00000, 0x0000000089b00000, 0x0000000089c00000|  0%| F|  |TAMS 0x0000000089b00000, 0x0000000089b00000| Untracked 
| 134|0x0000000089c00000, 0x0000000089c00000, 0x0000000089d00000|  0%| F|  |TAMS 0x0000000089c00000, 0x0000000089c00000| Untracked 
| 135|0x0000000089d00000, 0x0000000089d00000, 0x0000000089e00000|  0%| F|  |TAMS 0x0000000089d00000, 0x0000000089d00000| Untracked 
| 136|0x0000000089e00000, 0x0000000089e00000, 0x0000000089f00000|  0%| F|  |TAMS 0x0000000089e00000, 0x0000000089e00000| Untracked 
| 137|0x0000000089f00000, 0x0000000089f00000, 0x000000008a000000|  0%| F|  |TAMS 0x0000000089f00000, 0x0000000089f00000| Untracked 
| 138|0x000000008a000000, 0x000000008a000000, 0x000000008a100000|  0%| F|  |TAMS 0x000000008a000000, 0x000000008a000000| Untracked 
| 139|0x000000008a100000, 0x000000008a100000, 0x000000008a200000|  0%| F|  |TAMS 0x000000008a100000, 0x000000008a100000| Untracked 
| 140|0x000000008a200000, 0x000000008a200000, 0x000000008a300000|  0%| F|  |TAMS 0x000000008a200000, 0x000000008a200000| Untracked 
| 141|0x000000008a300000, 0x000000008a300000, 0x000000008a400000|  0%| F|  |TAMS 0x000000008a300000, 0x000000008a300000| Untracked 
| 142|0x000000008a400000, 0x000000008a400000, 0x000000008a500000|  0%| F|  |TAMS 0x000000008a400000, 0x000000008a400000| Untracked 
| 143|0x000000008a500000, 0x000000008a500000, 0x000000008a600000|  0%| F|  |TAMS 0x000000008a500000, 0x000000008a500000| Untracked 
| 144|0x000000008a600000, 0x000000008a600000, 0x000000008a700000|  0%| F|  |TAMS 0x000000008a600000, 0x000000008a600000| Untracked 
| 145|0x000000008a700000, 0x000000008a700000, 0x000000008a800000|  0%| F|  |TAMS 0x000000008a700000, 0x000000008a700000| Untracked 
| 146|0x000000008a800000, 0x000000008a800000, 0x000000008a900000|  0%| F|  |TAMS 0x000000008a800000, 0x000000008a800000| Untracked 
| 147|0x000000008a900000, 0x000000008a900000, 0x000000008aa00000|  0%| F|  |TAMS 0x000000008a900000, 0x000000008a900000| Untracked 
| 148|0x000000008aa00000, 0x000000008aa00000, 0x000000008ab00000|  0%| F|  |TAMS 0x000000008aa00000, 0x000000008aa00000| Untracked 
| 149|0x000000008ab00000, 0x000000008ab00000, 0x000000008ac00000|  0%| F|  |TAMS 0x000000008ab00000, 0x000000008ab00000| Untracked 
| 150|0x000000008ac00000, 0x000000008ac00000, 0x000000008ad00000|  0%| F|  |TAMS 0x000000008ac00000, 0x000000008ac00000| Untracked 
| 151|0x000000008ad00000, 0x000000008ad00000, 0x000000008ae00000|  0%| F|  |TAMS 0x000000008ad00000, 0x000000008ad00000| Untracked 
| 152|0x000000008ae00000, 0x000000008ae00000, 0x000000008af00000|  0%| F|  |TAMS 0x000000008ae00000, 0x000000008ae00000| Untracked 
| 153|0x000000008af00000, 0x000000008af00000, 0x000000008b000000|  0%| F|  |TAMS 0x000000008af00000, 0x000000008af00000| Untracked 
| 154|0x000000008b000000, 0x000000008b000000, 0x000000008b100000|  0%| F|  |TAMS 0x000000008b000000, 0x000000008b000000| Untracked 
| 155|0x000000008b100000, 0x000000008b100000, 0x000000008b200000|  0%| F|  |TAMS 0x000000008b100000, 0x000000008b100000| Untracked 
| 156|0x000000008b200000, 0x000000008b200000, 0x000000008b300000|  0%| F|  |TAMS 0x000000008b200000, 0x000000008b200000| Untracked 
| 157|0x000000008b300000, 0x000000008b300000, 0x000000008b400000|  0%| F|  |TAMS 0x000000008b300000, 0x000000008b300000| Untracked 
| 158|0x000000008b400000, 0x000000008b400000, 0x000000008b500000|  0%| F|  |TAMS 0x000000008b400000, 0x000000008b400000| Untracked 
| 159|0x000000008b500000, 0x000000008b500000, 0x000000008b600000|  0%| F|  |TAMS 0x000000008b500000, 0x000000008b500000| Untracked 
| 160|0x000000008b600000, 0x000000008b600000, 0x000000008b700000|  0%| F|  |TAMS 0x000000008b600000, 0x000000008b600000| Untracked 
| 161|0x000000008b700000, 0x000000008b700000, 0x000000008b800000|  0%| F|  |TAMS 0x000000008b700000, 0x000000008b700000| Untracked 
| 162|0x000000008b800000, 0x000000008b800000, 0x000000008b900000|  0%| F|  |TAMS 0x000000008b800000, 0x000000008b800000| Untracked 
| 163|0x000000008b900000, 0x000000008b900000, 0x000000008ba00000|  0%| F|  |TAMS 0x000000008b900000, 0x000000008b900000| Untracked 
| 164|0x000000008ba00000, 0x000000008ba00000, 0x000000008bb00000|  0%| F|  |TAMS 0x000000008ba00000, 0x000000008ba00000| Untracked 
| 165|0x000000008bb00000, 0x000000008bb00000, 0x000000008bc00000|  0%| F|  |TAMS 0x000000008bb00000, 0x000000008bb00000| Untracked 
| 166|0x000000008bc00000, 0x000000008bc00000, 0x000000008bd00000|  0%| F|  |TAMS 0x000000008bc00000, 0x000000008bc00000| Untracked 
| 167|0x000000008bd00000, 0x000000008bd00000, 0x000000008be00000|  0%| F|  |TAMS 0x000000008bd00000, 0x000000008bd00000| Untracked 
| 168|0x000000008be00000, 0x000000008be00000, 0x000000008bf00000|  0%| F|  |TAMS 0x000000008be00000, 0x000000008be00000| Untracked 
| 169|0x000000008bf00000, 0x000000008bf00000, 0x000000008c000000|  0%| F|  |TAMS 0x000000008bf00000, 0x000000008bf00000| Untracked 
| 170|0x000000008c000000, 0x000000008c000000, 0x000000008c100000|  0%| F|  |TAMS 0x000000008c000000, 0x000000008c000000| Untracked 
| 171|0x000000008c100000, 0x000000008c100000, 0x000000008c200000|  0%| F|  |TAMS 0x000000008c100000, 0x000000008c100000| Untracked 
| 172|0x000000008c200000, 0x000000008c200000, 0x000000008c300000|  0%| F|  |TAMS 0x000000008c200000, 0x000000008c200000| Untracked 
| 173|0x000000008c300000, 0x000000008c300000, 0x000000008c400000|  0%| F|  |TAMS 0x000000008c300000, 0x000000008c300000| Untracked 
| 174|0x000000008c400000, 0x000000008c400000, 0x000000008c500000|  0%| F|  |TAMS 0x000000008c400000, 0x000000008c400000| Untracked 
| 175|0x000000008c500000, 0x000000008c500000, 0x000000008c600000|  0%| F|  |TAMS 0x000000008c500000, 0x000000008c500000| Untracked 
| 176|0x000000008c600000, 0x000000008c600000, 0x000000008c700000|  0%| F|  |TAMS 0x000000008c600000, 0x000000008c600000| Untracked 
| 177|0x000000008c700000, 0x000000008c800000, 0x000000008c800000|100%| E|  |TAMS 0x000000008c700000, 0x000000008c700000| Complete 
| 178|0x000000008c800000, 0x000000008c900000, 0x000000008c900000|100%| E|CS|TAMS 0x000000008c800000, 0x000000008c800000| Complete 
| 179|0x000000008c900000, 0x000000008ca00000, 0x000000008ca00000|100%| E|CS|TAMS 0x000000008c900000, 0x000000008c900000| Complete 
| 180|0x000000008ca00000, 0x000000008cb00000, 0x000000008cb00000|100%| E|CS|TAMS 0x000000008ca00000, 0x000000008ca00000| Complete 
| 181|0x000000008cb00000, 0x000000008cc00000, 0x000000008cc00000|100%| E|CS|TAMS 0x000000008cb00000, 0x000000008cb00000| Complete 
| 182|0x000000008cc00000, 0x000000008cd00000, 0x000000008cd00000|100%| E|CS|TAMS 0x000000008cc00000, 0x000000008cc00000| Complete 
| 183|0x000000008cd00000, 0x000000008ce00000, 0x000000008ce00000|100%| E|CS|TAMS 0x000000008cd00000, 0x000000008cd00000| Complete 
| 184|0x000000008ce00000, 0x000000008cf00000, 0x000000008cf00000|100%| E|CS|TAMS 0x000000008ce00000, 0x000000008ce00000| Complete 
| 185|0x000000008cf00000, 0x000000008d000000, 0x000000008d000000|100%| E|CS|TAMS 0x000000008cf00000, 0x000000008cf00000| Complete 
| 186|0x000000008d000000, 0x000000008d100000, 0x000000008d100000|100%| E|CS|TAMS 0x000000008d000000, 0x000000008d000000| Complete 
| 187|0x000000008d100000, 0x000000008d200000, 0x000000008d200000|100%| E|CS|TAMS 0x000000008d100000, 0x000000008d100000| Complete 
| 188|0x000000008d200000, 0x000000008d300000, 0x000000008d300000|100%| E|CS|TAMS 0x000000008d200000, 0x000000008d200000| Complete 
| 189|0x000000008d300000, 0x000000008d400000, 0x000000008d400000|100%| E|CS|TAMS 0x000000008d300000, 0x000000008d300000| Complete 
| 190|0x000000008d400000, 0x000000008d500000, 0x000000008d500000|100%| E|CS|TAMS 0x000000008d400000, 0x000000008d400000| Complete 
| 191|0x000000008d500000, 0x000000008d600000, 0x000000008d600000|100%| E|CS|TAMS 0x000000008d500000, 0x000000008d500000| Complete 
| 192|0x000000008d600000, 0x000000008d700000, 0x000000008d700000|100%| E|CS|TAMS 0x000000008d600000, 0x000000008d600000| Complete 
| 193|0x000000008d700000, 0x000000008d800000, 0x000000008d800000|100%| E|CS|TAMS 0x000000008d700000, 0x000000008d700000| Complete 
| 194|0x000000008d800000, 0x000000008d900000, 0x000000008d900000|100%| E|CS|TAMS 0x000000008d800000, 0x000000008d800000| Complete 
| 195|0x000000008d900000, 0x000000008da00000, 0x000000008da00000|100%| E|CS|TAMS 0x000000008d900000, 0x000000008d900000| Complete 
| 196|0x000000008da00000, 0x000000008db00000, 0x000000008db00000|100%| E|CS|TAMS 0x000000008da00000, 0x000000008da00000| Complete 
| 197|0x000000008db00000, 0x000000008dc00000, 0x000000008dc00000|100%| E|CS|TAMS 0x000000008db00000, 0x000000008db00000| Complete 
| 198|0x000000008dc00000, 0x000000008dd00000, 0x000000008dd00000|100%| E|CS|TAMS 0x000000008dc00000, 0x000000008dc00000| Complete 
| 199|0x000000008dd00000, 0x000000008de00000, 0x000000008de00000|100%| E|CS|TAMS 0x000000008dd00000, 0x000000008dd00000| Complete 
| 200|0x000000008de00000, 0x000000008df00000, 0x000000008df00000|100%| E|CS|TAMS 0x000000008de00000, 0x000000008de00000| Complete 
| 201|0x000000008df00000, 0x000000008e000000, 0x000000008e000000|100%| E|CS|TAMS 0x000000008df00000, 0x000000008df00000| Complete 
| 202|0x000000008e000000, 0x000000008e100000, 0x000000008e100000|100%| E|CS|TAMS 0x000000008e000000, 0x000000008e000000| Complete 
| 203|0x000000008e100000, 0x000000008e200000, 0x000000008e200000|100%| E|CS|TAMS 0x000000008e100000, 0x000000008e100000| Complete 
| 204|0x000000008e200000, 0x000000008e300000, 0x000000008e300000|100%| E|CS|TAMS 0x000000008e200000, 0x000000008e200000| Complete 
| 205|0x000000008e300000, 0x000000008e400000, 0x000000008e400000|100%| E|CS|TAMS 0x000000008e300000, 0x000000008e300000| Complete 
| 206|0x000000008e400000, 0x000000008e500000, 0x000000008e500000|100%| E|CS|TAMS 0x000000008e400000, 0x000000008e400000| Complete 
| 207|0x000000008e500000, 0x000000008e600000, 0x000000008e600000|100%| E|CS|TAMS 0x000000008e500000, 0x000000008e500000| Complete 
| 208|0x000000008e600000, 0x000000008e700000, 0x000000008e700000|100%| E|CS|TAMS 0x000000008e600000, 0x000000008e600000| Complete 
| 209|0x000000008e700000, 0x000000008e800000, 0x000000008e800000|100%| E|CS|TAMS 0x000000008e700000, 0x000000008e700000| Complete 
| 210|0x000000008e800000, 0x000000008e900000, 0x000000008e900000|100%| E|CS|TAMS 0x000000008e800000, 0x000000008e800000| Complete 
| 211|0x000000008e900000, 0x000000008ea00000, 0x000000008ea00000|100%| E|CS|TAMS 0x000000008e900000, 0x000000008e900000| Complete 
| 212|0x000000008ea00000, 0x000000008eb00000, 0x000000008eb00000|100%| E|CS|TAMS 0x000000008ea00000, 0x000000008ea00000| Complete 
| 213|0x000000008eb00000, 0x000000008ec00000, 0x000000008ec00000|100%| E|CS|TAMS 0x000000008eb00000, 0x000000008eb00000| Complete 
| 214|0x000000008ec00000, 0x000000008ed00000, 0x000000008ed00000|100%| E|CS|TAMS 0x000000008ec00000, 0x000000008ec00000| Complete 
| 215|0x000000008ed00000, 0x000000008ee00000, 0x000000008ee00000|100%| E|CS|TAMS 0x000000008ed00000, 0x000000008ed00000| Complete 
| 216|0x000000008ee00000, 0x000000008ef00000, 0x000000008ef00000|100%| E|CS|TAMS 0x000000008ee00000, 0x000000008ee00000| Complete 
| 217|0x000000008ef00000, 0x000000008f000000, 0x000000008f000000|100%| E|CS|TAMS 0x000000008ef00000, 0x000000008ef00000| Complete 
| 218|0x000000008f000000, 0x000000008f100000, 0x000000008f100000|100%| E|CS|TAMS 0x000000008f000000, 0x000000008f000000| Complete 
| 219|0x000000008f100000, 0x000000008f200000, 0x000000008f200000|100%| E|CS|TAMS 0x000000008f100000, 0x000000008f100000| Complete 
| 220|0x000000008f200000, 0x000000008f300000, 0x000000008f300000|100%| E|CS|TAMS 0x000000008f200000, 0x000000008f200000| Complete 
| 221|0x000000008f300000, 0x000000008f400000, 0x000000008f400000|100%| E|CS|TAMS 0x000000008f300000, 0x000000008f300000| Complete 
| 222|0x000000008f400000, 0x000000008f500000, 0x000000008f500000|100%| E|CS|TAMS 0x000000008f400000, 0x000000008f400000| Complete 
| 223|0x000000008f500000, 0x000000008f600000, 0x000000008f600000|100%| E|CS|TAMS 0x000000008f500000, 0x000000008f500000| Complete 
| 224|0x000000008f600000, 0x000000008f700000, 0x000000008f700000|100%| E|CS|TAMS 0x000000008f600000, 0x000000008f600000| Complete 
| 225|0x000000008f700000, 0x000000008f800000, 0x000000008f800000|100%| E|CS|TAMS 0x000000008f700000, 0x000000008f700000| Complete 
| 226|0x000000008f800000, 0x000000008f900000, 0x000000008f900000|100%| E|CS|TAMS 0x000000008f800000, 0x000000008f800000| Complete 
|2019|0x00000000ff900000, 0x00000000ffa00000, 0x00000000ffa00000|100%| E|CS|TAMS 0x00000000ff900000, 0x00000000ff900000| Complete 
|2020|0x00000000ffa00000, 0x00000000ffb00000, 0x00000000ffb00000|100%| O|  |TAMS 0x00000000ffb00000, 0x00000000ffa00000| Untracked 
|2021|0x00000000ffb00000, 0x00000000ffc00000, 0x00000000ffc00000|100%| O|  |TAMS 0x00000000ffc00000, 0x00000000ffb00000| Untracked 
|2022|0x00000000ffc00000, 0x00000000ffd00000, 0x00000000ffd00000|100%| O|  |TAMS 0x00000000ffd00000, 0x00000000ffc00000| Untracked 
|2023|0x00000000ffd00000, 0x00000000ffe00000, 0x00000000ffe00000|100%| O|  |TAMS 0x00000000ffe00000, 0x00000000ffd00000| Untracked 
|2024|0x00000000ffe00000, 0x00000000fff00000, 0x00000000fff00000|100%| O|  |TAMS 0x00000000fff00000, 0x00000000ffe00000| Untracked 
|2025|0x00000000fff00000, 0x0000000100000000, 0x0000000100000000|100%| O|  |TAMS 0x0000000100000000, 0x00000000fff00000| Untracked 

Card table byte_map: [0x000001dfb84c0000,0x000001dfb88c0000] _byte_map_base: 0x000001dfb80b5000

Marking Bits (Prev, Next): (CMBitMap*) 0x000001dfa1659420, (CMBitMap*) 0x000001dfa16593e0
 Prev Bits: [0x000001dfbac70000, 0x000001dfbcc18000)
 Next Bits: [0x000001dfb8cc0000, 0x000001dfbac68000)

Polling page: 0x000001df9f450000

Metaspace:

Usage:
  Non-class:     30.56 MB used.
      Class:      4.94 MB used.
       Both:     35.50 MB used.

Virtual space:
  Non-class space:       32.00 MB reserved,      30.75 MB ( 96%) committed,  4 nodes.
      Class space:        1.00 GB reserved,       5.06 MB ( <1%) committed,  1 nodes.
              Both:        1.03 GB reserved,      35.81 MB (  3%) committed. 

Chunk freelists:
   Non-Class:  720.00 KB
       Class:  2.82 MB
        Both:  3.53 MB

MaxMetaspaceSize: 17179869184.00 GB
CompressedClassSpaceSize: 1.00 GB
 - commit_granule_bytes: 65536.
 - commit_granule_words: 8192.
 - virtual_space_node_default_size: 1048576.
 - enlarge_chunks_in_place: 1.
 - new_chunks_are_fully_committed: 0.
 - uncommit_free_chunks: 1.
 - use_allocation_guard: 0.
 - handle_deallocations: 1.


Internal statistics:

num_allocs_failed_limit: 6.
num_arena_births: 340.
num_arena_deaths: 26.
num_vsnodes_births: 5.
num_vsnodes_deaths: 0.
num_space_committed: 573.
num_space_uncommitted: 0.
num_chunks_returned_to_freelist: 42.
num_chunks_taken_from_freelist: 1474.
num_chunk_merges: 17.
num_chunk_splits: 967.
num_chunks_enlarged: 725.
num_purges: 2.

CodeHeap 'non-profiled nmethods': size=120000Kb used=4280Kb max_used=4280Kb free=115719Kb
 bounds [0x000001dfb0860000, 0x000001dfb0c90000, 0x000001dfb7d90000]
CodeHeap 'profiled nmethods': size=120000Kb used=11649Kb max_used=11649Kb free=108350Kb
 bounds [0x000001dfa9330000, 0x000001dfa9ea0000, 0x000001dfb0860000]
CodeHeap 'non-nmethods': size=5760Kb used=1457Kb max_used=1502Kb free=4302Kb
 bounds [0x000001dfa8d90000, 0x000001dfa9000000, 0x000001dfa9330000]
 total_blobs=6415 nmethods=5597 adapters=728
 compilation: enabled
              stopped_count=0, restarted_count=0
 full_count=0

Compilation events (20 events):
Event: 30.678 Thread 0x000001dfbf6177b0 nmethod 6325 0x000001dfb0c88490 code [0x000001dfb0c88620, 0x000001dfb0c88c38]
Event: 30.681 Thread 0x000001dfd64f1c50 nmethod 6309 0x000001dfb0c88e90 code [0x000001dfb0c89080, 0x000001dfb0c89c48]
Event: 30.682 Thread 0x000001dfd64f1c50 6326       4       java.io.DataOutputStream::writeShort (40 bytes)
Event: 30.683 Thread 0x000001dfbf635230 6327 %     3       mindustry.io.SaveVersion::writeMap @ 94 (464 bytes)
Event: 30.684 Thread 0x000001dfbf6177b0 6328       4       java.io.DataOutputStream::writeByte (14 bytes)
Event: 30.684 Thread 0x000001dfbf6177b0 nmethod 6328 0x000001dfb0c8a210 code [0x000001dfb0c8a3a0, 0x000001dfb0c8a458]
Event: 30.685 Thread 0x000001dfbf635230 nmethod 6327% 0x000001dfa9e8ae10 code [0x000001dfa9e8b2a0, 0x000001dfa9e8de88]
Event: 30.685 Thread 0x000001dfbf635230 6329       3       mindustry.io.SaveVersion::writeMap (464 bytes)
Event: 30.686 Thread 0x000001dfd64f1c50 nmethod 6326 0x000001dfb0c8a510 code [0x000001dfb0c8a6c0, 0x000001dfb0c8ae78]
Event: 30.686 Thread 0x000001dfbf635230 nmethod 6329 0x000001dfa9e8ee10 code [0x000001dfa9e8f280, 0x000001dfa9e91c68]
Event: 30.687 Thread 0x000001dfbf6177b0 6330 %     4       mindustry.io.SaveVersion::writeMap @ 94 (464 bytes)
Event: 30.692 Thread 0x000001dfbf635230 6331   !   3       arc.util.io.Writes::b (24 bytes)
Event: 30.692 Thread 0x000001dfbf635230 nmethod 6331 0x000001dfa9e92b90 code [0x000001dfa9e92d60, 0x000001dfa9e93038]
Event: 30.692 Thread 0x000001dfbf635230 6332  s    1       java.io.ByteArrayOutputStream::size (5 bytes)
Event: 30.692 Thread 0x000001dfbf635230 nmethod 6332 0x000001dfb0c8b290 code [0x000001dfb0c8b420, 0x000001dfb0c8b598]
Event: 30.692 Thread 0x000001dfbf635230 6333       3       java.io.DataOutputStream::writeBoolean (22 bytes)
Event: 30.693 Thread 0x000001dfbf635230 nmethod 6333 0x000001dfa9e93190 code [0x000001dfa9e93340, 0x000001dfa9e93628]
Event: 30.702 Thread 0x000001dfbf635230 6334       1       mindustry.gen.Building::serialize (2 bytes)
Event: 30.702 Thread 0x000001dfbf635230 nmethod 6334 0x000001dfb0c8b610 code [0x000001dfb0c8b7a0, 0x000001dfb0c8b878]
Event: 30.707 Thread 0x000001dfbf6177b0 nmethod 6330% 0x000001dfb0c8b910 code [0x000001dfb0c8bb20, 0x000001dfb0c8d4d8]

GC Heap History (20 events):
Event: 25.218 GC heap before
{Heap before GC invocations=29 (full 0):
 garbage-first heap   total 239616K, used 155908K [0x0000000081600000, 0x0000000100000000)
  region size 1024K, 94 young (96256K), 8 survivors (8192K)
 Metaspace       used 36089K, committed 36416K, reserved 1081344K
  class space    used 5049K, committed 5184K, reserved 1048576K
}
Event: 25.223 GC heap after
{Heap after GC invocations=30 (full 0):
 garbage-first heap   total 239616K, used 68491K [0x0000000081600000, 0x0000000100000000)
  region size 1024K, 6 young (6144K), 6 survivors (6144K)
 Metaspace       used 36089K, committed 36416K, reserved 1081344K
  class space    used 5049K, committed 5184K, reserved 1048576K
}
Event: 25.753 GC heap before
{Heap before GC invocations=30 (full 0):
 garbage-first heap   total 239616K, used 186251K [0x0000000081600000, 0x0000000100000000)
  region size 1024K, 121 young (123904K), 6 survivors (6144K)
 Metaspace       used 36137K, committed 36480K, reserved 1081344K
  class space    used 5049K, committed 5184K, reserved 1048576K
}
Event: 25.756 GC heap after
{Heap after GC invocations=31 (full 0):
 garbage-first heap   total 239616K, used 68854K [0x0000000081600000, 0x0000000100000000)
  region size 1024K, 6 young (6144K), 6 survivors (6144K)
 Metaspace       used 36137K, committed 36480K, reserved 1081344K
  class space    used 5049K, committed 5184K, reserved 1048576K
}
Event: 26.304 GC heap before
{Heap before GC invocations=31 (full 0):
 garbage-first heap   total 239616K, used 190710K [0x0000000081600000, 0x0000000100000000)
  region size 1024K, 125 young (128000K), 6 survivors (6144K)
 Metaspace       used 36154K, committed 36544K, reserved 1081344K
  class space    used 5049K, committed 5184K, reserved 1048576K
}
Event: 26.307 GC heap after
{Heap after GC invocations=32 (full 0):
 garbage-first heap   total 239616K, used 69259K [0x0000000081600000, 0x0000000100000000)
  region size 1024K, 6 young (6144K), 6 survivors (6144K)
 Metaspace       used 36154K, committed 36544K, reserved 1081344K
  class space    used 5049K, committed 5184K, reserved 1048576K
}
Event: 26.870 GC heap before
{Heap before GC invocations=32 (full 0):
 garbage-first heap   total 239616K, used 193163K [0x0000000081600000, 0x0000000100000000)
  region size 1024K, 127 young (130048K), 6 survivors (6144K)
 Metaspace       used 36174K, committed 36544K, reserved 1081344K
  class space    used 5049K, committed 5184K, reserved 1048576K
}
Event: 26.873 GC heap after
{Heap after GC invocations=33 (full 0):
 garbage-first heap   total 239616K, used 68677K [0x0000000081600000, 0x0000000100000000)
  region size 1024K, 6 young (6144K), 6 survivors (6144K)
 Metaspace       used 36174K, committed 36544K, reserved 1081344K
  class space    used 5049K, committed 5184K, reserved 1048576K
}
Event: 27.438 GC heap before
{Heap before GC invocations=33 (full 0):
 garbage-first heap   total 239616K, used 194629K [0x0000000081600000, 0x0000000100000000)
  region size 1024K, 129 young (132096K), 6 survivors (6144K)
 Metaspace       used 36182K, committed 36544K, reserved 1081344K
  class space    used 5049K, committed 5184K, reserved 1048576K
}
Event: 27.441 GC heap after
{Heap after GC invocations=34 (full 0):
 garbage-first heap   total 239616K, used 69245K [0x0000000081600000, 0x0000000100000000)
  region size 1024K, 6 young (6144K), 6 survivors (6144K)
 Metaspace       used 36182K, committed 36544K, reserved 1081344K
  class space    used 5049K, committed 5184K, reserved 1048576K
}
Event: 28.021 GC heap before
{Heap before GC invocations=34 (full 0):
 garbage-first heap   total 239616K, used 196221K [0x0000000081600000, 0x0000000100000000)
  region size 1024K, 130 young (133120K), 6 survivors (6144K)
 Metaspace       used 36206K, committed 36544K, reserved 1081344K
  class space    used 5049K, committed 5184K, reserved 1048576K
}
Event: 28.024 GC heap after
{Heap after GC invocations=35 (full 0):
 garbage-first heap   total 239616K, used 67639K [0x0000000081600000, 0x0000000100000000)
  region size 1024K, 5 young (5120K), 5 survivors (5120K)
 Metaspace       used 36206K, committed 36544K, reserved 1081344K
  class space    used 5049K, committed 5184K, reserved 1048576K
}
Event: 28.604 GC heap before
{Heap before GC invocations=35 (full 0):
 garbage-first heap   total 239616K, used 197687K [0x0000000081600000, 0x0000000100000000)
  region size 1024K, 132 young (135168K), 5 survivors (5120K)
 Metaspace       used 36260K, committed 36608K, reserved 1081344K
  class space    used 5049K, committed 5184K, reserved 1048576K
}
Event: 28.607 GC heap after
{Heap after GC invocations=36 (full 0):
 garbage-first heap   total 239616K, used 69259K [0x0000000081600000, 0x0000000100000000)
  region size 1024K, 6 young (6144K), 6 survivors (6144K)
 Metaspace       used 36260K, committed 36608K, reserved 1081344K
  class space    used 5049K, committed 5184K, reserved 1048576K
}
Event: 29.188 GC heap before
{Heap before GC invocations=36 (full 0):
 garbage-first heap   total 239616K, used 198283K [0x0000000081600000, 0x0000000100000000)
  region size 1024K, 132 young (135168K), 6 survivors (6144K)
 Metaspace       used 36266K, committed 36608K, reserved 1081344K
  class space    used 5049K, committed 5184K, reserved 1048576K
}
Event: 29.191 GC heap after
{Heap after GC invocations=37 (full 0):
 garbage-first heap   total 239616K, used 69681K [0x0000000081600000, 0x0000000100000000)
  region size 1024K, 7 young (7168K), 7 survivors (7168K)
 Metaspace       used 36266K, committed 36608K, reserved 1081344K
  class space    used 5049K, committed 5184K, reserved 1048576K
}
Event: 29.772 GC heap before
{Heap before GC invocations=37 (full 0):
 garbage-first heap   total 239616K, used 197681K [0x0000000081600000, 0x0000000100000000)
  region size 1024K, 132 young (135168K), 7 survivors (7168K)
 Metaspace       used 36268K, committed 36608K, reserved 1081344K
  class space    used 5049K, committed 5184K, reserved 1048576K
}
Event: 29.775 GC heap after
{Heap after GC invocations=38 (full 0):
 garbage-first heap   total 239616K, used 69173K [0x0000000081600000, 0x0000000100000000)
  region size 1024K, 6 young (6144K), 6 survivors (6144K)
 Metaspace       used 36268K, committed 36608K, reserved 1081344K
  class space    used 5049K, committed 5184K, reserved 1048576K
}
Event: 30.372 GC heap before
{Heap before GC invocations=38 (full 0):
 garbage-first heap   total 239616K, used 199221K [0x0000000081600000, 0x0000000100000000)
  region size 1024K, 133 young (136192K), 6 survivors (6144K)
 Metaspace       used 36282K, committed 36608K, reserved 1081344K
  class space    used 5049K, committed 5184K, reserved 1048576K
}
Event: 30.374 GC heap after
{Heap after GC invocations=39 (full 0):
 garbage-first heap   total 239616K, used 67667K [0x0000000081600000, 0x0000000100000000)
  region size 1024K, 5 young (5120K), 5 survivors (5120K)
 Metaspace       used 36282K, committed 36608K, reserved 1081344K
  class space    used 5049K, committed 5184K, reserved 1048576K
}

Deoptimization events (20 events):
Event: 30.669 Thread 0x000001dfa161f5f0 Uncommon trap: trap_request=0xffffffc6 fr.pc=0x000001dfb0a879dc relative=0x000000000000023c
Event: 30.669 Thread 0x000001dfa161f5f0 Uncommon trap: reason=bimorphic_or_optimized_type_check action=maybe_recompile pc=0x000001dfb0a879dc method=java.util.regex.Matcher.getTextLength()I @ 4 c2
Event: 30.669 Thread 0x000001dfa161f5f0 DEOPT PACKING pc=0x000001dfb0a879dc sp=0x0000007cfb9fe2b0
Event: 30.669 Thread 0x000001dfa161f5f0 DEOPT UNPACKING pc=0x000001dfa8ddd72e sp=0x0000007cfb9fe1d8 mode 2
Event: 30.669 Thread 0x000001dfa161f5f0 Uncommon trap: trap_request=0xffffffc6 fr.pc=0x000001dfb0a879dc relative=0x000000000000023c
Event: 30.669 Thread 0x000001dfa161f5f0 Uncommon trap: reason=bimorphic_or_optimized_type_check action=maybe_recompile pc=0x000001dfb0a879dc method=java.util.regex.Matcher.getTextLength()I @ 4 c2
Event: 30.669 Thread 0x000001dfa161f5f0 DEOPT PACKING pc=0x000001dfb0a879dc sp=0x0000007cfb9fe2b0
Event: 30.669 Thread 0x000001dfa161f5f0 DEOPT UNPACKING pc=0x000001dfa8ddd72e sp=0x0000007cfb9fe1d8 mode 2
Event: 30.669 Thread 0x000001dfa161f5f0 Uncommon trap: trap_request=0xffffffc6 fr.pc=0x000001dfb0a879dc relative=0x000000000000023c
Event: 30.669 Thread 0x000001dfa161f5f0 Uncommon trap: reason=bimorphic_or_optimized_type_check action=maybe_recompile pc=0x000001dfb0a879dc method=java.util.regex.Matcher.getTextLength()I @ 4 c2
Event: 30.669 Thread 0x000001dfa161f5f0 DEOPT PACKING pc=0x000001dfb0a879dc sp=0x0000007cfb9fe080
Event: 30.669 Thread 0x000001dfa161f5f0 DEOPT UNPACKING pc=0x000001dfa8ddd72e sp=0x0000007cfb9fdfa8 mode 2
Event: 30.669 Thread 0x000001dfa161f5f0 Uncommon trap: trap_request=0xffffffc6 fr.pc=0x000001dfb0a879dc relative=0x000000000000023c
Event: 30.669 Thread 0x000001dfa161f5f0 Uncommon trap: reason=bimorphic_or_optimized_type_check action=maybe_recompile pc=0x000001dfb0a879dc method=java.util.regex.Matcher.getTextLength()I @ 4 c2
Event: 30.669 Thread 0x000001dfa161f5f0 DEOPT PACKING pc=0x000001dfb0a879dc sp=0x0000007cfb9fe080
Event: 30.669 Thread 0x000001dfa161f5f0 DEOPT UNPACKING pc=0x000001dfa8ddd72e sp=0x0000007cfb9fdfa8 mode 2
Event: 30.703 Thread 0x000001dfa161f5f0 Uncommon trap: trap_request=0xffffff76 fr.pc=0x000001dfb0c79a24 relative=0x0000000000000844
Event: 30.703 Thread 0x000001dfa161f5f0 Uncommon trap: reason=predicate action=maybe_recompile pc=0x000001dfb0c79a24 method=arc.struct.Seq.remove(Ljava/lang/Object;Z)Z @ 68 c2
Event: 30.703 Thread 0x000001dfa161f5f0 DEOPT PACKING pc=0x000001dfb0c79a24 sp=0x0000007cfb9fecc0
Event: 30.703 Thread 0x000001dfa161f5f0 DEOPT UNPACKING pc=0x000001dfa8ddd72e sp=0x0000007cfb9fec70 mode 2

Classes unloaded (13 events):
Event: 13.874 Thread 0x000001dfbf5f78a0 Unloading class 0x0000000800f71800 'java/lang/invoke/LambdaForm$MH+0x0000000800f71800'
Event: 13.874 Thread 0x000001dfbf5f78a0 Unloading class 0x0000000800f71000 'java/lang/invoke/LambdaForm$MH+0x0000000800f71000'
Event: 13.874 Thread 0x000001dfbf5f78a0 Unloading class 0x0000000800f71400 'java/lang/invoke/LambdaForm$MH+0x0000000800f71400'
Event: 13.874 Thread 0x000001dfbf5f78a0 Unloading class 0x0000000800f70800 'java/lang/invoke/LambdaForm$DMH+0x0000000800f70800'
Event: 13.874 Thread 0x000001dfbf5f78a0 Unloading class 0x0000000800f70400 'java/lang/invoke/LambdaForm$DMH+0x0000000800f70400'
Event: 13.874 Thread 0x000001dfbf5f78a0 Unloading class 0x0000000800f6fc00 'java/lang/invoke/LambdaForm$DMH+0x0000000800f6fc00'
Event: 13.874 Thread 0x000001dfbf5f78a0 Unloading class 0x0000000800f6f800 'java/lang/invoke/LambdaForm$DMH+0x0000000800f6f800'
Event: 13.874 Thread 0x000001dfbf5f78a0 Unloading class 0x0000000800f6f000 'java/lang/invoke/LambdaForm$DMH+0x0000000800f6f000'
Event: 13.874 Thread 0x000001dfbf5f78a0 Unloading class 0x0000000800f6ec00 'java/lang/invoke/LambdaForm$DMH+0x0000000800f6ec00'
Event: 13.874 Thread 0x000001dfbf5f78a0 Unloading class 0x0000000800f6e800 'java/lang/invoke/LambdaForm$DMH+0x0000000800f6e800'
Event: 13.874 Thread 0x000001dfbf5f78a0 Unloading class 0x0000000800f6e400 'java/lang/invoke/LambdaForm$DMH+0x0000000800f6e400'
Event: 13.874 Thread 0x000001dfbf5f78a0 Unloading class 0x0000000800f6c800 'rhino/gen/main_js_3'
Event: 13.874 Thread 0x000001dfbf5f78a0 Unloading class 0x0000000800f6c000 'rhino/gen/initscript_js_2'

Classes redefined (0 events):
No events

Internal exceptions (20 events):
Event: 23.016 Thread 0x000001dfa161f5f0 Exception <a 'java/lang/ClassCastException'{0x000000008674fb60}> (0x000000008674fb60) 
thrown [t:\workspace\open\src\hotspot\share\runtime\sharedRuntime.cpp, line 624]
Event: 23.033 Thread 0x000001dfa161f5f0 Exception <a 'java/lang/ClassCastException'{0x000000008675d848}> (0x000000008675d848) 
thrown [t:\workspace\open\src\hotspot\share\runtime\sharedRuntime.cpp, line 624]
Event: 23.049 Thread 0x000001dfa161f5f0 Exception <a 'java/lang/ClassCastException'{0x000000008676ae10}> (0x000000008676ae10) 
thrown [t:\workspace\open\src\hotspot\share\runtime\sharedRuntime.cpp, line 624]
Event: 23.066 Thread 0x000001dfa161f5f0 Exception <a 'java/lang/ClassCastException'{0x0000000086773c68}> (0x0000000086773c68) 
thrown [t:\workspace\open\src\hotspot\share\runtime\sharedRuntime.cpp, line 624]
Event: 23.083 Thread 0x000001dfa161f5f0 Exception <a 'java/lang/ClassCastException'{0x000000008677c0a0}> (0x000000008677c0a0) 
thrown [t:\workspace\open\src\hotspot\share\runtime\sharedRuntime.cpp, line 624]
Event: 23.099 Thread 0x000001dfa161f5f0 Exception <a 'java/lang/ClassCastException'{0x0000000086784630}> (0x0000000086784630) 
thrown [t:\workspace\open\src\hotspot\share\runtime\sharedRuntime.cpp, line 624]
Event: 23.116 Thread 0x000001dfa161f5f0 Exception <a 'java/lang/ClassCastException'{0x000000008678ca68}> (0x000000008678ca68) 
thrown [t:\workspace\open\src\hotspot\share\runtime\sharedRuntime.cpp, line 624]
Event: 23.133 Thread 0x000001dfa161f5f0 Exception <a 'java/lang/ClassCastException'{0x0000000086795100}> (0x0000000086795100) 
thrown [t:\workspace\open\src\hotspot\share\runtime\sharedRuntime.cpp, line 624]
Event: 23.150 Thread 0x000001dfa161f5f0 Exception <a 'java/lang/ClassCastException'{0x00000000867a21a8}> (0x00000000867a21a8) 
thrown [t:\workspace\open\src\hotspot\share\runtime\sharedRuntime.cpp, line 624]
Event: 23.166 Thread 0x000001dfa161f5f0 Exception <a 'java/lang/ClassCastException'{0x00000000867aafa0}> (0x00000000867aafa0) 
thrown [t:\workspace\open\src\hotspot\share\runtime\sharedRuntime.cpp, line 624]
Event: 23.183 Thread 0x000001dfa161f5f0 Exception <a 'java/lang/ClassCastException'{0x00000000867b33d8}> (0x00000000867b33d8) 
thrown [t:\workspace\open\src\hotspot\share\runtime\sharedRuntime.cpp, line 624]
Event: 23.200 Thread 0x000001dfa161f5f0 Exception <a 'java/lang/ClassCastException'{0x00000000867bb810}> (0x00000000867bb810) 
thrown [t:\workspace\open\src\hotspot\share\runtime\sharedRuntime.cpp, line 624]
Event: 23.217 Thread 0x000001dfa161f5f0 Exception <a 'java/lang/ClassCastException'{0x00000000867c3d08}> (0x00000000867c3d08) 
thrown [t:\workspace\open\src\hotspot\share\runtime\sharedRuntime.cpp, line 624]
Event: 23.233 Thread 0x000001dfa161f5f0 Exception <a 'java/lang/ClassCastException'{0x00000000867cc140}> (0x00000000867cc140) 
thrown [t:\workspace\open\src\hotspot\share\runtime\sharedRuntime.cpp, line 624]
Event: 23.234 Thread 0x000001dfa161f5f0 Exception <a 'java/lang/ClassCastException'{0x00000000867d27a0}: class mindustry.gen.UnitEntityLegacyGamma cannot be cast to class mindustry.gen.Payloadc (mindustry.gen.UnitEntityLegacyGamma and mindustry.gen.Payloadc are in unnamed module of loader 'app')> (0x00000000867d27a0) 
thrown [t:\workspace\open\src\hotspot\share\interpreter\interpreterRuntime.cpp, line 441]
Event: 23.250 Thread 0x000001dfa161f5f0 Exception <a 'java/lang/ClassCastException'{0x00000000867f1f70}> (0x00000000867f1f70) 
thrown [t:\workspace\open\src\hotspot\share\runtime\sharedRuntime.cpp, line 624]
Event: 23.251 Thread 0x000001dfa161f5f0 Exception <a 'java/lang/NoSuchMethodError'{0x00000000866060a0}: 'java.lang.Object java.lang.invoke.DirectMethodHandle$Holder.newInvokeSpecial(java.lang.Object, java.lang.Object, int)'> (0x00000000866060a0) 
thrown [t:\workspace\open\src\hotspot\share\interpreter\linkResolver.cpp, line 790]
Event: 23.251 Thread 0x000001dfa161f5f0 Exception <a 'java/lang/NoSuchMethodError'{0x000000008660ac20}: 'void java.lang.invoke.DirectMethodHandle$Holder.invokeStatic(java.lang.Object, java.lang.Object, int, java.lang.Object)'> (0x000000008660ac20) 
thrown [t:\workspace\open\src\hotspot\share\interpreter\linkResolver.cpp, line 790]
Event: 23.253 Thread 0x000001dfa161f5f0 Exception <a 'java/lang/NoSuchMethodError'{0x000000008662c110}: 'void java.lang.invoke.DirectMethodHandle$Holder.invokeStatic(java.lang.Object, int, java.lang.Object)'> (0x000000008662c110) 
thrown [t:\workspace\open\src\hotspot\share\interpreter\linkResolver.cpp, line 790]
Event: 30.663 Thread 0x000001dfa161f5f0 Exception <a 'java/lang/IncompatibleClassChangeError'{0x000000008c88cb68}: Found class java.lang.Object, but interface was expected> (0x000000008c88cb68) 
thrown [t:\workspace\open\src\hotspot\share\interpreter\linkResolver.cpp, line 857]

Events (20 events):
Event: 26.873 Executing  VM operation: G1CollectForAllocation done
Event: 27.438 Executing  VM operation: G1CollectForAllocation
Event: 27.441 Executing  VM operation: G1CollectForAllocation done
Event: 28.021 Executing  VM operation: G1CollectForAllocation
Event: 28.024 Executing  VM operation: G1CollectForAllocation done
Event: 28.604 Executing  VM operation: G1CollectForAllocation
Event: 28.607 Executing  VM operation: G1CollectForAllocation done
Event: 29.188 Executing  VM operation: G1CollectForAllocation
Event: 29.191 Executing  VM operation: G1CollectForAllocation done
Event: 29.772 Executing  VM operation: G1CollectForAllocation
Event: 29.775 Executing  VM operation: G1CollectForAllocation done
Event: 30.372 Executing  VM operation: G1CollectForAllocation
Event: 30.375 Executing  VM operation: G1CollectForAllocation done
Event: 30.668 loading class jdk/internal/reflect/UnsafeIntegerFieldAccessorImpl
Event: 30.668 loading class jdk/internal/reflect/UnsafeIntegerFieldAccessorImpl done
Event: 30.668 loading class jdk/internal/reflect/UnsafeLongFieldAccessorImpl
Event: 30.668 loading class jdk/internal/reflect/UnsafeLongFieldAccessorImpl done
Event: 30.670 Thread 0x000001dfd64f1c50 Thread added: 0x000001dfd64f1c50
Event: 30.703 Thread 0x000001dfd0ca8310 Thread added: 0x000001dfd0ca8310
Event: 30.703 Thread 0x000001dfd16ad310 Thread exited: 0x000001dfd16ad310


Dynamic libraries:
0x00007ff732750000 - 0x00007ff732760000 	C:\Program Files\Java\jdk-16.0.1\bin\java.exe
0x00007ffd145b0000 - 0x00007ffd147a5000 	C:\Windows\SYSTEM32\ntdll.dll
0x00007ffd14380000 - 0x00007ffd1443d000 	C:\Windows\System32\KERNEL32.DLL
0x00007ffd12000000 - 0x00007ffd122c9000 	C:\Windows\System32\KERNELBASE.dll
0x00007ffd0f4c0000 - 0x00007ffd0f550000 	C:\Windows\SYSTEM32\apphelp.dll
0x00007ffd11cf0000 - 0x00007ffd11df0000 	C:\Windows\System32\ucrtbase.dll
0x00007ffcce400000 - 0x00007ffcce418000 	C:\Program Files\Java\jdk-16.0.1\bin\jli.dll
0x00007ffcce3e0000 - 0x00007ffcce3f9000 	C:\Program Files\Java\jdk-16.0.1\bin\VCRUNTIME140.dll
0x00007ffd134c0000 - 0x00007ffd1356c000 	C:\Windows\System32\ADVAPI32.dll
0x00007ffd142c0000 - 0x00007ffd1435e000 	C:\Windows\System32\msvcrt.dll
0x00007ffd136a0000 - 0x00007ffd1373b000 	C:\Windows\System32\sechost.dll
0x00007ffd13570000 - 0x00007ffd1369a000 	C:\Windows\System32\RPCRT4.dll
0x00007ffd12db0000 - 0x00007ffd12f50000 	C:\Windows\System32\USER32.dll
0x00007ffd095e0000 - 0x00007ffd0987a000 	C:\Windows\WinSxS\amd64_microsoft.windows.common-controls_6595b64144ccf1df_6.0.19041.1083_none_60bbe31371f34e71\COMCTL32.dll
0x00007ffd11f20000 - 0x00007ffd11f42000 	C:\Windows\System32\win32u.dll
0x00007ffd12c50000 - 0x00007ffd12c7a000 	C:\Windows\System32\GDI32.dll
0x00007ffd12300000 - 0x00007ffd1240b000 	C:\Windows\System32\gdi32full.dll
0x00007ffd11e80000 - 0x00007ffd11f1d000 	C:\Windows\System32\msvcp_win.dll
0x00007ffd0a9e0000 - 0x00007ffd0a9ea000 	C:\Windows\SYSTEM32\VERSION.dll
0x00007ffd12f50000 - 0x00007ffd12f80000 	C:\Windows\System32\IMM32.DLL
0x00007ffcf4360000 - 0x00007ffcf436c000 	C:\Program Files\Java\jdk-16.0.1\bin\vcruntime140_1.dll
0x00007ffccbd00000 - 0x00007ffccbd91000 	C:\Program Files\Java\jdk-16.0.1\bin\msvcp140.dll
0x00007ffcbc0f0000 - 0x00007ffcbcc9b000 	C:\Program Files\Java\jdk-16.0.1\bin\server\jvm.dll
0x00007ffd12c40000 - 0x00007ffd12c48000 	C:\Windows\System32\PSAPI.DLL
0x00007ffd00970000 - 0x00007ffd00979000 	C:\Windows\SYSTEM32\WSOCK32.dll
0x00007ffd09d60000 - 0x00007ffd09d87000 	C:\Windows\SYSTEM32\WINMM.dll
0x00007ffd13740000 - 0x00007ffd137ab000 	C:\Windows\System32\WS2_32.dll
0x00007ffd0fc40000 - 0x00007ffd0fc52000 	C:\Windows\SYSTEM32\kernel.appcore.dll
0x00007ffcf3890000 - 0x00007ffcf389a000 	C:\Program Files\Java\jdk-16.0.1\bin\jimage.dll
0x00007ffd00b40000 - 0x00007ffd00d24000 	C:\Windows\SYSTEM32\DBGHELP.DLL
0x00007ffd00940000 - 0x00007ffd0096c000 	C:\Windows\SYSTEM32\dbgcore.DLL
0x00007ffd11df0000 - 0x00007ffd11e73000 	C:\Windows\System32\bcryptPrimitives.dll
0x00007ffccdd40000 - 0x00007ffccdd65000 	C:\Program Files\Java\jdk-16.0.1\bin\java.dll
0x00007ffd13af0000 - 0x00007ffd1422f000 	C:\Windows\System32\SHELL32.dll
0x00007ffd0fe40000 - 0x00007ffd105d1000 	C:\Windows\SYSTEM32\windows.storage.dll
0x00007ffd127b0000 - 0x00007ffd12b05000 	C:\Windows\System32\combase.dll
0x00007ffd11760000 - 0x00007ffd1178c000 	C:\Windows\SYSTEM32\Wldp.dll
0x00007ffd12700000 - 0x00007ffd127ae000 	C:\Windows\System32\SHCORE.dll
0x00007ffd12fe0000 - 0x00007ffd13035000 	C:\Windows\System32\shlwapi.dll
0x00007ffd11c30000 - 0x00007ffd11c4f000 	C:\Windows\SYSTEM32\profapi.dll
0x00007ffccdd20000 - 0x00007ffccdd39000 	C:\Program Files\Java\jdk-16.0.1\bin\net.dll
0x00007ffd0aa50000 - 0x00007ffd0ab5a000 	C:\Windows\SYSTEM32\WINHTTP.dll
0x00007ffd114c0000 - 0x00007ffd1152a000 	C:\Windows\system32\mswsock.dll
0x00007ffccdb20000 - 0x00007ffccdb33000 	C:\Program Files\Java\jdk-16.0.1\bin\nio.dll
0x00007ffccdb00000 - 0x00007ffccdb18000 	C:\Program Files\Java\jdk-16.0.1\bin\zip.dll
0x00007ffd116a0000 - 0x00007ffd116b8000 	C:\Windows\SYSTEM32\CRYPTSP.dll
0x00007ffd10df0000 - 0x00007ffd10e24000 	C:\Windows\system32\rsaenh.dll
0x00007ffd122d0000 - 0x00007ffd122f7000 	C:\Windows\System32\bcrypt.dll
0x00007ffd11bb0000 - 0x00007ffd11bde000 	C:\Windows\SYSTEM32\USERENV.dll
0x00007ffd116c0000 - 0x00007ffd116cc000 	C:\Windows\SYSTEM32\CRYPTBASE.dll
0x00007ffd11160000 - 0x00007ffd1119b000 	C:\Windows\SYSTEM32\IPHLPAPI.DLL
0x00007ffd14440000 - 0x00007ffd14448000 	C:\Windows\System32\NSI.dll
0x00007ffd0bd50000 - 0x00007ffd0bd67000 	C:\Windows\SYSTEM32\dhcpcsvc6.DLL
0x00007ffd0bd30000 - 0x00007ffd0bd4d000 	C:\Windows\SYSTEM32\dhcpcsvc.DLL
0x00007ffd111a0000 - 0x00007ffd1126c000 	C:\Windows\SYSTEM32\DNSAPI.dll
0x0000000063f60000 - 0x0000000064028000 	C:\Users\user\AppData\Local\Temp\arc\5f24d8af\arc64.dll
0x0000000063d80000 - 0x0000000063f5a000 	C:\Users\user\AppData\Local\Temp\arc\87dfef74\sdl-arc64.dll
0x00007ffd139c0000 - 0x00007ffd13aea000 	C:\Windows\System32\ole32.dll
0x00007ffd12b70000 - 0x00007ffd12c3d000 	C:\Windows\System32\OLEAUT32.dll
0x00007ffd13050000 - 0x00007ffd134b9000 	C:\Windows\System32\SETUPAPI.dll
0x00007ffcda7c0000 - 0x00007ffcda8e5000 	C:\Windows\SYSTEM32\OPENGL32.dll
0x00007ffd12410000 - 0x00007ffd1245e000 	C:\Windows\System32\cfgmgr32.dll
0x00007ffcf3980000 - 0x00007ffcf39ac000 	C:\Windows\SYSTEM32\GLU32.dll
0x00007ffd0f780000 - 0x00007ffd0f81e000 	C:\Windows\system32\uxtheme.dll
0x00007ffd14450000 - 0x00007ffd14565000 	C:\Windows\System32\MSCTF.dll
0x00007ffd12d00000 - 0x00007ffd12da9000 	C:\Windows\System32\clbcatq.dll
0x0000000061f30000 - 0x0000000063d77000 	C:\Windows\SYSTEM32\nvoglv64.DLL
0x00007ffd0d920000 - 0x00007ffd0d934000 	C:\Windows\SYSTEM32\WTSAPI32.dll
0x00007ffd10a20000 - 0x00007ffd10a53000 	C:\Windows\SYSTEM32\ntmarta.dll
0x00007ffd112d0000 - 0x00007ffd1131b000 	C:\Windows\SYSTEM32\powrprof.dll
0x00007ffd11140000 - 0x00007ffd11152000 	C:\Windows\SYSTEM32\UMPDC.dll
0x00007ffd10c30000 - 0x00007ffd10c8a000 	C:\Windows\SYSTEM32\WINSTA.dll
0x00007ffd0fa60000 - 0x00007ffd0fa8f000 	C:\Windows\system32\dwmapi.dll
0x00007ffd0d710000 - 0x00007ffd0d806000 	C:\Windows\SYSTEM32\PROPSYS.dll
0x00007ffd05290000 - 0x00007ffd05389000 	C:\Windows\SYSTEM32\textinputframework.dll
0x00007ffd0edf0000 - 0x00007ffd0f14e000 	C:\Windows\System32\CoreUIComponents.dll
0x00007ffd0f150000 - 0x00007ffd0f242000 	C:\Windows\System32\CoreMessaging.dll
0x00007ffd0da90000 - 0x00007ffd0dbe4000 	C:\Windows\SYSTEM32\wintypes.dll
0x00007ffcfce00000 - 0x00007ffcfce41000 	C:\Windows\System32\IME\IMEKR\imkrapi.dll
0x00007ffd0c3d0000 - 0x00007ffd0c470000 	C:\Windows\SYSTEM32\policymanager.dll
0x00007ffd10e80000 - 0x00007ffd10f0a000 	C:\Windows\SYSTEM32\msvcp110_win.dll
0x00007ffcfca50000 - 0x00007ffcfca8e000 	C:\Windows\System32\IME\shared\imjkapi.dll
0x00007ffd10620000 - 0x00007ffd10714000 	C:\Windows\SYSTEM32\dxgi.dll
0x00007ffd0dbf0000 - 0x00007ffd0de54000 	C:\Windows\SYSTEM32\d3d11.dll
0x00007ffd06a10000 - 0x00007ffd06a4b000 	C:\Windows\SYSTEM32\dxcore.dll
0x00007ffd0bde0000 - 0x00007ffd0be65000 	C:\Windows\System32\MMDevApi.dll
0x00007ffd11aa0000 - 0x00007ffd11acc000 	C:\Windows\System32\DEVOBJ.dll
0x00007ffd0bed0000 - 0x00007ffd0c051000 	C:\Windows\SYSTEM32\AUDIOSES.DLL
0x00007ffd0f840000 - 0x00007ffd0f854000 	C:\Windows\SYSTEM32\resourcepolicyclient.dll
0x0000000066f40000 - 0x0000000066fc3000 	C:\Users\user\AppData\Local\Temp\liblz4-java-533031402401861917.so
0x00007ffcd96c0000 - 0x00007ffcd96ce000 	C:\Program Files\Java\jdk-16.0.1\bin\sunmscapi.dll
0x00007ffd124c0000 - 0x00007ffd1261f000 	C:\Windows\System32\CRYPT32.dll
0x00007ffd117d0000 - 0x00007ffd117f7000 	C:\Windows\SYSTEM32\ncrypt.dll
0x00007ffd11790000 - 0x00007ffd117cb000 	C:\Windows\SYSTEM32\NTASN1.dll
0x00007ffcd9460000 - 0x00007ffcd9467000 	C:\Windows\system32\wshunix.dll
0x00007ffd098f0000 - 0x00007ffd0999e000 	C:\Windows\SYSTEM32\mscms.dll
0x00007ffd095c0000 - 0x00007ffd095d1000 	C:\Windows\SYSTEM32\ColorAdapterClient.dll
0x00007ffcda5d0000 - 0x00007ffcda613000 	C:\Windows\SYSTEM32\icm32.dll
0x0000000061ec0000 - 0x0000000061f27000 	C:\Users\user\AppData\Local\Temp\arc\955ce679\arc-freetype64.dll
0x00007ffd09d30000 - 0x00007ffd09d3a000 	C:\Windows\System32\rasadhlp.dll
0x00007ffd094e0000 - 0x00007ffd0955f000 	C:\Windows\System32\fwpuclnt.dll

dbghelp: loaded successfully - version: 4.0.5 - missing functions: none
symbol engine: initialized successfully - sym options: 0x614 - pdb path: .;C:\Program Files\Java\jdk-16.0.1\bin;C:\Windows\SYSTEM32;C:\Windows\WinSxS\amd64_microsoft.windows.common-controls_6595b64144ccf1df_6.0.19041.1083_none_60bbe31371f34e71;C:\Program Files\Java\jdk-16.0.1\bin\server;C:\Users\user\AppData\Local\Temp\arc\5f24d8af;C:\Users\user\AppData\Local\Temp\arc\87dfef74;C:\Windows\System32\IME\IMEKR;C:\Windows\System32\IME\shared;C:\Users\user\AppData\Local\Temp;C:\Users\user\AppData\Local\Temp\arc\955ce679

VM Arguments:
java_command: C:\Users\user\Downloads\Mindustry.jar
java_class_path (initial): C:\Users\user\Downloads\Mindustry.jar
Launcher Type: SUN_STANDARD

[Global flags]
     intx CICompilerCount                          = 4                                         {product} {ergonomic}
     uint ConcGCThreads                            = 2                                         {product} {ergonomic}
     uint G1ConcRefinementThreads                  = 8                                         {product} {ergonomic}
   size_t G1HeapRegionSize                         = 1048576                                   {product} {ergonomic}
    uintx GCDrainStackTargetSize                   = 64                                        {product} {ergonomic}
   size_t InitialHeapSize                          = 134217728                                 {product} {ergonomic}
   size_t MarkStackSize                            = 4194304                                   {product} {ergonomic}
   size_t MaxHeapSize                              = 2124414976                                {product} {ergonomic}
   size_t MaxNewSize                               = 1274019840                                {product} {ergonomic}
   size_t MinHeapDeltaBytes                        = 1048576                                   {product} {ergonomic}
   size_t MinHeapSize                              = 8388608                                   {product} {ergonomic}
    uintx NonNMethodCodeHeapSize                   = 5839372                                {pd product} {ergonomic}
    uintx NonProfiledCodeHeapSize                  = 122909434                              {pd product} {ergonomic}
    uintx ProfiledCodeHeapSize                     = 122909434                              {pd product} {ergonomic}
    uintx ReservedCodeCacheSize                    = 251658240                              {pd product} {ergonomic}
     bool SegmentedCodeCache                       = true                                      {product} {ergonomic}
   size_t SoftMaxHeapSize                          = 2124414976                             {manageable} {ergonomic}
     bool UseCompressedClassPointers               = true                           {product lp64_product} {ergonomic}
     bool UseCompressedOops                        = true                           {product lp64_product} {ergonomic}
     bool UseG1GC                                  = true                                      {product} {ergonomic}
     bool UseLargePagesIndividualAllocation        = false                                  {pd product} {ergonomic}

Logging:
Log output configuration:
 #0: stdout all=warning uptime,level,tags
 #1: stderr all=off uptime,level,tags

Environment Variables:
JAVA_HOME=C:\Program Files\Java\jdk-16.0.1\bin
CLASSPATH=C:\Program Files\Java\jdk-16.0.1\lib
PATH=C:\Program Files\Common Files\Oracle\Java\javapath;C:\Program Files (x86)\Common Files\Oracle\Java\javapath;C:\Windows\system32;C:\Windows;C:\Windows\System32\Wbem;C:\Windows\System32\WindowsPowerShell\v1.0\;C:\Windows\System32\OpenSSH\;C:\Users\user\AppData\Local\Microsoft\WindowsApps;C:\Users\user\AppData\Local\GitHubDesktop\bin
USERNAME=user
OS=Windows_NT
PROCESSOR_IDENTIFIER=Intel64 Family 6 Model 165 Stepping 3, GenuineIntel



---------------  S Y S T E M  ---------------

OS:
 Windows 10 , 64 bit Build 19041 (10.0.19041.1023)
OS uptime: 0 days 4:51 hours

CPU: total 8 (initial active 8) (4 cores per cpu, 2 threads per core) family 6 model 165 stepping 3 microcode 0xcc, cx8, cmov, fxsr, ht, mmx, 3dnowpref, sse, sse2, sse3, ssse3, sse4.1, sse4.2, popcnt, lzcnt, tsc, tscinvbit, avx, avx2, aes, erms, clmul, bmi1, bmi2, adx, fma, vzeroupper, clflush, clflushopt

Memory: 4k page, system-wide physical 8102M (1517M free)
TotalPageFile size 11807M (AvailPageFile size 2061M)
current process WorkingSet (physical memory assigned to process): 663M, peak: 680M
current process commit charge ("private bytes"): 970M, peak: 1022M

vm_info: Java HotSpot(TM) 64-Bit Server VM (16.0.1+9-24) for windows-amd64 JRE (16.0.1+9-24), built on Mar 26 2021 19:31:42 by "mach5one" with MS VC++ 16.7 (VS2019)

END.
